hostname sb049.cluster
ipconfig 1: lo: <LOOPBACK,UP,LOWER_UP> mtu 65536 qdisc noqueue state UNKNOWN group default qlen 1000 link/loopback 00:00:00:00:00:00 brd 00:00:00:00:00:00 inet 127.0.0.1/8 scope host lo valid_lft forever preferred_lft forever inet6 ::1/128 scope host valid_lft forever preferred_lft forever 2: enp4s0f0: <BROADCAST,MULTICAST,UP,LOWER_UP> mtu 9000 qdisc mq state UP group default qlen 1000 link/ether a0:8c:f8:34:c7:ec brd ff:ff:ff:ff:ff:ff inet 10.3.81.129/22 brd 10.3.83.255 scope global enp4s0f0 valid_lft forever preferred_lft forever inet6 fe80::a28c:f8ff:fe34:c7ec/64 scope link valid_lft forever preferred_lft forever 3: enp4s0f1: <BROADCAST,MULTICAST> mtu 1500 qdisc noop state DOWN group default qlen 1000 link/ether a0:8c:f8:34:c7:ed brd ff:ff:ff:ff:ff:ff 4: enp4s0f2: <BROADCAST,MULTICAST> mtu 1500 qdisc noop state DOWN group default qlen 1000 link/ether a0:8c:f8:34:c7:ee brd ff:ff:ff:ff:ff:ff 5: enp4s0f3: <BROADCAST,MULTICAST> mtu 1500 qdisc noop state DOWN group default qlen 1000 link/ether a0:8c:f8:34:c7:ef brd ff:ff:ff:ff:ff:ff 6: ib0: <BROADCAST,MULTICAST,UP,LOWER_UP> mtu 4092 qdisc pfifo_fast state UP group default qlen 256 link/infiniband 80:00:00:29:fe:80:00:00:00:00:00:00:38:bc:01:03:00:4c:f5:00 brd 00:ff:ff:ff:ff:12:40:1b:ff:ff:00:00:00:00:00:00:ff:ff:ff:ff inet 10.3.89.129/22 brd 10.3.91.255 scope global ib0 valid_lft forever preferred_lft forever inet 10.3.93.129/22 brd 10.3.95.255 scope global ib0:1 valid_lft forever preferred_lft forever inet6 fe80::3abc:103:4c:f500/64 scope link valid_lft forever preferred_lft forever 7: ib1: <NO-CARRIER,BROADCAST,MULTICAST,UP> mtu 4092 qdisc pfifo_fast state DOWN group default qlen 256 link/infiniband 80:00:00:29:fe:80:00:00:00:00:00:00:38:bc:01:03:00:4c:f5:01 brd 00:ff:ff:ff:ff:12:40:1b:ff:ff:00:00:00:00:00:00:ff:ff:ff:ff
2024-01-25 16:30:56,896 - distributed.nanny - INFO -         Start Nanny at: 'tcp://10.3.89.129:36718'
2024-01-25 16:31:32,378 - distributed.worker - INFO -       Start worker at:    tcp://10.3.89.129:37280
2024-01-25 16:31:32,386 - distributed.worker - INFO -          Listening to:    tcp://10.3.89.129:37280
2024-01-25 16:31:32,386 - distributed.worker - INFO -           Worker name:           SLURMCluster-279
2024-01-25 16:31:32,386 - distributed.worker - INFO -          dashboard at:          10.3.89.129:34110
2024-01-25 16:31:32,386 - distributed.worker - INFO - Waiting to connect to:     tcp://10.3.88.11:41241
2024-01-25 16:31:32,386 - distributed.worker - INFO - -------------------------------------------------
2024-01-25 16:31:32,386 - distributed.worker - INFO -               Threads:                          2
2024-01-25 16:31:32,386 - distributed.worker - INFO -                Memory:                  20.49 GiB
2024-01-25 16:31:32,386 - distributed.worker - INFO -       Local Directory: /scratch/dask-worker-space/worker-7mvvt1t_
2024-01-25 16:31:32,386 - distributed.worker - INFO - -------------------------------------------------
2024-01-25 16:31:32,445 - distributed.worker - INFO -         Registered to:     tcp://10.3.88.11:41241
2024-01-25 16:31:32,445 - distributed.worker - INFO - -------------------------------------------------
2024-01-25 16:31:32,445 - distributed.core - INFO - Starting established connection to tcp://10.3.88.11:41241
2024-01-25 16:40:30,401 - distributed.core - INFO - Event loop was unresponsive in Worker for 5.56s.  This is often caused by long-running GIL-holding functions or moving large chunks of data. This can cause timeouts and instability.
2024-01-25 16:40:49,124 - distributed.core - INFO - Event loop was unresponsive in Worker for 7.41s.  This is often caused by long-running GIL-holding functions or moving large chunks of data. This can cause timeouts and instability.
2024-01-25 16:40:59,048 - distributed.core - INFO - Event loop was unresponsive in Worker for 7.53s.  This is often caused by long-running GIL-holding functions or moving large chunks of data. This can cause timeouts and instability.
2024-01-25 16:41:15,090 - distributed.core - INFO - Event loop was unresponsive in Worker for 8.60s.  This is often caused by long-running GIL-holding functions or moving large chunks of data. This can cause timeouts and instability.
2024-01-25 16:41:18,672 - distributed.core - INFO - Event loop was unresponsive in Worker for 3.58s.  This is often caused by long-running GIL-holding functions or moving large chunks of data. This can cause timeouts and instability.
2024-01-25 16:41:24,326 - distributed.core - INFO - Event loop was unresponsive in Worker for 5.65s.  This is often caused by long-running GIL-holding functions or moving large chunks of data. This can cause timeouts and instability.
2024-01-25 16:41:34,975 - distributed.core - INFO - Event loop was unresponsive in Worker for 8.03s.  This is often caused by long-running GIL-holding functions or moving large chunks of data. This can cause timeouts and instability.
2024-01-25 16:42:19,601 - distributed.core - INFO - Event loop was unresponsive in Worker for 9.37s.  This is often caused by long-running GIL-holding functions or moving large chunks of data. This can cause timeouts and instability.
2024-01-25 16:42:24,251 - distributed.core - INFO - Event loop was unresponsive in Worker for 3.80s.  This is often caused by long-running GIL-holding functions or moving large chunks of data. This can cause timeouts and instability.
2024-01-25 16:42:30,645 - distributed.core - INFO - Event loop was unresponsive in Worker for 6.39s.  This is often caused by long-running GIL-holding functions or moving large chunks of data. This can cause timeouts and instability.
2024-01-25 16:42:43,990 - distributed.core - INFO - Event loop was unresponsive in Worker for 9.16s.  This is often caused by long-running GIL-holding functions or moving large chunks of data. This can cause timeouts and instability.
2024-01-25 16:42:55,113 - distributed.core - INFO - Event loop was unresponsive in Worker for 9.67s.  This is often caused by long-running GIL-holding functions or moving large chunks of data. This can cause timeouts and instability.
2024-01-25 16:43:06,391 - distributed.core - INFO - Event loop was unresponsive in Worker for 9.44s.  This is often caused by long-running GIL-holding functions or moving large chunks of data. This can cause timeouts and instability.
2024-01-25 16:45:06,233 - distributed.core - INFO - Event loop was unresponsive in Worker for 3.75s.  This is often caused by long-running GIL-holding functions or moving large chunks of data. This can cause timeouts and instability.
2024-01-25 16:45:06,231 - distributed.core - INFO - Event loop was unresponsive in Nanny for 3.75s.  This is often caused by long-running GIL-holding functions or moving large chunks of data. This can cause timeouts and instability.
2024-01-25 16:47:18,720 - distributed.core - INFO - Event loop was unresponsive in Worker for 9.50s.  This is often caused by long-running GIL-holding functions or moving large chunks of data. This can cause timeouts and instability.
2024-01-25 16:52:29,685 - distributed.core - INFO - Event loop was unresponsive in Worker for 9.42s.  This is often caused by long-running GIL-holding functions or moving large chunks of data. This can cause timeouts and instability.
2024-01-25 17:00:31,209 - distributed.core - INFO - Event loop was unresponsive in Worker for 57.34s.  This is often caused by long-running GIL-holding functions or moving large chunks of data. This can cause timeouts and instability.
2024-01-25 17:00:31,209 - distributed.core - INFO - Event loop was unresponsive in Nanny for 57.33s.  This is often caused by long-running GIL-holding functions or moving large chunks of data. This can cause timeouts and instability.
2024-01-25 17:00:31,341 - distributed.worker - ERROR - Failed to communicate with scheduler during heartbeat.
Traceback (most recent call last):
  File "/mnt/storage/nobackup/nmb1063/mamba/envs/fegrow/lib/python3.9/site-packages/tornado/iostream.py", line 861, in _read_to_buffer
    bytes_read = self.read_from_fd(buf)
  File "/mnt/storage/nobackup/nmb1063/mamba/envs/fegrow/lib/python3.9/site-packages/tornado/iostream.py", line 1116, in read_from_fd
    return self.socket.recv_into(buf, len(buf))
ConnectionResetError: [Errno 104] Connection reset by peer

The above exception was the direct cause of the following exception:

Traceback (most recent call last):
  File "/mnt/storage/nobackup/nmb1063/mamba/envs/fegrow/lib/python3.9/site-packages/distributed/worker.py", line 1237, in heartbeat
    response = await retry_operation(
  File "/mnt/storage/nobackup/nmb1063/mamba/envs/fegrow/lib/python3.9/site-packages/distributed/utils_comm.py", line 434, in retry_operation
    return await retry(
  File "/mnt/storage/nobackup/nmb1063/mamba/envs/fegrow/lib/python3.9/site-packages/distributed/utils_comm.py", line 413, in retry
    return await coro()
  File "/mnt/storage/nobackup/nmb1063/mamba/envs/fegrow/lib/python3.9/site-packages/distributed/core.py", line 1227, in send_recv_from_rpc
    return await send_recv(comm=comm, op=key, **kwargs)
  File "/mnt/storage/nobackup/nmb1063/mamba/envs/fegrow/lib/python3.9/site-packages/distributed/core.py", line 986, in send_recv
    response = await comm.read(deserializers=deserializers)
  File "/mnt/storage/nobackup/nmb1063/mamba/envs/fegrow/lib/python3.9/site-packages/distributed/comm/tcp.py", line 241, in read
    convert_stream_closed_error(self, e)
  File "/mnt/storage/nobackup/nmb1063/mamba/envs/fegrow/lib/python3.9/site-packages/distributed/comm/tcp.py", line 142, in convert_stream_closed_error
    raise CommClosedError(f"in {obj}: {exc.__class__.__name__}: {exc}") from exc
distributed.comm.core.CommClosedError: in <TCP (closed) ConnectionPool.heartbeat_worker local=tcp://10.3.89.129:56984 remote=tcp://10.3.88.11:41241>: ConnectionResetError: [Errno 104] Connection reset by peer
2024-01-25 17:02:32,786 - distributed.core - INFO - Event loop was unresponsive in Worker for 107.18s.  This is often caused by long-running GIL-holding functions or moving large chunks of data. This can cause timeouts and instability.
/mnt/storage/nobackup/nmb1063/mamba/envs/fegrow/lib/python3.9/site-packages/parmed/structure.py:1775: UnitStrippedWarning: The unit of the quantity is stripped when downcasting to ndarray.
  coords = np.array(value, dtype=np.float64, copy=False, subok=True)
/mnt/storage/nobackup/nmb1063/mamba/envs/fegrow/lib/python3.9/site-packages/torchani/__init__.py:55: UserWarning: Dependency not satisfied, torchani.ase will not be available
  warnings.warn("Dependency not satisfied, torchani.ase will not be available")
Warning: importing 'simtk.openmm' is deprecated.  Import 'openmm' instead.
2024-01-25 17:04:12,126 - distributed.nanny - INFO - Worker process 32743 was killed by signal 11
2024-01-25 17:04:12,139 - distributed.nanny - WARNING - Restarting worker
slurmstepd: error: *** JOB 19854233 ON sb049 CANCELLED AT 2024-01-25T17:04:27 ***
