hostname sb044.cluster
ipconfig 1: lo: <LOOPBACK,UP,LOWER_UP> mtu 65536 qdisc noqueue state UNKNOWN group default qlen 1000 link/loopback 00:00:00:00:00:00 brd 00:00:00:00:00:00 inet 127.0.0.1/8 scope host lo valid_lft forever preferred_lft forever inet6 ::1/128 scope host valid_lft forever preferred_lft forever 2: enp4s0f0: <BROADCAST,MULTICAST,UP,LOWER_UP> mtu 9000 qdisc mq state UP group default qlen 1000 link/ether a0:8c:f8:74:c8:ac brd ff:ff:ff:ff:ff:ff inet 10.3.81.124/22 brd 10.3.83.255 scope global enp4s0f0 valid_lft forever preferred_lft forever inet6 fe80::a28c:f8ff:fe74:c8ac/64 scope link valid_lft forever preferred_lft forever 3: enp4s0f1: <BROADCAST,MULTICAST> mtu 1500 qdisc noop state DOWN group default qlen 1000 link/ether a0:8c:f8:74:c8:ad brd ff:ff:ff:ff:ff:ff 4: enp4s0f2: <BROADCAST,MULTICAST> mtu 1500 qdisc noop state DOWN group default qlen 1000 link/ether a0:8c:f8:74:c8:ae brd ff:ff:ff:ff:ff:ff 5: enp4s0f3: <BROADCAST,MULTICAST> mtu 1500 qdisc noop state DOWN group default qlen 1000 link/ether a0:8c:f8:74:c8:af brd ff:ff:ff:ff:ff:ff 6: ib0: <BROADCAST,MULTICAST,UP,LOWER_UP> mtu 4092 qdisc pfifo_fast state UP group default qlen 256 link/infiniband 80:00:00:29:fe:80:00:00:00:00:00:00:38:bc:01:03:00:4c:f3:30 brd 00:ff:ff:ff:ff:12:40:1b:ff:ff:00:00:00:00:00:00:ff:ff:ff:ff inet 10.3.89.124/22 brd 10.3.91.255 scope global ib0 valid_lft forever preferred_lft forever inet 10.3.97.124/22 brd 10.3.99.255 scope global ib0:1 valid_lft forever preferred_lft forever inet6 fe80::3abc:103:4c:f330/64 scope link valid_lft forever preferred_lft forever 7: ib1: <NO-CARRIER,BROADCAST,MULTICAST,UP> mtu 4092 qdisc pfifo_fast state DOWN group default qlen 256 link/infiniband 80:00:00:29:fe:80:00:00:00:00:00:00:38:bc:01:03:00:4c:f3:31 brd 00:ff:ff:ff:ff:12:40:1b:ff:ff:00:00:00:00:00:00:ff:ff:ff:ff
2024-01-22 12:30:29,685 - distributed.nanny - INFO -         Start Nanny at: 'tcp://10.3.89.124:44311'
2024-01-22 12:30:31,036 - distributed.diskutils - INFO - Found stale lock file and directory '/scratch/dask-worker-space/worker-q4z60ia6', purging
2024-01-22 12:30:31,037 - distributed.diskutils - INFO - Found stale lock file and directory '/scratch/dask-worker-space/worker-aul_hoen', purging
2024-01-22 12:30:31,037 - distributed.diskutils - INFO - Found stale lock file and directory '/scratch/dask-worker-space/worker-gr1kobah', purging
2024-01-22 12:30:31,037 - distributed.diskutils - INFO - Found stale lock file and directory '/scratch/dask-worker-space/worker-tedlujdl', purging
2024-01-22 12:30:31,038 - distributed.diskutils - INFO - Found stale lock file and directory '/scratch/dask-worker-space/worker-svp1ex0f', purging
2024-01-22 12:30:55,417 - distributed.worker - INFO -       Start worker at:    tcp://10.3.89.124:45082
2024-01-22 12:30:55,418 - distributed.worker - INFO -          Listening to:    tcp://10.3.89.124:45082
2024-01-22 12:30:55,418 - distributed.worker - INFO -           Worker name:           SLURMCluster-339
2024-01-22 12:30:55,418 - distributed.worker - INFO -          dashboard at:          10.3.89.124:46332
2024-01-22 12:30:55,418 - distributed.worker - INFO - Waiting to connect to:     tcp://10.3.88.11:41950
2024-01-22 12:30:55,418 - distributed.worker - INFO - -------------------------------------------------
2024-01-22 12:30:55,418 - distributed.worker - INFO -               Threads:                          2
2024-01-22 12:30:55,418 - distributed.worker - INFO -                Memory:                  20.49 GiB
2024-01-22 12:30:55,418 - distributed.worker - INFO -       Local Directory: /scratch/dask-worker-space/worker-h0y6zrrz
2024-01-22 12:30:55,418 - distributed.worker - INFO - -------------------------------------------------
2024-01-22 12:30:55,547 - distributed.worker - INFO -         Registered to:     tcp://10.3.88.11:41950
2024-01-22 12:30:55,547 - distributed.worker - INFO - -------------------------------------------------
2024-01-22 12:30:55,547 - distributed.core - INFO - Starting established connection to tcp://10.3.88.11:41950
2024-01-22 12:50:08,741 - distributed.core - INFO - Event loop was unresponsive in Worker for 11.59s.  This is often caused by long-running GIL-holding functions or moving large chunks of data. This can cause timeouts and instability.
2024-01-22 12:53:46,352 - distributed.core - INFO - Event loop was unresponsive in Worker for 67.95s.  This is often caused by long-running GIL-holding functions or moving large chunks of data. This can cause timeouts and instability.
/mnt/storage/nobackup/nmb1063/mamba/envs/fegrow/lib/python3.9/site-packages/parmed/structure.py:1775: UnitStrippedWarning: The unit of the quantity is stripped when downcasting to ndarray.
  coords = np.array(value, dtype=np.float64, copy=False, subok=True)
/mnt/storage/nobackup/nmb1063/mamba/envs/fegrow/lib/python3.9/site-packages/parmed/structure.py:1775: UnitStrippedWarning: The unit of the quantity is stripped when downcasting to ndarray.
  coords = np.array(value, dtype=np.float64, copy=False, subok=True)
/mnt/storage/nobackup/nmb1063/mamba/envs/fegrow/lib/python3.9/site-packages/torchani/__init__.py:55: UserWarning: Dependency not satisfied, torchani.ase will not be available
  warnings.warn("Dependency not satisfied, torchani.ase will not be available")
Warning: importing 'simtk.openmm' is deprecated.  Import 'openmm' instead.
TIME changed dir: 0.0s
TIME changed dir: 0.0s
Generated 32 conformers. 
Removed 23 conformers. 
Generated 8 conformers. 
Removed 6 conformers. 
using ani2x
/mnt/storage/nobackup/nmb1063/mamba/envs/fegrow/lib/python3.9/site-packages/torchani/resources/
failed to equip `nnpops` with error: No module named 'NNPOps'
Optimising conformer:   0%|                               | 0/2 [00:00<?, ?it/s][W BinaryOps.cpp:601] Warning: floor_divide is deprecated, and will be removed in a future version of pytorch. It currently rounds toward 0 (like the 'trunc' function NOT 'floor'). This results in incorrect rounding for negative values.
To keep the current behavior, use torch.div(a, b, rounding_mode='trunc'), or for actual floor division, use torch.div(a, b, rounding_mode='floor'). (function operator())
Optimising conformer:  50%|‚ñà‚ñà‚ñà‚ñà‚ñà‚ñà‚ñà‚ñà‚ñà‚ñà‚ñà‚ñå           | 1/2 [00:03<00:03,  3.77s/it]Optimising conformer: 100%|‚ñà‚ñà‚ñà‚ñà‚ñà‚ñà‚ñà‚ñà‚ñà‚ñà‚ñà‚ñà‚ñà‚ñà‚ñà‚ñà‚ñà‚ñà‚ñà‚ñà‚ñà‚ñà‚ñà| 2/2 [00:05<00:00,  2.73s/it]Optimising conformer: 100%|‚ñà‚ñà‚ñà‚ñà‚ñà‚ñà‚ñà‚ñà‚ñà‚ñà‚ñà‚ñà‚ñà‚ñà‚ñà‚ñà‚ñà‚ñà‚ñà‚ñà‚ñà‚ñà‚ñà| 2/2 [00:05<00:00,  2.89s/it]
using ani2x
/mnt/storage/nobackup/nmb1063/mamba/envs/fegrow/lib/python3.9/site-packages/torchani/resources/
failed to equip `nnpops` with error: No module named 'NNPOps'
TIME Completed the molecule generation in 77.5s.
Optimising conformer:   0%|                               | 0/9 [00:00<?, ?it/s]Optimising conformer:  11%|‚ñà‚ñà‚ñå                    | 1/9 [00:03<00:24,  3.05s/it]Optimising conformer:  22%|‚ñà‚ñà‚ñà‚ñà‚ñà                  | 2/9 [00:06<00:21,  3.02s/it]Optimising conformer:  33%|‚ñà‚ñà‚ñà‚ñà‚ñà‚ñà‚ñà‚ñã               | 3/9 [00:09<00:20,  3.38s/it]Optimising conformer:  44%|‚ñà‚ñà‚ñà‚ñà‚ñà‚ñà‚ñà‚ñà‚ñà‚ñà‚ñè            | 4/9 [00:10<00:12,  2.50s/it]Optimising conformer:  56%|‚ñà‚ñà‚ñà‚ñà‚ñà‚ñà‚ñà‚ñà‚ñà‚ñà‚ñà‚ñà‚ñä          | 5/9 [00:13<00:09,  2.41s/it]Optimising conformer:  67%|‚ñà‚ñà‚ñà‚ñà‚ñà‚ñà‚ñà‚ñà‚ñà‚ñà‚ñà‚ñà‚ñà‚ñà‚ñà‚ñé       | 6/9 [00:16<00:08,  2.74s/it]Optimising conformer:  78%|‚ñà‚ñà‚ñà‚ñà‚ñà‚ñà‚ñà‚ñà‚ñà‚ñà‚ñà‚ñà‚ñà‚ñà‚ñà‚ñà‚ñà‚ñâ     | 7/9 [00:18<00:04,  2.32s/it]Optimising conformer:  89%|‚ñà‚ñà‚ñà‚ñà‚ñà‚ñà‚ñà‚ñà‚ñà‚ñà‚ñà‚ñà‚ñà‚ñà‚ñà‚ñà‚ñà‚ñà‚ñà‚ñà‚ñç  | 8/9 [00:46<00:10, 10.72s/it]Optimising conformer: 100%|‚ñà‚ñà‚ñà‚ñà‚ñà‚ñà‚ñà‚ñà‚ñà‚ñà‚ñà‚ñà‚ñà‚ñà‚ñà‚ñà‚ñà‚ñà‚ñà‚ñà‚ñà‚ñà‚ñà| 9/9 [00:48<00:00,  7.91s/it]Optimising conformer: 100%|‚ñà‚ñà‚ñà‚ñà‚ñà‚ñà‚ñà‚ñà‚ñà‚ñà‚ñà‚ñà‚ñà‚ñà‚ñà‚ñà‚ñà‚ñà‚ñà‚ñà‚ñà‚ñà‚ñà| 9/9 [00:48<00:00,  5.39s/it]
Warning (not error because allow_undefined_stereo=True): RDMol has unspecified stereochemistry. Undefined chiral centers are:
 - Atom C (index 10)

/mnt/storage/nobackup/nmb1063/mamba/envs/fegrow/lib/python3.9/site-packages/parmed/structure.py:1775: UnitStrippedWarning: The unit of the quantity is stripped when downcasting to ndarray.
  coords = np.array(value, dtype=np.float64, copy=False, subok=True)
Warning (not error because allow_undefined_stereo=True): RDMol has unspecified stereochemistry. Undefined chiral centers are:
 - Atom C (index 10)

TIME Completed the molecule generation in 144.2s.
TIME changed dir: 0.0s
TIME changed dir: 0.0s
Generated 37 conformers. 
Generated 42 conformers. 
Removed 37 conformers. 
Removed 22 conformers. 
using ani2x
/mnt/storage/nobackup/nmb1063/mamba/envs/fegrow/lib/python3.9/site-packages/torchani/resources/
failed to equip `nnpops` with error: No module named 'NNPOps'
Optimising conformer:   0%|                              | 0/15 [00:00<?, ?it/s]Optimising conformer:   7%|‚ñà‚ñç                    | 1/15 [00:03<00:43,  3.14s/it]Optimising conformer:  13%|‚ñà‚ñà‚ñâ                   | 2/15 [00:04<00:29,  2.26s/it]Optimising conformer:  20%|‚ñà‚ñà‚ñà‚ñà‚ñç                 | 3/15 [00:06<00:24,  2.00s/it]Optimising conformer:  27%|‚ñà‚ñà‚ñà‚ñà‚ñà‚ñä                | 4/15 [00:08<00:21,  2.00s/it]Optimising conformer:  33%|‚ñà‚ñà‚ñà‚ñà‚ñà‚ñà‚ñà‚ñé              | 5/15 [00:11<00:22,  2.29s/it]Optimising conformer:  40%|‚ñà‚ñà‚ñà‚ñà‚ñà‚ñà‚ñà‚ñà‚ñä             | 6/15 [00:12<00:17,  1.95s/it]Optimising conformer:  47%|‚ñà‚ñà‚ñà‚ñà‚ñà‚ñà‚ñà‚ñà‚ñà‚ñà‚ñé           | 7/15 [00:14<00:15,  1.98s/it]Optimising conformer:  53%|‚ñà‚ñà‚ñà‚ñà‚ñà‚ñà‚ñà‚ñà‚ñà‚ñà‚ñà‚ñã          | 8/15 [00:16<00:13,  2.00s/it]Optimising conformer:  60%|‚ñà‚ñà‚ñà‚ñà‚ñà‚ñà‚ñà‚ñà‚ñà‚ñà‚ñà‚ñà‚ñà‚ñè        | 9/15 [00:17<00:10,  1.78s/it]Optimising conformer:  67%|‚ñà‚ñà‚ñà‚ñà‚ñà‚ñà‚ñà‚ñà‚ñà‚ñà‚ñà‚ñà‚ñà‚ñà       | 10/15 [00:19<00:09,  1.86s/it]Optimising conformer:  73%|‚ñà‚ñà‚ñà‚ñà‚ñà‚ñà‚ñà‚ñà‚ñà‚ñà‚ñà‚ñà‚ñà‚ñà‚ñà‚ñç     | 11/15 [00:21<00:07,  1.89s/it]Optimising conformer:  80%|‚ñà‚ñà‚ñà‚ñà‚ñà‚ñà‚ñà‚ñà‚ñà‚ñà‚ñà‚ñà‚ñà‚ñà‚ñà‚ñà‚ñä    | 12/15 [00:27<00:08,  2.92s/it]Optimising conformer:  87%|‚ñà‚ñà‚ñà‚ñà‚ñà‚ñà‚ñà‚ñà‚ñà‚ñà‚ñà‚ñà‚ñà‚ñà‚ñà‚ñà‚ñà‚ñà‚ñè  | 13/15 [00:28<00:04,  2.43s/it]Optimising conformer:  93%|‚ñà‚ñà‚ñà‚ñà‚ñà‚ñà‚ñà‚ñà‚ñà‚ñà‚ñà‚ñà‚ñà‚ñà‚ñà‚ñà‚ñà‚ñà‚ñà‚ñå | 14/15 [00:32<00:02,  2.98s/it]Optimising conformer: 100%|‚ñà‚ñà‚ñà‚ñà‚ñà‚ñà‚ñà‚ñà‚ñà‚ñà‚ñà‚ñà‚ñà‚ñà‚ñà‚ñà‚ñà‚ñà‚ñà‚ñà‚ñà| 15/15 [00:36<00:00,  3.17s/it]Optimising conformer: 100%|‚ñà‚ñà‚ñà‚ñà‚ñà‚ñà‚ñà‚ñà‚ñà‚ñà‚ñà‚ñà‚ñà‚ñà‚ñà‚ñà‚ñà‚ñà‚ñà‚ñà‚ñà| 15/15 [00:36<00:00,  2.43s/it]
using ani2x
/mnt/storage/nobackup/nmb1063/mamba/envs/fegrow/lib/python3.9/site-packages/torchani/resources/
TIME Completed the molecule generation in 108.3s.
failed to equip `nnpops` with error: No module named 'NNPOps'
Optimising conformer:   0%|                               | 0/5 [00:00<?, ?it/s]Optimising conformer:  20%|‚ñà‚ñà‚ñà‚ñà‚ñå                  | 1/5 [00:04<00:19,  4.84s/it]Optimising conformer:  40%|‚ñà‚ñà‚ñà‚ñà‚ñà‚ñà‚ñà‚ñà‚ñà‚ñè             | 2/5 [00:06<00:09,  3.10s/it]Optimising conformer:  60%|‚ñà‚ñà‚ñà‚ñà‚ñà‚ñà‚ñà‚ñà‚ñà‚ñà‚ñà‚ñà‚ñà‚ñä         | 3/5 [00:08<00:04,  2.40s/it]Optimising conformer:  80%|‚ñà‚ñà‚ñà‚ñà‚ñà‚ñà‚ñà‚ñà‚ñà‚ñà‚ñà‚ñà‚ñà‚ñà‚ñà‚ñà‚ñà‚ñà‚ñç    | 4/5 [00:19<00:05,  5.88s/it]Optimising conformer: 100%|‚ñà‚ñà‚ñà‚ñà‚ñà‚ñà‚ñà‚ñà‚ñà‚ñà‚ñà‚ñà‚ñà‚ñà‚ñà‚ñà‚ñà‚ñà‚ñà‚ñà‚ñà‚ñà‚ñà| 5/5 [00:21<00:00,  4.33s/it]Optimising conformer: 100%|‚ñà‚ñà‚ñà‚ñà‚ñà‚ñà‚ñà‚ñà‚ñà‚ñà‚ñà‚ñà‚ñà‚ñà‚ñà‚ñà‚ñà‚ñà‚ñà‚ñà‚ñà‚ñà‚ñà| 5/5 [00:21<00:00,  4.22s/it]
Warning (not error because allow_undefined_stereo=True): RDMol has unspecified stereochemistry. Undefined chiral centers are:
 - Atom C (index 3)

/mnt/storage/nobackup/nmb1063/mamba/envs/fegrow/lib/python3.9/site-packages/parmed/structure.py:1775: UnitStrippedWarning: The unit of the quantity is stripped when downcasting to ndarray.
  coords = np.array(value, dtype=np.float64, copy=False, subok=True)
Warning (not error because allow_undefined_stereo=True): RDMol has unspecified stereochemistry. Undefined chiral centers are:
 - Atom C (index 3)

/mnt/storage/nobackup/nmb1063/mamba/envs/fegrow/lib/python3.9/site-packages/parmed/structure.py:1775: UnitStrippedWarning: The unit of the quantity is stripped when downcasting to ndarray.
  coords = np.array(value, dtype=np.float64, copy=False, subok=True)
TIME Completed the molecule generation in 143.9s.
TIME changed dir: 0.0s
TIME changed dir: 0.0s
Generated 38 conformers. 
Generated 49 conformers. 
Removed 26 conformers. 
Removed 39 conformers. 
using ani2x
/mnt/storage/nobackup/nmb1063/mamba/envs/fegrow/lib/python3.9/site-packages/torchani/resources/
failed to equip `nnpops` with error: No module named 'NNPOps'
Optimising conformer:   0%|                              | 0/10 [00:00<?, ?it/s]Optimising conformer:  10%|‚ñà‚ñà‚ñè                   | 1/10 [00:05<00:47,  5.27s/it]Optimising conformer:  20%|‚ñà‚ñà‚ñà‚ñà‚ñç                 | 2/10 [00:07<00:25,  3.23s/it]Optimising conformer:  30%|‚ñà‚ñà‚ñà‚ñà‚ñà‚ñà‚ñå               | 3/10 [00:10<00:24,  3.44s/it]Optimising conformer:  40%|‚ñà‚ñà‚ñà‚ñà‚ñà‚ñà‚ñà‚ñà‚ñä             | 4/10 [00:15<00:23,  3.85s/it]Optimising conformer:  50%|‚ñà‚ñà‚ñà‚ñà‚ñà‚ñà‚ñà‚ñà‚ñà‚ñà‚ñà           | 5/10 [00:17<00:16,  3.30s/it]Optimising conformer:  60%|‚ñà‚ñà‚ñà‚ñà‚ñà‚ñà‚ñà‚ñà‚ñà‚ñà‚ñà‚ñà‚ñà‚ñè        | 6/10 [00:20<00:12,  3.13s/it]Optimising conformer:  70%|‚ñà‚ñà‚ñà‚ñà‚ñà‚ñà‚ñà‚ñà‚ñà‚ñà‚ñà‚ñà‚ñà‚ñà‚ñà‚ñç      | 7/10 [00:24<00:10,  3.35s/it]Optimising conformer:  80%|‚ñà‚ñà‚ñà‚ñà‚ñà‚ñà‚ñà‚ñà‚ñà‚ñà‚ñà‚ñà‚ñà‚ñà‚ñà‚ñà‚ñà‚ñå    | 8/10 [00:27<00:06,  3.25s/it]Optimising conformer:  90%|‚ñà‚ñà‚ñà‚ñà‚ñà‚ñà‚ñà‚ñà‚ñà‚ñà‚ñà‚ñà‚ñà‚ñà‚ñà‚ñà‚ñà‚ñà‚ñà‚ñä  | 9/10 [00:31<00:03,  3.56s/it]using ani2x
/mnt/storage/nobackup/nmb1063/mamba/envs/fegrow/lib/python3.9/site-packages/torchani/resources/
failed to equip `nnpops` with error: No module named 'NNPOps'

Optimising conformer:   0%|                              | 0/12 [00:00<?, ?it/s][AOptimising conformer: 100%|‚ñà‚ñà‚ñà‚ñà‚ñà‚ñà‚ñà‚ñà‚ñà‚ñà‚ñà‚ñà‚ñà‚ñà‚ñà‚ñà‚ñà‚ñà‚ñà‚ñà‚ñà| 10/10 [00:34<00:00,  3.33s/it]Optimising conformer: 100%|‚ñà‚ñà‚ñà‚ñà‚ñà‚ñà‚ñà‚ñà‚ñà‚ñà‚ñà‚ñà‚ñà‚ñà‚ñà‚ñà‚ñà‚ñà‚ñà‚ñà‚ñà| 10/10 [00:34<00:00,  3.43s/it]

Optimising conformer:   8%|‚ñà‚ñä                    | 1/12 [00:03<00:33,  3.05s/it][A
Optimising conformer:  17%|‚ñà‚ñà‚ñà‚ñã                  | 2/12 [00:04<00:22,  2.22s/it][A
Optimising conformer:  25%|‚ñà‚ñà‚ñà‚ñà‚ñà‚ñå                | 3/12 [00:17<01:05,  7.24s/it][A
Optimising conformer:  33%|‚ñà‚ñà‚ñà‚ñà‚ñà‚ñà‚ñà‚ñé              | 4/12 [00:26<01:03,  7.92s/it][A
Optimising conformer:  42%|‚ñà‚ñà‚ñà‚ñà‚ñà‚ñà‚ñà‚ñà‚ñà‚ñè            | 5/12 [00:28<00:38,  5.55s/it][A
Optimising conformer:  50%|‚ñà‚ñà‚ñà‚ñà‚ñà‚ñà‚ñà‚ñà‚ñà‚ñà‚ñà           | 6/12 [00:46<00:59,  9.87s/it][A
Optimising conformer:  58%|‚ñà‚ñà‚ñà‚ñà‚ñà‚ñà‚ñà‚ñà‚ñà‚ñà‚ñà‚ñà‚ñä         | 7/12 [00:48<00:36,  7.37s/it][A
Optimising conformer:  67%|‚ñà‚ñà‚ñà‚ñà‚ñà‚ñà‚ñà‚ñà‚ñà‚ñà‚ñà‚ñà‚ñà‚ñà‚ñã       | 8/12 [00:50<00:22,  5.58s/it][A
Optimising conformer:  75%|‚ñà‚ñà‚ñà‚ñà‚ñà‚ñà‚ñà‚ñà‚ñà‚ñà‚ñà‚ñà‚ñà‚ñà‚ñà‚ñà‚ñå     | 9/12 [00:51<00:12,  4.23s/it][A
Optimising conformer:  83%|‚ñà‚ñà‚ñà‚ñà‚ñà‚ñà‚ñà‚ñà‚ñà‚ñà‚ñà‚ñà‚ñà‚ñà‚ñà‚ñà‚ñà‚ñå   | 10/12 [00:54<00:07,  3.66s/it][A
Optimising conformer:  92%|‚ñà‚ñà‚ñà‚ñà‚ñà‚ñà‚ñà‚ñà‚ñà‚ñà‚ñà‚ñà‚ñà‚ñà‚ñà‚ñà‚ñà‚ñà‚ñà‚ñé | 11/12 [00:55<00:02,  2.91s/it][A
Optimising conformer: 100%|‚ñà‚ñà‚ñà‚ñà‚ñà‚ñà‚ñà‚ñà‚ñà‚ñà‚ñà‚ñà‚ñà‚ñà‚ñà‚ñà‚ñà‚ñà‚ñà‚ñà‚ñà| 12/12 [00:56<00:00,  2.42s/it][AOptimising conformer: 100%|‚ñà‚ñà‚ñà‚ñà‚ñà‚ñà‚ñà‚ñà‚ñà‚ñà‚ñà‚ñà‚ñà‚ñà‚ñà‚ñà‚ñà‚ñà‚ñà‚ñà‚ñà| 12/12 [00:56<00:00,  4.72s/it]
/mnt/storage/nobackup/nmb1063/mamba/envs/fegrow/lib/python3.9/site-packages/parmed/structure.py:1775: UnitStrippedWarning: The unit of the quantity is stripped when downcasting to ndarray.
  coords = np.array(value, dtype=np.float64, copy=False, subok=True)
/mnt/storage/nobackup/nmb1063/mamba/envs/fegrow/lib/python3.9/site-packages/parmed/structure.py:1775: UnitStrippedWarning: The unit of the quantity is stripped when downcasting to ndarray.
  coords = np.array(value, dtype=np.float64, copy=False, subok=True)
TIME Completed the molecule generation in 149.5s.
TIME Completed the molecule generation in 205.1s.
TIME changed dir: 0.0s
TIME changed dir: 0.0s
Generated 8 conformers. 
Removed 5 conformers. 
Generated 49 conformers. 
Removed 45 conformers. 
using ani2x
/mnt/storage/nobackup/nmb1063/mamba/envs/fegrow/lib/python3.9/site-packages/torchani/resources/
failed to equip `nnpops` with error: No module named 'NNPOps'
Optimising conformer:   0%|                               | 0/3 [00:00<?, ?it/s]Optimising conformer:  33%|‚ñà‚ñà‚ñà‚ñà‚ñà‚ñà‚ñà‚ñã               | 1/3 [00:07<00:15,  7.55s/it]Optimising conformer:  67%|‚ñà‚ñà‚ñà‚ñà‚ñà‚ñà‚ñà‚ñà‚ñà‚ñà‚ñà‚ñà‚ñà‚ñà‚ñà‚ñé       | 2/3 [00:11<00:05,  5.47s/it]Optimising conformer: 100%|‚ñà‚ñà‚ñà‚ñà‚ñà‚ñà‚ñà‚ñà‚ñà‚ñà‚ñà‚ñà‚ñà‚ñà‚ñà‚ñà‚ñà‚ñà‚ñà‚ñà‚ñà‚ñà‚ñà| 3/3 [00:13<00:00,  3.74s/it]Optimising conformer: 100%|‚ñà‚ñà‚ñà‚ñà‚ñà‚ñà‚ñà‚ñà‚ñà‚ñà‚ñà‚ñà‚ñà‚ñà‚ñà‚ñà‚ñà‚ñà‚ñà‚ñà‚ñà‚ñà‚ñà| 3/3 [00:13<00:00,  4.41s/it]
TIME Completed the molecule generation in 84.1s.
using ani2x
/mnt/storage/nobackup/nmb1063/mamba/envs/fegrow/lib/python3.9/site-packages/torchani/resources/
failed to equip `nnpops` with error: No module named 'NNPOps'
Optimising conformer:   0%|                               | 0/4 [00:00<?, ?it/s]Optimising conformer:  25%|‚ñà‚ñà‚ñà‚ñà‚ñà‚ñä                 | 1/4 [00:16<00:49, 16.54s/it]Optimising conformer:  50%|‚ñà‚ñà‚ñà‚ñà‚ñà‚ñà‚ñà‚ñà‚ñà‚ñà‚ñà‚ñå           | 2/4 [00:18<00:15,  7.71s/it]Optimising conformer:  75%|‚ñà‚ñà‚ñà‚ñà‚ñà‚ñà‚ñà‚ñà‚ñà‚ñà‚ñà‚ñà‚ñà‚ñà‚ñà‚ñà‚ñà‚ñé     | 3/4 [00:22<00:06,  6.05s/it]Optimising conformer: 100%|‚ñà‚ñà‚ñà‚ñà‚ñà‚ñà‚ñà‚ñà‚ñà‚ñà‚ñà‚ñà‚ñà‚ñà‚ñà‚ñà‚ñà‚ñà‚ñà‚ñà‚ñà‚ñà‚ñà| 4/4 [00:23<00:00,  4.14s/it]Optimising conformer: 100%|‚ñà‚ñà‚ñà‚ñà‚ñà‚ñà‚ñà‚ñà‚ñà‚ñà‚ñà‚ñà‚ñà‚ñà‚ñà‚ñà‚ñà‚ñà‚ñà‚ñà‚ñà‚ñà‚ñà| 4/4 [00:23<00:00,  5.84s/it]
2024-01-22 14:28:34,808 - distributed.worker - ERROR - Worker stream died during communication: tcp://10.3.89.127:34510
Traceback (most recent call last):
  File "/mnt/storage/nobackup/nmb1063/mamba/envs/fegrow/lib/python3.9/site-packages/distributed/comm/tcp.py", line 225, in read
    frames_nbytes = await stream.read_bytes(fmt_size)
asyncio.exceptions.CancelledError

During handling of the above exception, another exception occurred:

Traceback (most recent call last):
  File "/mnt/storage/nobackup/nmb1063/mamba/envs/fegrow/lib/python3.9/asyncio/tasks.py", line 490, in wait_for
    return fut.result()
asyncio.exceptions.CancelledError

The above exception was the direct cause of the following exception:

Traceback (most recent call last):
  File "/mnt/storage/nobackup/nmb1063/mamba/envs/fegrow/lib/python3.9/site-packages/distributed/comm/core.py", line 328, in connect
    handshake = await asyncio.wait_for(comm.read(), time_left())
  File "/mnt/storage/nobackup/nmb1063/mamba/envs/fegrow/lib/python3.9/asyncio/tasks.py", line 492, in wait_for
    raise exceptions.TimeoutError() from exc
asyncio.exceptions.TimeoutError

The above exception was the direct cause of the following exception:

Traceback (most recent call last):
  File "/mnt/storage/nobackup/nmb1063/mamba/envs/fegrow/lib/python3.9/site-packages/distributed/worker.py", line 2081, in gather_dep
    response = await get_data_from_worker(
  File "/mnt/storage/nobackup/nmb1063/mamba/envs/fegrow/lib/python3.9/site-packages/distributed/worker.py", line 2900, in get_data_from_worker
    comm = await rpc.connect(worker)
  File "/mnt/storage/nobackup/nmb1063/mamba/envs/fegrow/lib/python3.9/site-packages/distributed/core.py", line 1468, in connect
    return await connect_attempt
  File "/mnt/storage/nobackup/nmb1063/mamba/envs/fegrow/lib/python3.9/site-packages/distributed/core.py", line 1389, in _connect
    comm = await connect(
  File "/mnt/storage/nobackup/nmb1063/mamba/envs/fegrow/lib/python3.9/site-packages/distributed/comm/core.py", line 333, in connect
    raise OSError(
OSError: Timed out during handshake while connecting to tcp://10.3.89.127:34510 after 30 s
2024-01-22 14:29:05,551 - distributed.worker - ERROR - Worker stream died during communication: tcp://10.3.89.127:34510
Traceback (most recent call last):
  File "/mnt/storage/nobackup/nmb1063/mamba/envs/fegrow/lib/python3.9/site-packages/distributed/comm/tcp.py", line 225, in read
    frames_nbytes = await stream.read_bytes(fmt_size)
asyncio.exceptions.CancelledError

During handling of the above exception, another exception occurred:

Traceback (most recent call last):
  File "/mnt/storage/nobackup/nmb1063/mamba/envs/fegrow/lib/python3.9/asyncio/tasks.py", line 490, in wait_for
    return fut.result()
asyncio.exceptions.CancelledError

The above exception was the direct cause of the following exception:

Traceback (most recent call last):
  File "/mnt/storage/nobackup/nmb1063/mamba/envs/fegrow/lib/python3.9/site-packages/distributed/comm/core.py", line 328, in connect
    handshake = await asyncio.wait_for(comm.read(), time_left())
  File "/mnt/storage/nobackup/nmb1063/mamba/envs/fegrow/lib/python3.9/asyncio/tasks.py", line 492, in wait_for
    raise exceptions.TimeoutError() from exc
asyncio.exceptions.TimeoutError

The above exception was the direct cause of the following exception:

Traceback (most recent call last):
  File "/mnt/storage/nobackup/nmb1063/mamba/envs/fegrow/lib/python3.9/site-packages/distributed/worker.py", line 2081, in gather_dep
    response = await get_data_from_worker(
  File "/mnt/storage/nobackup/nmb1063/mamba/envs/fegrow/lib/python3.9/site-packages/distributed/worker.py", line 2900, in get_data_from_worker
    comm = await rpc.connect(worker)
  File "/mnt/storage/nobackup/nmb1063/mamba/envs/fegrow/lib/python3.9/site-packages/distributed/core.py", line 1468, in connect
    return await connect_attempt
  File "/mnt/storage/nobackup/nmb1063/mamba/envs/fegrow/lib/python3.9/site-packages/distributed/core.py", line 1389, in _connect
    comm = await connect(
  File "/mnt/storage/nobackup/nmb1063/mamba/envs/fegrow/lib/python3.9/site-packages/distributed/comm/core.py", line 333, in connect
    raise OSError(
OSError: Timed out during handshake while connecting to tcp://10.3.89.127:34510 after 30 s
2024-01-22 14:29:37,552 - distributed.worker - ERROR - Worker stream died during communication: tcp://10.3.89.127:34510
Traceback (most recent call last):
  File "/mnt/storage/nobackup/nmb1063/mamba/envs/fegrow/lib/python3.9/site-packages/distributed/comm/tcp.py", line 225, in read
    frames_nbytes = await stream.read_bytes(fmt_size)
asyncio.exceptions.CancelledError

During handling of the above exception, another exception occurred:

Traceback (most recent call last):
  File "/mnt/storage/nobackup/nmb1063/mamba/envs/fegrow/lib/python3.9/asyncio/tasks.py", line 490, in wait_for
    return fut.result()
asyncio.exceptions.CancelledError

The above exception was the direct cause of the following exception:

Traceback (most recent call last):
  File "/mnt/storage/nobackup/nmb1063/mamba/envs/fegrow/lib/python3.9/site-packages/distributed/comm/core.py", line 328, in connect
    handshake = await asyncio.wait_for(comm.read(), time_left())
  File "/mnt/storage/nobackup/nmb1063/mamba/envs/fegrow/lib/python3.9/asyncio/tasks.py", line 492, in wait_for
    raise exceptions.TimeoutError() from exc
asyncio.exceptions.TimeoutError

The above exception was the direct cause of the following exception:

Traceback (most recent call last):
  File "/mnt/storage/nobackup/nmb1063/mamba/envs/fegrow/lib/python3.9/site-packages/distributed/worker.py", line 2081, in gather_dep
    response = await get_data_from_worker(
  File "/mnt/storage/nobackup/nmb1063/mamba/envs/fegrow/lib/python3.9/site-packages/distributed/worker.py", line 2900, in get_data_from_worker
    comm = await rpc.connect(worker)
  File "/mnt/storage/nobackup/nmb1063/mamba/envs/fegrow/lib/python3.9/site-packages/distributed/core.py", line 1468, in connect
    return await connect_attempt
  File "/mnt/storage/nobackup/nmb1063/mamba/envs/fegrow/lib/python3.9/site-packages/distributed/core.py", line 1389, in _connect
    comm = await connect(
  File "/mnt/storage/nobackup/nmb1063/mamba/envs/fegrow/lib/python3.9/site-packages/distributed/comm/core.py", line 333, in connect
    raise OSError(
OSError: Timed out during handshake while connecting to tcp://10.3.89.127:34510 after 30 s
Warning (not error because allow_undefined_stereo=True): RDMol has unspecified stereochemistry. Undefined chiral centers are:
 - Atom C (index 25)

/mnt/storage/nobackup/nmb1063/mamba/envs/fegrow/lib/python3.9/site-packages/parmed/structure.py:1775: UnitStrippedWarning: The unit of the quantity is stripped when downcasting to ndarray.
  coords = np.array(value, dtype=np.float64, copy=False, subok=True)
Warning (not error because allow_undefined_stereo=True): RDMol has unspecified stereochemistry. Undefined chiral centers are:
 - Atom C (index 25)

TIME Completed the molecule generation in 215.6s.
TIME changed dir: 0.0s
TIME changed dir: 0.0s
Generated 49 conformers. 
Generated 50 conformers. 
Removed 40 conformers. 
Removed 45 conformers. 
using ani2x
/mnt/storage/nobackup/nmb1063/mamba/envs/fegrow/lib/python3.9/site-packages/torchani/resources/
failed to equip `nnpops` with error: No module named 'NNPOps'
Optimising conformer:   0%|                               | 0/9 [00:00<?, ?it/s]Optimising conformer:  11%|‚ñà‚ñà‚ñå                    | 1/9 [00:04<00:38,  4.85s/it]Optimising conformer:  22%|‚ñà‚ñà‚ñà‚ñà‚ñà                  | 2/9 [00:08<00:30,  4.36s/it]Optimising conformer:  33%|‚ñà‚ñà‚ñà‚ñà‚ñà‚ñà‚ñà‚ñã               | 3/9 [00:12<00:24,  4.03s/it]Optimising conformer:  44%|‚ñà‚ñà‚ñà‚ñà‚ñà‚ñà‚ñà‚ñà‚ñà‚ñà‚ñè            | 4/9 [00:17<00:21,  4.40s/it]Optimising conformer:  56%|‚ñà‚ñà‚ñà‚ñà‚ñà‚ñà‚ñà‚ñà‚ñà‚ñà‚ñà‚ñà‚ñä          | 5/9 [00:20<00:15,  3.96s/it]Optimising conformer:  67%|‚ñà‚ñà‚ñà‚ñà‚ñà‚ñà‚ñà‚ñà‚ñà‚ñà‚ñà‚ñà‚ñà‚ñà‚ñà‚ñé       | 6/9 [00:22<00:09,  3.26s/it]Optimising conformer:  78%|‚ñà‚ñà‚ñà‚ñà‚ñà‚ñà‚ñà‚ñà‚ñà‚ñà‚ñà‚ñà‚ñà‚ñà‚ñà‚ñà‚ñà‚ñâ     | 7/9 [00:39<00:15,  7.82s/it]Optimising conformer:  89%|‚ñà‚ñà‚ñà‚ñà‚ñà‚ñà‚ñà‚ñà‚ñà‚ñà‚ñà‚ñà‚ñà‚ñà‚ñà‚ñà‚ñà‚ñà‚ñà‚ñà‚ñç  | 8/9 [00:43<00:06,  6.39s/it]Optimising conformer: 100%|‚ñà‚ñà‚ñà‚ñà‚ñà‚ñà‚ñà‚ñà‚ñà‚ñà‚ñà‚ñà‚ñà‚ñà‚ñà‚ñà‚ñà‚ñà‚ñà‚ñà‚ñà‚ñà‚ñà| 9/9 [00:47<00:00,  5.76s/it]Optimising conformer: 100%|‚ñà‚ñà‚ñà‚ñà‚ñà‚ñà‚ñà‚ñà‚ñà‚ñà‚ñà‚ñà‚ñà‚ñà‚ñà‚ñà‚ñà‚ñà‚ñà‚ñà‚ñà‚ñà‚ñà| 9/9 [00:47<00:00,  5.27s/it]
TIME Completed the molecule generation in 140.1s.
using ani2x
/mnt/storage/nobackup/nmb1063/mamba/envs/fegrow/lib/python3.9/site-packages/torchani/resources/
failed to equip `nnpops` with error: No module named 'NNPOps'
Optimising conformer:   0%|                               | 0/5 [00:00<?, ?it/s]Optimising conformer:  20%|‚ñà‚ñà‚ñà‚ñà‚ñå                  | 1/5 [00:02<00:08,  2.18s/it]Optimising conformer:  40%|‚ñà‚ñà‚ñà‚ñà‚ñà‚ñà‚ñà‚ñà‚ñà‚ñè             | 2/5 [00:06<00:09,  3.15s/it]Optimising conformer:  60%|‚ñà‚ñà‚ñà‚ñà‚ñà‚ñà‚ñà‚ñà‚ñà‚ñà‚ñà‚ñà‚ñà‚ñä         | 3/5 [00:07<00:04,  2.26s/it]Optimising conformer:  80%|‚ñà‚ñà‚ñà‚ñà‚ñà‚ñà‚ñà‚ñà‚ñà‚ñà‚ñà‚ñà‚ñà‚ñà‚ñà‚ñà‚ñà‚ñà‚ñç    | 4/5 [00:08<00:01,  1.81s/it]Optimising conformer: 100%|‚ñà‚ñà‚ñà‚ñà‚ñà‚ñà‚ñà‚ñà‚ñà‚ñà‚ñà‚ñà‚ñà‚ñà‚ñà‚ñà‚ñà‚ñà‚ñà‚ñà‚ñà‚ñà‚ñà| 5/5 [00:12<00:00,  2.77s/it]Optimising conformer: 100%|‚ñà‚ñà‚ñà‚ñà‚ñà‚ñà‚ñà‚ñà‚ñà‚ñà‚ñà‚ñà‚ñà‚ñà‚ñà‚ñà‚ñà‚ñà‚ñà‚ñà‚ñà‚ñà‚ñà| 5/5 [00:12<00:00,  2.56s/it]
/mnt/storage/nobackup/nmb1063/mamba/envs/fegrow/lib/python3.9/site-packages/parmed/structure.py:1775: UnitStrippedWarning: The unit of the quantity is stripped when downcasting to ndarray.
  coords = np.array(value, dtype=np.float64, copy=False, subok=True)
/mnt/storage/nobackup/nmb1063/mamba/envs/fegrow/lib/python3.9/site-packages/parmed/structure.py:1775: UnitStrippedWarning: The unit of the quantity is stripped when downcasting to ndarray.
  coords = np.array(value, dtype=np.float64, copy=False, subok=True)
TIME Completed the molecule generation in 194.9s.
TIME changed dir: 0.0s
TIME changed dir: 0.0s
Generated 30 conformers. 
Removed 9 conformers. 
Generated 45 conformers. 
Removed 43 conformers. 
using ani2x
/mnt/storage/nobackup/nmb1063/mamba/envs/fegrow/lib/python3.9/site-packages/torchani/resources/
failed to equip `nnpops` with error: No module named 'NNPOps'
Optimising conformer:   0%|                              | 0/21 [00:00<?, ?it/s]Optimising conformer:   5%|‚ñà                     | 1/21 [01:05<21:48, 65.41s/it]Optimising conformer:  10%|‚ñà‚ñà                    | 2/21 [01:07<08:55, 28.18s/it]using ani2x
/mnt/storage/nobackup/nmb1063/mamba/envs/fegrow/lib/python3.9/site-packages/torchani/resources/
failed to equip `nnpops` with error: No module named 'NNPOps'

Optimising conformer:   0%|                               | 0/2 [00:00<?, ?it/s][A
Optimising conformer:  50%|‚ñà‚ñà‚ñà‚ñà‚ñà‚ñà‚ñà‚ñà‚ñà‚ñà‚ñà‚ñå           | 1/2 [00:05<00:05,  5.63s/it][A
Optimising conformer: 100%|‚ñà‚ñà‚ñà‚ñà‚ñà‚ñà‚ñà‚ñà‚ñà‚ñà‚ñà‚ñà‚ñà‚ñà‚ñà‚ñà‚ñà‚ñà‚ñà‚ñà‚ñà‚ñà‚ñà| 2/2 [00:19<00:00, 10.19s/it][AOptimising conformer: 100%|‚ñà‚ñà‚ñà‚ñà‚ñà‚ñà‚ñà‚ñà‚ñà‚ñà‚ñà‚ñà‚ñà‚ñà‚ñà‚ñà‚ñà‚ñà‚ñà‚ñà‚ñà‚ñà‚ñà| 2/2 [00:19<00:00,  9.51s/it]
2024-01-22 14:57:49,075 - distributed.worker - WARNING - Compute Failed
Key:       evaluate-c9826a25-f121-4851-af38-31fed609444a
Function:  evaluate
args:      (<rdkit.Chem.rdchem.Mol object at 0x2ad2637a95e0>, 6, 'C(c1nn(C([H])([H])[H])c(C([H])([H])[H])c1C(C(c1nc(C2(C(C(C(C2([H])[H])([H])[H])([H])[H])([H])[H])[H])nn1c1c(c(c(nc1[H])[H])[H])[H])([H])[H])([H])[H])([H])([H])[H]', '/mnt/storage/nobackup/nmb1063/code/gal/sars-cov-2-main-protease-al-study/rec_final.pdb', '/nobackup/nmb1063/sars-fegrow/gnina')
kwargs:    {}
Exception: "Exception('No Conformers')"

Optimising conformer:  14%|‚ñà‚ñà‚ñà‚ñè                  | 3/21 [02:09<13:01, 43.43s/it]Optimising conformer:  19%|‚ñà‚ñà‚ñà‚ñà‚ñè                 | 4/21 [02:11<07:42, 27.23s/it]Optimising conformer:  24%|‚ñà‚ñà‚ñà‚ñà‚ñà‚ñè                | 5/21 [03:07<10:02, 37.63s/it]Optimising conformer:  29%|‚ñà‚ñà‚ñà‚ñà‚ñà‚ñà‚ñé               | 6/21 [03:08<06:18, 25.27s/it]Optimising conformer:  33%|‚ñà‚ñà‚ñà‚ñà‚ñà‚ñà‚ñà‚ñé              | 7/21 [03:10<04:03, 17.42s/it]Optimising conformer:  38%|‚ñà‚ñà‚ñà‚ñà‚ñà‚ñà‚ñà‚ñà‚ñç             | 8/21 [03:11<02:39, 12.27s/it]Optimising conformer:  43%|‚ñà‚ñà‚ñà‚ñà‚ñà‚ñà‚ñà‚ñà‚ñà‚ñç            | 9/21 [03:12<01:47,  8.92s/it]Optimising conformer:  48%|‚ñà‚ñà‚ñà‚ñà‚ñà‚ñà‚ñà‚ñà‚ñà‚ñà           | 10/21 [03:14<01:13,  6.65s/it]Optimising conformer:  52%|‚ñà‚ñà‚ñà‚ñà‚ñà‚ñà‚ñà‚ñà‚ñà‚ñà‚ñà          | 11/21 [03:15<00:49,  4.99s/it]Optimising conformer:  57%|‚ñà‚ñà‚ñà‚ñà‚ñà‚ñà‚ñà‚ñà‚ñà‚ñà‚ñà‚ñà         | 12/21 [03:17<00:36,  4.08s/it]Optimising conformer:  62%|‚ñà‚ñà‚ñà‚ñà‚ñà‚ñà‚ñà‚ñà‚ñà‚ñà‚ñà‚ñà‚ñà        | 13/21 [03:18<00:25,  3.24s/it]Optimising conformer:  67%|‚ñà‚ñà‚ñà‚ñà‚ñà‚ñà‚ñà‚ñà‚ñà‚ñà‚ñà‚ñà‚ñà‚ñà       | 14/21 [04:01<01:46, 15.21s/it]Optimising conformer:  71%|‚ñà‚ñà‚ñà‚ñà‚ñà‚ñà‚ñà‚ñà‚ñà‚ñà‚ñà‚ñà‚ñà‚ñà‚ñà      | 15/21 [04:04<01:08, 11.46s/it]Optimising conformer:  76%|‚ñà‚ñà‚ñà‚ñà‚ñà‚ñà‚ñà‚ñà‚ñà‚ñà‚ñà‚ñà‚ñà‚ñà‚ñà‚ñà     | 16/21 [04:06<00:42,  8.50s/it]Optimising conformer:  81%|‚ñà‚ñà‚ñà‚ñà‚ñà‚ñà‚ñà‚ñà‚ñà‚ñà‚ñà‚ñà‚ñà‚ñà‚ñà‚ñà‚ñà    | 17/21 [04:07<00:25,  6.41s/it]Optimising conformer:  86%|‚ñà‚ñà‚ñà‚ñà‚ñà‚ñà‚ñà‚ñà‚ñà‚ñà‚ñà‚ñà‚ñà‚ñà‚ñà‚ñà‚ñà‚ñà   | 18/21 [04:09<00:15,  5.03s/it]Optimising conformer:  90%|‚ñà‚ñà‚ñà‚ñà‚ñà‚ñà‚ñà‚ñà‚ñà‚ñà‚ñà‚ñà‚ñà‚ñà‚ñà‚ñà‚ñà‚ñà‚ñà  | 19/21 [04:11<00:08,  4.20s/it]Optimising conformer:  95%|‚ñà‚ñà‚ñà‚ñà‚ñà‚ñà‚ñà‚ñà‚ñà‚ñà‚ñà‚ñà‚ñà‚ñà‚ñà‚ñà‚ñà‚ñà‚ñà‚ñà | 20/21 [04:43<00:12, 12.40s/it]Optimising conformer: 100%|‚ñà‚ñà‚ñà‚ñà‚ñà‚ñà‚ñà‚ñà‚ñà‚ñà‚ñà‚ñà‚ñà‚ñà‚ñà‚ñà‚ñà‚ñà‚ñà‚ñà‚ñà| 21/21 [04:54<00:00, 12.10s/it]Optimising conformer: 100%|‚ñà‚ñà‚ñà‚ñà‚ñà‚ñà‚ñà‚ñà‚ñà‚ñà‚ñà‚ñà‚ñà‚ñà‚ñà‚ñà‚ñà‚ñà‚ñà‚ñà‚ñà| 21/21 [04:54<00:00, 14.04s/it]
/mnt/storage/nobackup/nmb1063/mamba/envs/fegrow/lib/python3.9/site-packages/parmed/structure.py:1775: UnitStrippedWarning: The unit of the quantity is stripped when downcasting to ndarray.
  coords = np.array(value, dtype=np.float64, copy=False, subok=True)
Warning (not error because allow_undefined_stereo=True): RDMol has unspecified stereochemistry. Undefined chiral centers are:
 - Atom C (index 1)

/mnt/storage/nobackup/nmb1063/mamba/envs/fegrow/lib/python3.9/site-packages/parmed/structure.py:1775: UnitStrippedWarning: The unit of the quantity is stripped when downcasting to ndarray.
  coords = np.array(value, dtype=np.float64, copy=False, subok=True)
Warning (not error because allow_undefined_stereo=True): RDMol has unspecified stereochemistry. Undefined chiral centers are:
 - Atom C (index 1)

TIME Completed the molecule generation in 377.5s.
TIME changed dir: 0.0s
TIME changed dir: 0.0s
Generated 49 conformers. 
Generated 46 conformers. 
Removed 28 conformers. 
Removed 43 conformers. 
using ani2x
/mnt/storage/nobackup/nmb1063/mamba/envs/fegrow/lib/python3.9/site-packages/torchani/resources/
failed to equip `nnpops` with error: No module named 'NNPOps'
Optimising conformer:   0%|                              | 0/21 [00:00<?, ?it/s]Optimising conformer:   5%|‚ñà                     | 1/21 [00:02<00:59,  2.98s/it]Optimising conformer:  10%|‚ñà‚ñà                    | 2/21 [00:07<01:09,  3.68s/it]Optimising conformer:  14%|‚ñà‚ñà‚ñà‚ñè                  | 3/21 [00:08<00:50,  2.78s/it]Optimising conformer:  19%|‚ñà‚ñà‚ñà‚ñà‚ñè                 | 4/21 [00:12<00:52,  3.08s/it]Optimising conformer:  24%|‚ñà‚ñà‚ñà‚ñà‚ñà‚ñè                | 5/21 [00:14<00:41,  2.60s/it]Optimising conformer:  29%|‚ñà‚ñà‚ñà‚ñà‚ñà‚ñà‚ñé               | 6/21 [00:19<00:50,  3.37s/it]Optimising conformer:  33%|‚ñà‚ñà‚ñà‚ñà‚ñà‚ñà‚ñà‚ñé              | 7/21 [00:20<00:39,  2.85s/it]Optimising conformer:  38%|‚ñà‚ñà‚ñà‚ñà‚ñà‚ñà‚ñà‚ñà‚ñç             | 8/21 [00:24<00:40,  3.10s/it]Optimising conformer:  43%|‚ñà‚ñà‚ñà‚ñà‚ñà‚ñà‚ñà‚ñà‚ñà‚ñç            | 9/21 [00:26<00:32,  2.68s/it]Optimising conformer:  48%|‚ñà‚ñà‚ñà‚ñà‚ñà‚ñà‚ñà‚ñà‚ñà‚ñà           | 10/21 [00:29<00:30,  2.73s/it]Optimising conformer:  52%|‚ñà‚ñà‚ñà‚ñà‚ñà‚ñà‚ñà‚ñà‚ñà‚ñà‚ñà          | 11/21 [00:30<00:24,  2.44s/it]Optimising conformer:  57%|‚ñà‚ñà‚ñà‚ñà‚ñà‚ñà‚ñà‚ñà‚ñà‚ñà‚ñà‚ñà         | 12/21 [00:32<00:20,  2.24s/it]Optimising conformer:  62%|‚ñà‚ñà‚ñà‚ñà‚ñà‚ñà‚ñà‚ñà‚ñà‚ñà‚ñà‚ñà‚ñà        | 13/21 [00:34<00:16,  2.10s/it]Optimising conformer:  67%|‚ñà‚ñà‚ñà‚ñà‚ñà‚ñà‚ñà‚ñà‚ñà‚ñà‚ñà‚ñà‚ñà‚ñà       | 14/21 [00:38<00:18,  2.59s/it]Optimising conformer:  71%|‚ñà‚ñà‚ñà‚ñà‚ñà‚ñà‚ñà‚ñà‚ñà‚ñà‚ñà‚ñà‚ñà‚ñà‚ñà      | 15/21 [00:42<00:19,  3.24s/it]Optimising conformer:  76%|‚ñà‚ñà‚ñà‚ñà‚ñà‚ñà‚ñà‚ñà‚ñà‚ñà‚ñà‚ñà‚ñà‚ñà‚ñà‚ñà     | 16/21 [00:47<00:18,  3.63s/it]Optimising conformer:  81%|‚ñà‚ñà‚ñà‚ñà‚ñà‚ñà‚ñà‚ñà‚ñà‚ñà‚ñà‚ñà‚ñà‚ñà‚ñà‚ñà‚ñà    | 17/21 [00:54<00:18,  4.74s/it]Optimising conformer:  86%|‚ñà‚ñà‚ñà‚ñà‚ñà‚ñà‚ñà‚ñà‚ñà‚ñà‚ñà‚ñà‚ñà‚ñà‚ñà‚ñà‚ñà‚ñà   | 18/21 [01:04<00:19,  6.38s/it]using ani2x
/mnt/storage/nobackup/nmb1063/mamba/envs/fegrow/lib/python3.9/site-packages/torchani/resources/
failed to equip `nnpops` with error: No module named 'NNPOps'

Optimising conformer:   0%|                               | 0/3 [00:00<?, ?it/s][A
Optimising conformer:  33%|‚ñà‚ñà‚ñà‚ñà‚ñà‚ñà‚ñà‚ñã               | 1/3 [00:04<00:08,  4.43s/it][A
Optimising conformer:  67%|‚ñà‚ñà‚ñà‚ñà‚ñà‚ñà‚ñà‚ñà‚ñà‚ñà‚ñà‚ñà‚ñà‚ñà‚ñà‚ñé       | 2/3 [00:10<00:05,  5.29s/it][A
Optimising conformer: 100%|‚ñà‚ñà‚ñà‚ñà‚ñà‚ñà‚ñà‚ñà‚ñà‚ñà‚ñà‚ñà‚ñà‚ñà‚ñà‚ñà‚ñà‚ñà‚ñà‚ñà‚ñà‚ñà‚ñà| 3/3 [00:13<00:00,  4.26s/it][AOptimising conformer: 100%|‚ñà‚ñà‚ñà‚ñà‚ñà‚ñà‚ñà‚ñà‚ñà‚ñà‚ñà‚ñà‚ñà‚ñà‚ñà‚ñà‚ñà‚ñà‚ñà‚ñà‚ñà‚ñà‚ñà| 3/3 [00:13<00:00,  4.46s/it]
Optimising conformer:  90%|‚ñà‚ñà‚ñà‚ñà‚ñà‚ñà‚ñà‚ñà‚ñà‚ñà‚ñà‚ñà‚ñà‚ñà‚ñà‚ñà‚ñà‚ñà‚ñà  | 19/21 [02:21<00:55, 27.55s/it]Optimising conformer:  95%|‚ñà‚ñà‚ñà‚ñà‚ñà‚ñà‚ñà‚ñà‚ñà‚ñà‚ñà‚ñà‚ñà‚ñà‚ñà‚ñà‚ñà‚ñà‚ñà‚ñà | 20/21 [03:10<00:34, 34.01s/it]Optimising conformer: 100%|‚ñà‚ñà‚ñà‚ñà‚ñà‚ñà‚ñà‚ñà‚ñà‚ñà‚ñà‚ñà‚ñà‚ñà‚ñà‚ñà‚ñà‚ñà‚ñà‚ñà‚ñà| 21/21 [03:16<00:00, 25.45s/it]Optimising conformer: 100%|‚ñà‚ñà‚ñà‚ñà‚ñà‚ñà‚ñà‚ñà‚ñà‚ñà‚ñà‚ñà‚ñà‚ñà‚ñà‚ñà‚ñà‚ñà‚ñà‚ñà‚ñà| 21/21 [03:16<00:00,  9.35s/it]
Warning (not error because allow_undefined_stereo=True): RDMol has unspecified stereochemistry. Undefined chiral centers are:
 - Atom C (index 7)

/mnt/storage/nobackup/nmb1063/mamba/envs/fegrow/lib/python3.9/site-packages/parmed/structure.py:1775: UnitStrippedWarning: The unit of the quantity is stripped when downcasting to ndarray.
  coords = np.array(value, dtype=np.float64, copy=False, subok=True)
Warning (not error because allow_undefined_stereo=True): RDMol has unspecified stereochemistry. Undefined chiral centers are:
 - Atom C (index 7)

Warning (not error because allow_undefined_stereo=True): RDMol has unspecified stereochemistry. Undefined chiral centers are:
 - Atom C (index 2)

/mnt/storage/nobackup/nmb1063/mamba/envs/fegrow/lib/python3.9/site-packages/parmed/structure.py:1775: UnitStrippedWarning: The unit of the quantity is stripped when downcasting to ndarray.
  coords = np.array(value, dtype=np.float64, copy=False, subok=True)
Warning (not error because allow_undefined_stereo=True): RDMol has unspecified stereochemistry. Undefined chiral centers are:
 - Atom C (index 2)

TIME Completed the molecule generation in 128.6s.
TIME Completed the molecule generation in 250.7s.
TIME changed dir: 0.0s
TIME changed dir: 0.0s
Generated 46 conformers. 
Removed 39 conformers. 
Generated 39 conformers. 
Removed 35 conformers. 
using ani2x
/mnt/storage/nobackup/nmb1063/mamba/envs/fegrow/lib/python3.9/site-packages/torchani/resources/
using ani2x
/mnt/storage/nobackup/nmb1063/mamba/envs/fegrow/lib/python3.9/site-packages/torchani/resources/
failed to equip `nnpops` with error: No module named 'NNPOps'
Optimising conformer:   0%|                               | 0/4 [00:00<?, ?it/s]Optimising conformer:  25%|‚ñà‚ñà‚ñà‚ñà‚ñà‚ñä                 | 1/4 [00:03<00:09,  3.15s/it]failed to equip `nnpops` with error: No module named 'NNPOps'

Optimising conformer:   0%|                               | 0/7 [00:00<?, ?it/s][AOptimising conformer:  50%|‚ñà‚ñà‚ñà‚ñà‚ñà‚ñà‚ñà‚ñà‚ñà‚ñà‚ñà‚ñå           | 2/4 [00:05<00:04,  2.45s/it]
Optimising conformer:  14%|‚ñà‚ñà‚ñà‚ñé                   | 1/7 [00:03<00:22,  3.77s/it][AOptimising conformer:  75%|‚ñà‚ñà‚ñà‚ñà‚ñà‚ñà‚ñà‚ñà‚ñà‚ñà‚ñà‚ñà‚ñà‚ñà‚ñà‚ñà‚ñà‚ñé     | 3/4 [00:11<00:04,  4.21s/it]Optimising conformer: 100%|‚ñà‚ñà‚ñà‚ñà‚ñà‚ñà‚ñà‚ñà‚ñà‚ñà‚ñà‚ñà‚ñà‚ñà‚ñà‚ñà‚ñà‚ñà‚ñà‚ñà‚ñà‚ñà‚ñà| 4/4 [00:13<00:00,  3.53s/it]Optimising conformer: 100%|‚ñà‚ñà‚ñà‚ñà‚ñà‚ñà‚ñà‚ñà‚ñà‚ñà‚ñà‚ñà‚ñà‚ñà‚ñà‚ñà‚ñà‚ñà‚ñà‚ñà‚ñà‚ñà‚ñà| 4/4 [00:13<00:00,  3.48s/it]

Optimising conformer:  29%|‚ñà‚ñà‚ñà‚ñà‚ñà‚ñà‚ñå                | 2/7 [01:13<03:32, 42.42s/it][A
Optimising conformer:  43%|‚ñà‚ñà‚ñà‚ñà‚ñà‚ñà‚ñà‚ñà‚ñà‚ñä             | 3/7 [01:15<01:36, 24.05s/it][A
Optimising conformer:  57%|‚ñà‚ñà‚ñà‚ñà‚ñà‚ñà‚ñà‚ñà‚ñà‚ñà‚ñà‚ñà‚ñà‚ñè         | 4/7 [01:17<00:46, 15.38s/it][A
Optimising conformer:  71%|‚ñà‚ñà‚ñà‚ñà‚ñà‚ñà‚ñà‚ñà‚ñà‚ñà‚ñà‚ñà‚ñà‚ñà‚ñà‚ñà‚ñç      | 5/7 [01:19<00:21, 10.57s/it][A
Optimising conformer:  86%|‚ñà‚ñà‚ñà‚ñà‚ñà‚ñà‚ñà‚ñà‚ñà‚ñà‚ñà‚ñà‚ñà‚ñà‚ñà‚ñà‚ñà‚ñà‚ñà‚ñã   | 6/7 [01:21<00:07,  7.62s/it][A
Optimising conformer: 100%|‚ñà‚ñà‚ñà‚ñà‚ñà‚ñà‚ñà‚ñà‚ñà‚ñà‚ñà‚ñà‚ñà‚ñà‚ñà‚ñà‚ñà‚ñà‚ñà‚ñà‚ñà‚ñà‚ñà| 7/7 [01:23<00:00,  5.90s/it][AOptimising conformer: 100%|‚ñà‚ñà‚ñà‚ñà‚ñà‚ñà‚ñà‚ñà‚ñà‚ñà‚ñà‚ñà‚ñà‚ñà‚ñà‚ñà‚ñà‚ñà‚ñà‚ñà‚ñà‚ñà‚ñà| 7/7 [01:23<00:00, 11.97s/it]
/mnt/storage/nobackup/nmb1063/mamba/envs/fegrow/lib/python3.9/site-packages/parmed/structure.py:1775: UnitStrippedWarning: The unit of the quantity is stripped when downcasting to ndarray.
  coords = np.array(value, dtype=np.float64, copy=False, subok=True)
/mnt/storage/nobackup/nmb1063/mamba/envs/fegrow/lib/python3.9/site-packages/parmed/structure.py:1775: UnitStrippedWarning: The unit of the quantity is stripped when downcasting to ndarray.
  coords = np.array(value, dtype=np.float64, copy=False, subok=True)
TIME Completed the molecule generation in 233.9s.
TIME Completed the molecule generation in 300.0s.
TIME changed dir: 0.0s
TIME changed dir: 0.0s
Generated 44 conformers. 
Removed 12 conformers. 
Generated 45 conformers. 
Removed 36 conformers. 
using ani2x
/mnt/storage/nobackup/nmb1063/mamba/envs/fegrow/lib/python3.9/site-packages/torchani/resources/
failed to equip `nnpops` with error: No module named 'NNPOps'
Optimising conformer:   0%|                              | 0/32 [00:00<?, ?it/s]Optimising conformer:   3%|‚ñã                     | 1/32 [00:03<01:43,  3.35s/it]Optimising conformer:   6%|‚ñà‚ñç                    | 2/32 [00:06<01:29,  2.99s/it]Optimising conformer:   9%|‚ñà‚ñà                    | 3/32 [00:08<01:17,  2.66s/it]Optimising conformer:  12%|‚ñà‚ñà‚ñä                   | 4/32 [00:10<01:13,  2.62s/it]Optimising conformer:  16%|‚ñà‚ñà‚ñà‚ñç                  | 5/32 [00:13<01:11,  2.67s/it]Optimising conformer:  19%|‚ñà‚ñà‚ñà‚ñà‚ñè                 | 6/32 [00:17<01:18,  3.04s/it]Optimising conformer:  22%|‚ñà‚ñà‚ñà‚ñà‚ñä                 | 7/32 [00:21<01:23,  3.34s/it]Optimising conformer:  25%|‚ñà‚ñà‚ñà‚ñà‚ñà‚ñå                | 8/32 [00:24<01:17,  3.24s/it]Optimising conformer:  28%|‚ñà‚ñà‚ñà‚ñà‚ñà‚ñà‚ñè               | 9/32 [00:26<01:03,  2.77s/it]Optimising conformer:  31%|‚ñà‚ñà‚ñà‚ñà‚ñà‚ñà‚ñå              | 10/32 [00:28<00:58,  2.64s/it]Optimising conformer:  34%|‚ñà‚ñà‚ñà‚ñà‚ñà‚ñà‚ñà‚ñè             | 11/32 [00:31<01:00,  2.89s/it]Optimising conformer:  38%|‚ñà‚ñà‚ñà‚ñà‚ñà‚ñà‚ñà‚ñâ             | 12/32 [00:34<00:55,  2.78s/it]Optimising conformer:  41%|‚ñà‚ñà‚ñà‚ñà‚ñà‚ñà‚ñà‚ñà‚ñå            | 13/32 [00:38<01:01,  3.21s/it]Optimising conformer:  44%|‚ñà‚ñà‚ñà‚ñà‚ñà‚ñà‚ñà‚ñà‚ñà‚ñè           | 14/32 [00:42<01:00,  3.39s/it]Optimising conformer:  47%|‚ñà‚ñà‚ñà‚ñà‚ñà‚ñà‚ñà‚ñà‚ñà‚ñä           | 15/32 [00:44<00:52,  3.11s/it]Optimising conformer:  50%|‚ñà‚ñà‚ñà‚ñà‚ñà‚ñà‚ñà‚ñà‚ñà‚ñà‚ñå          | 16/32 [00:47<00:49,  3.08s/it]Optimising conformer:  53%|‚ñà‚ñà‚ñà‚ñà‚ñà‚ñà‚ñà‚ñà‚ñà‚ñà‚ñà‚ñè         | 17/32 [00:51<00:47,  3.19s/it]using ani2x
/mnt/storage/nobackup/nmb1063/mamba/envs/fegrow/lib/python3.9/site-packages/torchani/resources/
failed to equip `nnpops` with error: No module named 'NNPOps'

Optimising conformer:   0%|                               | 0/9 [00:00<?, ?it/s][AOptimising conformer:  56%|‚ñà‚ñà‚ñà‚ñà‚ñà‚ñà‚ñà‚ñà‚ñà‚ñà‚ñà‚ñä         | 18/32 [00:53<00:40,  2.90s/it]
Optimising conformer:  11%|‚ñà‚ñà‚ñå                    | 1/9 [00:02<00:21,  2.73s/it][AOptimising conformer:  59%|‚ñà‚ñà‚ñà‚ñà‚ñà‚ñà‚ñà‚ñà‚ñà‚ñà‚ñà‚ñà‚ñç        | 19/32 [00:56<00:37,  2.88s/it]Optimising conformer:  62%|‚ñà‚ñà‚ñà‚ñà‚ñà‚ñà‚ñà‚ñà‚ñà‚ñà‚ñà‚ñà‚ñà‚ñè       | 20/32 [00:58<00:32,  2.73s/it]
Optimising conformer:  22%|‚ñà‚ñà‚ñà‚ñà‚ñà                  | 2/9 [00:06<00:24,  3.47s/it][A
Optimising conformer:  33%|‚ñà‚ñà‚ñà‚ñà‚ñà‚ñà‚ñà‚ñã               | 3/9 [00:08<00:15,  2.62s/it][AOptimising conformer:  66%|‚ñà‚ñà‚ñà‚ñà‚ñà‚ñà‚ñà‚ñà‚ñà‚ñà‚ñà‚ñà‚ñà‚ñä       | 21/32 [01:02<00:32,  2.94s/it]
Optimising conformer:  44%|‚ñà‚ñà‚ñà‚ñà‚ñà‚ñà‚ñà‚ñà‚ñà‚ñà‚ñè            | 4/9 [00:09<00:11,  2.21s/it][A
Optimising conformer:  56%|‚ñà‚ñà‚ñà‚ñà‚ñà‚ñà‚ñà‚ñà‚ñà‚ñà‚ñà‚ñà‚ñä          | 5/9 [00:11<00:08,  2.12s/it][AOptimising conformer:  69%|‚ñà‚ñà‚ñà‚ñà‚ñà‚ñà‚ñà‚ñà‚ñà‚ñà‚ñà‚ñà‚ñà‚ñà‚ñç      | 22/32 [01:07<00:37,  3.77s/it]
Optimising conformer:  67%|‚ñà‚ñà‚ñà‚ñà‚ñà‚ñà‚ñà‚ñà‚ñà‚ñà‚ñà‚ñà‚ñà‚ñà‚ñà‚ñé       | 6/9 [00:15<00:08,  2.74s/it][AOptimising conformer:  72%|‚ñà‚ñà‚ñà‚ñà‚ñà‚ñà‚ñà‚ñà‚ñà‚ñà‚ñà‚ñà‚ñà‚ñà‚ñà      | 23/32 [01:10<00:31,  3.50s/it]Optimising conformer:  75%|‚ñà‚ñà‚ñà‚ñà‚ñà‚ñà‚ñà‚ñà‚ñà‚ñà‚ñà‚ñà‚ñà‚ñà‚ñà‚ñä     | 24/32 [01:13<00:26,  3.33s/it]
Optimising conformer:  78%|‚ñà‚ñà‚ñà‚ñà‚ñà‚ñà‚ñà‚ñà‚ñà‚ñà‚ñà‚ñà‚ñà‚ñà‚ñà‚ñà‚ñà‚ñâ     | 7/9 [00:20<00:06,  3.35s/it][A
Optimising conformer:  89%|‚ñà‚ñà‚ñà‚ñà‚ñà‚ñà‚ñà‚ñà‚ñà‚ñà‚ñà‚ñà‚ñà‚ñà‚ñà‚ñà‚ñà‚ñà‚ñà‚ñà‚ñç  | 8/9 [00:24<00:03,  3.62s/it][AOptimising conformer:  78%|‚ñà‚ñà‚ñà‚ñà‚ñà‚ñà‚ñà‚ñà‚ñà‚ñà‚ñà‚ñà‚ñà‚ñà‚ñà‚ñà‚ñç    | 25/32 [01:19<00:27,  3.96s/it]
Optimising conformer: 100%|‚ñà‚ñà‚ñà‚ñà‚ñà‚ñà‚ñà‚ñà‚ñà‚ñà‚ñà‚ñà‚ñà‚ñà‚ñà‚ñà‚ñà‚ñà‚ñà‚ñà‚ñà‚ñà‚ñà| 9/9 [00:26<00:00,  3.09s/it][AOptimising conformer: 100%|‚ñà‚ñà‚ñà‚ñà‚ñà‚ñà‚ñà‚ñà‚ñà‚ñà‚ñà‚ñà‚ñà‚ñà‚ñà‚ñà‚ñà‚ñà‚ñà‚ñà‚ñà‚ñà‚ñà| 9/9 [00:26<00:00,  2.95s/it]
Optimising conformer:  81%|‚ñà‚ñà‚ñà‚ñà‚ñà‚ñà‚ñà‚ñà‚ñà‚ñà‚ñà‚ñà‚ñà‚ñà‚ñà‚ñà‚ñà    | 26/32 [01:22<00:22,  3.68s/it]Optimising conformer:  84%|‚ñà‚ñà‚ñà‚ñà‚ñà‚ñà‚ñà‚ñà‚ñà‚ñà‚ñà‚ñà‚ñà‚ñà‚ñà‚ñà‚ñà‚ñã   | 27/32 [01:25<00:18,  3.66s/it]Optimising conformer:  88%|‚ñà‚ñà‚ñà‚ñà‚ñà‚ñà‚ñà‚ñà‚ñà‚ñà‚ñà‚ñà‚ñà‚ñà‚ñà‚ñà‚ñà‚ñà‚ñç  | 28/32 [01:27<00:12,  3.17s/it]Optimising conformer:  91%|‚ñà‚ñà‚ñà‚ñà‚ñà‚ñà‚ñà‚ñà‚ñà‚ñà‚ñà‚ñà‚ñà‚ñà‚ñà‚ñà‚ñà‚ñà‚ñà  | 29/32 [01:29<00:08,  2.75s/it]Optimising conformer:  94%|‚ñà‚ñà‚ñà‚ñà‚ñà‚ñà‚ñà‚ñà‚ñà‚ñà‚ñà‚ñà‚ñà‚ñà‚ñà‚ñà‚ñà‚ñà‚ñà‚ñã | 30/32 [01:31<00:05,  2.61s/it]Optimising conformer:  97%|‚ñà‚ñà‚ñà‚ñà‚ñà‚ñà‚ñà‚ñà‚ñà‚ñà‚ñà‚ñà‚ñà‚ñà‚ñà‚ñà‚ñà‚ñà‚ñà‚ñà‚ñé| 31/32 [01:34<00:02,  2.68s/it]Optimising conformer: 100%|‚ñà‚ñà‚ñà‚ñà‚ñà‚ñà‚ñà‚ñà‚ñà‚ñà‚ñà‚ñà‚ñà‚ñà‚ñà‚ñà‚ñà‚ñà‚ñà‚ñà‚ñà| 32/32 [01:36<00:00,  2.41s/it]Optimising conformer: 100%|‚ñà‚ñà‚ñà‚ñà‚ñà‚ñà‚ñà‚ñà‚ñà‚ñà‚ñà‚ñà‚ñà‚ñà‚ñà‚ñà‚ñà‚ñà‚ñà‚ñà‚ñà| 32/32 [01:36<00:00,  3.02s/it]
Warning (not error because allow_undefined_stereo=True): RDMol has unspecified stereochemistry. Undefined chiral centers are:
 - Atom C (index 9)

/mnt/storage/nobackup/nmb1063/mamba/envs/fegrow/lib/python3.9/site-packages/parmed/structure.py:1775: UnitStrippedWarning: The unit of the quantity is stripped when downcasting to ndarray.
  coords = np.array(value, dtype=np.float64, copy=False, subok=True)
Warning (not error because allow_undefined_stereo=True): RDMol has unspecified stereochemistry. Undefined chiral centers are:
 - Atom C (index 9)

/mnt/storage/nobackup/nmb1063/mamba/envs/fegrow/lib/python3.9/site-packages/parmed/structure.py:1775: UnitStrippedWarning: The unit of the quantity is stripped when downcasting to ndarray.
  coords = np.array(value, dtype=np.float64, copy=False, subok=True)
TIME Completed the molecule generation in 113.1s.
TIME Completed the molecule generation in 158.6s.
TIME changed dir: 0.0s
TIME changed dir: 0.0s
Generated 43 conformers. 
Generated 44 conformers. 
Removed 35 conformers. 
Removed 34 conformers. 
using ani2x
/mnt/storage/nobackup/nmb1063/mamba/envs/fegrow/lib/python3.9/site-packages/torchani/resources/
failed to equip `nnpops` with error: No module named 'NNPOps'
Optimising conformer:   0%|                              | 0/10 [00:00<?, ?it/s]Optimising conformer:  10%|‚ñà‚ñà‚ñè                   | 1/10 [00:04<00:37,  4.13s/it]Optimising conformer:  20%|‚ñà‚ñà‚ñà‚ñà‚ñç                 | 2/10 [00:06<00:23,  2.92s/it]Optimising conformer:  30%|‚ñà‚ñà‚ñà‚ñà‚ñà‚ñà‚ñå               | 3/10 [00:08<00:19,  2.80s/it]Optimising conformer:  40%|‚ñà‚ñà‚ñà‚ñà‚ñà‚ñà‚ñà‚ñà‚ñä             | 4/10 [00:10<00:14,  2.38s/it]Optimising conformer:  50%|‚ñà‚ñà‚ñà‚ñà‚ñà‚ñà‚ñà‚ñà‚ñà‚ñà‚ñà           | 5/10 [00:12<00:11,  2.20s/it]Optimising conformer:  60%|‚ñà‚ñà‚ñà‚ñà‚ñà‚ñà‚ñà‚ñà‚ñà‚ñà‚ñà‚ñà‚ñà‚ñè        | 6/10 [00:15<00:09,  2.38s/it]Optimising conformer:  70%|‚ñà‚ñà‚ñà‚ñà‚ñà‚ñà‚ñà‚ñà‚ñà‚ñà‚ñà‚ñà‚ñà‚ñà‚ñà‚ñç      | 7/10 [00:17<00:06,  2.23s/it]Optimising conformer:  80%|‚ñà‚ñà‚ñà‚ñà‚ñà‚ñà‚ñà‚ñà‚ñà‚ñà‚ñà‚ñà‚ñà‚ñà‚ñà‚ñà‚ñà‚ñå    | 8/10 [00:19<00:04,  2.13s/it]Optimising conformer:  90%|‚ñà‚ñà‚ñà‚ñà‚ñà‚ñà‚ñà‚ñà‚ñà‚ñà‚ñà‚ñà‚ñà‚ñà‚ñà‚ñà‚ñà‚ñà‚ñà‚ñä  | 9/10 [00:20<00:02,  2.06s/it]Optimising conformer: 100%|‚ñà‚ñà‚ñà‚ñà‚ñà‚ñà‚ñà‚ñà‚ñà‚ñà‚ñà‚ñà‚ñà‚ñà‚ñà‚ñà‚ñà‚ñà‚ñà‚ñà‚ñà| 10/10 [00:26<00:00,  3.02s/it]Optimising conformer: 100%|‚ñà‚ñà‚ñà‚ñà‚ñà‚ñà‚ñà‚ñà‚ñà‚ñà‚ñà‚ñà‚ñà‚ñà‚ñà‚ñà‚ñà‚ñà‚ñà‚ñà‚ñà| 10/10 [00:26<00:00,  2.61s/it]
TIME Completed the molecule generation in 118.9s.
using ani2x
/mnt/storage/nobackup/nmb1063/mamba/envs/fegrow/lib/python3.9/site-packages/torchani/resources/
failed to equip `nnpops` with error: No module named 'NNPOps'
Optimising conformer:   0%|                               | 0/8 [00:00<?, ?it/s]Optimising conformer:  12%|‚ñà‚ñà‚ñâ                    | 1/8 [00:04<00:28,  4.11s/it]Optimising conformer:  25%|‚ñà‚ñà‚ñà‚ñà‚ñà‚ñä                 | 2/8 [00:10<00:31,  5.26s/it]Optimising conformer:  38%|‚ñà‚ñà‚ñà‚ñà‚ñà‚ñà‚ñà‚ñà‚ñã              | 3/8 [00:12<00:20,  4.02s/it]Optimising conformer:  50%|‚ñà‚ñà‚ñà‚ñà‚ñà‚ñà‚ñà‚ñà‚ñà‚ñà‚ñà‚ñå           | 4/8 [00:21<00:22,  5.74s/it]Optimising conformer:  62%|‚ñà‚ñà‚ñà‚ñà‚ñà‚ñà‚ñà‚ñà‚ñà‚ñà‚ñà‚ñà‚ñà‚ñà‚ñç        | 5/8 [00:23<00:13,  4.54s/it]Optimising conformer:  75%|‚ñà‚ñà‚ñà‚ñà‚ñà‚ñà‚ñà‚ñà‚ñà‚ñà‚ñà‚ñà‚ñà‚ñà‚ñà‚ñà‚ñà‚ñé     | 6/8 [00:29<00:10,  5.04s/it]Optimising conformer:  88%|‚ñà‚ñà‚ñà‚ñà‚ñà‚ñà‚ñà‚ñà‚ñà‚ñà‚ñà‚ñà‚ñà‚ñà‚ñà‚ñà‚ñà‚ñà‚ñà‚ñà‚ñè  | 7/8 [00:32<00:04,  4.26s/it]Optimising conformer: 100%|‚ñà‚ñà‚ñà‚ñà‚ñà‚ñà‚ñà‚ñà‚ñà‚ñà‚ñà‚ñà‚ñà‚ñà‚ñà‚ñà‚ñà‚ñà‚ñà‚ñà‚ñà‚ñà‚ñà| 8/8 [00:34<00:00,  3.76s/it]Optimising conformer: 100%|‚ñà‚ñà‚ñà‚ñà‚ñà‚ñà‚ñà‚ñà‚ñà‚ñà‚ñà‚ñà‚ñà‚ñà‚ñà‚ñà‚ñà‚ñà‚ñà‚ñà‚ñà‚ñà‚ñà| 8/8 [00:34<00:00,  4.36s/it]
/mnt/storage/nobackup/nmb1063/mamba/envs/fegrow/lib/python3.9/site-packages/parmed/structure.py:1775: UnitStrippedWarning: The unit of the quantity is stripped when downcasting to ndarray.
  coords = np.array(value, dtype=np.float64, copy=False, subok=True)
/mnt/storage/nobackup/nmb1063/mamba/envs/fegrow/lib/python3.9/site-packages/parmed/structure.py:1775: UnitStrippedWarning: The unit of the quantity is stripped when downcasting to ndarray.
  coords = np.array(value, dtype=np.float64, copy=False, subok=True)
TIME Completed the molecule generation in 218.0s.
TIME changed dir: 0.0s
TIME changed dir: 0.0s
Generated 24 conformers. 
Removed 15 conformers. 
Generated 40 conformers. 
Removed 36 conformers. 
using ani2x
/mnt/storage/nobackup/nmb1063/mamba/envs/fegrow/lib/python3.9/site-packages/torchani/resources/
failed to equip `nnpops` with error: No module named 'NNPOps'
Optimising conformer:   0%|                               | 0/9 [00:00<?, ?it/s]Optimising conformer:  11%|‚ñà‚ñà‚ñå                    | 1/9 [00:02<00:18,  2.37s/it]Optimising conformer:  22%|‚ñà‚ñà‚ñà‚ñà‚ñà                  | 2/9 [00:03<00:12,  1.76s/it]Optimising conformer:  33%|‚ñà‚ñà‚ñà‚ñà‚ñà‚ñà‚ñà‚ñã               | 3/9 [00:05<00:10,  1.77s/it]Optimising conformer:  44%|‚ñà‚ñà‚ñà‚ñà‚ñà‚ñà‚ñà‚ñà‚ñà‚ñà‚ñè            | 4/9 [00:07<00:08,  1.71s/it]Optimising conformer:  56%|‚ñà‚ñà‚ñà‚ñà‚ñà‚ñà‚ñà‚ñà‚ñà‚ñà‚ñà‚ñà‚ñä          | 5/9 [00:09<00:07,  1.79s/it]Optimising conformer:  67%|‚ñà‚ñà‚ñà‚ñà‚ñà‚ñà‚ñà‚ñà‚ñà‚ñà‚ñà‚ñà‚ñà‚ñà‚ñà‚ñé       | 6/9 [00:10<00:05,  1.76s/it]Optimising conformer:  78%|‚ñà‚ñà‚ñà‚ñà‚ñà‚ñà‚ñà‚ñà‚ñà‚ñà‚ñà‚ñà‚ñà‚ñà‚ñà‚ñà‚ñà‚ñâ     | 7/9 [00:12<00:03,  1.70s/it]Optimising conformer:  89%|‚ñà‚ñà‚ñà‚ñà‚ñà‚ñà‚ñà‚ñà‚ñà‚ñà‚ñà‚ñà‚ñà‚ñà‚ñà‚ñà‚ñà‚ñà‚ñà‚ñà‚ñç  | 8/9 [00:13<00:01,  1.70s/it]Optimising conformer: 100%|‚ñà‚ñà‚ñà‚ñà‚ñà‚ñà‚ñà‚ñà‚ñà‚ñà‚ñà‚ñà‚ñà‚ñà‚ñà‚ñà‚ñà‚ñà‚ñà‚ñà‚ñà‚ñà‚ñà| 9/9 [00:16<00:00,  2.01s/it]Optimising conformer: 100%|‚ñà‚ñà‚ñà‚ñà‚ñà‚ñà‚ñà‚ñà‚ñà‚ñà‚ñà‚ñà‚ñà‚ñà‚ñà‚ñà‚ñà‚ñà‚ñà‚ñà‚ñà‚ñà‚ñà| 9/9 [00:16<00:00,  1.85s/it]
TIME Completed the molecule generation in 97.2s.
using ani2x
/mnt/storage/nobackup/nmb1063/mamba/envs/fegrow/lib/python3.9/site-packages/torchani/resources/
failed to equip `nnpops` with error: No module named 'NNPOps'
Optimising conformer:   0%|                               | 0/4 [00:00<?, ?it/s]Optimising conformer:  25%|‚ñà‚ñà‚ñà‚ñà‚ñà‚ñä                 | 1/4 [00:03<00:10,  3.34s/it]Optimising conformer:  50%|‚ñà‚ñà‚ñà‚ñà‚ñà‚ñà‚ñà‚ñà‚ñà‚ñà‚ñà‚ñå           | 2/4 [00:06<00:06,  3.23s/it]Optimising conformer:  75%|‚ñà‚ñà‚ñà‚ñà‚ñà‚ñà‚ñà‚ñà‚ñà‚ñà‚ñà‚ñà‚ñà‚ñà‚ñà‚ñà‚ñà‚ñé     | 3/4 [01:08<00:30, 30.21s/it]Optimising conformer: 100%|‚ñà‚ñà‚ñà‚ñà‚ñà‚ñà‚ñà‚ñà‚ñà‚ñà‚ñà‚ñà‚ñà‚ñà‚ñà‚ñà‚ñà‚ñà‚ñà‚ñà‚ñà‚ñà‚ñà| 4/4 [01:12<00:00, 19.75s/it]Optimising conformer: 100%|‚ñà‚ñà‚ñà‚ñà‚ñà‚ñà‚ñà‚ñà‚ñà‚ñà‚ñà‚ñà‚ñà‚ñà‚ñà‚ñà‚ñà‚ñà‚ñà‚ñà‚ñà‚ñà‚ñà| 4/4 [01:12<00:00, 18.13s/it]
/mnt/storage/nobackup/nmb1063/mamba/envs/fegrow/lib/python3.9/site-packages/parmed/structure.py:1775: UnitStrippedWarning: The unit of the quantity is stripped when downcasting to ndarray.
  coords = np.array(value, dtype=np.float64, copy=False, subok=True)
Warning (not error because allow_undefined_stereo=True): RDMol has unspecified stereochemistry. Undefined chiral centers are:
 - Atom C (index 2)

/mnt/storage/nobackup/nmb1063/mamba/envs/fegrow/lib/python3.9/site-packages/parmed/structure.py:1775: UnitStrippedWarning: The unit of the quantity is stripped when downcasting to ndarray.
  coords = np.array(value, dtype=np.float64, copy=False, subok=True)
Warning (not error because allow_undefined_stereo=True): RDMol has unspecified stereochemistry. Undefined chiral centers are:
 - Atom C (index 2)

TIME Completed the molecule generation in 301.9s.
TIME changed dir: 0.0s
TIME changed dir: 0.0s
Generated 15 conformers. 
Removed 11 conformers. 
Generated 39 conformers. 
Removed 35 conformers. 
using ani2x
/mnt/storage/nobackup/nmb1063/mamba/envs/fegrow/lib/python3.9/site-packages/torchani/resources/
failed to equip `nnpops` with error: No module named 'NNPOps'
Optimising conformer:   0%|                               | 0/4 [00:00<?, ?it/s]Optimising conformer:  25%|‚ñà‚ñà‚ñà‚ñà‚ñà‚ñä                 | 1/4 [00:04<00:13,  4.42s/it]Optimising conformer:  50%|‚ñà‚ñà‚ñà‚ñà‚ñà‚ñà‚ñà‚ñà‚ñà‚ñà‚ñà‚ñå           | 2/4 [00:07<00:06,  3.37s/it]Optimising conformer:  75%|‚ñà‚ñà‚ñà‚ñà‚ñà‚ñà‚ñà‚ñà‚ñà‚ñà‚ñà‚ñà‚ñà‚ñà‚ñà‚ñà‚ñà‚ñé     | 3/4 [00:11<00:03,  3.84s/it]Optimising conformer: 100%|‚ñà‚ñà‚ñà‚ñà‚ñà‚ñà‚ñà‚ñà‚ñà‚ñà‚ñà‚ñà‚ñà‚ñà‚ñà‚ñà‚ñà‚ñà‚ñà‚ñà‚ñà‚ñà‚ñà| 4/4 [00:14<00:00,  3.37s/it]Optimising conformer: 100%|‚ñà‚ñà‚ñà‚ñà‚ñà‚ñà‚ñà‚ñà‚ñà‚ñà‚ñà‚ñà‚ñà‚ñà‚ñà‚ñà‚ñà‚ñà‚ñà‚ñà‚ñà‚ñà‚ñà| 4/4 [00:14<00:00,  3.52s/it]
TIME Completed the molecule generation in 123.9s.
using ani2x
/mnt/storage/nobackup/nmb1063/mamba/envs/fegrow/lib/python3.9/site-packages/torchani/resources/
failed to equip `nnpops` with error: No module named 'NNPOps'
Optimising conformer:   0%|                               | 0/4 [00:00<?, ?it/s]Optimising conformer:  25%|‚ñà‚ñà‚ñà‚ñà‚ñà‚ñä                 | 1/4 [00:03<00:11,  3.99s/it]Optimising conformer:  50%|‚ñà‚ñà‚ñà‚ñà‚ñà‚ñà‚ñà‚ñà‚ñà‚ñà‚ñà‚ñå           | 2/4 [00:06<00:06,  3.04s/it]Optimising conformer:  75%|‚ñà‚ñà‚ñà‚ñà‚ñà‚ñà‚ñà‚ñà‚ñà‚ñà‚ñà‚ñà‚ñà‚ñà‚ñà‚ñà‚ñà‚ñé     | 3/4 [00:10<00:03,  3.36s/it]Optimising conformer: 100%|‚ñà‚ñà‚ñà‚ñà‚ñà‚ñà‚ñà‚ñà‚ñà‚ñà‚ñà‚ñà‚ñà‚ñà‚ñà‚ñà‚ñà‚ñà‚ñà‚ñà‚ñà‚ñà‚ñà| 4/4 [00:11<00:00,  2.71s/it]Optimising conformer: 100%|‚ñà‚ñà‚ñà‚ñà‚ñà‚ñà‚ñà‚ñà‚ñà‚ñà‚ñà‚ñà‚ñà‚ñà‚ñà‚ñà‚ñà‚ñà‚ñà‚ñà‚ñà‚ñà‚ñà| 4/4 [00:11<00:00,  2.95s/it]
Warning (not error because allow_undefined_stereo=True): RDMol has unspecified stereochemistry. Undefined chiral centers are:
 - Atom C (index 10)

Warning (not error because allow_undefined_stereo=True): RDMol has unspecified stereochemistry. Undefined chiral centers are:
 - Atom C (index 10)

/mnt/storage/nobackup/nmb1063/mamba/envs/fegrow/lib/python3.9/site-packages/parmed/structure.py:1775: UnitStrippedWarning: The unit of the quantity is stripped when downcasting to ndarray.
  coords = np.array(value, dtype=np.float64, copy=False, subok=True)
Warning (not error because allow_undefined_stereo=True): RDMol has unspecified stereochemistry. Undefined chiral centers are:
 - Atom C (index 10)

Warning (not error because allow_undefined_stereo=True): RDMol has unspecified stereochemistry. Undefined chiral centers are:
 - Atom C (index 10)

TIME Completed the molecule generation in 208.5s.
TIME changed dir: 0.0s
TIME changed dir: 0.0s
Generated 42 conformers. 
Generated 38 conformers. 
Removed 38 conformers. 
Removed 36 conformers. 
using ani2x
/mnt/storage/nobackup/nmb1063/mamba/envs/fegrow/lib/python3.9/site-packages/torchani/resources/
failed to equip `nnpops` with error: No module named 'NNPOps'
Optimising conformer:   0%|                               | 0/2 [00:00<?, ?it/s]Optimising conformer:  50%|‚ñà‚ñà‚ñà‚ñà‚ñà‚ñà‚ñà‚ñà‚ñà‚ñà‚ñà‚ñå           | 1/2 [00:04<00:04,  4.89s/it]Optimising conformer: 100%|‚ñà‚ñà‚ñà‚ñà‚ñà‚ñà‚ñà‚ñà‚ñà‚ñà‚ñà‚ñà‚ñà‚ñà‚ñà‚ñà‚ñà‚ñà‚ñà‚ñà‚ñà‚ñà‚ñà| 2/2 [00:06<00:00,  2.99s/it]Optimising conformer: 100%|‚ñà‚ñà‚ñà‚ñà‚ñà‚ñà‚ñà‚ñà‚ñà‚ñà‚ñà‚ñà‚ñà‚ñà‚ñà‚ñà‚ñà‚ñà‚ñà‚ñà‚ñà‚ñà‚ñà| 2/2 [00:06<00:00,  3.28s/it]
TIME Completed the molecule generation in 119.5s.
using ani2x
/mnt/storage/nobackup/nmb1063/mamba/envs/fegrow/lib/python3.9/site-packages/torchani/resources/
failed to equip `nnpops` with error: No module named 'NNPOps'
Optimising conformer:   0%|                               | 0/4 [00:00<?, ?it/s]Optimising conformer:  25%|‚ñà‚ñà‚ñà‚ñà‚ñà‚ñä                 | 1/4 [00:03<00:11,  3.92s/it]Optimising conformer:  50%|‚ñà‚ñà‚ñà‚ñà‚ñà‚ñà‚ñà‚ñà‚ñà‚ñà‚ñà‚ñå           | 2/4 [00:07<00:07,  3.57s/it]Optimising conformer:  75%|‚ñà‚ñà‚ñà‚ñà‚ñà‚ñà‚ñà‚ñà‚ñà‚ñà‚ñà‚ñà‚ñà‚ñà‚ñà‚ñà‚ñà‚ñé     | 3/4 [00:10<00:03,  3.64s/it]Optimising conformer: 100%|‚ñà‚ñà‚ñà‚ñà‚ñà‚ñà‚ñà‚ñà‚ñà‚ñà‚ñà‚ñà‚ñà‚ñà‚ñà‚ñà‚ñà‚ñà‚ñà‚ñà‚ñà‚ñà‚ñà| 4/4 [00:17<00:00,  4.59s/it]Optimising conformer: 100%|‚ñà‚ñà‚ñà‚ñà‚ñà‚ñà‚ñà‚ñà‚ñà‚ñà‚ñà‚ñà‚ñà‚ñà‚ñà‚ñà‚ñà‚ñà‚ñà‚ñà‚ñà‚ñà‚ñà| 4/4 [00:17<00:00,  4.26s/it]
slurmstepd: error: *** JOB 19809400 ON sb044 CANCELLED AT 2024-01-22T18:29:57 DUE TO TIME LIMIT ***
