hostname sb029.cluster
ipconfig 1: lo: <LOOPBACK,UP,LOWER_UP> mtu 65536 qdisc noqueue state UNKNOWN group default qlen 1000 link/loopback 00:00:00:00:00:00 brd 00:00:00:00:00:00 inet 127.0.0.1/8 scope host lo valid_lft forever preferred_lft forever inet6 ::1/128 scope host valid_lft forever preferred_lft forever 2: enp4s0f0: <BROADCAST,MULTICAST,UP,LOWER_UP> mtu 9000 qdisc mq state UP group default qlen 1000 link/ether a0:8c:f8:74:c8:a4 brd ff:ff:ff:ff:ff:ff inet 10.3.81.109/22 brd 10.3.83.255 scope global enp4s0f0 valid_lft forever preferred_lft forever inet6 fe80::a28c:f8ff:fe74:c8a4/64 scope link valid_lft forever preferred_lft forever 3: enp4s0f1: <BROADCAST,MULTICAST> mtu 1500 qdisc noop state DOWN group default qlen 1000 link/ether a0:8c:f8:74:c8:a5 brd ff:ff:ff:ff:ff:ff 4: enp4s0f2: <BROADCAST,MULTICAST> mtu 1500 qdisc noop state DOWN group default qlen 1000 link/ether a0:8c:f8:74:c8:a6 brd ff:ff:ff:ff:ff:ff 5: enp4s0f3: <BROADCAST,MULTICAST> mtu 1500 qdisc noop state DOWN group default qlen 1000 link/ether a0:8c:f8:74:c8:a7 brd ff:ff:ff:ff:ff:ff 6: ib0: <BROADCAST,MULTICAST,UP,LOWER_UP> mtu 4092 qdisc pfifo_fast state UP group default qlen 256 link/infiniband 80:00:00:29:fe:80:00:00:00:00:00:00:38:bc:01:03:00:4c:f5:30 brd 00:ff:ff:ff:ff:12:40:1b:ff:ff:00:00:00:00:00:00:ff:ff:ff:ff inet 10.3.89.109/22 brd 10.3.91.255 scope global ib0 valid_lft forever preferred_lft forever inet 10.3.93.109/22 brd 10.3.95.255 scope global ib0:1 valid_lft forever preferred_lft forever inet6 fe80::3abc:103:4c:f530/64 scope link valid_lft forever preferred_lft forever 7: ib1: <NO-CARRIER,BROADCAST,MULTICAST,UP> mtu 4092 qdisc pfifo_fast state DOWN group default qlen 256 link/infiniband 80:00:00:29:fe:80:00:00:00:00:00:00:38:bc:01:03:00:4c:f5:31 brd 00:ff:ff:ff:ff:12:40:1b:ff:ff:00:00:00:00:00:00:ff:ff:ff:ff
2024-01-28 21:40:26,901 - distributed.nanny - INFO -         Start Nanny at: 'tcp://10.3.89.109:46800'
2024-01-28 21:40:44,547 - distributed.worker - INFO -       Start worker at:    tcp://10.3.89.109:39168
2024-01-28 21:40:44,550 - distributed.worker - INFO -          Listening to:    tcp://10.3.89.109:39168
2024-01-28 21:40:44,550 - distributed.worker - INFO -           Worker name:           SLURMCluster-438
2024-01-28 21:40:44,550 - distributed.worker - INFO -          dashboard at:          10.3.89.109:45186
2024-01-28 21:40:44,550 - distributed.worker - INFO - Waiting to connect to:     tcp://10.3.88.11:44532
2024-01-28 21:40:44,550 - distributed.worker - INFO - -------------------------------------------------
2024-01-28 21:40:44,550 - distributed.worker - INFO -               Threads:                          2
2024-01-28 21:40:44,551 - distributed.worker - INFO -                Memory:                  20.49 GiB
2024-01-28 21:40:44,551 - distributed.worker - INFO -       Local Directory: /scratch/dask-worker-space/worker-2zlcewc9
2024-01-28 21:40:44,551 - distributed.worker - INFO - -------------------------------------------------
2024-01-28 21:40:44,628 - distributed.worker - INFO -         Registered to:     tcp://10.3.88.11:44532
2024-01-28 21:40:44,633 - distributed.worker - INFO - -------------------------------------------------
2024-01-28 21:40:44,634 - distributed.core - INFO - Starting established connection to tcp://10.3.88.11:44532
2024-01-28 21:41:53,392 - distributed.core - INFO - Event loop was unresponsive in Worker for 68.70s.  This is often caused by long-running GIL-holding functions or moving large chunks of data. This can cause timeouts and instability.
2024-01-28 21:41:53,392 [INFO] [core.py:595] distributed.core: Event loop was unresponsive in Worker for 68.70s.  This is often caused by long-running GIL-holding functions or moving large chunks of data. This can cause timeouts and instability.
/mnt/storage/nobackup/nmb1063/mamba/envs/fegrow/lib/python3.9/site-packages/parmed/structure.py:1775: UnitStrippedWarning: The unit of the quantity is stripped when downcasting to ndarray.
  coords = np.array(value, dtype=np.float64, copy=False, subok=True)
2024-01-28 21:42:08,116 [WARNING] [rdkit_wrapper.py:3213] openff.toolkit.utils.rdkit_wrapper: Warning (not error because allow_undefined_stereo=True): RDMol has unspecified stereochemistry. Undefined chiral centers are:
 - Atom C (index 7)
 - Atom C (index 15)

2024-01-28 21:42:10,698 [WARNING] [rdkit_wrapper.py:3213] openff.toolkit.utils.rdkit_wrapper: Warning (not error because allow_undefined_stereo=True): RDMol has unspecified stereochemistry. Undefined chiral centers are:
 - Atom C (index 7)
 - Atom C (index 15)

/mnt/storage/nobackup/nmb1063/mamba/envs/fegrow/lib/python3.9/site-packages/torchani/__init__.py:55: UserWarning: Dependency not satisfied, torchani.ase will not be available
  warnings.warn("Dependency not satisfied, torchani.ase will not be available")
2024-01-28 21:42:49,198 [WARNING] [__init__.py:5] root: Warning: importing 'simtk.openmm' is deprecated.  Import 'openmm' instead.
TIME changed dir: 0.0s
TIME changed dir: 0.0s
Generated 32 conformers. 
Removed 14 conformers. 
Generated 43 conformers. 
Removed 27 conformers. 
using ani2x
/mnt/storage/nobackup/nmb1063/mamba/envs/fegrow/lib/python3.9/site-packages/torchani/resources/
failed to equip `nnpops` with error: No module named 'NNPOps'
Optimising conformer:   0%|                              | 0/18 [00:00<?, ?it/s][W BinaryOps.cpp:601] Warning: floor_divide is deprecated, and will be removed in a future version of pytorch. It currently rounds toward 0 (like the 'trunc' function NOT 'floor'). This results in incorrect rounding for negative values.
To keep the current behavior, use torch.div(a, b, rounding_mode='trunc'), or for actual floor division, use torch.div(a, b, rounding_mode='floor'). (function operator())
Optimising conformer:   6%|█▏                    | 1/18 [00:04<01:08,  4.05s/it]Optimising conformer:  11%|██▍                   | 2/18 [00:07<00:57,  3.61s/it]Optimising conformer:  17%|███▋                  | 3/18 [00:10<00:51,  3.41s/it]Optimising conformer:  22%|████▉                 | 4/18 [00:15<00:55,  3.98s/it]Optimising conformer:  28%|██████                | 5/18 [00:18<00:48,  3.73s/it]Optimising conformer:  33%|███████▎              | 6/18 [00:21<00:40,  3.39s/it]Optimising conformer:  39%|████████▌             | 7/18 [00:24<00:34,  3.16s/it]Optimising conformer:  44%|█████████▊            | 8/18 [00:25<00:26,  2.65s/it]Optimising conformer:  50%|███████████           | 9/18 [00:29<00:26,  2.89s/it]Optimising conformer:  56%|███████████▋         | 10/18 [00:31<00:22,  2.87s/it]Optimising conformer:  61%|████████████▊        | 11/18 [00:34<00:19,  2.81s/it]Optimising conformer:  67%|██████████████       | 12/18 [00:37<00:16,  2.78s/it]Optimising conformer:  72%|███████████████▏     | 13/18 [00:39<00:13,  2.73s/it]Optimising conformer:  78%|████████████████▎    | 14/18 [00:42<00:10,  2.74s/it]Optimising conformer:  83%|█████████████████▌   | 15/18 [00:45<00:08,  2.73s/it]Optimising conformer:  89%|██████████████████▋  | 16/18 [00:48<00:05,  2.73s/it]Optimising conformer:  94%|███████████████████▊ | 17/18 [00:51<00:02,  2.93s/it]Optimising conformer: 100%|█████████████████████| 18/18 [00:56<00:00,  3.56s/it]Optimising conformer: 100%|█████████████████████| 18/18 [00:56<00:00,  3.14s/it]
/mnt/storage/nobackup/nmb1063/code/gal/sars-cov-2-main-protease-al-study-plip/rsearcher.py:89: UserWarning: The ligand was an array (SDF?). Using the first frame. 
  warnings.warn("The ligand was an array (SDF?). Using the first frame. ")
2024-01-28 21:43:56,041 - distributed.utils_perf - INFO - full garbage collection released 10.70 MiB from 219009 reference cycles (threshold: 9.54 MiB)
2024-01-28 21:43:56,041 [INFO] [utils_perf.py:198] distributed.utils_perf: full garbage collection released 10.70 MiB from 219009 reference cycles (threshold: 9.54 MiB)
TIME Completed the molecule generation in 121.2s.
using ani2x
/mnt/storage/nobackup/nmb1063/mamba/envs/fegrow/lib/python3.9/site-packages/torchani/resources/
failed to equip `nnpops` with error: No module named 'NNPOps'
Optimising conformer:   0%|                              | 0/16 [00:00<?, ?it/s]Optimising conformer:   6%|█▍                    | 1/16 [00:03<00:55,  3.69s/it]Optimising conformer:  12%|██▊                   | 2/16 [00:05<00:38,  2.72s/it]Optimising conformer:  19%|████▏                 | 3/16 [00:07<00:32,  2.51s/it]Optimising conformer:  25%|█████▌                | 4/16 [01:27<06:34, 32.89s/it]Optimising conformer:  31%|██████▉               | 5/16 [01:29<03:58, 21.66s/it]Optimising conformer:  38%|████████▎             | 6/16 [01:34<02:42, 16.24s/it]Optimising conformer:  44%|█████████▋            | 7/16 [01:38<01:48, 12.05s/it]Optimising conformer:  50%|███████████           | 8/16 [01:40<01:11,  8.96s/it]Optimising conformer:  56%|████████████▍         | 9/16 [01:46<00:55,  7.98s/it]Optimising conformer:  62%|█████████████▏       | 10/16 [01:51<00:41,  6.97s/it]Optimising conformer:  69%|██████████████▍      | 11/16 [01:55<00:30,  6.12s/it]Optimising conformer:  75%|███████████████▊     | 12/16 [02:02<00:25,  6.49s/it]Optimising conformer:  81%|█████████████████    | 13/16 [02:07<00:17,  5.84s/it]Optimising conformer:  88%|██████████████████▍  | 14/16 [02:10<00:10,  5.20s/it]Optimising conformer:  94%|███████████████████▋ | 15/16 [02:18<00:06,  6.03s/it]Optimising conformer: 100%|█████████████████████| 16/16 [02:21<00:00,  4.96s/it]Optimising conformer: 100%|█████████████████████| 16/16 [02:21<00:00,  8.83s/it]
/mnt/storage/nobackup/nmb1063/code/gal/sars-cov-2-main-protease-al-study-plip/rsearcher.py:89: UserWarning: The ligand was an array (SDF?). Using the first frame. 
  warnings.warn("The ligand was an array (SDF?). Using the first frame. ")
2024-01-28 21:58:17,016 - distributed.core - INFO - Event loop was unresponsive in Worker for 4.18s.  This is often caused by long-running GIL-holding functions or moving large chunks of data. This can cause timeouts and instability.
2024-01-28 21:58:17,016 [INFO] [core.py:595] distributed.core: Event loop was unresponsive in Worker for 4.18s.  This is often caused by long-running GIL-holding functions or moving large chunks of data. This can cause timeouts and instability.
/mnt/storage/nobackup/nmb1063/mamba/envs/fegrow/lib/python3.9/site-packages/parmed/structure.py:1775: UnitStrippedWarning: The unit of the quantity is stripped when downcasting to ndarray.
  coords = np.array(value, dtype=np.float64, copy=False, subok=True)
2024-01-28 22:10:35,336 [WARNING] [rdkit_wrapper.py:3213] openff.toolkit.utils.rdkit_wrapper: Warning (not error because allow_undefined_stereo=True): RDMol has unspecified stereochemistry. Undefined chiral centers are:
 - Atom N (index 11)

/mnt/storage/nobackup/nmb1063/mamba/envs/fegrow/lib/python3.9/site-packages/parmed/structure.py:1775: UnitStrippedWarning: The unit of the quantity is stripped when downcasting to ndarray.
  coords = np.array(value, dtype=np.float64, copy=False, subok=True)
2024-01-28 22:10:37,059 [WARNING] [rdkit_wrapper.py:3213] openff.toolkit.utils.rdkit_wrapper: Warning (not error because allow_undefined_stereo=True): RDMol has unspecified stereochemistry. Undefined chiral centers are:
 - Atom N (index 11)

TIME Completed the molecule generation in 272.6s.
TIME changed dir: 0.0s
TIME changed dir: 0.0s
Generated 47 conformers. 
Generated 46 conformers. 
Removed 30 conformers. 
Removed 38 conformers. 
using ani2x
/mnt/storage/nobackup/nmb1063/mamba/envs/fegrow/lib/python3.9/site-packages/torchani/resources/
failed to equip `nnpops` with error: No module named 'NNPOps'
Optimising conformer:   0%|                              | 0/17 [00:00<?, ?it/s]Optimising conformer:   6%|█▎                    | 1/17 [00:04<01:18,  4.92s/it]Optimising conformer:  12%|██▌                   | 2/17 [00:07<00:56,  3.79s/it]Optimising conformer:  18%|███▉                  | 3/17 [00:10<00:44,  3.15s/it]Optimising conformer:  24%|█████▏                | 4/17 [00:13<00:39,  3.06s/it]Optimising conformer:  29%|██████▍               | 5/17 [00:17<00:40,  3.39s/it]Optimising conformer:  35%|███████▊              | 6/17 [00:18<00:30,  2.74s/it]Optimising conformer:  41%|█████████             | 7/17 [00:22<00:31,  3.14s/it]Optimising conformer:  47%|██████████▎           | 8/17 [00:25<00:27,  3.00s/it]Optimising conformer:  53%|███████████▋          | 9/17 [00:27<00:22,  2.80s/it]Optimising conformer:  59%|████████████▎        | 10/17 [00:30<00:19,  2.75s/it]Optimising conformer:  65%|█████████████▌       | 11/17 [00:32<00:16,  2.67s/it]Optimising conformer:  71%|██████████████▊      | 12/17 [00:34<00:12,  2.47s/it]Optimising conformer:  76%|████████████████     | 13/17 [00:37<00:10,  2.66s/it]Optimising conformer:  82%|█████████████████▎   | 14/17 [00:40<00:07,  2.58s/it]Optimising conformer:  88%|██████████████████▌  | 15/17 [00:42<00:05,  2.56s/it]Optimising conformer:  94%|███████████████████▊ | 16/17 [00:45<00:02,  2.47s/it]Optimising conformer: 100%|█████████████████████| 17/17 [00:47<00:00,  2.42s/it]Optimising conformer: 100%|█████████████████████| 17/17 [00:47<00:00,  2.79s/it]
/mnt/storage/nobackup/nmb1063/code/gal/sars-cov-2-main-protease-al-study-plip/rsearcher.py:89: UserWarning: The ligand was an array (SDF?). Using the first frame. 
  warnings.warn("The ligand was an array (SDF?). Using the first frame. ")
/mnt/storage/nobackup/nmb1063/mamba/envs/fegrow/lib/python3.9/site-packages/parmed/structure.py:1775: UnitStrippedWarning: The unit of the quantity is stripped when downcasting to ndarray.
  coords = np.array(value, dtype=np.float64, copy=False, subok=True)
2024-01-28 22:12:18,287 - distributed.worker - WARNING - Compute Failed
Key:       evaluate-2111bf2a-6048-44ef-8f8e-3d6cb80386a9
Function:  evaluate
args:      (<rdkit.Chem.rdchem.Mol object at 0x2b36c2bd0220>, 6, '[H]c1nc([H])c([C@]2(B3OC(C([H])([H])[H])(C([H])([H])[H])C(C([H])([H])[H])(C([H])([H])[H])O3)C([H])([H])[C@]3([H])C([H])([H])C([H])([H])[C@@]2([H])C3([H])[H])c([H])c1[H]', '/mnt/storage/nobackup/nmb1063/code/gal/sars-cov-2-main-protease-al-study-plip/rec_final.pdb', '/nobackup/nmb1063/sars-fegrow/gnina')
kwargs:    {}
Exception: "UnassignedBondError('BondHandler was not able to find parameters for the following valence terms:\\n\\n- Topology indices (6, 7): names and elements (C4 C), (B1 B), \\n- Topology indices (7, 27): names and elements (B1 B), (O2 O), \\n- Topology indices (7, 8): names and elements (B1 B), (O1 O), \\n')"

2024-01-28 22:12:18,287 [WARNING] [worker.py:2352] distributed.worker: Compute Failed
Key:       evaluate-2111bf2a-6048-44ef-8f8e-3d6cb80386a9
Function:  evaluate
args:      (<rdkit.Chem.rdchem.Mol object at 0x2b36c2bd0220>, 6, '[H]c1nc([H])c([C@]2(B3OC(C([H])([H])[H])(C([H])([H])[H])C(C([H])([H])[H])(C([H])([H])[H])O3)C([H])([H])[C@]3([H])C([H])([H])C([H])([H])[C@@]2([H])C3([H])[H])c([H])c1[H]', '/mnt/storage/nobackup/nmb1063/code/gal/sars-cov-2-main-protease-al-study-plip/rec_final.pdb', '/nobackup/nmb1063/sars-fegrow/gnina')
kwargs:    {}
Exception: "UnassignedBondError('BondHandler was not able to find parameters for the following valence terms:\\n\\n- Topology indices (6, 7): names and elements (C4 C), (B1 B), \\n- Topology indices (7, 27): names and elements (B1 B), (O2 O), \\n- Topology indices (7, 8): names and elements (B1 B), (O1 O), \\n')"

TIME Completed the molecule generation in 102.3s.
TIME changed dir: 0.0s
Generated 38 conformers. 
Removed 28 conformers. 
Using force field
Optimising conformer:   0%|                               | 0/8 [00:00<?, ?it/s]Optimising conformer:  12%|██▉                    | 1/8 [00:00<00:03,  2.27it/s]Optimising conformer:  25%|█████▊                 | 2/8 [00:00<00:02,  2.56it/s]Optimising conformer:  38%|████████▋              | 3/8 [00:01<00:01,  2.67it/s]Optimising conformer:  50%|███████████▌           | 4/8 [00:02<00:02,  1.73it/s]Optimising conformer:  62%|██████████████▍        | 5/8 [00:02<00:01,  1.51it/s]Optimising conformer:  75%|█████████████████▎     | 6/8 [00:03<00:01,  1.61it/s]Optimising conformer:  88%|████████████████████▏  | 7/8 [00:03<00:00,  1.81it/s]Optimising conformer: 100%|███████████████████████| 8/8 [00:04<00:00,  1.56it/s]Optimising conformer: 100%|███████████████████████| 8/8 [00:04<00:00,  1.73it/s]
/mnt/storage/nobackup/nmb1063/code/gal/sars-cov-2-main-protease-al-study-plip/rsearcher.py:89: UserWarning: The ligand was an array (SDF?). Using the first frame. 
  warnings.warn("The ligand was an array (SDF?). Using the first frame. ")
2024-01-28 22:43:24,096 [WARNING] [rdkit_wrapper.py:3213] openff.toolkit.utils.rdkit_wrapper: Warning (not error because allow_undefined_stereo=True): RDMol has unspecified stereochemistry. Bonds with undefined stereochemistry are:
 - Bond 4 (atoms 4-5 of element (N-N)

/mnt/storage/nobackup/nmb1063/mamba/envs/fegrow/lib/python3.9/site-packages/parmed/structure.py:1775: UnitStrippedWarning: The unit of the quantity is stripped when downcasting to ndarray.
  coords = np.array(value, dtype=np.float64, copy=False, subok=True)
2024-01-28 22:43:27,323 [WARNING] [rdkit_wrapper.py:3213] openff.toolkit.utils.rdkit_wrapper: Warning (not error because allow_undefined_stereo=True): RDMol has unspecified stereochemistry. Bonds with undefined stereochemistry are:
 - Bond 4 (atoms 4-5 of element (N-N)

TIME Completed the molecule generation in 180.5s.
TIME changed dir: 0.0s
TIME changed dir: 0.0s
Generated 9 conformers. 
Generated 6 conformers. 
Removed 1 conformers. 
Removed 1 conformers. 
using ani2x
/mnt/storage/nobackup/nmb1063/mamba/envs/fegrow/lib/python3.9/site-packages/torchani/resources/
failed to equip `nnpops` with error: No module named 'NNPOps'
using ani2x
/mnt/storage/nobackup/nmb1063/mamba/envs/fegrow/lib/python3.9/site-packages/torchani/resources/
Optimising conformer:   0%|                               | 0/5 [00:00<?, ?it/s]Optimising conformer:  20%|████▌                  | 1/5 [00:02<00:09,  2.45s/it]Optimising conformer:  40%|█████████▏             | 2/5 [00:04<00:05,  1.93s/it]Optimising conformer:  60%|█████████████▊         | 3/5 [00:05<00:03,  1.90s/it]failed to equip `nnpops` with error: No module named 'NNPOps'

Optimising conformer:   0%|                               | 0/8 [00:00<?, ?it/s][AOptimising conformer:  80%|██████████████████▍    | 4/5 [00:08<00:01,  1.99s/it]Optimising conformer: 100%|███████████████████████| 5/5 [00:09<00:00,  1.98s/it]Optimising conformer: 100%|███████████████████████| 5/5 [00:09<00:00,  2.00s/it]
/mnt/storage/nobackup/nmb1063/code/gal/sars-cov-2-main-protease-al-study-plip/rsearcher.py:89: UserWarning: The ligand was an array (SDF?). Using the first frame. 
  warnings.warn("The ligand was an array (SDF?). Using the first frame. ")

Optimising conformer:  12%|██▉                    | 1/8 [00:05<00:40,  5.78s/it][A
Optimising conformer:  25%|█████▊                 | 2/8 [00:06<00:18,  3.04s/it][A
Optimising conformer:  38%|████████▋              | 3/8 [00:08<00:11,  2.25s/it][A
Optimising conformer:  50%|███████████▌           | 4/8 [00:10<00:08,  2.12s/it][A2024-01-28 22:44:05,132 [WARNING] [rdkit_wrapper.py:3213] openff.toolkit.utils.rdkit_wrapper: Warning (not error because allow_undefined_stereo=True): RDMol has unspecified stereochemistry. Undefined chiral centers are:
 - Atom C (index 1)


Optimising conformer:  62%|██████████████▍        | 5/8 [00:11<00:05,  1.78s/it][A/mnt/storage/nobackup/nmb1063/mamba/envs/fegrow/lib/python3.9/site-packages/parmed/structure.py:1775: UnitStrippedWarning: The unit of the quantity is stripped when downcasting to ndarray.
  coords = np.array(value, dtype=np.float64, copy=False, subok=True)
2024-01-28 22:44:07,772 [WARNING] [rdkit_wrapper.py:3213] openff.toolkit.utils.rdkit_wrapper: Warning (not error because allow_undefined_stereo=True): RDMol has unspecified stereochemistry. Undefined chiral centers are:
 - Atom C (index 1)


Optimising conformer:  75%|█████████████████▎     | 6/8 [00:13<00:04,  2.06s/it][A
Optimising conformer:  88%|████████████████████▏  | 7/8 [00:17<00:02,  2.44s/it][A
Optimising conformer: 100%|███████████████████████| 8/8 [00:22<00:00,  3.31s/it][AOptimising conformer: 100%|███████████████████████| 8/8 [00:22<00:00,  2.79s/it]
/mnt/storage/nobackup/nmb1063/code/gal/sars-cov-2-main-protease-al-study-plip/rsearcher.py:89: UserWarning: The ligand was an array (SDF?). Using the first frame. 
  warnings.warn("The ligand was an array (SDF?). Using the first frame. ")
2024-01-28 22:44:37,083 [WARNING] [rdkit_wrapper.py:3213] openff.toolkit.utils.rdkit_wrapper: Warning (not error because allow_undefined_stereo=True): RDMol has unspecified stereochemistry. Undefined chiral centers are:
 - Atom C (index 1)
 - Atom C (index 3)

/mnt/storage/nobackup/nmb1063/mamba/envs/fegrow/lib/python3.9/site-packages/parmed/structure.py:1775: UnitStrippedWarning: The unit of the quantity is stripped when downcasting to ndarray.
  coords = np.array(value, dtype=np.float64, copy=False, subok=True)
2024-01-28 22:44:39,455 [WARNING] [rdkit_wrapper.py:3213] openff.toolkit.utils.rdkit_wrapper: Warning (not error because allow_undefined_stereo=True): RDMol has unspecified stereochemistry. Undefined chiral centers are:
 - Atom C (index 1)
 - Atom C (index 3)

TIME Completed the molecule generation in 38.1s.
TIME changed dir: 0.0s
Generated 38 conformers. 
Removed 28 conformers. 
TIME Completed the molecule generation in 57.4s.
TIME changed dir: 0.0s
Generated 50 conformers. 
Removed 46 conformers. 
using ani2x
/mnt/storage/nobackup/nmb1063/mamba/envs/fegrow/lib/python3.9/site-packages/torchani/resources/
failed to equip `nnpops` with error: No module named 'NNPOps'
Optimising conformer:   0%|                              | 0/10 [00:00<?, ?it/s]Optimising conformer:  10%|██▏                   | 1/10 [00:03<00:33,  3.73s/it]Optimising conformer:  20%|████▍                 | 2/10 [00:06<00:27,  3.42s/it]Optimising conformer:  30%|██████▌               | 3/10 [00:11<00:28,  4.13s/it]Optimising conformer:  40%|████████▊             | 4/10 [00:16<00:25,  4.31s/it]Optimising conformer:  50%|███████████           | 5/10 [00:23<00:27,  5.46s/it]Optimising conformer:  60%|█████████████▏        | 6/10 [00:27<00:19,  4.84s/it]Optimising conformer:  70%|███████████████▍      | 7/10 [00:31<00:13,  4.41s/it]Optimising conformer:  80%|█████████████████▌    | 8/10 [00:33<00:07,  3.78s/it]Optimising conformer:  90%|███████████████████▊  | 9/10 [00:36<00:03,  3.40s/it]Optimising conformer: 100%|█████████████████████| 10/10 [00:38<00:00,  2.96s/it]Optimising conformer: 100%|█████████████████████| 10/10 [00:38<00:00,  3.81s/it]
/mnt/storage/nobackup/nmb1063/code/gal/sars-cov-2-main-protease-al-study-plip/rsearcher.py:89: UserWarning: The ligand was an array (SDF?). Using the first frame. 
  warnings.warn("The ligand was an array (SDF?). Using the first frame. ")
TIME Completed the molecule generation in 128.5s.
using ani2x
/mnt/storage/nobackup/nmb1063/mamba/envs/fegrow/lib/python3.9/site-packages/torchani/resources/
failed to equip `nnpops` with error: No module named 'NNPOps'
Optimising conformer:   0%|                               | 0/4 [00:00<?, ?it/s]Optimising conformer:  25%|█████▊                 | 1/4 [00:03<00:11,  3.75s/it]Optimising conformer:  50%|███████████▌           | 2/4 [00:06<00:06,  3.23s/it]Optimising conformer:  75%|█████████████████▎     | 3/4 [00:08<00:02,  2.73s/it]Optimising conformer: 100%|███████████████████████| 4/4 [00:12<00:00,  3.00s/it]Optimising conformer: 100%|███████████████████████| 4/4 [00:12<00:00,  3.04s/it]
/mnt/storage/nobackup/nmb1063/code/gal/sars-cov-2-main-protease-al-study-plip/rsearcher.py:89: UserWarning: The ligand was an array (SDF?). Using the first frame. 
  warnings.warn("The ligand was an array (SDF?). Using the first frame. ")
/mnt/storage/nobackup/nmb1063/mamba/envs/fegrow/lib/python3.9/site-packages/parmed/structure.py:1775: UnitStrippedWarning: The unit of the quantity is stripped when downcasting to ndarray.
  coords = np.array(value, dtype=np.float64, copy=False, subok=True)
/mnt/storage/nobackup/nmb1063/mamba/envs/fegrow/lib/python3.9/site-packages/parmed/structure.py:1775: UnitStrippedWarning: The unit of the quantity is stripped when downcasting to ndarray.
  coords = np.array(value, dtype=np.float64, copy=False, subok=True)
2024-01-28 23:17:22,609 - distributed.core - INFO - Event loop was unresponsive in Nanny for 57.83s.  This is often caused by long-running GIL-holding functions or moving large chunks of data. This can cause timeouts and instability.
2024-01-28 23:17:22,615 - distributed.worker - ERROR - Failed to communicate with scheduler during heartbeat.
Traceback (most recent call last):
  File "/mnt/storage/nobackup/nmb1063/mamba/envs/fegrow/lib/python3.9/site-packages/tornado/iostream.py", line 962, in _handle_write
    num_bytes = self.write_to_fd(self._write_buffer.peek(size))
  File "/mnt/storage/nobackup/nmb1063/mamba/envs/fegrow/lib/python3.9/site-packages/tornado/iostream.py", line 1124, in write_to_fd
    return self.socket.send(data)  # type: ignore
TimeoutError: [Errno 110] Connection timed out

The above exception was the direct cause of the following exception:

Traceback (most recent call last):
  File "/mnt/storage/nobackup/nmb1063/mamba/envs/fegrow/lib/python3.9/site-packages/distributed/worker.py", line 1237, in heartbeat
    response = await retry_operation(
  File "/mnt/storage/nobackup/nmb1063/mamba/envs/fegrow/lib/python3.9/site-packages/distributed/utils_comm.py", line 434, in retry_operation
    return await retry(
  File "/mnt/storage/nobackup/nmb1063/mamba/envs/fegrow/lib/python3.9/site-packages/distributed/utils_comm.py", line 413, in retry
    return await coro()
  File "/mnt/storage/nobackup/nmb1063/mamba/envs/fegrow/lib/python3.9/site-packages/distributed/core.py", line 1227, in send_recv_from_rpc
    return await send_recv(comm=comm, op=key, **kwargs)
  File "/mnt/storage/nobackup/nmb1063/mamba/envs/fegrow/lib/python3.9/site-packages/distributed/core.py", line 986, in send_recv
    response = await comm.read(deserializers=deserializers)
  File "/mnt/storage/nobackup/nmb1063/mamba/envs/fegrow/lib/python3.9/site-packages/distributed/comm/tcp.py", line 241, in read
    convert_stream_closed_error(self, e)
  File "/mnt/storage/nobackup/nmb1063/mamba/envs/fegrow/lib/python3.9/site-packages/distributed/comm/tcp.py", line 142, in convert_stream_closed_error
    raise CommClosedError(f"in {obj}: {exc.__class__.__name__}: {exc}") from exc
distributed.comm.core.CommClosedError: in <TCP (closed) ConnectionPool.heartbeat_worker local=tcp://10.3.89.109:34301 remote=tcp://10.3.88.11:44532>: TimeoutError: [Errno 110] Connection timed out
2024-01-28 23:17:22,615 [ERROR] [worker.py:1274] distributed.worker: Failed to communicate with scheduler during heartbeat.
Traceback (most recent call last):
  File "/mnt/storage/nobackup/nmb1063/mamba/envs/fegrow/lib/python3.9/site-packages/tornado/iostream.py", line 962, in _handle_write
    num_bytes = self.write_to_fd(self._write_buffer.peek(size))
  File "/mnt/storage/nobackup/nmb1063/mamba/envs/fegrow/lib/python3.9/site-packages/tornado/iostream.py", line 1124, in write_to_fd
    return self.socket.send(data)  # type: ignore
TimeoutError: [Errno 110] Connection timed out

The above exception was the direct cause of the following exception:

Traceback (most recent call last):
  File "/mnt/storage/nobackup/nmb1063/mamba/envs/fegrow/lib/python3.9/site-packages/distributed/worker.py", line 1237, in heartbeat
    response = await retry_operation(
  File "/mnt/storage/nobackup/nmb1063/mamba/envs/fegrow/lib/python3.9/site-packages/distributed/utils_comm.py", line 434, in retry_operation
    return await retry(
  File "/mnt/storage/nobackup/nmb1063/mamba/envs/fegrow/lib/python3.9/site-packages/distributed/utils_comm.py", line 413, in retry
    return await coro()
  File "/mnt/storage/nobackup/nmb1063/mamba/envs/fegrow/lib/python3.9/site-packages/distributed/core.py", line 1227, in send_recv_from_rpc
    return await send_recv(comm=comm, op=key, **kwargs)
  File "/mnt/storage/nobackup/nmb1063/mamba/envs/fegrow/lib/python3.9/site-packages/distributed/core.py", line 986, in send_recv
    response = await comm.read(deserializers=deserializers)
  File "/mnt/storage/nobackup/nmb1063/mamba/envs/fegrow/lib/python3.9/site-packages/distributed/comm/tcp.py", line 241, in read
    convert_stream_closed_error(self, e)
  File "/mnt/storage/nobackup/nmb1063/mamba/envs/fegrow/lib/python3.9/site-packages/distributed/comm/tcp.py", line 142, in convert_stream_closed_error
    raise CommClosedError(f"in {obj}: {exc.__class__.__name__}: {exc}") from exc
distributed.comm.core.CommClosedError: in <TCP (closed) ConnectionPool.heartbeat_worker local=tcp://10.3.89.109:34301 remote=tcp://10.3.88.11:44532>: TimeoutError: [Errno 110] Connection timed out
2024-01-28 23:17:22,645 - distributed.core - INFO - Connection to tcp://10.3.88.11:44532 has been closed.
2024-01-28 23:17:22,645 [INFO] [core.py:877] distributed.core: Connection to tcp://10.3.88.11:44532 has been closed.
2024-01-28 23:17:22,646 - distributed.worker - INFO - Stopping worker at tcp://10.3.89.109:39168. Reason: worker-handle-scheduler-connection-broken
2024-01-28 23:17:22,646 [INFO] [worker.py:1535] distributed.worker: Stopping worker at tcp://10.3.89.109:39168. Reason: worker-handle-scheduler-connection-broken
2024-01-28 23:17:22,660 - distributed.nanny - INFO - Closing Nanny gracefully at 'tcp://10.3.89.109:46800'. Reason: worker-handle-scheduler-connection-broken
slurmstepd: error: *** JOB 19877624 ON sb029 CANCELLED AT 2024-01-28T23:17:23 ***
