hostname sb048.cluster
ipconfig 1: lo: <LOOPBACK,UP,LOWER_UP> mtu 65536 qdisc noqueue state UNKNOWN group default qlen 1000 link/loopback 00:00:00:00:00:00 brd 00:00:00:00:00:00 inet 127.0.0.1/8 scope host lo valid_lft forever preferred_lft forever inet6 ::1/128 scope host valid_lft forever preferred_lft forever 2: enp4s0f0: <BROADCAST,MULTICAST,UP,LOWER_UP> mtu 9000 qdisc mq state UP group default qlen 1000 link/ether a0:8c:f8:34:c9:d8 brd ff:ff:ff:ff:ff:ff inet 10.3.81.128/22 brd 10.3.83.255 scope global enp4s0f0 valid_lft forever preferred_lft forever inet6 fe80::a28c:f8ff:fe34:c9d8/64 scope link valid_lft forever preferred_lft forever 3: enp4s0f1: <BROADCAST,MULTICAST> mtu 1500 qdisc noop state DOWN group default qlen 1000 link/ether a0:8c:f8:34:c9:d9 brd ff:ff:ff:ff:ff:ff 4: enp4s0f2: <BROADCAST,MULTICAST> mtu 1500 qdisc noop state DOWN group default qlen 1000 link/ether a0:8c:f8:34:c9:da brd ff:ff:ff:ff:ff:ff 5: enp4s0f3: <BROADCAST,MULTICAST> mtu 1500 qdisc noop state DOWN group default qlen 1000 link/ether a0:8c:f8:34:c9:db brd ff:ff:ff:ff:ff:ff 6: ib0: <BROADCAST,MULTICAST,UP,LOWER_UP> mtu 4092 qdisc pfifo_fast state UP group default qlen 256 link/infiniband 80:00:00:29:fe:80:00:00:00:00:00:00:38:bc:01:03:00:4c:f4:00 brd 00:ff:ff:ff:ff:12:40:1b:ff:ff:00:00:00:00:00:00:ff:ff:ff:ff inet 10.3.89.128/22 brd 10.3.91.255 scope global ib0 valid_lft forever preferred_lft forever inet 10.3.97.128/22 brd 10.3.99.255 scope global ib0:1 valid_lft forever preferred_lft forever inet6 fe80::3abc:103:4c:f400/64 scope link valid_lft forever preferred_lft forever 7: ib1: <NO-CARRIER,BROADCAST,MULTICAST,UP> mtu 4092 qdisc pfifo_fast state DOWN group default qlen 256 link/infiniband 80:00:00:29:fe:80:00:00:00:00:00:00:38:bc:01:03:00:4c:f4:01 brd 00:ff:ff:ff:ff:12:40:1b:ff:ff:00:00:00:00:00:00:ff:ff:ff:ff
2024-01-28 22:10:18,350 - distributed.nanny - INFO -         Start Nanny at: 'tcp://10.3.89.128:43530'
2024-01-28 22:10:30,031 - distributed.worker - INFO -       Start worker at:    tcp://10.3.89.128:42485
2024-01-28 22:10:30,032 - distributed.worker - INFO -          Listening to:    tcp://10.3.89.128:42485
2024-01-28 22:10:30,032 - distributed.worker - INFO -           Worker name:            SLURMCluster-38
2024-01-28 22:10:30,032 - distributed.worker - INFO -          dashboard at:          10.3.89.128:41058
2024-01-28 22:10:30,032 - distributed.worker - INFO - Waiting to connect to:     tcp://10.3.88.11:44532
2024-01-28 22:10:30,032 - distributed.worker - INFO - -------------------------------------------------
2024-01-28 22:10:30,032 - distributed.worker - INFO -               Threads:                          2
2024-01-28 22:10:30,032 - distributed.worker - INFO -                Memory:                  20.49 GiB
2024-01-28 22:10:30,032 - distributed.worker - INFO -       Local Directory: /scratch/dask-worker-space/worker-xv86ynww
2024-01-28 22:10:30,032 - distributed.worker - INFO - -------------------------------------------------
2024-01-28 22:10:30,109 - distributed.worker - INFO -         Registered to:     tcp://10.3.88.11:44532
2024-01-28 22:10:30,109 - distributed.worker - INFO - -------------------------------------------------
2024-01-28 22:10:30,110 - distributed.core - INFO - Starting established connection to tcp://10.3.88.11:44532
2024-01-28 22:11:05,637 - distributed.core - INFO - Event loop was unresponsive in Worker for 35.35s.  This is often caused by long-running GIL-holding functions or moving large chunks of data. This can cause timeouts and instability.
2024-01-28 22:11:05,637 [INFO] [core.py:595] distributed.core: Event loop was unresponsive in Worker for 35.35s.  This is often caused by long-running GIL-holding functions or moving large chunks of data. This can cause timeouts and instability.
2024-01-28 22:11:12,327 [WARNING] [rdkit_wrapper.py:3213] openff.toolkit.utils.rdkit_wrapper: Warning (not error because allow_undefined_stereo=True): RDMol has unspecified stereochemistry. Undefined chiral centers are:
 - Atom C (index 1)
 - Atom C (index 5)

/mnt/storage/nobackup/nmb1063/mamba/envs/fegrow/lib/python3.9/site-packages/parmed/structure.py:1775: UnitStrippedWarning: The unit of the quantity is stripped when downcasting to ndarray.
  coords = np.array(value, dtype=np.float64, copy=False, subok=True)
2024-01-28 22:11:17,734 [WARNING] [rdkit_wrapper.py:3213] openff.toolkit.utils.rdkit_wrapper: Warning (not error because allow_undefined_stereo=True): RDMol has unspecified stereochemistry. Undefined chiral centers are:
 - Atom C (index 1)
 - Atom C (index 5)

/mnt/storage/nobackup/nmb1063/mamba/envs/fegrow/lib/python3.9/site-packages/torchani/__init__.py:55: UserWarning: Dependency not satisfied, torchani.ase will not be available
  warnings.warn("Dependency not satisfied, torchani.ase will not be available")
2024-01-28 22:11:55,153 [WARNING] [__init__.py:5] root: Warning: importing 'simtk.openmm' is deprecated.  Import 'openmm' instead.
TIME changed dir: 0.0s
TIME changed dir: 0.0s
Generated 38 conformers. 
Generated 29 conformers. 
Removed 17 conformers. 
Removed 17 conformers. 
using ani2x
/mnt/storage/nobackup/nmb1063/mamba/envs/fegrow/lib/python3.9/site-packages/torchani/resources/
using ani2x
/mnt/storage/nobackup/nmb1063/mamba/envs/fegrow/lib/python3.9/site-packages/torchani/resources/
failed to equip `nnpops` with error: No module named 'NNPOps'
Optimising conformer:   0%|                              | 0/12 [00:00<?, ?it/s][W BinaryOps.cpp:601] Warning: floor_divide is deprecated, and will be removed in a future version of pytorch. It currently rounds toward 0 (like the 'trunc' function NOT 'floor'). This results in incorrect rounding for negative values.
To keep the current behavior, use torch.div(a, b, rounding_mode='trunc'), or for actual floor division, use torch.div(a, b, rounding_mode='floor'). (function operator())
failed to equip `nnpops` with error: No module named 'NNPOps'

Optimising conformer:   0%|                              | 0/21 [00:00<?, ?it/s][AOptimising conformer:   8%|█▊                    | 1/12 [00:06<01:14,  6.79s/it]
Optimising conformer:   5%|█                     | 1/21 [00:05<01:45,  5.30s/it][AOptimising conformer:  17%|███▋                  | 2/12 [00:11<00:56,  5.62s/it]Optimising conformer:  25%|█████▌                | 3/12 [00:13<00:36,  4.10s/it]
Optimising conformer:  10%|██                    | 2/21 [00:09<01:25,  4.50s/it][A
Optimising conformer:  14%|███▏                  | 3/21 [00:12<01:08,  3.78s/it][A
Optimising conformer:  19%|████▏                 | 4/21 [00:16<01:09,  4.10s/it][AOptimising conformer:  33%|███████▎              | 4/12 [00:22<00:47,  5.88s/it]
Optimising conformer:  24%|█████▏                | 5/21 [00:22<01:13,  4.61s/it][A
Optimising conformer:  29%|██████▎               | 6/21 [00:25<00:59,  4.00s/it][A
Optimising conformer:  33%|███████▎              | 7/21 [00:26<00:46,  3.29s/it][AOptimising conformer:  42%|█████████▏            | 5/12 [00:33<00:54,  7.77s/it]
Optimising conformer:  38%|████████▍             | 8/21 [00:29<00:40,  3.15s/it][A
Optimising conformer:  43%|█████████▍            | 9/21 [00:32<00:37,  3.16s/it][AOptimising conformer:  50%|███████████           | 6/12 [00:39<00:42,  7.03s/it]
Optimising conformer:  48%|██████████           | 10/21 [00:34<00:30,  2.75s/it][A
Optimising conformer:  52%|███████████          | 11/21 [00:37<00:25,  2.59s/it][A
Optimising conformer:  57%|████████████         | 12/21 [00:38<00:21,  2.38s/it][AOptimising conformer:  58%|████████████▊         | 7/12 [00:47<00:37,  7.42s/it]
Optimising conformer:  62%|█████████████        | 13/21 [00:43<00:23,  2.94s/it][AOptimising conformer:  67%|██████████████▋       | 8/12 [00:50<00:24,  6.12s/it]
Optimising conformer:  67%|██████████████       | 14/21 [00:46<00:21,  3.12s/it][A
Optimising conformer:  71%|███████████████      | 15/21 [00:49<00:18,  3.06s/it][A
Optimising conformer:  76%|████████████████     | 16/21 [00:52<00:15,  3.04s/it][AOptimising conformer:  75%|████████████████▌     | 9/12 [00:59<00:20,  6.96s/it]
Optimising conformer:  81%|█████████████████    | 17/21 [00:54<00:11,  2.79s/it][AOptimising conformer:  83%|█████████████████▌   | 10/12 [01:01<00:10,  5.41s/it]
Optimising conformer:  86%|██████████████████   | 18/21 [00:59<00:09,  3.22s/it][AOptimising conformer:  92%|███████████████████▎ | 11/12 [01:04<00:04,  4.62s/it]Optimising conformer: 100%|█████████████████████| 12/12 [01:07<00:00,  4.18s/it]Optimising conformer: 100%|█████████████████████| 12/12 [01:07<00:00,  5.63s/it]
/mnt/storage/nobackup/nmb1063/code/gal/sars-cov-2-main-protease-al-study-plip/rsearcher.py:89: UserWarning: The ligand was an array (SDF?). Using the first frame. 
  warnings.warn("The ligand was an array (SDF?). Using the first frame. ")

Optimising conformer:  90%|███████████████████  | 19/21 [01:03<00:07,  3.51s/it][A
Optimising conformer:  95%|████████████████████ | 20/21 [01:06<00:03,  3.39s/it][A
Optimising conformer: 100%|█████████████████████| 21/21 [01:09<00:00,  3.46s/it][AOptimising conformer: 100%|█████████████████████| 21/21 [01:09<00:00,  3.33s/it]
2024-01-28 22:13:20,373 - distributed.utils_perf - INFO - full garbage collection released 13.09 MiB from 629400 reference cycles (threshold: 9.54 MiB)
2024-01-28 22:13:20,373 [INFO] [utils_perf.py:198] distributed.utils_perf: full garbage collection released 13.09 MiB from 629400 reference cycles (threshold: 9.54 MiB)
2024-01-28 22:30:28,725 - distributed.core - INFO - Event loop was unresponsive in Worker for 4.61s.  This is often caused by long-running GIL-holding functions or moving large chunks of data. This can cause timeouts and instability.
2024-01-28 22:30:28,725 [INFO] [core.py:595] distributed.core: Event loop was unresponsive in Worker for 4.61s.  This is often caused by long-running GIL-holding functions or moving large chunks of data. This can cause timeouts and instability.
2024-01-28 22:30:49,137 - distributed.core - INFO - Event loop was unresponsive in Worker for 3.22s.  This is often caused by long-running GIL-holding functions or moving large chunks of data. This can cause timeouts and instability.
2024-01-28 22:30:49,137 [INFO] [core.py:595] distributed.core: Event loop was unresponsive in Worker for 3.22s.  This is often caused by long-running GIL-holding functions or moving large chunks of data. This can cause timeouts and instability.
2024-01-28 22:43:26,402 [WARNING] [rdkit_wrapper.py:3213] openff.toolkit.utils.rdkit_wrapper: Warning (not error because allow_undefined_stereo=True): RDMol has unspecified stereochemistry. Bonds with undefined stereochemistry are:
 - Bond 6 (atoms 6-7 of element (N-N)

/mnt/storage/nobackup/nmb1063/mamba/envs/fegrow/lib/python3.9/site-packages/parmed/structure.py:1775: UnitStrippedWarning: The unit of the quantity is stripped when downcasting to ndarray.
  coords = np.array(value, dtype=np.float64, copy=False, subok=True)
2024-01-28 22:43:28,480 [WARNING] [rdkit_wrapper.py:3213] openff.toolkit.utils.rdkit_wrapper: Warning (not error because allow_undefined_stereo=True): RDMol has unspecified stereochemistry. Bonds with undefined stereochemistry are:
 - Bond 6 (atoms 6-7 of element (N-N)

/mnt/storage/nobackup/nmb1063/mamba/envs/fegrow/lib/python3.9/site-packages/parmed/structure.py:1775: UnitStrippedWarning: The unit of the quantity is stripped when downcasting to ndarray.
  coords = np.array(value, dtype=np.float64, copy=False, subok=True)
TIME Completed the molecule generation in 129.2s.
TIME Completed the molecule generation in 136.5s.
TIME changed dir: 0.0s
TIME changed dir: 0.0s
Generated 22 conformers. 
Removed 10 conformers. 
Generated 36 conformers. 
Removed 29 conformers. 
using ani2x
/mnt/storage/nobackup/nmb1063/mamba/envs/fegrow/lib/python3.9/site-packages/torchani/resources/
failed to equip `nnpops` with error: No module named 'NNPOps'
Optimising conformer:   0%|                              | 0/12 [00:00<?, ?it/s]Optimising conformer:   8%|█▊                    | 1/12 [00:02<00:29,  2.73s/it]Optimising conformer:  17%|███▋                  | 2/12 [00:04<00:19,  1.93s/it]Optimising conformer:  25%|█████▌                | 3/12 [00:05<00:16,  1.85s/it]Optimising conformer:  33%|███████▎              | 4/12 [00:10<00:24,  3.05s/it]Optimising conformer:  42%|█████████▏            | 5/12 [00:12<00:17,  2.55s/it]Optimising conformer:  50%|███████████           | 6/12 [00:13<00:13,  2.23s/it]Optimising conformer:  58%|████████████▊         | 7/12 [00:18<00:14,  2.84s/it]Optimising conformer:  67%|██████████████▋       | 8/12 [00:19<00:09,  2.47s/it]Optimising conformer:  75%|████████████████▌     | 9/12 [00:22<00:07,  2.44s/it]Optimising conformer:  83%|█████████████████▌   | 10/12 [00:23<00:04,  2.18s/it]Optimising conformer:  92%|███████████████████▎ | 11/12 [00:26<00:02,  2.43s/it]Optimising conformer: 100%|█████████████████████| 12/12 [00:29<00:00,  2.62s/it]Optimising conformer: 100%|█████████████████████| 12/12 [00:29<00:00,  2.49s/it]
/mnt/storage/nobackup/nmb1063/code/gal/sars-cov-2-main-protease-al-study-plip/rsearcher.py:89: UserWarning: The ligand was an array (SDF?). Using the first frame. 
  warnings.warn("The ligand was an array (SDF?). Using the first frame. ")
TIME Completed the molecule generation in 126.3s.
using ani2x
/mnt/storage/nobackup/nmb1063/mamba/envs/fegrow/lib/python3.9/site-packages/torchani/resources/
failed to equip `nnpops` with error: No module named 'NNPOps'
Optimising conformer:   0%|                               | 0/7 [00:00<?, ?it/s]Optimising conformer:  14%|███▎                   | 1/7 [00:03<00:22,  3.68s/it]Optimising conformer:  29%|██████▌                | 2/7 [00:06<00:14,  2.99s/it]Optimising conformer:  43%|█████████▊             | 3/7 [00:10<00:14,  3.67s/it]Optimising conformer:  57%|█████████████▏         | 4/7 [00:11<00:08,  2.74s/it]Optimising conformer:  71%|████████████████▍      | 5/7 [00:13<00:04,  2.41s/it]Optimising conformer:  86%|███████████████████▋   | 6/7 [00:15<00:02,  2.21s/it]Optimising conformer: 100%|███████████████████████| 7/7 [00:20<00:00,  3.04s/it]Optimising conformer: 100%|███████████████████████| 7/7 [00:20<00:00,  2.91s/it]
/mnt/storage/nobackup/nmb1063/code/gal/sars-cov-2-main-protease-al-study-plip/rsearcher.py:89: UserWarning: The ligand was an array (SDF?). Using the first frame. 
  warnings.warn("The ligand was an array (SDF?). Using the first frame. ")
2024-01-28 23:02:39,330 - distributed.core - INFO - Event loop was unresponsive in Worker for 4.72s.  This is often caused by long-running GIL-holding functions or moving large chunks of data. This can cause timeouts and instability.
2024-01-28 23:02:39,330 [INFO] [core.py:595] distributed.core: Event loop was unresponsive in Worker for 4.72s.  This is often caused by long-running GIL-holding functions or moving large chunks of data. This can cause timeouts and instability.
2024-01-28 23:02:58,815 - distributed.core - INFO - Event loop was unresponsive in Worker for 3.71s.  This is often caused by long-running GIL-holding functions or moving large chunks of data. This can cause timeouts and instability.
2024-01-28 23:02:58,815 [INFO] [core.py:595] distributed.core: Event loop was unresponsive in Worker for 3.71s.  This is often caused by long-running GIL-holding functions or moving large chunks of data. This can cause timeouts and instability.
/mnt/storage/nobackup/nmb1063/mamba/envs/fegrow/lib/python3.9/site-packages/parmed/structure.py:1775: UnitStrippedWarning: The unit of the quantity is stripped when downcasting to ndarray.
  coords = np.array(value, dtype=np.float64, copy=False, subok=True)
2024-01-28 23:16:03,057 [WARNING] [rdkit_wrapper.py:3213] openff.toolkit.utils.rdkit_wrapper: Warning (not error because allow_undefined_stereo=True): RDMol has unspecified stereochemistry. Undefined chiral centers are:
 - Atom C (index 23)

/mnt/storage/nobackup/nmb1063/mamba/envs/fegrow/lib/python3.9/site-packages/parmed/structure.py:1775: UnitStrippedWarning: The unit of the quantity is stripped when downcasting to ndarray.
  coords = np.array(value, dtype=np.float64, copy=False, subok=True)
2024-01-28 23:16:04,731 [WARNING] [rdkit_wrapper.py:3213] openff.toolkit.utils.rdkit_wrapper: Warning (not error because allow_undefined_stereo=True): RDMol has unspecified stereochemistry. Undefined chiral centers are:
 - Atom C (index 23)

2024-01-28 23:17:26,607 - distributed.core - INFO - Event loop was unresponsive in Nanny for 59.00s.  This is often caused by long-running GIL-holding functions or moving large chunks of data. This can cause timeouts and instability.
2024-01-28 23:17:26,651 - distributed.core - INFO - Event loop was unresponsive in Worker for 67.54s.  This is often caused by long-running GIL-holding functions or moving large chunks of data. This can cause timeouts and instability.
2024-01-28 23:17:26,651 [INFO] [core.py:595] distributed.core: Event loop was unresponsive in Worker for 67.54s.  This is often caused by long-running GIL-holding functions or moving large chunks of data. This can cause timeouts and instability.
TIME Completed the molecule generation in 240.6s.
TIME changed dir: 0.0s
TIME changed dir: 0.0s
Generated 13 conformers. 
Removed 9 conformers. 
Generated 41 conformers. 
Removed 35 conformers. 
using ani2x
/mnt/storage/nobackup/nmb1063/mamba/envs/fegrow/lib/python3.9/site-packages/torchani/resources/
failed to equip `nnpops` with error: No module named 'NNPOps'
Optimising conformer:   0%|                               | 0/4 [00:00<?, ?it/s]Optimising conformer:  25%|█████▊                 | 1/4 [00:04<00:12,  4.12s/it]Optimising conformer:  50%|███████████▌           | 2/4 [00:08<00:08,  4.14s/it]Optimising conformer:  75%|█████████████████▎     | 3/4 [00:11<00:03,  3.63s/it]Optimising conformer: 100%|███████████████████████| 4/4 [00:14<00:00,  3.41s/it]Optimising conformer: 100%|███████████████████████| 4/4 [00:14<00:00,  3.60s/it]
/mnt/storage/nobackup/nmb1063/code/gal/sars-cov-2-main-protease-al-study-plip/rsearcher.py:89: UserWarning: The ligand was an array (SDF?). Using the first frame. 
  warnings.warn("The ligand was an array (SDF?). Using the first frame. ")
2024-01-28 23:17:56,445 [WARNING] [rdkit_wrapper.py:3213] openff.toolkit.utils.rdkit_wrapper: Warning (not error because allow_undefined_stereo=True): RDMol has unspecified stereochemistry. Bonds with undefined stereochemistry are:
 - Bond 15 (atoms 1-16 of element (C-C)

/mnt/storage/nobackup/nmb1063/mamba/envs/fegrow/lib/python3.9/site-packages/parmed/structure.py:1775: UnitStrippedWarning: The unit of the quantity is stripped when downcasting to ndarray.
  coords = np.array(value, dtype=np.float64, copy=False, subok=True)
2024-01-28 23:17:58,409 [WARNING] [rdkit_wrapper.py:3213] openff.toolkit.utils.rdkit_wrapper: Warning (not error because allow_undefined_stereo=True): RDMol has unspecified stereochemistry. Bonds with undefined stereochemistry are:
 - Bond 15 (atoms 1-16 of element (C-C)

TIME Completed the molecule generation in 121.6s.
TIME changed dir: 0.0s
Generated 26 conformers. 
Removed 13 conformers. 
using ani2x
/mnt/storage/nobackup/nmb1063/mamba/envs/fegrow/lib/python3.9/site-packages/torchani/resources/
failed to equip `nnpops` with error: No module named 'NNPOps'
Optimising conformer:   0%|                               | 0/6 [00:00<?, ?it/s]Optimising conformer:  17%|███▊                   | 1/6 [00:06<00:30,  6.01s/it]Optimising conformer:  33%|███████▋               | 2/6 [00:08<00:16,  4.10s/it]Optimising conformer:  50%|███████████▌           | 3/6 [00:14<00:13,  4.65s/it]Optimising conformer:  67%|███████████████▎       | 4/6 [00:18<00:09,  4.59s/it]Optimising conformer:  83%|███████████████████▏   | 5/6 [00:22<00:04,  4.22s/it]Optimising conformer: 100%|███████████████████████| 6/6 [00:24<00:00,  3.73s/it]Optimising conformer: 100%|███████████████████████| 6/6 [00:25<00:00,  4.19s/it]
/mnt/storage/nobackup/nmb1063/code/gal/sars-cov-2-main-protease-al-study-plip/rsearcher.py:89: UserWarning: The ligand was an array (SDF?). Using the first frame. 
  warnings.warn("The ligand was an array (SDF?). Using the first frame. ")
using ani2x
/mnt/storage/nobackup/nmb1063/mamba/envs/fegrow/lib/python3.9/site-packages/torchani/resources/
failed to equip `nnpops` with error: No module named 'NNPOps'
TIME Completed the molecule generation in 180.3s.
TIME changed dir: 0.0s
Optimising conformer:   0%|                              | 0/13 [00:00<?, ?it/s]Optimising conformer:   8%|█▋                    | 1/13 [00:02<00:32,  2.72s/it]Optimising conformer:  15%|███▍                  | 2/13 [00:05<00:32,  2.94s/it]2024-01-28 23:19:03,552 [WARNING] [rdkit_wrapper.py:3213] openff.toolkit.utils.rdkit_wrapper: Warning (not error because allow_undefined_stereo=True): RDMol has unspecified stereochemistry. Undefined chiral centers are:
 - Atom C (index 7)

/mnt/storage/nobackup/nmb1063/mamba/envs/fegrow/lib/python3.9/site-packages/parmed/structure.py:1775: UnitStrippedWarning: The unit of the quantity is stripped when downcasting to ndarray.
  coords = np.array(value, dtype=np.float64, copy=False, subok=True)
2024-01-28 23:19:06,278 [WARNING] [rdkit_wrapper.py:3213] openff.toolkit.utils.rdkit_wrapper: Warning (not error because allow_undefined_stereo=True): RDMol has unspecified stereochemistry. Undefined chiral centers are:
 - Atom C (index 7)

Optimising conformer:  23%|█████                 | 3/13 [00:10<00:38,  3.83s/it]Optimising conformer:  31%|██████▊               | 4/13 [00:14<00:33,  3.68s/it]Optimising conformer:  38%|████████▍             | 5/13 [00:17<00:27,  3.49s/it]Optimising conformer:  46%|██████████▏           | 6/13 [00:19<00:20,  2.90s/it]Optimising conformer:  54%|███████████▊          | 7/13 [00:20<00:15,  2.53s/it]Optimising conformer:  62%|█████████████▌        | 8/13 [00:26<00:17,  3.46s/it]Optimising conformer:  69%|███████████████▏      | 9/13 [00:28<00:11,  2.94s/it]Optimising conformer:  77%|████████████████▏    | 10/13 [00:31<00:08,  2.98s/it]Optimising conformer:  85%|█████████████████▊   | 11/13 [00:39<00:09,  4.64s/it]Optimising conformer:  92%|███████████████████▍ | 12/13 [00:42<00:04,  4.18s/it]Optimising conformer: 100%|█████████████████████| 13/13 [00:44<00:00,  3.59s/it]Optimising conformer: 100%|█████████████████████| 13/13 [00:44<00:00,  3.45s/it]
/mnt/storage/nobackup/nmb1063/code/gal/sars-cov-2-main-protease-al-study-plip/rsearcher.py:89: UserWarning: The ligand was an array (SDF?). Using the first frame. 
  warnings.warn("The ligand was an array (SDF?). Using the first frame. ")
Generated 27 conformers. 
Removed 26 conformers. 
TIME Completed the molecule generation in 109.6s.
using ani2x
/mnt/storage/nobackup/nmb1063/mamba/envs/fegrow/lib/python3.9/site-packages/torchani/resources/
failed to equip `nnpops` with error: No module named 'NNPOps'
Optimising conformer:   0%|                               | 0/1 [00:00<?, ?it/s]Optimising conformer: 100%|███████████████████████| 1/1 [00:04<00:00,  4.77s/it]Optimising conformer: 100%|███████████████████████| 1/1 [00:04<00:00,  4.77s/it]
/mnt/storage/nobackup/nmb1063/code/gal/sars-cov-2-main-protease-al-study-plip/rsearcher.py:89: UserWarning: The ligand was an array (SDF?). Using the first frame. 
  warnings.warn("The ligand was an array (SDF?). Using the first frame. ")
2024-01-28 23:27:08,558 - distributed.core - INFO - Event loop was unresponsive in Worker for 9.93s.  This is often caused by long-running GIL-holding functions or moving large chunks of data. This can cause timeouts and instability.
2024-01-28 23:27:08,558 [INFO] [core.py:595] distributed.core: Event loop was unresponsive in Worker for 9.93s.  This is often caused by long-running GIL-holding functions or moving large chunks of data. This can cause timeouts and instability.
2024-01-28 23:27:08,567 - distributed.core - INFO - Event loop was unresponsive in Nanny for 9.94s.  This is often caused by long-running GIL-holding functions or moving large chunks of data. This can cause timeouts and instability.
2024-01-28 23:37:08,678 - distributed.core - INFO - Event loop was unresponsive in Worker for 3.56s.  This is often caused by long-running GIL-holding functions or moving large chunks of data. This can cause timeouts and instability.
2024-01-28 23:37:08,678 [INFO] [core.py:595] distributed.core: Event loop was unresponsive in Worker for 3.56s.  This is often caused by long-running GIL-holding functions or moving large chunks of data. This can cause timeouts and instability.
2024-01-28 23:37:30,009 - distributed.core - INFO - Event loop was unresponsive in Worker for 4.09s.  This is often caused by long-running GIL-holding functions or moving large chunks of data. This can cause timeouts and instability.
2024-01-28 23:37:30,009 [INFO] [core.py:595] distributed.core: Event loop was unresponsive in Worker for 4.09s.  This is often caused by long-running GIL-holding functions or moving large chunks of data. This can cause timeouts and instability.
2024-01-28 23:44:10,559 - distributed.core - INFO - Event loop was unresponsive in Worker for 11.31s.  This is often caused by long-running GIL-holding functions or moving large chunks of data. This can cause timeouts and instability.
2024-01-28 23:44:10,558 - distributed.core - INFO - Event loop was unresponsive in Nanny for 10.31s.  This is often caused by long-running GIL-holding functions or moving large chunks of data. This can cause timeouts and instability.
2024-01-28 23:44:10,559 [INFO] [core.py:595] distributed.core: Event loop was unresponsive in Worker for 11.31s.  This is often caused by long-running GIL-holding functions or moving large chunks of data. This can cause timeouts and instability.
/mnt/storage/nobackup/nmb1063/mamba/envs/fegrow/lib/python3.9/site-packages/parmed/structure.py:1775: UnitStrippedWarning: The unit of the quantity is stripped when downcasting to ndarray.
  coords = np.array(value, dtype=np.float64, copy=False, subok=True)
/mnt/storage/nobackup/nmb1063/mamba/envs/fegrow/lib/python3.9/site-packages/parmed/structure.py:1775: UnitStrippedWarning: The unit of the quantity is stripped when downcasting to ndarray.
  coords = np.array(value, dtype=np.float64, copy=False, subok=True)
TIME Completed the molecule generation in 121.8s.
TIME changed dir: 0.0s
TIME changed dir: 0.0s
Generated 12 conformers. 
Removed 7 conformers. 
Generated 44 conformers. 
Removed 20 conformers. 
using ani2x
/mnt/storage/nobackup/nmb1063/mamba/envs/fegrow/lib/python3.9/site-packages/torchani/resources/
failed to equip `nnpops` with error: No module named 'NNPOps'
Optimising conformer:   0%|                              | 0/24 [00:00<?, ?it/s]Optimising conformer:   4%|▉                     | 1/24 [00:05<01:57,  5.10s/it]Optimising conformer:   8%|█▊                    | 2/24 [00:07<01:14,  3.37s/it]Optimising conformer:  12%|██▊                   | 3/24 [00:10<01:05,  3.12s/it]using ani2x
/mnt/storage/nobackup/nmb1063/mamba/envs/fegrow/lib/python3.9/site-packages/torchani/resources/
failed to equip `nnpops` with error: No module named 'NNPOps'

Optimising conformer:   0%|                               | 0/5 [00:00<?, ?it/s][AOptimising conformer:  17%|███▋                  | 4/24 [00:12<00:58,  2.92s/it]
Optimising conformer:  20%|████▌                  | 1/5 [00:04<00:16,  4.04s/it][AOptimising conformer:  21%|████▌                 | 5/24 [00:16<01:02,  3.29s/it]
Optimising conformer:  40%|█████████▏             | 2/5 [00:08<00:12,  4.22s/it][AOptimising conformer:  25%|█████▌                | 6/24 [00:21<01:06,  3.69s/it]
Optimising conformer:  60%|█████████████▊         | 3/5 [00:10<00:06,  3.17s/it][A
Optimising conformer:  80%|██████████████████▍    | 4/5 [00:13<00:03,  3.08s/it][AOptimising conformer:  29%|██████▍               | 7/24 [00:25<01:04,  3.80s/it]
Optimising conformer: 100%|███████████████████████| 5/5 [00:15<00:00,  2.75s/it][AOptimising conformer: 100%|███████████████████████| 5/5 [00:15<00:00,  3.08s/it]
/mnt/storage/nobackup/nmb1063/code/gal/sars-cov-2-main-protease-al-study-plip/rsearcher.py:89: UserWarning: The ligand was an array (SDF?). Using the first frame. 
  warnings.warn("The ligand was an array (SDF?). Using the first frame. ")
2024-01-28 23:52:56,479 - distributed.utils_perf - INFO - full garbage collection released 14.64 MiB from 240022 reference cycles (threshold: 9.54 MiB)
2024-01-28 23:52:56,479 [INFO] [utils_perf.py:198] distributed.utils_perf: full garbage collection released 14.64 MiB from 240022 reference cycles (threshold: 9.54 MiB)
Optimising conformer:  33%|███████▎              | 8/24 [00:29<01:05,  4.08s/it]Optimising conformer:  38%|████████▎             | 9/24 [00:31<00:51,  3.44s/it]/mnt/storage/nobackup/nmb1063/mamba/envs/fegrow/lib/python3.9/site-packages/parmed/structure.py:1775: UnitStrippedWarning: The unit of the quantity is stripped when downcasting to ndarray.
  coords = np.array(value, dtype=np.float64, copy=False, subok=True)
Optimising conformer:  42%|████████▊            | 10/24 [00:37<00:55,  4.00s/it]Optimising conformer:  46%|█████████▋           | 11/24 [00:40<00:47,  3.68s/it]Optimising conformer:  50%|██████████▌          | 12/24 [00:43<00:42,  3.53s/it]Optimising conformer:  54%|███████████▍         | 13/24 [00:49<00:46,  4.27s/it]Optimising conformer:  58%|████████████▎        | 14/24 [00:53<00:43,  4.33s/it]Optimising conformer:  62%|█████████████▏       | 15/24 [00:56<00:35,  3.98s/it]Optimising conformer:  67%|██████████████       | 16/24 [00:59<00:29,  3.66s/it]Optimising conformer:  71%|██████████████▉      | 17/24 [01:02<00:24,  3.50s/it]Optimising conformer:  75%|███████████████▊     | 18/24 [01:05<00:18,  3.08s/it]Optimising conformer:  79%|████████████████▋    | 19/24 [01:08<00:15,  3.09s/it]Optimising conformer:  83%|█████████████████▌   | 20/24 [01:12<00:14,  3.59s/it]Optimising conformer:  88%|██████████████████▍  | 21/24 [01:16<00:11,  3.71s/it]Optimising conformer:  92%|███████████████████▎ | 22/24 [01:19<00:06,  3.33s/it]Optimising conformer:  96%|████████████████████▏| 23/24 [01:22<00:03,  3.19s/it]Optimising conformer: 100%|█████████████████████| 24/24 [01:25<00:00,  3.09s/it]Optimising conformer: 100%|█████████████████████| 24/24 [01:25<00:00,  3.54s/it]
/mnt/storage/nobackup/nmb1063/code/gal/sars-cov-2-main-protease-al-study-plip/rsearcher.py:89: UserWarning: The ligand was an array (SDF?). Using the first frame. 
  warnings.warn("The ligand was an array (SDF?). Using the first frame. ")
TIME Completed the molecule generation in 78.1s.
TIME changed dir: 0.0s
Generated 9 conformers. 
Removed 7 conformers. 
TIME Completed the molecule generation in 135.1s.
using ani2x
/mnt/storage/nobackup/nmb1063/mamba/envs/fegrow/lib/python3.9/site-packages/torchani/resources/
failed to equip `nnpops` with error: No module named 'NNPOps'
Optimising conformer:   0%|                               | 0/2 [00:00<?, ?it/s]Optimising conformer:  50%|███████████▌           | 1/2 [00:02<00:02,  2.98s/it]Optimising conformer: 100%|███████████████████████| 2/2 [01:21<00:00, 47.32s/it]Optimising conformer: 100%|███████████████████████| 2/2 [01:21<00:00, 40.68s/it]
2024-01-28 23:55:37,094 - distributed.worker - WARNING - Compute Failed
Key:       evaluate-cfa86f22-9ad1-4a7d-a731-30358a0656f0
Function:  evaluate
args:      (<rdkit.Chem.rdchem.Mol object at 0x2acc0b0dfa90>, 6, '[H]c1nc([H])c([C@]([H])(F)C([H])([H])c2nc([H])c([H])c(C([H])([H])[H])c2[H])c([H])c1[H]', '/mnt/storage/nobackup/nmb1063/code/gal/sars-cov-2-main-protease-al-study-plip/rec_final.pdb', '/nobackup/nmb1063/sars-fegrow/gnina')
kwargs:    {}
Exception: "Exception('No Conformers')"

2024-01-28 23:55:37,094 [WARNING] [worker.py:2352] distributed.worker: Compute Failed
Key:       evaluate-cfa86f22-9ad1-4a7d-a731-30358a0656f0
Function:  evaluate
args:      (<rdkit.Chem.rdchem.Mol object at 0x2acc0b0dfa90>, 6, '[H]c1nc([H])c([C@]([H])(F)C([H])([H])c2nc([H])c([H])c(C([H])([H])[H])c2[H])c([H])c1[H]', '/mnt/storage/nobackup/nmb1063/code/gal/sars-cov-2-main-protease-al-study-plip/rec_final.pdb', '/nobackup/nmb1063/sars-fegrow/gnina')
kwargs:    {}
Exception: "Exception('No Conformers')"

2024-01-29 00:09:33,847 - distributed.core - INFO - Event loop was unresponsive in Worker for 4.73s.  This is often caused by long-running GIL-holding functions or moving large chunks of data. This can cause timeouts and instability.
2024-01-29 00:09:33,847 [INFO] [core.py:595] distributed.core: Event loop was unresponsive in Worker for 4.73s.  This is often caused by long-running GIL-holding functions or moving large chunks of data. This can cause timeouts and instability.
2024-01-29 00:09:54,070 - distributed.core - INFO - Event loop was unresponsive in Worker for 3.14s.  This is often caused by long-running GIL-holding functions or moving large chunks of data. This can cause timeouts and instability.
2024-01-29 00:09:54,070 [INFO] [core.py:595] distributed.core: Event loop was unresponsive in Worker for 3.14s.  This is often caused by long-running GIL-holding functions or moving large chunks of data. This can cause timeouts and instability.
/mnt/storage/nobackup/nmb1063/mamba/envs/fegrow/lib/python3.9/site-packages/parmed/structure.py:1775: UnitStrippedWarning: The unit of the quantity is stripped when downcasting to ndarray.
  coords = np.array(value, dtype=np.float64, copy=False, subok=True)
/mnt/storage/nobackup/nmb1063/mamba/envs/fegrow/lib/python3.9/site-packages/parmed/structure.py:1775: UnitStrippedWarning: The unit of the quantity is stripped when downcasting to ndarray.
  coords = np.array(value, dtype=np.float64, copy=False, subok=True)
TIME changed dir: 0.0s
TIME changed dir: 0.0s
Generated 8 conformers. 
Removed 3 conformers. 
Generated 43 conformers. 
Removed 36 conformers. 
using ani2x
/mnt/storage/nobackup/nmb1063/mamba/envs/fegrow/lib/python3.9/site-packages/torchani/resources/
failed to equip `nnpops` with error: No module named 'NNPOps'
Optimising conformer:   0%|                               | 0/5 [00:00<?, ?it/s]Optimising conformer:  20%|████▌                  | 1/5 [00:04<00:16,  4.20s/it]Optimising conformer:  40%|█████████▏             | 2/5 [00:06<00:08,  2.96s/it]Optimising conformer:  60%|█████████████▊         | 3/5 [00:08<00:05,  2.72s/it]Optimising conformer:  80%|██████████████████▍    | 4/5 [00:10<00:02,  2.38s/it]Optimising conformer: 100%|███████████████████████| 5/5 [00:12<00:00,  2.36s/it]Optimising conformer: 100%|███████████████████████| 5/5 [00:12<00:00,  2.58s/it]
/mnt/storage/nobackup/nmb1063/code/gal/sars-cov-2-main-protease-al-study-plip/rsearcher.py:89: UserWarning: The ligand was an array (SDF?). Using the first frame. 
  warnings.warn("The ligand was an array (SDF?). Using the first frame. ")
/mnt/storage/nobackup/nmb1063/mamba/envs/fegrow/lib/python3.9/site-packages/parmed/structure.py:1775: UnitStrippedWarning: The unit of the quantity is stripped when downcasting to ndarray.
  coords = np.array(value, dtype=np.float64, copy=False, subok=True)
TIME Completed the molecule generation in 66.9s.
TIME changed dir: 0.0s
Generated 21 conformers. 
Removed 9 conformers. 
using ani2x
/mnt/storage/nobackup/nmb1063/mamba/envs/fegrow/lib/python3.9/site-packages/torchani/resources/
failed to equip `nnpops` with error: No module named 'NNPOps'
Optimising conformer:   0%|                               | 0/7 [00:00<?, ?it/s]Optimising conformer:  14%|███▎                   | 1/7 [00:03<00:21,  3.57s/it]Optimising conformer:  29%|██████▌                | 2/7 [00:05<00:14,  2.85s/it]Optimising conformer:  43%|█████████▊             | 3/7 [00:08<00:10,  2.70s/it]Optimising conformer:  57%|█████████████▏         | 4/7 [00:12<00:09,  3.19s/it]Optimising conformer:  71%|████████████████▍      | 5/7 [00:16<00:07,  3.52s/it]Optimising conformer:  86%|███████████████████▋   | 6/7 [00:19<00:03,  3.34s/it]Optimising conformer: 100%|███████████████████████| 7/7 [00:21<00:00,  3.03s/it]Optimising conformer: 100%|███████████████████████| 7/7 [00:21<00:00,  3.13s/it]
/mnt/storage/nobackup/nmb1063/code/gal/sars-cov-2-main-protease-al-study-plip/rsearcher.py:89: UserWarning: The ligand was an array (SDF?). Using the first frame. 
  warnings.warn("The ligand was an array (SDF?). Using the first frame. ")
using ani2x
/mnt/storage/nobackup/nmb1063/mamba/envs/fegrow/lib/python3.9/site-packages/torchani/resources/
TIME Completed the molecule generation in 111.2s.
failed to equip `nnpops` with error: No module named 'NNPOps'
Optimising conformer:   0%|                              | 0/12 [00:00<?, ?it/s]Optimising conformer:   8%|█▊                    | 1/12 [00:03<00:39,  3.56s/it]Optimising conformer:  17%|███▋                  | 2/12 [00:06<00:29,  2.91s/it]Optimising conformer:  25%|█████▌                | 3/12 [00:11<00:35,  3.90s/it]Optimising conformer:  33%|███████▎              | 4/12 [00:13<00:27,  3.41s/it]Optimising conformer:  42%|█████████▏            | 5/12 [00:19<00:28,  4.14s/it]Optimising conformer:  50%|███████████           | 6/12 [00:21<00:21,  3.56s/it]Optimising conformer:  58%|████████████▊         | 7/12 [00:25<00:18,  3.78s/it]Optimising conformer:  67%|██████████████▋       | 8/12 [00:28<00:13,  3.39s/it]Optimising conformer:  75%|████████████████▌     | 9/12 [00:31<00:09,  3.17s/it]Optimising conformer:  83%|█████████████████▌   | 10/12 [00:33<00:06,  3.04s/it]Optimising conformer:  92%|███████████████████▎ | 11/12 [00:36<00:02,  2.87s/it]Optimising conformer: 100%|█████████████████████| 12/12 [00:38<00:00,  2.80s/it]Optimising conformer: 100%|█████████████████████| 12/12 [00:38<00:00,  3.25s/it]
2024-01-29 00:44:01,513 - distributed.core - INFO - Event loop was unresponsive in Worker for 3.06s.  This is often caused by long-running GIL-holding functions or moving large chunks of data. This can cause timeouts and instability.
2024-01-29 00:44:01,513 [INFO] [core.py:595] distributed.core: Event loop was unresponsive in Worker for 3.06s.  This is often caused by long-running GIL-holding functions or moving large chunks of data. This can cause timeouts and instability.
/mnt/storage/nobackup/nmb1063/mamba/envs/fegrow/lib/python3.9/site-packages/parmed/structure.py:1775: UnitStrippedWarning: The unit of the quantity is stripped when downcasting to ndarray.
  coords = np.array(value, dtype=np.float64, copy=False, subok=True)
2024-01-29 00:58:16,804 [WARNING] [rdkit_wrapper.py:3213] openff.toolkit.utils.rdkit_wrapper: Warning (not error because allow_undefined_stereo=True): RDMol has unspecified stereochemistry. Bonds with undefined stereochemistry are:
 - Bond 1 (atoms 1-2 of element (C-C)

/mnt/storage/nobackup/nmb1063/mamba/envs/fegrow/lib/python3.9/site-packages/parmed/structure.py:1775: UnitStrippedWarning: The unit of the quantity is stripped when downcasting to ndarray.
  coords = np.array(value, dtype=np.float64, copy=False, subok=True)
2024-01-29 00:58:18,975 [WARNING] [rdkit_wrapper.py:3213] openff.toolkit.utils.rdkit_wrapper: Warning (not error because allow_undefined_stereo=True): RDMol has unspecified stereochemistry. Bonds with undefined stereochemistry are:
 - Bond 1 (atoms 1-2 of element (C-C)

TIME Completed the molecule generation in 91.8s.
TIME changed dir: 0.0s
TIME changed dir: 0.0s
Generated 17 conformers. 
Removed 9 conformers. 
Generated 41 conformers. 
Removed 33 conformers. 
using ani2x
/mnt/storage/nobackup/nmb1063/mamba/envs/fegrow/lib/python3.9/site-packages/torchani/resources/
failed to equip `nnpops` with error: No module named 'NNPOps'
Optimising conformer:   0%|                               | 0/8 [00:00<?, ?it/s]Optimising conformer:  12%|██▉                    | 1/8 [00:02<00:19,  2.73s/it]Optimising conformer:  25%|█████▊                 | 2/8 [00:05<00:16,  2.82s/it]Optimising conformer:  38%|████████▋              | 3/8 [00:09<00:16,  3.22s/it]Optimising conformer:  50%|███████████▌           | 4/8 [00:11<00:10,  2.75s/it]using ani2x
/mnt/storage/nobackup/nmb1063/mamba/envs/fegrow/lib/python3.9/site-packages/torchani/resources/
failed to equip `nnpops` with error: No module named 'NNPOps'

Optimising conformer:   0%|                               | 0/8 [00:00<?, ?it/s][AOptimising conformer:  62%|██████████████▍        | 5/8 [00:16<00:10,  3.66s/it]Optimising conformer:  75%|█████████████████▎     | 6/8 [00:18<00:05,  2.92s/it]
Optimising conformer:  12%|██▉                    | 1/8 [00:06<00:42,  6.10s/it][AOptimising conformer:  88%|████████████████████▏  | 7/8 [00:23<00:03,  3.73s/it]
Optimising conformer:  25%|█████▊                 | 2/8 [00:10<00:30,  5.06s/it][AOptimising conformer: 100%|███████████████████████| 8/8 [00:25<00:00,  3.26s/it]Optimising conformer: 100%|███████████████████████| 8/8 [00:25<00:00,  3.22s/it]
/mnt/storage/nobackup/nmb1063/code/gal/sars-cov-2-main-protease-al-study-plip/rsearcher.py:89: UserWarning: The ligand was an array (SDF?). Using the first frame. 
  warnings.warn("The ligand was an array (SDF?). Using the first frame. ")

Optimising conformer:  38%|████████▋              | 3/8 [00:15<00:24,  4.88s/it][A
Optimising conformer:  50%|███████████▌           | 4/8 [00:18<00:16,  4.18s/it][A/mnt/storage/nobackup/nmb1063/mamba/envs/fegrow/lib/python3.9/site-packages/parmed/structure.py:1775: UnitStrippedWarning: The unit of the quantity is stripped when downcasting to ndarray.
  coords = np.array(value, dtype=np.float64, copy=False, subok=True)

Optimising conformer:  62%|██████████████▍        | 5/8 [00:21<00:11,  3.94s/it][A
Optimising conformer:  75%|█████████████████▎     | 6/8 [00:25<00:07,  3.86s/it][A
Optimising conformer:  88%|████████████████████▏  | 7/8 [00:29<00:04,  4.05s/it][A
Optimising conformer: 100%|███████████████████████| 8/8 [00:34<00:00,  4.23s/it][AOptimising conformer: 100%|███████████████████████| 8/8 [00:34<00:00,  4.31s/it]
/mnt/storage/nobackup/nmb1063/code/gal/sars-cov-2-main-protease-al-study-plip/rsearcher.py:89: UserWarning: The ligand was an array (SDF?). Using the first frame. 
  warnings.warn("The ligand was an array (SDF?). Using the first frame. ")
2024-01-29 00:59:40,479 [WARNING] [rdkit_wrapper.py:3213] openff.toolkit.utils.rdkit_wrapper: Warning (not error because allow_undefined_stereo=True): RDMol has unspecified stereochemistry. Undefined chiral centers are:
 - Atom C (index 4)

/mnt/storage/nobackup/nmb1063/mamba/envs/fegrow/lib/python3.9/site-packages/parmed/structure.py:1775: UnitStrippedWarning: The unit of the quantity is stripped when downcasting to ndarray.
  coords = np.array(value, dtype=np.float64, copy=False, subok=True)
2024-01-29 00:59:43,007 [WARNING] [rdkit_wrapper.py:3213] openff.toolkit.utils.rdkit_wrapper: Warning (not error because allow_undefined_stereo=True): RDMol has unspecified stereochemistry. Undefined chiral centers are:
 - Atom C (index 4)

TIME Completed the molecule generation in 61.0s.
TIME changed dir: 0.0s
Generated 49 conformers. 
Removed 31 conformers. 
TIME Completed the molecule generation in 83.1s.
TIME changed dir: 0.0s
Generated 31 conformers. 
Removed 20 conformers. 
Using force field
Optimising conformer:   0%|                              | 0/18 [00:00<?, ?it/s]Optimising conformer:   6%|█▏                    | 1/18 [00:03<01:00,  3.59s/it]Optimising conformer:  11%|██▍                   | 2/18 [00:06<00:52,  3.26s/it]Optimising conformer:  17%|███▋                  | 3/18 [00:09<00:44,  3.00s/it]Optimising conformer:  22%|████▉                 | 4/18 [00:11<00:37,  2.70s/it]Optimising conformer:  28%|██████                | 5/18 [00:13<00:32,  2.52s/it]Optimising conformer:  33%|███████▎              | 6/18 [00:15<00:28,  2.35s/it]Optimising conformer:  39%|████████▌             | 7/18 [00:20<00:32,  3.00s/it]Optimising conformer:  44%|█████████▊            | 8/18 [00:22<00:29,  2.95s/it]Optimising conformer:  50%|███████████           | 9/18 [00:26<00:27,  3.09s/it]Optimising conformer:  56%|███████████▋         | 10/18 [00:29<00:23,  2.98s/it]Optimising conformer:  61%|████████████▊        | 11/18 [00:32<00:21,  3.06s/it]Optimising conformer:  67%|██████████████       | 12/18 [00:35<00:18,  3.14s/it]Optimising conformer:  72%|███████████████▏     | 13/18 [00:38<00:14,  2.99s/it]Optimising conformer:  78%|████████████████▎    | 14/18 [00:41<00:11,  2.98s/it]Optimising conformer:  83%|█████████████████▌   | 15/18 [00:44<00:08,  2.97s/it]Optimising conformer:  89%|██████████████████▋  | 16/18 [00:47<00:05,  2.97s/it]Optimising conformer:  94%|███████████████████▊ | 17/18 [00:49<00:02,  2.86s/it]Optimising conformer: 100%|█████████████████████| 18/18 [00:51<00:00,  2.50s/it]Optimising conformer: 100%|█████████████████████| 18/18 [00:51<00:00,  2.86s/it]
/mnt/storage/nobackup/nmb1063/code/gal/sars-cov-2-main-protease-al-study-plip/rsearcher.py:89: UserWarning: The ligand was an array (SDF?). Using the first frame. 
  warnings.warn("The ligand was an array (SDF?). Using the first frame. ")
TIME Completed the molecule generation in 96.0s.
using ani2x
/mnt/storage/nobackup/nmb1063/mamba/envs/fegrow/lib/python3.9/site-packages/torchani/resources/
failed to equip `nnpops` with error: No module named 'NNPOps'
Optimising conformer:   0%|                              | 0/11 [00:00<?, ?it/s]Optimising conformer:   9%|██                    | 1/11 [00:03<00:35,  3.52s/it]Optimising conformer:  18%|████                  | 2/11 [00:05<00:25,  2.84s/it]Optimising conformer:  27%|██████                | 3/11 [00:08<00:22,  2.79s/it]Optimising conformer:  36%|████████              | 4/11 [00:10<00:18,  2.58s/it]Optimising conformer:  45%|██████████            | 5/11 [00:13<00:14,  2.42s/it]Optimising conformer:  55%|████████████          | 6/11 [00:15<00:11,  2.34s/it]Optimising conformer:  64%|██████████████        | 7/11 [00:17<00:09,  2.38s/it]Optimising conformer:  73%|████████████████      | 8/11 [00:19<00:06,  2.28s/it]Optimising conformer:  82%|██████████████████    | 9/11 [00:21<00:04,  2.22s/it]Optimising conformer:  91%|███████████████████  | 10/11 [00:24<00:02,  2.36s/it]Optimising conformer: 100%|█████████████████████| 11/11 [00:26<00:00,  2.29s/it]Optimising conformer: 100%|█████████████████████| 11/11 [00:26<00:00,  2.42s/it]
/mnt/storage/nobackup/nmb1063/code/gal/sars-cov-2-main-protease-al-study-plip/rsearcher.py:89: UserWarning: The ligand was an array (SDF?). Using the first frame. 
  warnings.warn("The ligand was an array (SDF?). Using the first frame. ")
2024-01-29 01:19:58,733 - distributed.core - INFO - Event loop was unresponsive in Worker for 4.63s.  This is often caused by long-running GIL-holding functions or moving large chunks of data. This can cause timeouts and instability.
2024-01-29 01:19:58,733 [INFO] [core.py:595] distributed.core: Event loop was unresponsive in Worker for 4.63s.  This is often caused by long-running GIL-holding functions or moving large chunks of data. This can cause timeouts and instability.
/mnt/storage/nobackup/nmb1063/mamba/envs/fegrow/lib/python3.9/site-packages/parmed/structure.py:1775: UnitStrippedWarning: The unit of the quantity is stripped when downcasting to ndarray.
  coords = np.array(value, dtype=np.float64, copy=False, subok=True)
/mnt/storage/nobackup/nmb1063/mamba/envs/fegrow/lib/python3.9/site-packages/parmed/structure.py:1775: UnitStrippedWarning: The unit of the quantity is stripped when downcasting to ndarray.
  coords = np.array(value, dtype=np.float64, copy=False, subok=True)
TIME Completed the molecule generation in 307.9s.
TIME changed dir: 0.0s
TIME changed dir: 0.0s
Generated 11 conformers. 
Removed 9 conformers. 
Generated 15 conformers. 
Removed 8 conformers. 
using ani2x
/mnt/storage/nobackup/nmb1063/mamba/envs/fegrow/lib/python3.9/site-packages/torchani/resources/
using ani2x
/mnt/storage/nobackup/nmb1063/mamba/envs/fegrow/lib/python3.9/site-packages/torchani/resources/
failed to equip `nnpops` with error: No module named 'NNPOps'
Optimising conformer:   0%|                               | 0/7 [00:00<?, ?it/s]Optimising conformer:  14%|███▎                   | 1/7 [00:02<00:16,  2.81s/it]failed to equip `nnpops` with error: No module named 'NNPOps'

Optimising conformer:   0%|                               | 0/2 [00:00<?, ?it/s][AOptimising conformer:  29%|██████▌                | 2/7 [00:04<00:10,  2.16s/it]
Optimising conformer:  50%|███████████▌           | 1/2 [00:04<00:04,  4.36s/it][AOptimising conformer:  43%|█████████▊             | 3/7 [00:09<00:13,  3.33s/it]
Optimising conformer: 100%|███████████████████████| 2/2 [00:06<00:00,  3.02s/it][AOptimising conformer: 100%|███████████████████████| 2/2 [00:06<00:00,  3.22s/it]
/mnt/storage/nobackup/nmb1063/code/gal/sars-cov-2-main-protease-al-study-plip/rsearcher.py:89: UserWarning: The ligand was an array (SDF?). Using the first frame. 
  warnings.warn("The ligand was an array (SDF?). Using the first frame. ")
Optimising conformer:  57%|█████████████▏         | 4/7 [00:11<00:08,  2.89s/it]Optimising conformer:  71%|████████████████▍      | 5/7 [00:13<00:04,  2.42s/it]Optimising conformer:  86%|███████████████████▋   | 6/7 [00:15<00:02,  2.35s/it]2024-01-29 01:36:45,968 [WARNING] [rdkit_wrapper.py:3213] openff.toolkit.utils.rdkit_wrapper: Warning (not error because allow_undefined_stereo=True): RDMol has unspecified stereochemistry. Bonds with undefined stereochemistry are:
 - Bond 5 (atoms 4-6 of element (C-C)

Optimising conformer: 100%|███████████████████████| 7/7 [00:18<00:00,  2.62s/it]Optimising conformer: 100%|███████████████████████| 7/7 [00:18<00:00,  2.64s/it]/mnt/storage/nobackup/nmb1063/mamba/envs/fegrow/lib/python3.9/site-packages/parmed/structure.py:1775: UnitStrippedWarning: The unit of the quantity is stripped when downcasting to ndarray.
  coords = np.array(value, dtype=np.float64, copy=False, subok=True)

2024-01-29 01:36:49,549 [WARNING] [rdkit_wrapper.py:3213] openff.toolkit.utils.rdkit_wrapper: Warning (not error because allow_undefined_stereo=True): RDMol has unspecified stereochemistry. Bonds with undefined stereochemistry are:
 - Bond 5 (atoms 4-6 of element (C-C)

2024-01-29 01:37:06,676 [WARNING] [rdkit_wrapper.py:3213] openff.toolkit.utils.rdkit_wrapper: Warning (not error because allow_undefined_stereo=True): RDMol has unspecified stereochemistry. Undefined chiral centers are:
 - Atom C (index 3)

/mnt/storage/nobackup/nmb1063/mamba/envs/fegrow/lib/python3.9/site-packages/parmed/structure.py:1775: UnitStrippedWarning: The unit of the quantity is stripped when downcasting to ndarray.
  coords = np.array(value, dtype=np.float64, copy=False, subok=True)
2024-01-29 01:37:09,300 [WARNING] [rdkit_wrapper.py:3213] openff.toolkit.utils.rdkit_wrapper: Warning (not error because allow_undefined_stereo=True): RDMol has unspecified stereochemistry. Undefined chiral centers are:
 - Atom C (index 3)

TIME Completed the molecule generation in 60.6s.
TIME changed dir: 0.0s
Generated 25 conformers. 
Removed 8 conformers. 
TIME Completed the molecule generation in 68.5s.
TIME changed dir: 0.0s
Generated 35 conformers. 
using ani2x
/mnt/storage/nobackup/nmb1063/mamba/envs/fegrow/lib/python3.9/site-packages/torchani/resources/
Removed 29 conformers. 
failed to equip `nnpops` with error: No module named 'NNPOps'
Optimising conformer:   0%|                              | 0/17 [00:00<?, ?it/s]Optimising conformer:   6%|█▎                    | 1/17 [00:05<01:24,  5.26s/it]Optimising conformer:  12%|██▌                   | 2/17 [00:11<01:30,  6.04s/it]Optimising conformer:  18%|███▉                  | 3/17 [00:13<00:58,  4.20s/it]Optimising conformer:  24%|█████▏                | 4/17 [00:17<00:51,  3.96s/it]Optimising conformer:  29%|██████▍               | 5/17 [00:19<00:39,  3.28s/it]Optimising conformer:  35%|███████▊              | 6/17 [00:21<00:31,  2.87s/it]Optimising conformer:  41%|█████████             | 7/17 [00:23<00:25,  2.60s/it]Optimising conformer:  47%|██████████▎           | 8/17 [00:26<00:24,  2.78s/it]Optimising conformer:  53%|███████████▋          | 9/17 [00:28<00:20,  2.53s/it]Optimising conformer:  59%|████████████▎        | 10/17 [00:30<00:16,  2.35s/it]Optimising conformer:  65%|█████████████▌       | 11/17 [00:33<00:14,  2.49s/it]using ani2x
/mnt/storage/nobackup/nmb1063/mamba/envs/fegrow/lib/python3.9/site-packages/torchani/resources/
failed to equip `nnpops` with error: No module named 'NNPOps'

Optimising conformer:   0%|                               | 0/6 [00:00<?, ?it/s][AOptimising conformer:  71%|██████████████▊      | 12/17 [00:37<00:14,  2.87s/it]Optimising conformer:  76%|████████████████     | 13/17 [00:40<00:11,  2.90s/it]
Optimising conformer:  17%|███▊                   | 1/6 [00:05<00:25,  5.08s/it][AOptimising conformer:  82%|█████████████████▎   | 14/17 [00:43<00:09,  3.02s/it]
Optimising conformer:  33%|███████▋               | 2/6 [00:08<00:16,  4.05s/it][AOptimising conformer:  88%|██████████████████▌  | 15/17 [00:45<00:05,  2.72s/it]Optimising conformer:  94%|███████████████████▊ | 16/17 [00:47<00:02,  2.61s/it]
Optimising conformer:  50%|███████████▌           | 3/6 [00:11<00:11,  3.78s/it][AOptimising conformer: 100%|█████████████████████| 17/17 [00:51<00:00,  2.79s/it]Optimising conformer: 100%|█████████████████████| 17/17 [00:51<00:00,  3.01s/it]
/mnt/storage/nobackup/nmb1063/code/gal/sars-cov-2-main-protease-al-study-plip/rsearcher.py:89: UserWarning: The ligand was an array (SDF?). Using the first frame. 
  warnings.warn("The ligand was an array (SDF?). Using the first frame. ")

Optimising conformer:  67%|███████████████▎       | 4/6 [00:17<00:08,  4.37s/it][A
Optimising conformer:  83%|███████████████████▏   | 5/6 [00:21<00:04,  4.26s/it][A
Optimising conformer: 100%|███████████████████████| 6/6 [00:25<00:00,  4.27s/it][AOptimising conformer: 100%|███████████████████████| 6/6 [00:25<00:00,  4.25s/it]
2024-01-29 01:53:30,443 - distributed.core - INFO - Event loop was unresponsive in Worker for 4.03s.  This is often caused by long-running GIL-holding functions or moving large chunks of data. This can cause timeouts and instability.
2024-01-29 01:53:30,443 [INFO] [core.py:595] distributed.core: Event loop was unresponsive in Worker for 4.03s.  This is often caused by long-running GIL-holding functions or moving large chunks of data. This can cause timeouts and instability.
/mnt/storage/nobackup/nmb1063/mamba/envs/fegrow/lib/python3.9/site-packages/parmed/structure.py:1775: UnitStrippedWarning: The unit of the quantity is stripped when downcasting to ndarray.
  coords = np.array(value, dtype=np.float64, copy=False, subok=True)
/mnt/storage/nobackup/nmb1063/mamba/envs/fegrow/lib/python3.9/site-packages/parmed/structure.py:1775: UnitStrippedWarning: The unit of the quantity is stripped when downcasting to ndarray.
  coords = np.array(value, dtype=np.float64, copy=False, subok=True)
TIME Completed the molecule generation in 86.2s.
TIME Completed the molecule generation in 88.5s.
TIME changed dir: 0.0s
TIME changed dir: 0.0s
Generated 6 conformers. 
Removed 3 conformers. 
Generated 42 conformers. 
Removed 27 conformers. 
using ani2x
/mnt/storage/nobackup/nmb1063/mamba/envs/fegrow/lib/python3.9/site-packages/torchani/resources/
failed to equip `nnpops` with error: No module named 'NNPOps'
Optimising conformer:   0%|                               | 0/3 [00:00<?, ?it/s]Optimising conformer:  33%|███████▋               | 1/3 [00:04<00:08,  4.19s/it]Optimising conformer:  67%|███████████████▎       | 2/3 [00:07<00:03,  3.64s/it]Optimising conformer: 100%|███████████████████████| 3/3 [00:11<00:00,  3.88s/it]Optimising conformer: 100%|███████████████████████| 3/3 [00:11<00:00,  3.88s/it]
/mnt/storage/nobackup/nmb1063/code/gal/sars-cov-2-main-protease-al-study-plip/rsearcher.py:89: UserWarning: The ligand was an array (SDF?). Using the first frame. 
  warnings.warn("The ligand was an array (SDF?). Using the first frame. ")
/mnt/storage/nobackup/nmb1063/mamba/envs/fegrow/lib/python3.9/site-packages/parmed/structure.py:1775: UnitStrippedWarning: The unit of the quantity is stripped when downcasting to ndarray.
  coords = np.array(value, dtype=np.float64, copy=False, subok=True)
TIME Completed the molecule generation in 49.9s.
TIME changed dir: 0.0s
Generated 37 conformers. 
Removed 35 conformers. 
using ani2x
/mnt/storage/nobackup/nmb1063/mamba/envs/fegrow/lib/python3.9/site-packages/torchani/resources/
failed to equip `nnpops` with error: No module named 'NNPOps'
Optimising conformer:   0%|                              | 0/15 [00:00<?, ?it/s]Optimising conformer:   7%|█▍                    | 1/15 [00:02<00:35,  2.53s/it]Optimising conformer:  13%|██▉                   | 2/15 [00:03<00:24,  1.87s/it]Optimising conformer:  20%|████▍                 | 3/15 [00:05<00:19,  1.66s/it]Optimising conformer:  27%|█████▊                | 4/15 [00:07<00:22,  2.04s/it]Optimising conformer:  33%|███████▎              | 5/15 [00:10<00:20,  2.09s/it]Optimising conformer:  40%|████████▊             | 6/15 [00:18<00:38,  4.27s/it]using ani2x
/mnt/storage/nobackup/nmb1063/mamba/envs/fegrow/lib/python3.9/site-packages/torchani/resources/
failed to equip `nnpops` with error: No module named 'NNPOps'

Optimising conformer:   0%|                               | 0/2 [00:00<?, ?it/s][AOptimising conformer:  47%|██████████▎           | 7/15 [00:22<00:32,  4.04s/it]Optimising conformer:  53%|███████████▋          | 8/15 [00:25<00:25,  3.67s/it]
Optimising conformer:  50%|███████████▌           | 1/2 [00:05<00:05,  5.47s/it][AOptimising conformer:  60%|█████████████▏        | 9/15 [00:29<00:22,  3.79s/it]Optimising conformer:  67%|██████████████       | 10/15 [00:31<00:16,  3.35s/it]
Optimising conformer: 100%|███████████████████████| 2/2 [00:09<00:00,  4.76s/it][AOptimising conformer: 100%|███████████████████████| 2/2 [00:09<00:00,  4.87s/it]
/mnt/storage/nobackup/nmb1063/code/gal/sars-cov-2-main-protease-al-study-plip/rsearcher.py:89: UserWarning: The ligand was an array (SDF?). Using the first frame. 
  warnings.warn("The ligand was an array (SDF?). Using the first frame. ")
Optimising conformer:  73%|███████████████▍     | 11/15 [00:34<00:13,  3.31s/it]Optimising conformer:  80%|████████████████▊    | 12/15 [00:39<00:11,  3.88s/it]Optimising conformer:  87%|██████████████████▏  | 13/15 [00:41<00:06,  3.17s/it]Optimising conformer:  93%|███████████████████▌ | 14/15 [00:43<00:02,  2.91s/it]Optimising conformer: 100%|█████████████████████| 15/15 [00:48<00:00,  3.36s/it]Optimising conformer: 100%|█████████████████████| 15/15 [00:48<00:00,  3.21s/it]
2024-01-29 02:30:38,723 - distributed.worker - ERROR - Worker stream died during communication: tcp://10.3.89.132:38501
ConnectionRefusedError: [Errno 111] Connection refused

The above exception was the direct cause of the following exception:

Traceback (most recent call last):
  File "/mnt/storage/nobackup/nmb1063/mamba/envs/fegrow/lib/python3.9/site-packages/distributed/comm/core.py", line 291, in connect
    comm = await asyncio.wait_for(
  File "/mnt/storage/nobackup/nmb1063/mamba/envs/fegrow/lib/python3.9/asyncio/tasks.py", line 479, in wait_for
    return fut.result()
  File "/mnt/storage/nobackup/nmb1063/mamba/envs/fegrow/lib/python3.9/site-packages/distributed/comm/tcp.py", line 511, in connect
    convert_stream_closed_error(self, e)
  File "/mnt/storage/nobackup/nmb1063/mamba/envs/fegrow/lib/python3.9/site-packages/distributed/comm/tcp.py", line 142, in convert_stream_closed_error
    raise CommClosedError(f"in {obj}: {exc.__class__.__name__}: {exc}") from exc
distributed.comm.core.CommClosedError: in <distributed.comm.tcp.TCPConnector object at 0x2acc0a797850>: ConnectionRefusedError: [Errno 111] Connection refused

The above exception was the direct cause of the following exception:

Traceback (most recent call last):
  File "/mnt/storage/nobackup/nmb1063/mamba/envs/fegrow/lib/python3.9/site-packages/distributed/worker.py", line 2081, in gather_dep
    response = await get_data_from_worker(
  File "/mnt/storage/nobackup/nmb1063/mamba/envs/fegrow/lib/python3.9/site-packages/distributed/worker.py", line 2900, in get_data_from_worker
    comm = await rpc.connect(worker)
  File "/mnt/storage/nobackup/nmb1063/mamba/envs/fegrow/lib/python3.9/site-packages/distributed/core.py", line 1468, in connect
    return await connect_attempt
  File "/mnt/storage/nobackup/nmb1063/mamba/envs/fegrow/lib/python3.9/site-packages/distributed/core.py", line 1389, in _connect
    comm = await connect(
  File "/mnt/storage/nobackup/nmb1063/mamba/envs/fegrow/lib/python3.9/site-packages/distributed/comm/core.py", line 317, in connect
    raise OSError(
OSError: Timed out trying to connect to tcp://10.3.89.132:38501 after 30 s
2024-01-29 02:30:38,723 [ERROR] [worker.py:2115] distributed.worker: Worker stream died during communication: tcp://10.3.89.132:38501
ConnectionRefusedError: [Errno 111] Connection refused

The above exception was the direct cause of the following exception:

Traceback (most recent call last):
  File "/mnt/storage/nobackup/nmb1063/mamba/envs/fegrow/lib/python3.9/site-packages/distributed/comm/core.py", line 291, in connect
    comm = await asyncio.wait_for(
  File "/mnt/storage/nobackup/nmb1063/mamba/envs/fegrow/lib/python3.9/asyncio/tasks.py", line 479, in wait_for
    return fut.result()
  File "/mnt/storage/nobackup/nmb1063/mamba/envs/fegrow/lib/python3.9/site-packages/distributed/comm/tcp.py", line 511, in connect
    convert_stream_closed_error(self, e)
  File "/mnt/storage/nobackup/nmb1063/mamba/envs/fegrow/lib/python3.9/site-packages/distributed/comm/tcp.py", line 142, in convert_stream_closed_error
    raise CommClosedError(f"in {obj}: {exc.__class__.__name__}: {exc}") from exc
distributed.comm.core.CommClosedError: in <distributed.comm.tcp.TCPConnector object at 0x2acc0a797850>: ConnectionRefusedError: [Errno 111] Connection refused

The above exception was the direct cause of the following exception:

Traceback (most recent call last):
  File "/mnt/storage/nobackup/nmb1063/mamba/envs/fegrow/lib/python3.9/site-packages/distributed/worker.py", line 2081, in gather_dep
    response = await get_data_from_worker(
  File "/mnt/storage/nobackup/nmb1063/mamba/envs/fegrow/lib/python3.9/site-packages/distributed/worker.py", line 2900, in get_data_from_worker
    comm = await rpc.connect(worker)
  File "/mnt/storage/nobackup/nmb1063/mamba/envs/fegrow/lib/python3.9/site-packages/distributed/core.py", line 1468, in connect
    return await connect_attempt
  File "/mnt/storage/nobackup/nmb1063/mamba/envs/fegrow/lib/python3.9/site-packages/distributed/core.py", line 1389, in _connect
    comm = await connect(
  File "/mnt/storage/nobackup/nmb1063/mamba/envs/fegrow/lib/python3.9/site-packages/distributed/comm/core.py", line 317, in connect
    raise OSError(
OSError: Timed out trying to connect to tcp://10.3.89.132:38501 after 30 s
2024-01-29 02:31:53,160 - distributed.core - INFO - Event loop was unresponsive in Worker for 4.55s.  This is often caused by long-running GIL-holding functions or moving large chunks of data. This can cause timeouts and instability.
2024-01-29 02:31:53,160 [INFO] [core.py:595] distributed.core: Event loop was unresponsive in Worker for 4.55s.  This is often caused by long-running GIL-holding functions or moving large chunks of data. This can cause timeouts and instability.
2024-01-29 02:52:40,141 - distributed.worker - ERROR - Worker stream died during communication: tcp://10.3.89.142:34823
Traceback (most recent call last):
  File "/mnt/storage/nobackup/nmb1063/mamba/envs/fegrow/lib/python3.9/site-packages/distributed/comm/tcp.py", line 225, in read
    frames_nbytes = await stream.read_bytes(fmt_size)
asyncio.exceptions.CancelledError

During handling of the above exception, another exception occurred:

Traceback (most recent call last):
  File "/mnt/storage/nobackup/nmb1063/mamba/envs/fegrow/lib/python3.9/asyncio/tasks.py", line 490, in wait_for
    return fut.result()
asyncio.exceptions.CancelledError

The above exception was the direct cause of the following exception:

Traceback (most recent call last):
  File "/mnt/storage/nobackup/nmb1063/mamba/envs/fegrow/lib/python3.9/site-packages/distributed/comm/core.py", line 328, in connect
    handshake = await asyncio.wait_for(comm.read(), time_left())
  File "/mnt/storage/nobackup/nmb1063/mamba/envs/fegrow/lib/python3.9/asyncio/tasks.py", line 492, in wait_for
    raise exceptions.TimeoutError() from exc
asyncio.exceptions.TimeoutError

The above exception was the direct cause of the following exception:

Traceback (most recent call last):
  File "/mnt/storage/nobackup/nmb1063/mamba/envs/fegrow/lib/python3.9/site-packages/distributed/worker.py", line 2081, in gather_dep
    response = await get_data_from_worker(
  File "/mnt/storage/nobackup/nmb1063/mamba/envs/fegrow/lib/python3.9/site-packages/distributed/worker.py", line 2900, in get_data_from_worker
    comm = await rpc.connect(worker)
  File "/mnt/storage/nobackup/nmb1063/mamba/envs/fegrow/lib/python3.9/site-packages/distributed/core.py", line 1468, in connect
    return await connect_attempt
  File "/mnt/storage/nobackup/nmb1063/mamba/envs/fegrow/lib/python3.9/site-packages/distributed/core.py", line 1389, in _connect
    comm = await connect(
  File "/mnt/storage/nobackup/nmb1063/mamba/envs/fegrow/lib/python3.9/site-packages/distributed/comm/core.py", line 333, in connect
    raise OSError(
OSError: Timed out during handshake while connecting to tcp://10.3.89.142:34823 after 30 s
2024-01-29 02:52:40,141 [ERROR] [worker.py:2115] distributed.worker: Worker stream died during communication: tcp://10.3.89.142:34823
Traceback (most recent call last):
  File "/mnt/storage/nobackup/nmb1063/mamba/envs/fegrow/lib/python3.9/site-packages/distributed/comm/tcp.py", line 225, in read
    frames_nbytes = await stream.read_bytes(fmt_size)
asyncio.exceptions.CancelledError

During handling of the above exception, another exception occurred:

Traceback (most recent call last):
  File "/mnt/storage/nobackup/nmb1063/mamba/envs/fegrow/lib/python3.9/asyncio/tasks.py", line 490, in wait_for
    return fut.result()
asyncio.exceptions.CancelledError

The above exception was the direct cause of the following exception:

Traceback (most recent call last):
  File "/mnt/storage/nobackup/nmb1063/mamba/envs/fegrow/lib/python3.9/site-packages/distributed/comm/core.py", line 328, in connect
    handshake = await asyncio.wait_for(comm.read(), time_left())
  File "/mnt/storage/nobackup/nmb1063/mamba/envs/fegrow/lib/python3.9/asyncio/tasks.py", line 492, in wait_for
    raise exceptions.TimeoutError() from exc
asyncio.exceptions.TimeoutError

The above exception was the direct cause of the following exception:

Traceback (most recent call last):
  File "/mnt/storage/nobackup/nmb1063/mamba/envs/fegrow/lib/python3.9/site-packages/distributed/worker.py", line 2081, in gather_dep
    response = await get_data_from_worker(
  File "/mnt/storage/nobackup/nmb1063/mamba/envs/fegrow/lib/python3.9/site-packages/distributed/worker.py", line 2900, in get_data_from_worker
    comm = await rpc.connect(worker)
  File "/mnt/storage/nobackup/nmb1063/mamba/envs/fegrow/lib/python3.9/site-packages/distributed/core.py", line 1468, in connect
    return await connect_attempt
  File "/mnt/storage/nobackup/nmb1063/mamba/envs/fegrow/lib/python3.9/site-packages/distributed/core.py", line 1389, in _connect
    comm = await connect(
  File "/mnt/storage/nobackup/nmb1063/mamba/envs/fegrow/lib/python3.9/site-packages/distributed/comm/core.py", line 333, in connect
    raise OSError(
OSError: Timed out during handshake while connecting to tcp://10.3.89.142:34823 after 30 s
2024-01-29 02:52:40,181 - distributed.worker - ERROR - Worker stream died during communication: tcp://10.3.89.129:46774
Traceback (most recent call last):
  File "/mnt/storage/nobackup/nmb1063/mamba/envs/fegrow/lib/python3.9/site-packages/distributed/comm/tcp.py", line 225, in read
    frames_nbytes = await stream.read_bytes(fmt_size)
asyncio.exceptions.CancelledError

During handling of the above exception, another exception occurred:

Traceback (most recent call last):
  File "/mnt/storage/nobackup/nmb1063/mamba/envs/fegrow/lib/python3.9/asyncio/tasks.py", line 490, in wait_for
    return fut.result()
asyncio.exceptions.CancelledError

The above exception was the direct cause of the following exception:

Traceback (most recent call last):
  File "/mnt/storage/nobackup/nmb1063/mamba/envs/fegrow/lib/python3.9/site-packages/distributed/comm/core.py", line 328, in connect
    handshake = await asyncio.wait_for(comm.read(), time_left())
  File "/mnt/storage/nobackup/nmb1063/mamba/envs/fegrow/lib/python3.9/asyncio/tasks.py", line 492, in wait_for
    raise exceptions.TimeoutError() from exc
asyncio.exceptions.TimeoutError

The above exception was the direct cause of the following exception:

Traceback (most recent call last):
  File "/mnt/storage/nobackup/nmb1063/mamba/envs/fegrow/lib/python3.9/site-packages/distributed/worker.py", line 2081, in gather_dep
    response = await get_data_from_worker(
  File "/mnt/storage/nobackup/nmb1063/mamba/envs/fegrow/lib/python3.9/site-packages/distributed/worker.py", line 2900, in get_data_from_worker
    comm = await rpc.connect(worker)
  File "/mnt/storage/nobackup/nmb1063/mamba/envs/fegrow/lib/python3.9/site-packages/distributed/core.py", line 1468, in connect
    return await connect_attempt
  File "/mnt/storage/nobackup/nmb1063/mamba/envs/fegrow/lib/python3.9/site-packages/distributed/core.py", line 1389, in _connect
    comm = await connect(
  File "/mnt/storage/nobackup/nmb1063/mamba/envs/fegrow/lib/python3.9/site-packages/distributed/comm/core.py", line 333, in connect
    raise OSError(
OSError: Timed out during handshake while connecting to tcp://10.3.89.129:46774 after 30 s
2024-01-29 02:52:40,181 [ERROR] [worker.py:2115] distributed.worker: Worker stream died during communication: tcp://10.3.89.129:46774
Traceback (most recent call last):
  File "/mnt/storage/nobackup/nmb1063/mamba/envs/fegrow/lib/python3.9/site-packages/distributed/comm/tcp.py", line 225, in read
    frames_nbytes = await stream.read_bytes(fmt_size)
asyncio.exceptions.CancelledError

During handling of the above exception, another exception occurred:

Traceback (most recent call last):
  File "/mnt/storage/nobackup/nmb1063/mamba/envs/fegrow/lib/python3.9/asyncio/tasks.py", line 490, in wait_for
    return fut.result()
asyncio.exceptions.CancelledError

The above exception was the direct cause of the following exception:

Traceback (most recent call last):
  File "/mnt/storage/nobackup/nmb1063/mamba/envs/fegrow/lib/python3.9/site-packages/distributed/comm/core.py", line 328, in connect
    handshake = await asyncio.wait_for(comm.read(), time_left())
  File "/mnt/storage/nobackup/nmb1063/mamba/envs/fegrow/lib/python3.9/asyncio/tasks.py", line 492, in wait_for
    raise exceptions.TimeoutError() from exc
asyncio.exceptions.TimeoutError

The above exception was the direct cause of the following exception:

Traceback (most recent call last):
  File "/mnt/storage/nobackup/nmb1063/mamba/envs/fegrow/lib/python3.9/site-packages/distributed/worker.py", line 2081, in gather_dep
    response = await get_data_from_worker(
  File "/mnt/storage/nobackup/nmb1063/mamba/envs/fegrow/lib/python3.9/site-packages/distributed/worker.py", line 2900, in get_data_from_worker
    comm = await rpc.connect(worker)
  File "/mnt/storage/nobackup/nmb1063/mamba/envs/fegrow/lib/python3.9/site-packages/distributed/core.py", line 1468, in connect
    return await connect_attempt
  File "/mnt/storage/nobackup/nmb1063/mamba/envs/fegrow/lib/python3.9/site-packages/distributed/core.py", line 1389, in _connect
    comm = await connect(
  File "/mnt/storage/nobackup/nmb1063/mamba/envs/fegrow/lib/python3.9/site-packages/distributed/comm/core.py", line 333, in connect
    raise OSError(
OSError: Timed out during handshake while connecting to tcp://10.3.89.129:46774 after 30 s
2024-01-29 02:53:12,114 - distributed.worker - ERROR - Worker stream died during communication: tcp://10.3.89.129:46774
Traceback (most recent call last):
  File "/mnt/storage/nobackup/nmb1063/mamba/envs/fegrow/lib/python3.9/site-packages/distributed/comm/tcp.py", line 225, in read
    frames_nbytes = await stream.read_bytes(fmt_size)
asyncio.exceptions.CancelledError

During handling of the above exception, another exception occurred:

Traceback (most recent call last):
  File "/mnt/storage/nobackup/nmb1063/mamba/envs/fegrow/lib/python3.9/asyncio/tasks.py", line 490, in wait_for
    return fut.result()
asyncio.exceptions.CancelledError

The above exception was the direct cause of the following exception:

Traceback (most recent call last):
  File "/mnt/storage/nobackup/nmb1063/mamba/envs/fegrow/lib/python3.9/site-packages/distributed/comm/core.py", line 328, in connect
    handshake = await asyncio.wait_for(comm.read(), time_left())
  File "/mnt/storage/nobackup/nmb1063/mamba/envs/fegrow/lib/python3.9/asyncio/tasks.py", line 492, in wait_for
    raise exceptions.TimeoutError() from exc
asyncio.exceptions.TimeoutError

The above exception was the direct cause of the following exception:

Traceback (most recent call last):
  File "/mnt/storage/nobackup/nmb1063/mamba/envs/fegrow/lib/python3.9/site-packages/distributed/worker.py", line 2081, in gather_dep
    response = await get_data_from_worker(
  File "/mnt/storage/nobackup/nmb1063/mamba/envs/fegrow/lib/python3.9/site-packages/distributed/worker.py", line 2900, in get_data_from_worker
    comm = await rpc.connect(worker)
  File "/mnt/storage/nobackup/nmb1063/mamba/envs/fegrow/lib/python3.9/site-packages/distributed/core.py", line 1468, in connect
    return await connect_attempt
  File "/mnt/storage/nobackup/nmb1063/mamba/envs/fegrow/lib/python3.9/site-packages/distributed/core.py", line 1389, in _connect
    comm = await connect(
  File "/mnt/storage/nobackup/nmb1063/mamba/envs/fegrow/lib/python3.9/site-packages/distributed/comm/core.py", line 333, in connect
    raise OSError(
OSError: Timed out during handshake while connecting to tcp://10.3.89.129:46774 after 30 s
2024-01-29 02:53:12,114 [ERROR] [worker.py:2115] distributed.worker: Worker stream died during communication: tcp://10.3.89.129:46774
Traceback (most recent call last):
  File "/mnt/storage/nobackup/nmb1063/mamba/envs/fegrow/lib/python3.9/site-packages/distributed/comm/tcp.py", line 225, in read
    frames_nbytes = await stream.read_bytes(fmt_size)
asyncio.exceptions.CancelledError

During handling of the above exception, another exception occurred:

Traceback (most recent call last):
  File "/mnt/storage/nobackup/nmb1063/mamba/envs/fegrow/lib/python3.9/asyncio/tasks.py", line 490, in wait_for
    return fut.result()
asyncio.exceptions.CancelledError

The above exception was the direct cause of the following exception:

Traceback (most recent call last):
  File "/mnt/storage/nobackup/nmb1063/mamba/envs/fegrow/lib/python3.9/site-packages/distributed/comm/core.py", line 328, in connect
    handshake = await asyncio.wait_for(comm.read(), time_left())
  File "/mnt/storage/nobackup/nmb1063/mamba/envs/fegrow/lib/python3.9/asyncio/tasks.py", line 492, in wait_for
    raise exceptions.TimeoutError() from exc
asyncio.exceptions.TimeoutError

The above exception was the direct cause of the following exception:

Traceback (most recent call last):
  File "/mnt/storage/nobackup/nmb1063/mamba/envs/fegrow/lib/python3.9/site-packages/distributed/worker.py", line 2081, in gather_dep
    response = await get_data_from_worker(
  File "/mnt/storage/nobackup/nmb1063/mamba/envs/fegrow/lib/python3.9/site-packages/distributed/worker.py", line 2900, in get_data_from_worker
    comm = await rpc.connect(worker)
  File "/mnt/storage/nobackup/nmb1063/mamba/envs/fegrow/lib/python3.9/site-packages/distributed/core.py", line 1468, in connect
    return await connect_attempt
  File "/mnt/storage/nobackup/nmb1063/mamba/envs/fegrow/lib/python3.9/site-packages/distributed/core.py", line 1389, in _connect
    comm = await connect(
  File "/mnt/storage/nobackup/nmb1063/mamba/envs/fegrow/lib/python3.9/site-packages/distributed/comm/core.py", line 333, in connect
    raise OSError(
OSError: Timed out during handshake while connecting to tcp://10.3.89.129:46774 after 30 s
/mnt/storage/nobackup/nmb1063/mamba/envs/fegrow/lib/python3.9/site-packages/parmed/structure.py:1775: UnitStrippedWarning: The unit of the quantity is stripped when downcasting to ndarray.
  coords = np.array(value, dtype=np.float64, copy=False, subok=True)
2024-01-29 02:53:28,990 [WARNING] [rdkit_wrapper.py:3213] openff.toolkit.utils.rdkit_wrapper: Warning (not error because allow_undefined_stereo=True): RDMol has unspecified stereochemistry. Undefined chiral centers are:
 - Atom C (index 3)

/mnt/storage/nobackup/nmb1063/mamba/envs/fegrow/lib/python3.9/site-packages/parmed/structure.py:1775: UnitStrippedWarning: The unit of the quantity is stripped when downcasting to ndarray.
  coords = np.array(value, dtype=np.float64, copy=False, subok=True)
2024-01-29 02:53:31,240 [WARNING] [rdkit_wrapper.py:3213] openff.toolkit.utils.rdkit_wrapper: Warning (not error because allow_undefined_stereo=True): RDMol has unspecified stereochemistry. Undefined chiral centers are:
 - Atom C (index 3)

TIME Completed the molecule generation in 176.0s.
TIME Completed the molecule generation in 241.7s.
TIME changed dir: 0.0s
TIME changed dir: 0.0s
Generated 16 conformers. 
Removed 12 conformers. 
Generated 44 conformers. 
Removed 37 conformers. 
using ani2x
/mnt/storage/nobackup/nmb1063/mamba/envs/fegrow/lib/python3.9/site-packages/torchani/resources/
failed to equip `nnpops` with error: No module named 'NNPOps'
Optimising conformer:   0%|                               | 0/4 [00:00<?, ?it/s]Optimising conformer:  25%|█████▊                 | 1/4 [00:02<00:08,  2.67s/it]Optimising conformer:  50%|███████████▌           | 2/4 [00:05<00:06,  3.04s/it]Optimising conformer:  75%|█████████████████▎     | 3/4 [00:08<00:02,  2.97s/it]Optimising conformer: 100%|███████████████████████| 4/4 [00:10<00:00,  2.45s/it]Optimising conformer: 100%|███████████████████████| 4/4 [00:10<00:00,  2.62s/it]
/mnt/storage/nobackup/nmb1063/code/gal/sars-cov-2-main-protease-al-study-plip/rsearcher.py:89: UserWarning: The ligand was an array (SDF?). Using the first frame. 
  warnings.warn("The ligand was an array (SDF?). Using the first frame. ")
/mnt/storage/nobackup/nmb1063/mamba/envs/fegrow/lib/python3.9/site-packages/parmed/structure.py:1775: UnitStrippedWarning: The unit of the quantity is stripped when downcasting to ndarray.
  coords = np.array(value, dtype=np.float64, copy=False, subok=True)
TIME Completed the molecule generation in 69.9s.
TIME changed dir: 0.0s
Generated 17 conformers. 
Removed 4 conformers. 
using ani2x
/mnt/storage/nobackup/nmb1063/mamba/envs/fegrow/lib/python3.9/site-packages/torchani/resources/
failed to equip `nnpops` with error: No module named 'NNPOps'
Optimising conformer:   0%|                              | 0/13 [00:00<?, ?it/s]Optimising conformer:   8%|█▋                    | 1/13 [00:03<00:36,  3.04s/it]Optimising conformer:  15%|███▍                  | 2/13 [00:04<00:22,  2.07s/it]Optimising conformer:  23%|█████                 | 3/13 [00:05<00:18,  1.82s/it]Optimising conformer:  31%|██████▊               | 4/13 [00:08<00:19,  2.12s/it]Optimising conformer:  38%|████████▍             | 5/13 [00:11<00:18,  2.28s/it]Optimising conformer:  46%|██████████▏           | 6/13 [00:12<00:13,  2.00s/it]Optimising conformer:  54%|███████████▊          | 7/13 [00:14<00:12,  2.04s/it]Optimising conformer:  62%|█████████████▌        | 8/13 [00:16<00:09,  1.89s/it]Optimising conformer:  69%|███████████████▏      | 9/13 [00:17<00:07,  1.82s/it]Optimising conformer:  77%|████████████████▏    | 10/13 [00:19<00:05,  1.71s/it]Optimising conformer:  85%|█████████████████▊   | 11/13 [00:20<00:03,  1.58s/it]Optimising conformer:  92%|███████████████████▍ | 12/13 [00:22<00:01,  1.67s/it]Optimising conformer: 100%|█████████████████████| 13/13 [00:24<00:00,  1.61s/it]Optimising conformer: 100%|█████████████████████| 13/13 [00:24<00:00,  1.85s/it]
/mnt/storage/nobackup/nmb1063/code/gal/sars-cov-2-main-protease-al-study-plip/rsearcher.py:89: UserWarning: The ligand was an array (SDF?). Using the first frame. 
  warnings.warn("The ligand was an array (SDF?). Using the first frame. ")
using ani2x
/mnt/storage/nobackup/nmb1063/mamba/envs/fegrow/lib/python3.9/site-packages/torchani/resources/
failed to equip `nnpops` with error: No module named 'NNPOps'
TIME Completed the molecule generation in 62.9s.
Optimising conformer:   0%|                               | 0/7 [00:00<?, ?it/s]Optimising conformer:  14%|███▎                   | 1/7 [00:05<00:32,  5.38s/it]Optimising conformer:  29%|██████▌                | 2/7 [00:08<00:18,  3.77s/it]Optimising conformer:  43%|█████████▊             | 3/7 [00:13<00:17,  4.44s/it]Optimising conformer:  57%|█████████████▏         | 4/7 [00:16<00:12,  4.13s/it]Optimising conformer:  71%|████████████████▍      | 5/7 [00:20<00:07,  3.82s/it]Optimising conformer:  86%|███████████████████▋   | 6/7 [00:22<00:03,  3.36s/it]Optimising conformer: 100%|███████████████████████| 7/7 [00:26<00:00,  3.36s/it]Optimising conformer: 100%|███████████████████████| 7/7 [00:26<00:00,  3.72s/it]
2024-01-29 03:12:55,467 - distributed.core - INFO - Event loop was unresponsive in Worker for 3.86s.  This is often caused by long-running GIL-holding functions or moving large chunks of data. This can cause timeouts and instability.
2024-01-29 03:12:55,467 [INFO] [core.py:595] distributed.core: Event loop was unresponsive in Worker for 3.86s.  This is often caused by long-running GIL-holding functions or moving large chunks of data. This can cause timeouts and instability.
2024-01-29 03:33:34,290 [WARNING] [rdkit_wrapper.py:3213] openff.toolkit.utils.rdkit_wrapper: Warning (not error because allow_undefined_stereo=True): RDMol has unspecified stereochemistry. Bonds with undefined stereochemistry are:
 - Bond 0 (atoms 0-1 of element (C-N)

/mnt/storage/nobackup/nmb1063/mamba/envs/fegrow/lib/python3.9/site-packages/parmed/structure.py:1775: UnitStrippedWarning: The unit of the quantity is stripped when downcasting to ndarray.
  coords = np.array(value, dtype=np.float64, copy=False, subok=True)
2024-01-29 03:33:37,827 [WARNING] [rdkit_wrapper.py:3213] openff.toolkit.utils.rdkit_wrapper: Warning (not error because allow_undefined_stereo=True): RDMol has unspecified stereochemistry. Bonds with undefined stereochemistry are:
 - Bond 0 (atoms 0-1 of element (C-N)

TIME Completed the molecule generation in 162.8s.
TIME changed dir: 0.0s
TIME changed dir: 0.0s
Generated 25 conformers. 
Generated 18 conformers. 
Removed 15 conformers. 
Removed 12 conformers. 
using ani2x
/mnt/storage/nobackup/nmb1063/mamba/envs/fegrow/lib/python3.9/site-packages/torchani/resources/
failed to equip `nnpops` with error: No module named 'NNPOps'
Optimising conformer:   0%|                              | 0/10 [00:00<?, ?it/s]Optimising conformer:  10%|██▏                   | 1/10 [00:03<00:33,  3.67s/it]Optimising conformer:  20%|████▍                 | 2/10 [00:09<00:39,  4.94s/it]Optimising conformer:  30%|██████▌               | 3/10 [00:15<00:37,  5.36s/it]Optimising conformer:  40%|████████▊             | 4/10 [00:17<00:23,  3.89s/it]Optimising conformer:  50%|███████████           | 5/10 [00:19<00:16,  3.33s/it]Optimising conformer:  60%|█████████████▏        | 6/10 [00:22<00:12,  3.15s/it]Optimising conformer:  70%|███████████████▍      | 7/10 [00:25<00:09,  3.08s/it]Optimising conformer:  80%|█████████████████▌    | 8/10 [00:26<00:05,  2.64s/it]Optimising conformer:  90%|███████████████████▊  | 9/10 [00:29<00:02,  2.70s/it]Optimising conformer: 100%|█████████████████████| 10/10 [00:31<00:00,  2.44s/it]Optimising conformer: 100%|█████████████████████| 10/10 [00:31<00:00,  3.15s/it]
/mnt/storage/nobackup/nmb1063/code/gal/sars-cov-2-main-protease-al-study-plip/rsearcher.py:89: UserWarning: The ligand was an array (SDF?). Using the first frame. 
  warnings.warn("The ligand was an array (SDF?). Using the first frame. ")
TIME Completed the molecule generation in 92.7s.
using ani2x
/mnt/storage/nobackup/nmb1063/mamba/envs/fegrow/lib/python3.9/site-packages/torchani/resources/
failed to equip `nnpops` with error: No module named 'NNPOps'
Optimising conformer:   0%|                               | 0/6 [00:00<?, ?it/s]Optimising conformer:  17%|███▊                   | 1/6 [00:03<00:19,  3.89s/it]Optimising conformer:  33%|███████▋               | 2/6 [00:05<00:09,  2.39s/it]Optimising conformer:  50%|███████████▌           | 3/6 [00:06<00:05,  1.91s/it]Optimising conformer:  67%|███████████████▎       | 4/6 [00:08<00:03,  1.75s/it]Optimising conformer:  83%|███████████████████▏   | 5/6 [00:10<00:02,  2.07s/it]Optimising conformer: 100%|███████████████████████| 6/6 [00:12<00:00,  1.81s/it]Optimising conformer: 100%|███████████████████████| 6/6 [00:12<00:00,  2.00s/it]
/mnt/storage/nobackup/nmb1063/code/gal/sars-cov-2-main-protease-al-study-plip/rsearcher.py:89: UserWarning: The ligand was an array (SDF?). Using the first frame. 
  warnings.warn("The ligand was an array (SDF?). Using the first frame. ")
slurmstepd: error: *** JOB 19877646 ON sb048 CANCELLED AT 2024-01-29T04:10:38 DUE TO TIME LIMIT ***
