hostname sb102.cluster
ipconfig 1: lo: <LOOPBACK,UP,LOWER_UP> mtu 65536 qdisc noqueue state UNKNOWN group default qlen 1000 link/loopback 00:00:00:00:00:00 brd 00:00:00:00:00:00 inet 127.0.0.1/8 scope host lo valid_lft forever preferred_lft forever inet6 ::1/128 scope host valid_lft forever preferred_lft forever 2: enp4s0f0: <BROADCAST,MULTICAST,UP,LOWER_UP> mtu 9000 qdisc mq state UP group default qlen 1000 link/ether a0:8c:f8:74:c8:ec brd ff:ff:ff:ff:ff:ff inet 10.3.81.182/22 brd 10.3.83.255 scope global enp4s0f0 valid_lft forever preferred_lft forever inet6 fe80::a28c:f8ff:fe74:c8ec/64 scope link valid_lft forever preferred_lft forever 3: enp4s0f1: <BROADCAST,MULTICAST> mtu 1500 qdisc noop state DOWN group default qlen 1000 link/ether a0:8c:f8:74:c8:ed brd ff:ff:ff:ff:ff:ff 4: enp4s0f2: <BROADCAST,MULTICAST> mtu 1500 qdisc noop state DOWN group default qlen 1000 link/ether a0:8c:f8:74:c8:ee brd ff:ff:ff:ff:ff:ff 5: enp4s0f3: <BROADCAST,MULTICAST> mtu 1500 qdisc noop state DOWN group default qlen 1000 link/ether a0:8c:f8:74:c8:ef brd ff:ff:ff:ff:ff:ff 6: ib0: <BROADCAST,MULTICAST,UP,LOWER_UP> mtu 4092 qdisc pfifo_fast state UP group default qlen 256 link/infiniband 80:00:00:29:fe:80:00:00:00:00:00:00:70:79:90:03:00:50:5d:03 brd 00:ff:ff:ff:ff:12:40:1b:ff:ff:00:00:00:00:00:00:ff:ff:ff:ff inet 10.3.89.182/22 brd 10.3.91.255 scope global ib0 valid_lft forever preferred_lft forever inet 10.3.97.182/22 brd 10.3.99.255 scope global ib0:1 valid_lft forever preferred_lft forever inet6 fe80::7279:9003:50:5d03/64 scope link valid_lft forever preferred_lft forever 7: ib1: <BROADCAST,MULTICAST> mtu 4092 qdisc noop state DOWN group default qlen 256 link/infiniband 80:00:00:29:fe:80:00:00:00:00:00:00:70:79:90:03:00:50:5d:04 brd 00:ff:ff:ff:ff:12:40:1b:ff:ff:00:00:00:00:00:00:ff:ff:ff:ff
2024-01-28 20:30:20,429 - distributed.nanny - INFO -         Start Nanny at: 'tcp://10.3.89.182:41078'
2024-01-28 20:30:24,105 - distributed.diskutils - INFO - Found stale lock file and directory '/scratch/dask-worker-space/worker-m6f5iq9m', purging
2024-01-28 20:30:35,300 - distributed.worker - INFO -       Start worker at:    tcp://10.3.89.182:33543
2024-01-28 20:30:35,333 - distributed.worker - INFO -          Listening to:    tcp://10.3.89.182:33543
2024-01-28 20:30:35,333 - distributed.worker - INFO -           Worker name:            SLURMCluster-43
2024-01-28 20:30:35,333 - distributed.worker - INFO -          dashboard at:          10.3.89.182:44821
2024-01-28 20:30:35,333 - distributed.worker - INFO - Waiting to connect to:     tcp://10.3.88.11:44532
2024-01-28 20:30:35,333 - distributed.worker - INFO - -------------------------------------------------
2024-01-28 20:30:35,333 - distributed.worker - INFO -               Threads:                          2
2024-01-28 20:30:35,333 - distributed.worker - INFO -                Memory:                  20.49 GiB
2024-01-28 20:30:35,333 - distributed.worker - INFO -       Local Directory: /scratch/dask-worker-space/worker-hdrt142g
2024-01-28 20:30:35,333 - distributed.worker - INFO - -------------------------------------------------
2024-01-28 20:30:35,399 - distributed.worker - INFO -         Registered to:     tcp://10.3.88.11:44532
2024-01-28 20:30:35,400 - distributed.worker - INFO - -------------------------------------------------
2024-01-28 20:30:35,400 - distributed.core - INFO - Starting established connection to tcp://10.3.88.11:44532
2024-01-28 20:33:47,467 - distributed.worker - ERROR - Worker stream died during communication: tcp://10.3.89.132:38501
Traceback (most recent call last):
  File "/mnt/storage/nobackup/nmb1063/mamba/envs/fegrow/lib/python3.9/site-packages/distributed/comm/tcp.py", line 225, in read
    frames_nbytes = await stream.read_bytes(fmt_size)
asyncio.exceptions.CancelledError

During handling of the above exception, another exception occurred:

Traceback (most recent call last):
  File "/mnt/storage/nobackup/nmb1063/mamba/envs/fegrow/lib/python3.9/asyncio/tasks.py", line 490, in wait_for
    return fut.result()
asyncio.exceptions.CancelledError

The above exception was the direct cause of the following exception:

Traceback (most recent call last):
  File "/mnt/storage/nobackup/nmb1063/mamba/envs/fegrow/lib/python3.9/site-packages/distributed/comm/core.py", line 328, in connect
    handshake = await asyncio.wait_for(comm.read(), time_left())
  File "/mnt/storage/nobackup/nmb1063/mamba/envs/fegrow/lib/python3.9/asyncio/tasks.py", line 492, in wait_for
    raise exceptions.TimeoutError() from exc
asyncio.exceptions.TimeoutError

The above exception was the direct cause of the following exception:

Traceback (most recent call last):
  File "/mnt/storage/nobackup/nmb1063/mamba/envs/fegrow/lib/python3.9/site-packages/distributed/worker.py", line 2081, in gather_dep
    response = await get_data_from_worker(
  File "/mnt/storage/nobackup/nmb1063/mamba/envs/fegrow/lib/python3.9/site-packages/distributed/worker.py", line 2900, in get_data_from_worker
    comm = await rpc.connect(worker)
  File "/mnt/storage/nobackup/nmb1063/mamba/envs/fegrow/lib/python3.9/site-packages/distributed/core.py", line 1468, in connect
    return await connect_attempt
  File "/mnt/storage/nobackup/nmb1063/mamba/envs/fegrow/lib/python3.9/site-packages/distributed/core.py", line 1389, in _connect
    comm = await connect(
  File "/mnt/storage/nobackup/nmb1063/mamba/envs/fegrow/lib/python3.9/site-packages/distributed/comm/core.py", line 333, in connect
    raise OSError(
OSError: Timed out during handshake while connecting to tcp://10.3.89.132:38501 after 30 s
2024-01-28 20:34:19,411 - distributed.worker - ERROR - Worker stream died during communication: tcp://10.3.89.132:38501
Traceback (most recent call last):
  File "/mnt/storage/nobackup/nmb1063/mamba/envs/fegrow/lib/python3.9/site-packages/distributed/comm/tcp.py", line 225, in read
    frames_nbytes = await stream.read_bytes(fmt_size)
asyncio.exceptions.CancelledError

During handling of the above exception, another exception occurred:

Traceback (most recent call last):
  File "/mnt/storage/nobackup/nmb1063/mamba/envs/fegrow/lib/python3.9/asyncio/tasks.py", line 490, in wait_for
    return fut.result()
asyncio.exceptions.CancelledError

The above exception was the direct cause of the following exception:

Traceback (most recent call last):
  File "/mnt/storage/nobackup/nmb1063/mamba/envs/fegrow/lib/python3.9/site-packages/distributed/comm/core.py", line 328, in connect
    handshake = await asyncio.wait_for(comm.read(), time_left())
  File "/mnt/storage/nobackup/nmb1063/mamba/envs/fegrow/lib/python3.9/asyncio/tasks.py", line 492, in wait_for
    raise exceptions.TimeoutError() from exc
asyncio.exceptions.TimeoutError

The above exception was the direct cause of the following exception:

Traceback (most recent call last):
  File "/mnt/storage/nobackup/nmb1063/mamba/envs/fegrow/lib/python3.9/site-packages/distributed/worker.py", line 2081, in gather_dep
    response = await get_data_from_worker(
  File "/mnt/storage/nobackup/nmb1063/mamba/envs/fegrow/lib/python3.9/site-packages/distributed/worker.py", line 2900, in get_data_from_worker
    comm = await rpc.connect(worker)
  File "/mnt/storage/nobackup/nmb1063/mamba/envs/fegrow/lib/python3.9/site-packages/distributed/core.py", line 1468, in connect
    return await connect_attempt
  File "/mnt/storage/nobackup/nmb1063/mamba/envs/fegrow/lib/python3.9/site-packages/distributed/core.py", line 1389, in _connect
    comm = await connect(
  File "/mnt/storage/nobackup/nmb1063/mamba/envs/fegrow/lib/python3.9/site-packages/distributed/comm/core.py", line 333, in connect
    raise OSError(
OSError: Timed out during handshake while connecting to tcp://10.3.89.132:38501 after 30 s
2024-01-28 20:35:00,125 - distributed.core - INFO - Event loop was unresponsive in Worker for 19.40s.  This is often caused by long-running GIL-holding functions or moving large chunks of data. This can cause timeouts and instability.
2024-01-28 20:35:00,125 [INFO] [core.py:595] distributed.core: Event loop was unresponsive in Worker for 19.40s.  This is often caused by long-running GIL-holding functions or moving large chunks of data. This can cause timeouts and instability.
/mnt/storage/nobackup/nmb1063/mamba/envs/fegrow/lib/python3.9/site-packages/parmed/structure.py:1775: UnitStrippedWarning: The unit of the quantity is stripped when downcasting to ndarray.
  coords = np.array(value, dtype=np.float64, copy=False, subok=True)
/mnt/storage/nobackup/nmb1063/mamba/envs/fegrow/lib/python3.9/site-packages/torchani/__init__.py:55: UserWarning: Dependency not satisfied, torchani.ase will not be available
  warnings.warn("Dependency not satisfied, torchani.ase will not be available")
2024-01-28 20:35:44,695 [WARNING] [__init__.py:5] root: Warning: importing 'simtk.openmm' is deprecated.  Import 'openmm' instead.
TIME changed dir: 0.0s
TIME changed dir: 0.0s
Generated 12 conformers. 
Removed 4 conformers. 
Generated 46 conformers. 
Removed 37 conformers. 
using ani2x
/mnt/storage/nobackup/nmb1063/mamba/envs/fegrow/lib/python3.9/site-packages/torchani/resources/
failed to equip `nnpops` with error: No module named 'NNPOps'
Optimising conformer:   0%|                               | 0/8 [00:00<?, ?it/s][W BinaryOps.cpp:601] Warning: floor_divide is deprecated, and will be removed in a future version of pytorch. It currently rounds toward 0 (like the 'trunc' function NOT 'floor'). This results in incorrect rounding for negative values.
To keep the current behavior, use torch.div(a, b, rounding_mode='trunc'), or for actual floor division, use torch.div(a, b, rounding_mode='floor'). (function operator())
Optimising conformer:  12%|â–ˆâ–ˆâ–‰                    | 1/8 [00:03<00:22,  3.17s/it]Optimising conformer:  25%|â–ˆâ–ˆâ–ˆâ–ˆâ–ˆâ–Š                 | 2/8 [00:04<00:12,  2.04s/it]Optimising conformer:  38%|â–ˆâ–ˆâ–ˆâ–ˆâ–ˆâ–ˆâ–ˆâ–ˆâ–‹              | 3/8 [00:05<00:08,  1.74s/it]Optimising conformer:  50%|â–ˆâ–ˆâ–ˆâ–ˆâ–ˆâ–ˆâ–ˆâ–ˆâ–ˆâ–ˆâ–ˆâ–Œ           | 4/8 [00:08<00:08,  2.22s/it]Optimising conformer:  62%|â–ˆâ–ˆâ–ˆâ–ˆâ–ˆâ–ˆâ–ˆâ–ˆâ–ˆâ–ˆâ–ˆâ–ˆâ–ˆâ–ˆâ–        | 5/8 [00:10<00:05,  1.91s/it]Optimising conformer:  75%|â–ˆâ–ˆâ–ˆâ–ˆâ–ˆâ–ˆâ–ˆâ–ˆâ–ˆâ–ˆâ–ˆâ–ˆâ–ˆâ–ˆâ–ˆâ–ˆâ–ˆâ–Ž     | 6/8 [00:11<00:03,  1.76s/it]Optimising conformer:  88%|â–ˆâ–ˆâ–ˆâ–ˆâ–ˆâ–ˆâ–ˆâ–ˆâ–ˆâ–ˆâ–ˆâ–ˆâ–ˆâ–ˆâ–ˆâ–ˆâ–ˆâ–ˆâ–ˆâ–ˆâ–  | 7/8 [00:14<00:02,  2.01s/it]Optimising conformer: 100%|â–ˆâ–ˆâ–ˆâ–ˆâ–ˆâ–ˆâ–ˆâ–ˆâ–ˆâ–ˆâ–ˆâ–ˆâ–ˆâ–ˆâ–ˆâ–ˆâ–ˆâ–ˆâ–ˆâ–ˆâ–ˆâ–ˆâ–ˆ| 8/8 [00:16<00:00,  2.26s/it]Optimising conformer: 100%|â–ˆâ–ˆâ–ˆâ–ˆâ–ˆâ–ˆâ–ˆâ–ˆâ–ˆâ–ˆâ–ˆâ–ˆâ–ˆâ–ˆâ–ˆâ–ˆâ–ˆâ–ˆâ–ˆâ–ˆâ–ˆâ–ˆâ–ˆ| 8/8 [00:16<00:00,  2.11s/it]
/mnt/storage/nobackup/nmb1063/code/gal/sars-cov-2-main-protease-al-study-plip/rsearcher.py:89: UserWarning: The ligand was an array (SDF?). Using the first frame. 
  warnings.warn("The ligand was an array (SDF?). Using the first frame. ")
/mnt/storage/nobackup/nmb1063/mamba/envs/fegrow/lib/python3.9/site-packages/parmed/structure.py:1775: UnitStrippedWarning: The unit of the quantity is stripped when downcasting to ndarray.
  coords = np.array(value, dtype=np.float64, copy=False, subok=True)
TIME Completed the molecule generation in 70.4s.
TIME changed dir: 0.0s
Generated 29 conformers. 
Removed 15 conformers. 
Using force field
Optimising conformer:   0%|                               | 0/9 [00:00<?, ?it/s]Optimising conformer:  11%|â–ˆâ–ˆâ–Œ                    | 1/9 [00:00<00:07,  1.12it/s]Optimising conformer:  22%|â–ˆâ–ˆâ–ˆâ–ˆâ–ˆ                  | 2/9 [00:02<00:09,  1.36s/it]Optimising conformer:  33%|â–ˆâ–ˆâ–ˆâ–ˆâ–ˆâ–ˆâ–ˆâ–‹               | 3/9 [00:05<00:12,  2.03s/it]Optimising conformer:  44%|â–ˆâ–ˆâ–ˆâ–ˆâ–ˆâ–ˆâ–ˆâ–ˆâ–ˆâ–ˆâ–            | 4/9 [00:06<00:08,  1.75s/it]Optimising conformer:  56%|â–ˆâ–ˆâ–ˆâ–ˆâ–ˆâ–ˆâ–ˆâ–ˆâ–ˆâ–ˆâ–ˆâ–ˆâ–Š          | 5/9 [00:07<00:05,  1.45s/it]Optimising conformer:  67%|â–ˆâ–ˆâ–ˆâ–ˆâ–ˆâ–ˆâ–ˆâ–ˆâ–ˆâ–ˆâ–ˆâ–ˆâ–ˆâ–ˆâ–ˆâ–Ž       | 6/9 [00:10<00:05,  1.77s/it]Optimising conformer:  78%|â–ˆâ–ˆâ–ˆâ–ˆâ–ˆâ–ˆâ–ˆâ–ˆâ–ˆâ–ˆâ–ˆâ–ˆâ–ˆâ–ˆâ–ˆâ–ˆâ–ˆâ–‰     | 7/9 [00:10<00:02,  1.45s/it]Optimising conformer:  89%|â–ˆâ–ˆâ–ˆâ–ˆâ–ˆâ–ˆâ–ˆâ–ˆâ–ˆâ–ˆâ–ˆâ–ˆâ–ˆâ–ˆâ–ˆâ–ˆâ–ˆâ–ˆâ–ˆâ–ˆâ–  | 8/9 [00:16<00:02,  2.65s/it]Optimising conformer: 100%|â–ˆâ–ˆâ–ˆâ–ˆâ–ˆâ–ˆâ–ˆâ–ˆâ–ˆâ–ˆâ–ˆâ–ˆâ–ˆâ–ˆâ–ˆâ–ˆâ–ˆâ–ˆâ–ˆâ–ˆâ–ˆâ–ˆâ–ˆ| 9/9 [00:16<00:00,  2.09s/it]Optimising conformer: 100%|â–ˆâ–ˆâ–ˆâ–ˆâ–ˆâ–ˆâ–ˆâ–ˆâ–ˆâ–ˆâ–ˆâ–ˆâ–ˆâ–ˆâ–ˆâ–ˆâ–ˆâ–ˆâ–ˆâ–ˆâ–ˆâ–ˆâ–ˆ| 9/9 [00:16<00:00,  1.88s/it]
/mnt/storage/nobackup/nmb1063/code/gal/sars-cov-2-main-protease-al-study-plip/rsearcher.py:89: UserWarning: The ligand was an array (SDF?). Using the first frame. 
  warnings.warn("The ligand was an array (SDF?). Using the first frame. ")
2024-01-28 20:36:38,850 [WARNING] [rdkit_wrapper.py:3213] openff.toolkit.utils.rdkit_wrapper: Warning (not error because allow_undefined_stereo=True): RDMol has unspecified stereochemistry. Bonds with undefined stereochemistry are:
 - Bond 17 (atoms 1-18 of element (C-C)

/mnt/storage/nobackup/nmb1063/mamba/envs/fegrow/lib/python3.9/site-packages/parmed/structure.py:1775: UnitStrippedWarning: The unit of the quantity is stripped when downcasting to ndarray.
  coords = np.array(value, dtype=np.float64, copy=False, subok=True)
2024-01-28 20:36:40,792 [WARNING] [rdkit_wrapper.py:3213] openff.toolkit.utils.rdkit_wrapper: Warning (not error because allow_undefined_stereo=True): RDMol has unspecified stereochemistry. Bonds with undefined stereochemistry are:
 - Bond 17 (atoms 1-18 of element (C-C)

TIME Completed the molecule generation in 95.1s.
TIME changed dir: 0.0s
Generated 29 conformers. 
Removed 16 conformers. 
using ani2x
/mnt/storage/nobackup/nmb1063/mamba/envs/fegrow/lib/python3.9/site-packages/torchani/resources/
failed to equip `nnpops` with error: No module named 'NNPOps'
Optimising conformer:   0%|                              | 0/14 [00:00<?, ?it/s]Optimising conformer:   7%|â–ˆâ–Œ                    | 1/14 [00:03<00:42,  3.31s/it]Optimising conformer:  14%|â–ˆâ–ˆâ–ˆâ–                  | 2/14 [00:05<00:29,  2.49s/it]Optimising conformer:  21%|â–ˆâ–ˆâ–ˆâ–ˆâ–‹                 | 3/14 [00:07<00:25,  2.29s/it]Optimising conformer:  29%|â–ˆâ–ˆâ–ˆâ–ˆâ–ˆâ–ˆâ–Ž               | 4/14 [00:09<00:22,  2.21s/it]Optimising conformer:  36%|â–ˆâ–ˆâ–ˆâ–ˆâ–ˆâ–ˆâ–ˆâ–Š              | 5/14 [00:10<00:17,  2.00s/it]Optimising conformer:  43%|â–ˆâ–ˆâ–ˆâ–ˆâ–ˆâ–ˆâ–ˆâ–ˆâ–ˆâ–            | 6/14 [00:15<00:21,  2.70s/it]Optimising conformer:  50%|â–ˆâ–ˆâ–ˆâ–ˆâ–ˆâ–ˆâ–ˆâ–ˆâ–ˆâ–ˆâ–ˆ           | 7/14 [00:17<00:18,  2.61s/it]Optimising conformer:  57%|â–ˆâ–ˆâ–ˆâ–ˆâ–ˆâ–ˆâ–ˆâ–ˆâ–ˆâ–ˆâ–ˆâ–ˆâ–Œ         | 8/14 [00:23<00:22,  3.82s/it]Optimising conformer:  64%|â–ˆâ–ˆâ–ˆâ–ˆâ–ˆâ–ˆâ–ˆâ–ˆâ–ˆâ–ˆâ–ˆâ–ˆâ–ˆâ–ˆâ–       | 9/14 [00:25<00:15,  3.14s/it]Using force field

Optimising conformer:   0%|                              | 0/13 [00:00<?, ?it/s][A
Optimising conformer:   8%|â–ˆâ–‹                    | 1/13 [00:00<00:08,  1.43it/s][A
Optimising conformer:  15%|â–ˆâ–ˆâ–ˆâ–                  | 2/13 [00:01<00:10,  1.00it/s][A
Optimising conformer:  23%|â–ˆâ–ˆâ–ˆâ–ˆâ–ˆ                 | 3/13 [00:02<00:07,  1.28it/s][A
Optimising conformer:  31%|â–ˆâ–ˆâ–ˆâ–ˆâ–ˆâ–ˆâ–Š               | 4/13 [00:03<00:08,  1.04it/s][AOptimising conformer:  71%|â–ˆâ–ˆâ–ˆâ–ˆâ–ˆâ–ˆâ–ˆâ–ˆâ–ˆâ–ˆâ–ˆâ–ˆâ–ˆâ–ˆâ–ˆ      | 10/14 [00:29<00:14,  3.55s/it]
Optimising conformer:  38%|â–ˆâ–ˆâ–ˆâ–ˆâ–ˆâ–ˆâ–ˆâ–ˆâ–             | 5/13 [00:05<00:09,  1.21s/it][A
Optimising conformer:  46%|â–ˆâ–ˆâ–ˆâ–ˆâ–ˆâ–ˆâ–ˆâ–ˆâ–ˆâ–ˆâ–           | 6/13 [00:06<00:07,  1.10s/it][A
Optimising conformer:  54%|â–ˆâ–ˆâ–ˆâ–ˆâ–ˆâ–ˆâ–ˆâ–ˆâ–ˆâ–ˆâ–ˆâ–Š          | 7/13 [00:06<00:05,  1.04it/s][AOptimising conformer:  79%|â–ˆâ–ˆâ–ˆâ–ˆâ–ˆâ–ˆâ–ˆâ–ˆâ–ˆâ–ˆâ–ˆâ–ˆâ–ˆâ–ˆâ–ˆâ–ˆâ–Œ    | 11/14 [00:33<00:10,  3.42s/it]
Optimising conformer:  62%|â–ˆâ–ˆâ–ˆâ–ˆâ–ˆâ–ˆâ–ˆâ–ˆâ–ˆâ–ˆâ–ˆâ–ˆâ–ˆâ–Œ        | 8/13 [00:07<00:04,  1.13it/s][A
Optimising conformer:  69%|â–ˆâ–ˆâ–ˆâ–ˆâ–ˆâ–ˆâ–ˆâ–ˆâ–ˆâ–ˆâ–ˆâ–ˆâ–ˆâ–ˆâ–ˆâ–      | 9/13 [00:08<00:03,  1.09it/s][A
Optimising conformer:  77%|â–ˆâ–ˆâ–ˆâ–ˆâ–ˆâ–ˆâ–ˆâ–ˆâ–ˆâ–ˆâ–ˆâ–ˆâ–ˆâ–ˆâ–ˆâ–ˆâ–    | 10/13 [00:10<00:03,  1.09s/it][A
Optimising conformer:  85%|â–ˆâ–ˆâ–ˆâ–ˆâ–ˆâ–ˆâ–ˆâ–ˆâ–ˆâ–ˆâ–ˆâ–ˆâ–ˆâ–ˆâ–ˆâ–ˆâ–ˆâ–Š   | 11/13 [00:10<00:01,  1.07it/s][AOptimising conformer:  86%|â–ˆâ–ˆâ–ˆâ–ˆâ–ˆâ–ˆâ–ˆâ–ˆâ–ˆâ–ˆâ–ˆâ–ˆâ–ˆâ–ˆâ–ˆâ–ˆâ–ˆâ–ˆ   | 12/14 [00:36<00:06,  3.40s/it]
Optimising conformer:  92%|â–ˆâ–ˆâ–ˆâ–ˆâ–ˆâ–ˆâ–ˆâ–ˆâ–ˆâ–ˆâ–ˆâ–ˆâ–ˆâ–ˆâ–ˆâ–ˆâ–ˆâ–ˆâ–ˆâ– | 12/13 [00:11<00:00,  1.08it/s][A
Optimising conformer: 100%|â–ˆâ–ˆâ–ˆâ–ˆâ–ˆâ–ˆâ–ˆâ–ˆâ–ˆâ–ˆâ–ˆâ–ˆâ–ˆâ–ˆâ–ˆâ–ˆâ–ˆâ–ˆâ–ˆâ–ˆâ–ˆ| 13/13 [00:12<00:00,  1.11it/s][AOptimising conformer: 100%|â–ˆâ–ˆâ–ˆâ–ˆâ–ˆâ–ˆâ–ˆâ–ˆâ–ˆâ–ˆâ–ˆâ–ˆâ–ˆâ–ˆâ–ˆâ–ˆâ–ˆâ–ˆâ–ˆâ–ˆâ–ˆ| 13/13 [00:12<00:00,  1.05it/s]
/mnt/storage/nobackup/nmb1063/code/gal/sars-cov-2-main-protease-al-study-plip/rsearcher.py:89: UserWarning: The ligand was an array (SDF?). Using the first frame. 
  warnings.warn("The ligand was an array (SDF?). Using the first frame. ")
Optimising conformer:  93%|â–ˆâ–ˆâ–ˆâ–ˆâ–ˆâ–ˆâ–ˆâ–ˆâ–ˆâ–ˆâ–ˆâ–ˆâ–ˆâ–ˆâ–ˆâ–ˆâ–ˆâ–ˆâ–ˆâ–Œ | 13/14 [00:38<00:03,  3.05s/it]Optimising conformer: 100%|â–ˆâ–ˆâ–ˆâ–ˆâ–ˆâ–ˆâ–ˆâ–ˆâ–ˆâ–ˆâ–ˆâ–ˆâ–ˆâ–ˆâ–ˆâ–ˆâ–ˆâ–ˆâ–ˆâ–ˆâ–ˆ| 14/14 [00:43<00:00,  3.64s/it]Optimising conformer: 100%|â–ˆâ–ˆâ–ˆâ–ˆâ–ˆâ–ˆâ–ˆâ–ˆâ–ˆâ–ˆâ–ˆâ–ˆâ–ˆâ–ˆâ–ˆâ–ˆâ–ˆâ–ˆâ–ˆâ–ˆâ–ˆ| 14/14 [00:43<00:00,  3.12s/it]
2024-01-28 20:46:42,943 - distributed.utils_perf - INFO - full garbage collection released 9.87 MiB from 583867 reference cycles (threshold: 9.54 MiB)
2024-01-28 20:46:42,943 [INFO] [utils_perf.py:198] distributed.utils_perf: full garbage collection released 9.87 MiB from 583867 reference cycles (threshold: 9.54 MiB)
2024-01-28 20:54:27,761 - distributed.core - INFO - Event loop was unresponsive in Worker for 5.86s.  This is often caused by long-running GIL-holding functions or moving large chunks of data. This can cause timeouts and instability.
2024-01-28 20:54:27,761 [INFO] [core.py:595] distributed.core: Event loop was unresponsive in Worker for 5.86s.  This is often caused by long-running GIL-holding functions or moving large chunks of data. This can cause timeouts and instability.
2024-01-28 20:54:48,562 - distributed.core - INFO - Event loop was unresponsive in Worker for 3.16s.  This is often caused by long-running GIL-holding functions or moving large chunks of data. This can cause timeouts and instability.
2024-01-28 20:54:48,562 [INFO] [core.py:595] distributed.core: Event loop was unresponsive in Worker for 3.16s.  This is often caused by long-running GIL-holding functions or moving large chunks of data. This can cause timeouts and instability.
2024-01-28 21:06:17,886 [WARNING] [rdkit_wrapper.py:3213] openff.toolkit.utils.rdkit_wrapper: Warning (not error because allow_undefined_stereo=True): RDMol has unspecified stereochemistry. Bonds with undefined stereochemistry are:
 - Bond 1 (atoms 1-2 of element (N-C)

/mnt/storage/nobackup/nmb1063/mamba/envs/fegrow/lib/python3.9/site-packages/parmed/structure.py:1775: UnitStrippedWarning: The unit of the quantity is stripped when downcasting to ndarray.
  coords = np.array(value, dtype=np.float64, copy=False, subok=True)
2024-01-28 21:06:21,879 [WARNING] [rdkit_wrapper.py:3213] openff.toolkit.utils.rdkit_wrapper: Warning (not error because allow_undefined_stereo=True): RDMol has unspecified stereochemistry. Bonds with undefined stereochemistry are:
 - Bond 1 (atoms 1-2 of element (N-C)

2024-01-28 21:06:26,810 [WARNING] [rdkit_wrapper.py:3213] openff.toolkit.utils.rdkit_wrapper: Warning (not error because allow_undefined_stereo=True): RDMol has unspecified stereochemistry. Undefined chiral centers are:
 - Atom C (index 13)
 - Atom C (index 15)

/mnt/storage/nobackup/nmb1063/mamba/envs/fegrow/lib/python3.9/site-packages/parmed/structure.py:1775: UnitStrippedWarning: The unit of the quantity is stripped when downcasting to ndarray.
  coords = np.array(value, dtype=np.float64, copy=False, subok=True)
2024-01-28 21:06:28,666 [WARNING] [rdkit_wrapper.py:3213] openff.toolkit.utils.rdkit_wrapper: Warning (not error because allow_undefined_stereo=True): RDMol has unspecified stereochemistry. Undefined chiral centers are:
 - Atom C (index 13)
 - Atom C (index 15)

TIME Completed the molecule generation in 61.5s.
TIME Completed the molecule generation in 90.8s.
TIME changed dir: 0.0s
TIME changed dir: 0.0s
Generated 8 conformers. 
Removed 5 conformers. 
Generated 50 conformers. 
Removed 40 conformers. 
using ani2x
/mnt/storage/nobackup/nmb1063/mamba/envs/fegrow/lib/python3.9/site-packages/torchani/resources/
failed to equip `nnpops` with error: No module named 'NNPOps'
Optimising conformer:   0%|                               | 0/3 [00:00<?, ?it/s]Optimising conformer:  33%|â–ˆâ–ˆâ–ˆâ–ˆâ–ˆâ–ˆâ–ˆâ–‹               | 1/3 [00:03<00:06,  3.24s/it]Optimising conformer:  67%|â–ˆâ–ˆâ–ˆâ–ˆâ–ˆâ–ˆâ–ˆâ–ˆâ–ˆâ–ˆâ–ˆâ–ˆâ–ˆâ–ˆâ–ˆâ–Ž       | 2/3 [00:06<00:03,  3.50s/it]Optimising conformer: 100%|â–ˆâ–ˆâ–ˆâ–ˆâ–ˆâ–ˆâ–ˆâ–ˆâ–ˆâ–ˆâ–ˆâ–ˆâ–ˆâ–ˆâ–ˆâ–ˆâ–ˆâ–ˆâ–ˆâ–ˆâ–ˆâ–ˆâ–ˆ| 3/3 [00:10<00:00,  3.61s/it]Optimising conformer: 100%|â–ˆâ–ˆâ–ˆâ–ˆâ–ˆâ–ˆâ–ˆâ–ˆâ–ˆâ–ˆâ–ˆâ–ˆâ–ˆâ–ˆâ–ˆâ–ˆâ–ˆâ–ˆâ–ˆâ–ˆâ–ˆâ–ˆâ–ˆ| 3/3 [00:10<00:00,  3.56s/it]
/mnt/storage/nobackup/nmb1063/code/gal/sars-cov-2-main-protease-al-study-plip/rsearcher.py:89: UserWarning: The ligand was an array (SDF?). Using the first frame. 
  warnings.warn("The ligand was an array (SDF?). Using the first frame. ")
2024-01-28 21:07:16,152 [WARNING] [rdkit_wrapper.py:3213] openff.toolkit.utils.rdkit_wrapper: Warning (not error because allow_undefined_stereo=True): RDMol has unspecified stereochemistry. Bonds with undefined stereochemistry are:
 - Bond 1 (atoms 1-2 of element (N-C)

/mnt/storage/nobackup/nmb1063/mamba/envs/fegrow/lib/python3.9/site-packages/parmed/structure.py:1775: UnitStrippedWarning: The unit of the quantity is stripped when downcasting to ndarray.
  coords = np.array(value, dtype=np.float64, copy=False, subok=True)
2024-01-28 21:07:17,799 [WARNING] [rdkit_wrapper.py:3213] openff.toolkit.utils.rdkit_wrapper: Warning (not error because allow_undefined_stereo=True): RDMol has unspecified stereochemistry. Bonds with undefined stereochemistry are:
 - Bond 1 (atoms 1-2 of element (N-C)

TIME Completed the molecule generation in 61.3s.
TIME changed dir: 0.0s
Generated 19 conformers. 
Removed 11 conformers. 
using ani2x
/mnt/storage/nobackup/nmb1063/mamba/envs/fegrow/lib/python3.9/site-packages/torchani/resources/
failed to equip `nnpops` with error: No module named 'NNPOps'
Optimising conformer:   0%|                               | 0/8 [00:00<?, ?it/s]Optimising conformer:  12%|â–ˆâ–ˆâ–‰                    | 1/8 [00:06<00:48,  6.89s/it]Optimising conformer:  25%|â–ˆâ–ˆâ–ˆâ–ˆâ–ˆâ–Š                 | 2/8 [00:10<00:29,  4.99s/it]Optimising conformer:  38%|â–ˆâ–ˆâ–ˆâ–ˆâ–ˆâ–ˆâ–ˆâ–ˆâ–‹              | 3/8 [00:12<00:18,  3.72s/it]Optimising conformer:  50%|â–ˆâ–ˆâ–ˆâ–ˆâ–ˆâ–ˆâ–ˆâ–ˆâ–ˆâ–ˆâ–ˆâ–Œ           | 4/8 [00:14<00:11,  3.00s/it]Optimising conformer:  62%|â–ˆâ–ˆâ–ˆâ–ˆâ–ˆâ–ˆâ–ˆâ–ˆâ–ˆâ–ˆâ–ˆâ–ˆâ–ˆâ–ˆâ–        | 5/8 [00:18<00:10,  3.34s/it]Optimising conformer:  75%|â–ˆâ–ˆâ–ˆâ–ˆâ–ˆâ–ˆâ–ˆâ–ˆâ–ˆâ–ˆâ–ˆâ–ˆâ–ˆâ–ˆâ–ˆâ–ˆâ–ˆâ–Ž     | 6/8 [00:28<00:11,  5.66s/it]Optimising conformer:  88%|â–ˆâ–ˆâ–ˆâ–ˆâ–ˆâ–ˆâ–ˆâ–ˆâ–ˆâ–ˆâ–ˆâ–ˆâ–ˆâ–ˆâ–ˆâ–ˆâ–ˆâ–ˆâ–ˆâ–ˆâ–  | 7/8 [00:31<00:04,  4.59s/it]using ani2x
/mnt/storage/nobackup/nmb1063/mamba/envs/fegrow/lib/python3.9/site-packages/torchani/resources/
failed to equip `nnpops` with error: No module named 'NNPOps'

Optimising conformer:   0%|                              | 0/10 [00:00<?, ?it/s][AOptimising conformer: 100%|â–ˆâ–ˆâ–ˆâ–ˆâ–ˆâ–ˆâ–ˆâ–ˆâ–ˆâ–ˆâ–ˆâ–ˆâ–ˆâ–ˆâ–ˆâ–ˆâ–ˆâ–ˆâ–ˆâ–ˆâ–ˆâ–ˆâ–ˆ| 8/8 [00:36<00:00,  4.70s/it]Optimising conformer: 100%|â–ˆâ–ˆâ–ˆâ–ˆâ–ˆâ–ˆâ–ˆâ–ˆâ–ˆâ–ˆâ–ˆâ–ˆâ–ˆâ–ˆâ–ˆâ–ˆâ–ˆâ–ˆâ–ˆâ–ˆâ–ˆâ–ˆâ–ˆ| 8/8 [00:36<00:00,  4.51s/it]
/mnt/storage/nobackup/nmb1063/code/gal/sars-cov-2-main-protease-al-study-plip/rsearcher.py:89: UserWarning: The ligand was an array (SDF?). Using the first frame. 
  warnings.warn("The ligand was an array (SDF?). Using the first frame. ")

Optimising conformer:  10%|â–ˆâ–ˆâ–                   | 1/10 [00:05<00:51,  5.67s/it][A
Optimising conformer:  20%|â–ˆâ–ˆâ–ˆâ–ˆâ–                 | 2/10 [00:07<00:28,  3.52s/it][A
Optimising conformer:  30%|â–ˆâ–ˆâ–ˆâ–ˆâ–ˆâ–ˆâ–Œ               | 3/10 [00:10<00:23,  3.34s/it][A
Optimising conformer:  40%|â–ˆâ–ˆâ–ˆâ–ˆâ–ˆâ–ˆâ–ˆâ–ˆâ–Š             | 4/10 [00:15<00:22,  3.73s/it][A2024-01-28 21:08:25,665 [WARNING] [rdkit_wrapper.py:3213] openff.toolkit.utils.rdkit_wrapper: Warning (not error because allow_undefined_stereo=True): RDMol has unspecified stereochemistry. Undefined chiral centers are:
 - Atom C (index 8)
 - Atom C (index 10)

/mnt/storage/nobackup/nmb1063/mamba/envs/fegrow/lib/python3.9/site-packages/parmed/structure.py:1775: UnitStrippedWarning: The unit of the quantity is stripped when downcasting to ndarray.
  coords = np.array(value, dtype=np.float64, copy=False, subok=True)

Optimising conformer:  50%|â–ˆâ–ˆâ–ˆâ–ˆâ–ˆâ–ˆâ–ˆâ–ˆâ–ˆâ–ˆâ–ˆ           | 5/10 [00:19<00:20,  4.05s/it][A2024-01-28 21:08:28,313 [WARNING] [rdkit_wrapper.py:3213] openff.toolkit.utils.rdkit_wrapper: Warning (not error because allow_undefined_stereo=True): RDMol has unspecified stereochemistry. Undefined chiral centers are:
 - Atom C (index 8)
 - Atom C (index 10)


Optimising conformer:  60%|â–ˆâ–ˆâ–ˆâ–ˆâ–ˆâ–ˆâ–ˆâ–ˆâ–ˆâ–ˆâ–ˆâ–ˆâ–ˆâ–        | 6/10 [00:22<00:14,  3.54s/it][A
Optimising conformer:  70%|â–ˆâ–ˆâ–ˆâ–ˆâ–ˆâ–ˆâ–ˆâ–ˆâ–ˆâ–ˆâ–ˆâ–ˆâ–ˆâ–ˆâ–ˆâ–      | 7/10 [00:26<00:10,  3.65s/it][A
Optimising conformer:  80%|â–ˆâ–ˆâ–ˆâ–ˆâ–ˆâ–ˆâ–ˆâ–ˆâ–ˆâ–ˆâ–ˆâ–ˆâ–ˆâ–ˆâ–ˆâ–ˆâ–ˆâ–Œ    | 8/10 [00:30<00:07,  3.70s/it][A
Optimising conformer:  90%|â–ˆâ–ˆâ–ˆâ–ˆâ–ˆâ–ˆâ–ˆâ–ˆâ–ˆâ–ˆâ–ˆâ–ˆâ–ˆâ–ˆâ–ˆâ–ˆâ–ˆâ–ˆâ–ˆâ–Š  | 9/10 [00:33<00:03,  3.67s/it][A
Optimising conformer: 100%|â–ˆâ–ˆâ–ˆâ–ˆâ–ˆâ–ˆâ–ˆâ–ˆâ–ˆâ–ˆâ–ˆâ–ˆâ–ˆâ–ˆâ–ˆâ–ˆâ–ˆâ–ˆâ–ˆâ–ˆâ–ˆ| 10/10 [00:36<00:00,  3.40s/it][AOptimising conformer: 100%|â–ˆâ–ˆâ–ˆâ–ˆâ–ˆâ–ˆâ–ˆâ–ˆâ–ˆâ–ˆâ–ˆâ–ˆâ–ˆâ–ˆâ–ˆâ–ˆâ–ˆâ–ˆâ–ˆâ–ˆâ–ˆ| 10/10 [00:36<00:00,  3.64s/it]
/mnt/storage/nobackup/nmb1063/code/gal/sars-cov-2-main-protease-al-study-plip/rsearcher.py:89: UserWarning: The ligand was an array (SDF?). Using the first frame. 
  warnings.warn("The ligand was an array (SDF?). Using the first frame. ")
TIME Completed the molecule generation in 61.1s.
TIME changed dir: 0.0s
Generated 48 conformers. 
Removed 37 conformers. 
TIME Completed the molecule generation in 154.1s.
using ani2x
/mnt/storage/nobackup/nmb1063/mamba/envs/fegrow/lib/python3.9/site-packages/torchani/resources/
failed to equip `nnpops` with error: No module named 'NNPOps'
Optimising conformer:   0%|                              | 0/11 [00:00<?, ?it/s]Optimising conformer:   9%|â–ˆâ–ˆ                    | 1/11 [00:03<00:32,  3.28s/it]Optimising conformer:  18%|â–ˆâ–ˆâ–ˆâ–ˆ                  | 2/11 [00:07<00:34,  3.89s/it]Optimising conformer:  27%|â–ˆâ–ˆâ–ˆâ–ˆâ–ˆâ–ˆ                | 3/11 [00:11<00:29,  3.72s/it]Optimising conformer:  36%|â–ˆâ–ˆâ–ˆâ–ˆâ–ˆâ–ˆâ–ˆâ–ˆ              | 4/11 [00:13<00:22,  3.24s/it]Optimising conformer:  45%|â–ˆâ–ˆâ–ˆâ–ˆâ–ˆâ–ˆâ–ˆâ–ˆâ–ˆâ–ˆ            | 5/11 [00:16<00:19,  3.19s/it]Optimising conformer:  55%|â–ˆâ–ˆâ–ˆâ–ˆâ–ˆâ–ˆâ–ˆâ–ˆâ–ˆâ–ˆâ–ˆâ–ˆ          | 6/11 [00:19<00:15,  3.17s/it]Optimising conformer:  64%|â–ˆâ–ˆâ–ˆâ–ˆâ–ˆâ–ˆâ–ˆâ–ˆâ–ˆâ–ˆâ–ˆâ–ˆâ–ˆâ–ˆ        | 7/11 [00:55<00:54, 13.71s/it]Optimising conformer:  73%|â–ˆâ–ˆâ–ˆâ–ˆâ–ˆâ–ˆâ–ˆâ–ˆâ–ˆâ–ˆâ–ˆâ–ˆâ–ˆâ–ˆâ–ˆâ–ˆ      | 8/11 [00:59<00:32, 10.75s/it]Optimising conformer:  82%|â–ˆâ–ˆâ–ˆâ–ˆâ–ˆâ–ˆâ–ˆâ–ˆâ–ˆâ–ˆâ–ˆâ–ˆâ–ˆâ–ˆâ–ˆâ–ˆâ–ˆâ–ˆ    | 9/11 [01:02<00:16,  8.28s/it]Optimising conformer:  91%|â–ˆâ–ˆâ–ˆâ–ˆâ–ˆâ–ˆâ–ˆâ–ˆâ–ˆâ–ˆâ–ˆâ–ˆâ–ˆâ–ˆâ–ˆâ–ˆâ–ˆâ–ˆâ–ˆ  | 10/11 [01:05<00:06,  6.67s/it]Optimising conformer: 100%|â–ˆâ–ˆâ–ˆâ–ˆâ–ˆâ–ˆâ–ˆâ–ˆâ–ˆâ–ˆâ–ˆâ–ˆâ–ˆâ–ˆâ–ˆâ–ˆâ–ˆâ–ˆâ–ˆâ–ˆâ–ˆ| 11/11 [01:07<00:00,  5.36s/it]Optimising conformer: 100%|â–ˆâ–ˆâ–ˆâ–ˆâ–ˆâ–ˆâ–ˆâ–ˆâ–ˆâ–ˆâ–ˆâ–ˆâ–ˆâ–ˆâ–ˆâ–ˆâ–ˆâ–ˆâ–ˆâ–ˆâ–ˆ| 11/11 [01:07<00:00,  6.18s/it]
/mnt/storage/nobackup/nmb1063/code/gal/sars-cov-2-main-protease-al-study-plip/rsearcher.py:89: UserWarning: The ligand was an array (SDF?). Using the first frame. 
  warnings.warn("The ligand was an array (SDF?). Using the first frame. ")
2024-01-28 21:24:50,745 - distributed.core - INFO - Event loop was unresponsive in Worker for 5.85s.  This is often caused by long-running GIL-holding functions or moving large chunks of data. This can cause timeouts and instability.
2024-01-28 21:24:50,745 [INFO] [core.py:595] distributed.core: Event loop was unresponsive in Worker for 5.85s.  This is often caused by long-running GIL-holding functions or moving large chunks of data. This can cause timeouts and instability.
2024-01-28 21:25:12,414 - distributed.core - INFO - Event loop was unresponsive in Worker for 4.51s.  This is often caused by long-running GIL-holding functions or moving large chunks of data. This can cause timeouts and instability.
2024-01-28 21:25:12,414 [INFO] [core.py:595] distributed.core: Event loop was unresponsive in Worker for 4.51s.  This is often caused by long-running GIL-holding functions or moving large chunks of data. This can cause timeouts and instability.
/mnt/storage/nobackup/nmb1063/mamba/envs/fegrow/lib/python3.9/site-packages/parmed/structure.py:1775: UnitStrippedWarning: The unit of the quantity is stripped when downcasting to ndarray.
  coords = np.array(value, dtype=np.float64, copy=False, subok=True)
/mnt/storage/nobackup/nmb1063/mamba/envs/fegrow/lib/python3.9/site-packages/parmed/structure.py:1775: UnitStrippedWarning: The unit of the quantity is stripped when downcasting to ndarray.
  coords = np.array(value, dtype=np.float64, copy=False, subok=True)
TIME Completed the molecule generation in 160.1s.
TIME changed dir: 0.0s
TIME changed dir: 0.0s
Generated 39 conformers. 
Removed 34 conformers. 
Generated 18 conformers. 
Removed 12 conformers. 
using ani2x
/mnt/storage/nobackup/nmb1063/mamba/envs/fegrow/lib/python3.9/site-packages/torchani/resources/
failed to equip `nnpops` with error: No module named 'NNPOps'
Optimising conformer:   0%|                               | 0/6 [00:00<?, ?it/s]Optimising conformer:  17%|â–ˆâ–ˆâ–ˆâ–Š                   | 1/6 [00:04<00:23,  4.61s/it]Optimising conformer:  33%|â–ˆâ–ˆâ–ˆâ–ˆâ–ˆâ–ˆâ–ˆâ–‹               | 2/6 [00:06<00:13,  3.29s/it]Optimising conformer:  50%|â–ˆâ–ˆâ–ˆâ–ˆâ–ˆâ–ˆâ–ˆâ–ˆâ–ˆâ–ˆâ–ˆâ–Œ           | 3/6 [00:08<00:07,  2.56s/it]Optimising conformer:  67%|â–ˆâ–ˆâ–ˆâ–ˆâ–ˆâ–ˆâ–ˆâ–ˆâ–ˆâ–ˆâ–ˆâ–ˆâ–ˆâ–ˆâ–ˆâ–Ž       | 4/6 [00:10<00:04,  2.18s/it]Optimising conformer:  83%|â–ˆâ–ˆâ–ˆâ–ˆâ–ˆâ–ˆâ–ˆâ–ˆâ–ˆâ–ˆâ–ˆâ–ˆâ–ˆâ–ˆâ–ˆâ–ˆâ–ˆâ–ˆâ–ˆâ–   | 5/6 [00:13<00:02,  2.65s/it]using ani2x
/mnt/storage/nobackup/nmb1063/mamba/envs/fegrow/lib/python3.9/site-packages/torchani/resources/
failed to equip `nnpops` with error: No module named 'NNPOps'

Optimising conformer:   0%|                               | 0/5 [00:00<?, ?it/s][AOptimising conformer: 100%|â–ˆâ–ˆâ–ˆâ–ˆâ–ˆâ–ˆâ–ˆâ–ˆâ–ˆâ–ˆâ–ˆâ–ˆâ–ˆâ–ˆâ–ˆâ–ˆâ–ˆâ–ˆâ–ˆâ–ˆâ–ˆâ–ˆâ–ˆ| 6/6 [00:17<00:00,  2.98s/it]Optimising conformer: 100%|â–ˆâ–ˆâ–ˆâ–ˆâ–ˆâ–ˆâ–ˆâ–ˆâ–ˆâ–ˆâ–ˆâ–ˆâ–ˆâ–ˆâ–ˆâ–ˆâ–ˆâ–ˆâ–ˆâ–ˆâ–ˆâ–ˆâ–ˆ| 6/6 [00:17<00:00,  2.90s/it]
/mnt/storage/nobackup/nmb1063/code/gal/sars-cov-2-main-protease-al-study-plip/rsearcher.py:89: UserWarning: The ligand was an array (SDF?). Using the first frame. 
  warnings.warn("The ligand was an array (SDF?). Using the first frame. ")
/mnt/storage/nobackup/nmb1063/mamba/envs/fegrow/lib/python3.9/site-packages/parmed/structure.py:1775: UnitStrippedWarning: The unit of the quantity is stripped when downcasting to ndarray.
  coords = np.array(value, dtype=np.float64, copy=False, subok=True)

Optimising conformer:  20%|â–ˆâ–ˆâ–ˆâ–ˆâ–Œ                  | 1/5 [00:09<00:37,  9.47s/it][A
Optimising conformer:  40%|â–ˆâ–ˆâ–ˆâ–ˆâ–ˆâ–ˆâ–ˆâ–ˆâ–ˆâ–             | 2/5 [00:17<00:25,  8.51s/it][A
Optimising conformer:  60%|â–ˆâ–ˆâ–ˆâ–ˆâ–ˆâ–ˆâ–ˆâ–ˆâ–ˆâ–ˆâ–ˆâ–ˆâ–ˆâ–Š         | 3/5 [00:21<00:13,  6.56s/it][A
Optimising conformer:  80%|â–ˆâ–ˆâ–ˆâ–ˆâ–ˆâ–ˆâ–ˆâ–ˆâ–ˆâ–ˆâ–ˆâ–ˆâ–ˆâ–ˆâ–ˆâ–ˆâ–ˆâ–ˆâ–    | 4/5 [00:26<00:05,  5.76s/it][A
Optimising conformer: 100%|â–ˆâ–ˆâ–ˆâ–ˆâ–ˆâ–ˆâ–ˆâ–ˆâ–ˆâ–ˆâ–ˆâ–ˆâ–ˆâ–ˆâ–ˆâ–ˆâ–ˆâ–ˆâ–ˆâ–ˆâ–ˆâ–ˆâ–ˆ| 5/5 [00:31<00:00,  5.76s/it][AOptimising conformer: 100%|â–ˆâ–ˆâ–ˆâ–ˆâ–ˆâ–ˆâ–ˆâ–ˆâ–ˆâ–ˆâ–ˆâ–ˆâ–ˆâ–ˆâ–ˆâ–ˆâ–ˆâ–ˆâ–ˆâ–ˆâ–ˆâ–ˆâ–ˆ| 5/5 [00:31<00:00,  6.37s/it]
/mnt/storage/nobackup/nmb1063/code/gal/sars-cov-2-main-protease-al-study-plip/rsearcher.py:89: UserWarning: The ligand was an array (SDF?). Using the first frame. 
  warnings.warn("The ligand was an array (SDF?). Using the first frame. ")
/mnt/storage/nobackup/nmb1063/mamba/envs/fegrow/lib/python3.9/site-packages/parmed/structure.py:1775: UnitStrippedWarning: The unit of the quantity is stripped when downcasting to ndarray.
  coords = np.array(value, dtype=np.float64, copy=False, subok=True)
TIME Completed the molecule generation in 68.9s.
TIME changed dir: 0.0s
Generated 8 conformers. 
Removed 3 conformers. 
using ani2x
/mnt/storage/nobackup/nmb1063/mamba/envs/fegrow/lib/python3.9/site-packages/torchani/resources/
TIME Completed the molecule generation in 98.1s.
TIME changed dir: 0.0s
Generated 27 conformers. 
failed to equip `nnpops` with error: No module named 'NNPOps'
Removed 18 conformers. 
Optimising conformer:   0%|                               | 0/5 [00:00<?, ?it/s]Optimising conformer:  20%|â–ˆâ–ˆâ–ˆâ–ˆâ–Œ                  | 1/5 [00:03<00:12,  3.25s/it]Optimising conformer:  40%|â–ˆâ–ˆâ–ˆâ–ˆâ–ˆâ–ˆâ–ˆâ–ˆâ–ˆâ–             | 2/5 [00:04<00:06,  2.22s/it]Optimising conformer:  60%|â–ˆâ–ˆâ–ˆâ–ˆâ–ˆâ–ˆâ–ˆâ–ˆâ–ˆâ–ˆâ–ˆâ–ˆâ–ˆâ–Š         | 3/5 [00:06<00:03,  1.87s/it]Optimising conformer:  80%|â–ˆâ–ˆâ–ˆâ–ˆâ–ˆâ–ˆâ–ˆâ–ˆâ–ˆâ–ˆâ–ˆâ–ˆâ–ˆâ–ˆâ–ˆâ–ˆâ–ˆâ–ˆâ–    | 4/5 [00:08<00:02,  2.09s/it]Optimising conformer: 100%|â–ˆâ–ˆâ–ˆâ–ˆâ–ˆâ–ˆâ–ˆâ–ˆâ–ˆâ–ˆâ–ˆâ–ˆâ–ˆâ–ˆâ–ˆâ–ˆâ–ˆâ–ˆâ–ˆâ–ˆâ–ˆâ–ˆâ–ˆ| 5/5 [00:10<00:00,  1.91s/it]Optimising conformer: 100%|â–ˆâ–ˆâ–ˆâ–ˆâ–ˆâ–ˆâ–ˆâ–ˆâ–ˆâ–ˆâ–ˆâ–ˆâ–ˆâ–ˆâ–ˆâ–ˆâ–ˆâ–ˆâ–ˆâ–ˆâ–ˆâ–ˆâ–ˆ| 5/5 [00:10<00:00,  2.04s/it]
/mnt/storage/nobackup/nmb1063/code/gal/sars-cov-2-main-protease-al-study-plip/rsearcher.py:89: UserWarning: The ligand was an array (SDF?). Using the first frame. 
  warnings.warn("The ligand was an array (SDF?). Using the first frame. ")
2024-01-28 21:41:29,813 [WARNING] [rdkit_wrapper.py:3213] openff.toolkit.utils.rdkit_wrapper: Warning (not error because allow_undefined_stereo=True): RDMol has unspecified stereochemistry. Undefined chiral centers are:
 - Atom C (index 6)

/mnt/storage/nobackup/nmb1063/mamba/envs/fegrow/lib/python3.9/site-packages/parmed/structure.py:1775: UnitStrippedWarning: The unit of the quantity is stripped when downcasting to ndarray.
  coords = np.array(value, dtype=np.float64, copy=False, subok=True)
2024-01-28 21:41:32,075 [WARNING] [rdkit_wrapper.py:3213] openff.toolkit.utils.rdkit_wrapper: Warning (not error because allow_undefined_stereo=True): RDMol has unspecified stereochemistry. Undefined chiral centers are:
 - Atom C (index 6)

using ani2x
TIME Completed the molecule generation in 51.7s.
TIME changed dir: 0.0s
/mnt/storage/nobackup/nmb1063/mamba/envs/fegrow/lib/python3.9/site-packages/torchani/resources/
Generated 48 conformers. 
Removed 42 conformers. 
failed to equip `nnpops` with error: No module named 'NNPOps'
Optimising conformer:   0%|                               | 0/9 [00:00<?, ?it/s]Optimising conformer:  11%|â–ˆâ–ˆâ–Œ                    | 1/9 [00:04<00:32,  4.06s/it]Optimising conformer:  22%|â–ˆâ–ˆâ–ˆâ–ˆâ–ˆ                  | 2/9 [00:06<00:20,  2.91s/it]Optimising conformer:  33%|â–ˆâ–ˆâ–ˆâ–ˆâ–ˆâ–ˆâ–ˆâ–‹               | 3/9 [00:08<00:15,  2.62s/it]Optimising conformer:  44%|â–ˆâ–ˆâ–ˆâ–ˆâ–ˆâ–ˆâ–ˆâ–ˆâ–ˆâ–ˆâ–            | 4/9 [00:11<00:13,  2.67s/it]Optimising conformer:  56%|â–ˆâ–ˆâ–ˆâ–ˆâ–ˆâ–ˆâ–ˆâ–ˆâ–ˆâ–ˆâ–ˆâ–ˆâ–Š          | 5/9 [00:15<00:12,  3.17s/it]Optimising conformer:  67%|â–ˆâ–ˆâ–ˆâ–ˆâ–ˆâ–ˆâ–ˆâ–ˆâ–ˆâ–ˆâ–ˆâ–ˆâ–ˆâ–ˆâ–ˆâ–Ž       | 6/9 [00:19<00:10,  3.38s/it]Optimising conformer:  78%|â–ˆâ–ˆâ–ˆâ–ˆâ–ˆâ–ˆâ–ˆâ–ˆâ–ˆâ–ˆâ–ˆâ–ˆâ–ˆâ–ˆâ–ˆâ–ˆâ–ˆâ–‰     | 7/9 [00:22<00:07,  3.53s/it]Optimising conformer:  89%|â–ˆâ–ˆâ–ˆâ–ˆâ–ˆâ–ˆâ–ˆâ–ˆâ–ˆâ–ˆâ–ˆâ–ˆâ–ˆâ–ˆâ–ˆâ–ˆâ–ˆâ–ˆâ–ˆâ–ˆâ–  | 8/9 [00:25<00:03,  3.33s/it]Optimising conformer: 100%|â–ˆâ–ˆâ–ˆâ–ˆâ–ˆâ–ˆâ–ˆâ–ˆâ–ˆâ–ˆâ–ˆâ–ˆâ–ˆâ–ˆâ–ˆâ–ˆâ–ˆâ–ˆâ–ˆâ–ˆâ–ˆâ–ˆâ–ˆ| 9/9 [00:29<00:00,  3.49s/it]Optimising conformer: 100%|â–ˆâ–ˆâ–ˆâ–ˆâ–ˆâ–ˆâ–ˆâ–ˆâ–ˆâ–ˆâ–ˆâ–ˆâ–ˆâ–ˆâ–ˆâ–ˆâ–ˆâ–ˆâ–ˆâ–ˆâ–ˆâ–ˆâ–ˆ| 9/9 [00:29<00:00,  3.29s/it]
/mnt/storage/nobackup/nmb1063/code/gal/sars-cov-2-main-protease-al-study-plip/rsearcher.py:89: UserWarning: The ligand was an array (SDF?). Using the first frame. 
  warnings.warn("The ligand was an array (SDF?). Using the first frame. ")
TIME Completed the molecule generation in 75.0s.
using ani2x
/mnt/storage/nobackup/nmb1063/mamba/envs/fegrow/lib/python3.9/site-packages/torchani/resources/
failed to equip `nnpops` with error: No module named 'NNPOps'
Optimising conformer:   0%|                               | 0/6 [00:00<?, ?it/s]Optimising conformer:  17%|â–ˆâ–ˆâ–ˆâ–Š                   | 1/6 [00:04<00:21,  4.36s/it]Optimising conformer:  33%|â–ˆâ–ˆâ–ˆâ–ˆâ–ˆâ–ˆâ–ˆâ–‹               | 2/6 [00:07<00:14,  3.61s/it]Optimising conformer:  50%|â–ˆâ–ˆâ–ˆâ–ˆâ–ˆâ–ˆâ–ˆâ–ˆâ–ˆâ–ˆâ–ˆâ–Œ           | 3/6 [00:24<00:29,  9.96s/it]Optimising conformer:  67%|â–ˆâ–ˆâ–ˆâ–ˆâ–ˆâ–ˆâ–ˆâ–ˆâ–ˆâ–ˆâ–ˆâ–ˆâ–ˆâ–ˆâ–ˆâ–Ž       | 4/6 [00:28<00:15,  7.60s/it]Optimising conformer:  83%|â–ˆâ–ˆâ–ˆâ–ˆâ–ˆâ–ˆâ–ˆâ–ˆâ–ˆâ–ˆâ–ˆâ–ˆâ–ˆâ–ˆâ–ˆâ–ˆâ–ˆâ–ˆâ–ˆâ–   | 5/6 [00:32<00:06,  6.18s/it]Optimising conformer: 100%|â–ˆâ–ˆâ–ˆâ–ˆâ–ˆâ–ˆâ–ˆâ–ˆâ–ˆâ–ˆâ–ˆâ–ˆâ–ˆâ–ˆâ–ˆâ–ˆâ–ˆâ–ˆâ–ˆâ–ˆâ–ˆâ–ˆâ–ˆ| 6/6 [00:38<00:00,  6.23s/it]Optimising conformer: 100%|â–ˆâ–ˆâ–ˆâ–ˆâ–ˆâ–ˆâ–ˆâ–ˆâ–ˆâ–ˆâ–ˆâ–ˆâ–ˆâ–ˆâ–ˆâ–ˆâ–ˆâ–ˆâ–ˆâ–ˆâ–ˆâ–ˆâ–ˆ| 6/6 [00:38<00:00,  6.49s/it]
/mnt/storage/nobackup/nmb1063/code/gal/sars-cov-2-main-protease-al-study-plip/rsearcher.py:89: UserWarning: The ligand was an array (SDF?). Using the first frame. 
  warnings.warn("The ligand was an array (SDF?). Using the first frame. ")
2024-01-28 21:58:17,323 - distributed.core - INFO - Event loop was unresponsive in Worker for 4.44s.  This is often caused by long-running GIL-holding functions or moving large chunks of data. This can cause timeouts and instability.
2024-01-28 21:58:17,323 [INFO] [core.py:595] distributed.core: Event loop was unresponsive in Worker for 4.44s.  This is often caused by long-running GIL-holding functions or moving large chunks of data. This can cause timeouts and instability.
/mnt/storage/nobackup/nmb1063/mamba/envs/fegrow/lib/python3.9/site-packages/parmed/structure.py:1775: UnitStrippedWarning: The unit of the quantity is stripped when downcasting to ndarray.
  coords = np.array(value, dtype=np.float64, copy=False, subok=True)
2024-01-28 22:10:28,839 - distributed.worker - WARNING - Compute Failed
Key:       evaluate-0b232747-d397-42b2-98e5-216148dc5a83
Function:  evaluate
args:      (<rdkit.Chem.rdchem.Mol object at 0x2ba5c34705e0>, 6, '[H]OB(O[H])N([H])c1c([H])nc([H])c([H])c1[H]', '/mnt/storage/nobackup/nmb1063/code/gal/sars-cov-2-main-protease-al-study-plip/rec_final.pdb', '/nobackup/nmb1063/sars-fegrow/gnina')
kwargs:    {}
Exception: "UnassignedBondError('BondHandler was not able to find parameters for the following valence terms:\\n\\n- Topology indices (2, 3): names and elements (B1 B), (O2 O), \\n- Topology indices (1, 2): names and elements (O1 O), (B1 B), \\n- Topology indices (2, 5): names and elements (B1 B), (N1 N), \\n')"

2024-01-28 22:10:28,839 [WARNING] [worker.py:2352] distributed.worker: Compute Failed
Key:       evaluate-0b232747-d397-42b2-98e5-216148dc5a83
Function:  evaluate
args:      (<rdkit.Chem.rdchem.Mol object at 0x2ba5c34705e0>, 6, '[H]OB(O[H])N([H])c1c([H])nc([H])c([H])c1[H]', '/mnt/storage/nobackup/nmb1063/code/gal/sars-cov-2-main-protease-al-study-plip/rec_final.pdb', '/nobackup/nmb1063/sars-fegrow/gnina')
kwargs:    {}
Exception: "UnassignedBondError('BondHandler was not able to find parameters for the following valence terms:\\n\\n- Topology indices (2, 3): names and elements (B1 B), (O2 O), \\n- Topology indices (1, 2): names and elements (O1 O), (B1 B), \\n- Topology indices (2, 5): names and elements (B1 B), (N1 N), \\n')"

2024-01-28 22:10:35,985 [WARNING] [rdkit_wrapper.py:3213] openff.toolkit.utils.rdkit_wrapper: Warning (not error because allow_undefined_stereo=True): RDMol has unspecified stereochemistry. Undefined chiral centers are:
 - Atom C (index 12)

/mnt/storage/nobackup/nmb1063/mamba/envs/fegrow/lib/python3.9/site-packages/parmed/structure.py:1775: UnitStrippedWarning: The unit of the quantity is stripped when downcasting to ndarray.
  coords = np.array(value, dtype=np.float64, copy=False, subok=True)
2024-01-28 22:10:37,717 [WARNING] [rdkit_wrapper.py:3213] openff.toolkit.utils.rdkit_wrapper: Warning (not error because allow_undefined_stereo=True): RDMol has unspecified stereochemistry. Undefined chiral centers are:
 - Atom C (index 12)

TIME Completed the molecule generation in 186.9s.
TIME changed dir: 0.0s
TIME changed dir: 0.0s
Generated 8 conformers. 
Removed 4 conformers. 
TIME changed dir: 0.0s
Generated 16 conformers. 
Removed 11 conformers. 
Generated 42 conformers. 
Removed 37 conformers. 
using ani2x
/mnt/storage/nobackup/nmb1063/mamba/envs/fegrow/lib/python3.9/site-packages/torchani/resources/
failed to equip `nnpops` with error: No module named 'NNPOps'
Optimising conformer:   0%|                               | 0/5 [00:00<?, ?it/s]Optimising conformer:  20%|â–ˆâ–ˆâ–ˆâ–ˆâ–Œ                  | 1/5 [00:04<00:19,  4.75s/it]Optimising conformer:  40%|â–ˆâ–ˆâ–ˆâ–ˆâ–ˆâ–ˆâ–ˆâ–ˆâ–ˆâ–             | 2/5 [00:11<00:17,  5.72s/it]Optimising conformer:  60%|â–ˆâ–ˆâ–ˆâ–ˆâ–ˆâ–ˆâ–ˆâ–ˆâ–ˆâ–ˆâ–ˆâ–ˆâ–ˆâ–Š         | 3/5 [00:13<00:08,  4.38s/it]using ani2x
/mnt/storage/nobackup/nmb1063/mamba/envs/fegrow/lib/python3.9/site-packages/torchani/resources/
failed to equip `nnpops` with error: No module named 'NNPOps'

Optimising conformer:   0%|                               | 0/5 [00:00<?, ?it/s][A
Optimising conformer:  20%|â–ˆâ–ˆâ–ˆâ–ˆâ–Œ                  | 1/5 [00:04<00:17,  4.42s/it][AOptimising conformer:  80%|â–ˆâ–ˆâ–ˆâ–ˆâ–ˆâ–ˆâ–ˆâ–ˆâ–ˆâ–ˆâ–ˆâ–ˆâ–ˆâ–ˆâ–ˆâ–ˆâ–ˆâ–ˆâ–    | 4/5 [00:21<00:05,  5.53s/it]Optimising conformer: 100%|â–ˆâ–ˆâ–ˆâ–ˆâ–ˆâ–ˆâ–ˆâ–ˆâ–ˆâ–ˆâ–ˆâ–ˆâ–ˆâ–ˆâ–ˆâ–ˆâ–ˆâ–ˆâ–ˆâ–ˆâ–ˆâ–ˆâ–ˆ| 5/5 [00:26<00:00,  5.27s/it]Optimising conformer: 100%|â–ˆâ–ˆâ–ˆâ–ˆâ–ˆâ–ˆâ–ˆâ–ˆâ–ˆâ–ˆâ–ˆâ–ˆâ–ˆâ–ˆâ–ˆâ–ˆâ–ˆâ–ˆâ–ˆâ–ˆâ–ˆâ–ˆâ–ˆ| 5/5 [00:26<00:00,  5.21s/it]
/mnt/storage/nobackup/nmb1063/code/gal/sars-cov-2-main-protease-al-study-plip/rsearcher.py:89: UserWarning: The ligand was an array (SDF?). Using the first frame. 
  warnings.warn("The ligand was an array (SDF?). Using the first frame. ")

Optimising conformer:  40%|â–ˆâ–ˆâ–ˆâ–ˆâ–ˆâ–ˆâ–ˆâ–ˆâ–ˆâ–             | 2/5 [00:11<00:17,  5.93s/it][A/mnt/storage/nobackup/nmb1063/mamba/envs/fegrow/lib/python3.9/site-packages/parmed/structure.py:1775: UnitStrippedWarning: The unit of the quantity is stripped when downcasting to ndarray.
  coords = np.array(value, dtype=np.float64, copy=False, subok=True)

Optimising conformer:  60%|â–ˆâ–ˆâ–ˆâ–ˆâ–ˆâ–ˆâ–ˆâ–ˆâ–ˆâ–ˆâ–ˆâ–ˆâ–ˆâ–Š         | 3/5 [00:17<00:11,  5.97s/it][A
Optimising conformer:  80%|â–ˆâ–ˆâ–ˆâ–ˆâ–ˆâ–ˆâ–ˆâ–ˆâ–ˆâ–ˆâ–ˆâ–ˆâ–ˆâ–ˆâ–ˆâ–ˆâ–ˆâ–ˆâ–    | 4/5 [00:19<00:04,  4.27s/it][A
Optimising conformer: 100%|â–ˆâ–ˆâ–ˆâ–ˆâ–ˆâ–ˆâ–ˆâ–ˆâ–ˆâ–ˆâ–ˆâ–ˆâ–ˆâ–ˆâ–ˆâ–ˆâ–ˆâ–ˆâ–ˆâ–ˆâ–ˆâ–ˆâ–ˆ| 5/5 [00:22<00:00,  3.88s/it][AOptimising conformer: 100%|â–ˆâ–ˆâ–ˆâ–ˆâ–ˆâ–ˆâ–ˆâ–ˆâ–ˆâ–ˆâ–ˆâ–ˆâ–ˆâ–ˆâ–ˆâ–ˆâ–ˆâ–ˆâ–ˆâ–ˆâ–ˆâ–ˆâ–ˆ| 5/5 [00:22<00:00,  4.45s/it]
/mnt/storage/nobackup/nmb1063/code/gal/sars-cov-2-main-protease-al-study-plip/rsearcher.py:89: UserWarning: The ligand was an array (SDF?). Using the first frame. 
  warnings.warn("The ligand was an array (SDF?). Using the first frame. ")
/mnt/storage/nobackup/nmb1063/mamba/envs/fegrow/lib/python3.9/site-packages/parmed/structure.py:1775: UnitStrippedWarning: The unit of the quantity is stripped when downcasting to ndarray.
  coords = np.array(value, dtype=np.float64, copy=False, subok=True)
TIME Completed the molecule generation in 72.9s.
TIME changed dir: 0.0s
Generated 14 conformers. 
Removed 7 conformers. 
TIME Completed the molecule generation in 79.8s.
TIME changed dir: 0.0s
Generated 36 conformers. 
Removed 19 conformers. 
using ani2x
/mnt/storage/nobackup/nmb1063/mamba/envs/fegrow/lib/python3.9/site-packages/torchani/resources/
failed to equip `nnpops` with error: No module named 'NNPOps'
Optimising conformer:   0%|                               | 0/7 [00:00<?, ?it/s]Optimising conformer:  14%|â–ˆâ–ˆâ–ˆâ–Ž                   | 1/7 [00:04<00:24,  4.01s/it]Optimising conformer:  29%|â–ˆâ–ˆâ–ˆâ–ˆâ–ˆâ–ˆâ–Œ                | 2/7 [00:06<00:16,  3.32s/it]Optimising conformer:  43%|â–ˆâ–ˆâ–ˆâ–ˆâ–ˆâ–ˆâ–ˆâ–ˆâ–ˆâ–Š             | 3/7 [00:09<00:12,  3.05s/it]Optimising conformer:  57%|â–ˆâ–ˆâ–ˆâ–ˆâ–ˆâ–ˆâ–ˆâ–ˆâ–ˆâ–ˆâ–ˆâ–ˆâ–ˆâ–         | 4/7 [00:12<00:08,  2.96s/it]Optimising conformer:  71%|â–ˆâ–ˆâ–ˆâ–ˆâ–ˆâ–ˆâ–ˆâ–ˆâ–ˆâ–ˆâ–ˆâ–ˆâ–ˆâ–ˆâ–ˆâ–ˆâ–      | 5/7 [00:14<00:05,  2.82s/it]Optimising conformer:  86%|â–ˆâ–ˆâ–ˆâ–ˆâ–ˆâ–ˆâ–ˆâ–ˆâ–ˆâ–ˆâ–ˆâ–ˆâ–ˆâ–ˆâ–ˆâ–ˆâ–ˆâ–ˆâ–ˆâ–‹   | 6/7 [00:18<00:03,  3.20s/it]Optimising conformer: 100%|â–ˆâ–ˆâ–ˆâ–ˆâ–ˆâ–ˆâ–ˆâ–ˆâ–ˆâ–ˆâ–ˆâ–ˆâ–ˆâ–ˆâ–ˆâ–ˆâ–ˆâ–ˆâ–ˆâ–ˆâ–ˆâ–ˆâ–ˆ| 7/7 [00:21<00:00,  3.13s/it]Optimising conformer: 100%|â–ˆâ–ˆâ–ˆâ–ˆâ–ˆâ–ˆâ–ˆâ–ˆâ–ˆâ–ˆâ–ˆâ–ˆâ–ˆâ–ˆâ–ˆâ–ˆâ–ˆâ–ˆâ–ˆâ–ˆâ–ˆâ–ˆâ–ˆ| 7/7 [00:21<00:00,  3.13s/it]
/mnt/storage/nobackup/nmb1063/code/gal/sars-cov-2-main-protease-al-study-plip/rsearcher.py:89: UserWarning: The ligand was an array (SDF?). Using the first frame. 
  warnings.warn("The ligand was an array (SDF?). Using the first frame. ")
TIME Completed the molecule generation in 50.9s.
using ani2x
/mnt/storage/nobackup/nmb1063/mamba/envs/fegrow/lib/python3.9/site-packages/torchani/resources/
failed to equip `nnpops` with error: No module named 'NNPOps'
Optimising conformer:   0%|                              | 0/17 [00:00<?, ?it/s]Optimising conformer:   6%|â–ˆâ–Ž                    | 1/17 [00:04<01:08,  4.27s/it]Optimising conformer:  12%|â–ˆâ–ˆâ–Œ                   | 2/17 [00:08<01:05,  4.38s/it]Optimising conformer:  18%|â–ˆâ–ˆâ–ˆâ–‰                  | 3/17 [00:11<00:51,  3.65s/it]Optimising conformer:  24%|â–ˆâ–ˆâ–ˆâ–ˆâ–ˆâ–                | 4/17 [00:13<00:41,  3.17s/it]Optimising conformer:  29%|â–ˆâ–ˆâ–ˆâ–ˆâ–ˆâ–ˆâ–               | 5/17 [00:16<00:34,  2.90s/it]Optimising conformer:  35%|â–ˆâ–ˆâ–ˆâ–ˆâ–ˆâ–ˆâ–ˆâ–Š              | 6/17 [00:19<00:32,  2.92s/it]Optimising conformer:  41%|â–ˆâ–ˆâ–ˆâ–ˆâ–ˆâ–ˆâ–ˆâ–ˆâ–ˆ             | 7/17 [00:23<00:32,  3.20s/it]Optimising conformer:  47%|â–ˆâ–ˆâ–ˆâ–ˆâ–ˆâ–ˆâ–ˆâ–ˆâ–ˆâ–ˆâ–Ž           | 8/17 [00:25<00:26,  2.99s/it]Optimising conformer:  53%|â–ˆâ–ˆâ–ˆâ–ˆâ–ˆâ–ˆâ–ˆâ–ˆâ–ˆâ–ˆâ–ˆâ–‹          | 9/17 [00:29<00:25,  3.18s/it]Optimising conformer:  59%|â–ˆâ–ˆâ–ˆâ–ˆâ–ˆâ–ˆâ–ˆâ–ˆâ–ˆâ–ˆâ–ˆâ–ˆâ–Ž        | 10/17 [00:33<00:24,  3.45s/it]Optimising conformer:  65%|â–ˆâ–ˆâ–ˆâ–ˆâ–ˆâ–ˆâ–ˆâ–ˆâ–ˆâ–ˆâ–ˆâ–ˆâ–ˆâ–Œ       | 11/17 [00:35<00:19,  3.19s/it]Optimising conformer:  71%|â–ˆâ–ˆâ–ˆâ–ˆâ–ˆâ–ˆâ–ˆâ–ˆâ–ˆâ–ˆâ–ˆâ–ˆâ–ˆâ–ˆâ–Š      | 12/17 [00:38<00:14,  2.94s/it]Optimising conformer:  76%|â–ˆâ–ˆâ–ˆâ–ˆâ–ˆâ–ˆâ–ˆâ–ˆâ–ˆâ–ˆâ–ˆâ–ˆâ–ˆâ–ˆâ–ˆâ–ˆ     | 13/17 [00:40<00:11,  2.85s/it]Optimising conformer:  82%|â–ˆâ–ˆâ–ˆâ–ˆâ–ˆâ–ˆâ–ˆâ–ˆâ–ˆâ–ˆâ–ˆâ–ˆâ–ˆâ–ˆâ–ˆâ–ˆâ–ˆâ–Ž   | 14/17 [00:42<00:07,  2.60s/it]Optimising conformer:  88%|â–ˆâ–ˆâ–ˆâ–ˆâ–ˆâ–ˆâ–ˆâ–ˆâ–ˆâ–ˆâ–ˆâ–ˆâ–ˆâ–ˆâ–ˆâ–ˆâ–ˆâ–ˆâ–Œ  | 15/17 [00:45<00:05,  2.61s/it]Optimising conformer:  94%|â–ˆâ–ˆâ–ˆâ–ˆâ–ˆâ–ˆâ–ˆâ–ˆâ–ˆâ–ˆâ–ˆâ–ˆâ–ˆâ–ˆâ–ˆâ–ˆâ–ˆâ–ˆâ–ˆâ–Š | 16/17 [00:47<00:02,  2.48s/it]Optimising conformer: 100%|â–ˆâ–ˆâ–ˆâ–ˆâ–ˆâ–ˆâ–ˆâ–ˆâ–ˆâ–ˆâ–ˆâ–ˆâ–ˆâ–ˆâ–ˆâ–ˆâ–ˆâ–ˆâ–ˆâ–ˆâ–ˆ| 17/17 [00:51<00:00,  2.86s/it]Optimising conformer: 100%|â–ˆâ–ˆâ–ˆâ–ˆâ–ˆâ–ˆâ–ˆâ–ˆâ–ˆâ–ˆâ–ˆâ–ˆâ–ˆâ–ˆâ–ˆâ–ˆâ–ˆâ–ˆâ–ˆâ–ˆâ–ˆ| 17/17 [00:51<00:00,  3.03s/it]
/mnt/storage/nobackup/nmb1063/code/gal/sars-cov-2-main-protease-al-study-plip/rsearcher.py:89: UserWarning: The ligand was an array (SDF?). Using the first frame. 
  warnings.warn("The ligand was an array (SDF?). Using the first frame. ")
2024-01-28 22:30:49,136 - distributed.core - INFO - Event loop was unresponsive in Worker for 3.78s.  This is often caused by long-running GIL-holding functions or moving large chunks of data. This can cause timeouts and instability.
2024-01-28 22:30:49,136 [INFO] [core.py:595] distributed.core: Event loop was unresponsive in Worker for 3.78s.  This is often caused by long-running GIL-holding functions or moving large chunks of data. This can cause timeouts and instability.
/mnt/storage/nobackup/nmb1063/mamba/envs/fegrow/lib/python3.9/site-packages/parmed/structure.py:1775: UnitStrippedWarning: The unit of the quantity is stripped when downcasting to ndarray.
  coords = np.array(value, dtype=np.float64, copy=False, subok=True)
/mnt/storage/nobackup/nmb1063/mamba/envs/fegrow/lib/python3.9/site-packages/parmed/structure.py:1775: UnitStrippedWarning: The unit of the quantity is stripped when downcasting to ndarray.
  coords = np.array(value, dtype=np.float64, copy=False, subok=True)
TIME Completed the molecule generation in 115.1s.
TIME changed dir: 0.0s
TIME changed dir: 0.0s
Generated 42 conformers. 
Removed 30 conformers. 
Generated 37 conformers. 
Removed 35 conformers. 
using ani2x
/mnt/storage/nobackup/nmb1063/mamba/envs/fegrow/lib/python3.9/site-packages/torchani/resources/
using ani2x
/mnt/storage/nobackup/nmb1063/mamba/envs/fegrow/lib/python3.9/site-packages/torchani/resources/
failed to equip `nnpops` with error: No module named 'NNPOps'
failed to equip `nnpops` with error: No module named 'NNPOps'
Optimising conformer:   0%|                              | 0/12 [00:00<?, ?it/s]
Optimising conformer:   0%|                               | 0/2 [00:00<?, ?it/s][AOptimising conformer:   8%|â–ˆâ–Š                    | 1/12 [00:03<00:37,  3.42s/it]Optimising conformer:  17%|â–ˆâ–ˆâ–ˆâ–‹                  | 2/12 [00:05<00:27,  2.73s/it]Optimising conformer:  25%|â–ˆâ–ˆâ–ˆâ–ˆâ–ˆâ–Œ                | 3/12 [00:09<00:27,  3.11s/it]
Optimising conformer:  50%|â–ˆâ–ˆâ–ˆâ–ˆâ–ˆâ–ˆâ–ˆâ–ˆâ–ˆâ–ˆâ–ˆâ–Œ           | 1/2 [00:29<00:29, 29.56s/it][A
Optimising conformer: 100%|â–ˆâ–ˆâ–ˆâ–ˆâ–ˆâ–ˆâ–ˆâ–ˆâ–ˆâ–ˆâ–ˆâ–ˆâ–ˆâ–ˆâ–ˆâ–ˆâ–ˆâ–ˆâ–ˆâ–ˆâ–ˆâ–ˆâ–ˆ| 2/2 [00:36<00:00, 16.49s/it][AOptimising conformer: 100%|â–ˆâ–ˆâ–ˆâ–ˆâ–ˆâ–ˆâ–ˆâ–ˆâ–ˆâ–ˆâ–ˆâ–ˆâ–ˆâ–ˆâ–ˆâ–ˆâ–ˆâ–ˆâ–ˆâ–ˆâ–ˆâ–ˆâ–ˆ| 2/2 [00:36<00:00, 18.45s/it]
/mnt/storage/nobackup/nmb1063/code/gal/sars-cov-2-main-protease-al-study-plip/rsearcher.py:89: UserWarning: The ligand was an array (SDF?). Using the first frame. 
  warnings.warn("The ligand was an array (SDF?). Using the first frame. ")
2024-01-28 22:44:57,656 [WARNING] [rdkit_wrapper.py:3213] openff.toolkit.utils.rdkit_wrapper: Warning (not error because allow_undefined_stereo=True): RDMol has unspecified stereochemistry. Bonds with undefined stereochemistry are:
 - Bond 1 (atoms 1-2 of element (C-N)

/mnt/storage/nobackup/nmb1063/mamba/envs/fegrow/lib/python3.9/site-packages/parmed/structure.py:1775: UnitStrippedWarning: The unit of the quantity is stripped when downcasting to ndarray.
  coords = np.array(value, dtype=np.float64, copy=False, subok=True)
2024-01-28 22:44:59,860 [WARNING] [rdkit_wrapper.py:3213] openff.toolkit.utils.rdkit_wrapper: Warning (not error because allow_undefined_stereo=True): RDMol has unspecified stereochemistry. Bonds with undefined stereochemistry are:
 - Bond 1 (atoms 1-2 of element (C-N)

TIME Completed the molecule generation in 92.2s.
TIME changed dir: 0.0s
Generated 14 conformers. 
Removed 7 conformers. 
using ani2x
/mnt/storage/nobackup/nmb1063/mamba/envs/fegrow/lib/python3.9/site-packages/torchani/resources/
failed to equip `nnpops` with error: No module named 'NNPOps'

Optimising conformer:   0%|                               | 0/7 [00:00<?, ?it/s][A
Optimising conformer:  14%|â–ˆâ–ˆâ–ˆâ–Ž                   | 1/7 [00:03<00:23,  3.92s/it][A
Optimising conformer:  29%|â–ˆâ–ˆâ–ˆâ–ˆâ–ˆâ–ˆâ–Œ                | 2/7 [00:05<00:11,  2.32s/it][A
Optimising conformer:  43%|â–ˆâ–ˆâ–ˆâ–ˆâ–ˆâ–ˆâ–ˆâ–ˆâ–ˆâ–Š             | 3/7 [00:11<00:16,  4.05s/it][A
Optimising conformer:  57%|â–ˆâ–ˆâ–ˆâ–ˆâ–ˆâ–ˆâ–ˆâ–ˆâ–ˆâ–ˆâ–ˆâ–ˆâ–ˆâ–         | 4/7 [00:12<00:09,  3.04s/it][A
Optimising conformer:  71%|â–ˆâ–ˆâ–ˆâ–ˆâ–ˆâ–ˆâ–ˆâ–ˆâ–ˆâ–ˆâ–ˆâ–ˆâ–ˆâ–ˆâ–ˆâ–ˆâ–      | 5/7 [00:15<00:06,  3.06s/it][A
Optimising conformer:  86%|â–ˆâ–ˆâ–ˆâ–ˆâ–ˆâ–ˆâ–ˆâ–ˆâ–ˆâ–ˆâ–ˆâ–ˆâ–ˆâ–ˆâ–ˆâ–ˆâ–ˆâ–ˆâ–ˆâ–‹   | 6/7 [00:18<00:02,  2.84s/it][A
Optimising conformer: 100%|â–ˆâ–ˆâ–ˆâ–ˆâ–ˆâ–ˆâ–ˆâ–ˆâ–ˆâ–ˆâ–ˆâ–ˆâ–ˆâ–ˆâ–ˆâ–ˆâ–ˆâ–ˆâ–ˆâ–ˆâ–ˆâ–ˆâ–ˆ| 7/7 [00:19<00:00,  2.23s/it][AOptimising conformer: 100%|â–ˆâ–ˆâ–ˆâ–ˆâ–ˆâ–ˆâ–ˆâ–ˆâ–ˆâ–ˆâ–ˆâ–ˆâ–ˆâ–ˆâ–ˆâ–ˆâ–ˆâ–ˆâ–ˆâ–ˆâ–ˆâ–ˆâ–ˆ| 7/7 [00:19<00:00,  2.74s/it]
/mnt/storage/nobackup/nmb1063/code/gal/sars-cov-2-main-protease-al-study-plip/rsearcher.py:89: UserWarning: The ligand was an array (SDF?). Using the first frame. 
  warnings.warn("The ligand was an array (SDF?). Using the first frame. ")
Optimising conformer:  33%|â–ˆâ–ˆâ–ˆâ–ˆâ–ˆâ–ˆâ–ˆâ–Ž              | 4/12 [02:13<06:46, 50.75s/it]Optimising conformer:  42%|â–ˆâ–ˆâ–ˆâ–ˆâ–ˆâ–ˆâ–ˆâ–ˆâ–ˆâ–            | 5/12 [05:00<10:50, 92.87s/it]Optimising conformer:  50%|â–ˆâ–ˆâ–ˆâ–ˆâ–ˆâ–ˆâ–ˆâ–ˆâ–ˆâ–ˆâ–ˆ           | 6/12 [05:04<06:16, 62.68s/it]Optimising conformer:  58%|â–ˆâ–ˆâ–ˆâ–ˆâ–ˆâ–ˆâ–ˆâ–ˆâ–ˆâ–ˆâ–ˆâ–ˆâ–Š         | 7/12 [05:07<03:34, 42.98s/it]Optimising conformer:  67%|â–ˆâ–ˆâ–ˆâ–ˆâ–ˆâ–ˆâ–ˆâ–ˆâ–ˆâ–ˆâ–ˆâ–ˆâ–ˆâ–ˆâ–‹       | 8/12 [05:09<01:59, 29.94s/it]Optimising conformer:  75%|â–ˆâ–ˆâ–ˆâ–ˆâ–ˆâ–ˆâ–ˆâ–ˆâ–ˆâ–ˆâ–ˆâ–ˆâ–ˆâ–ˆâ–ˆâ–ˆâ–Œ     | 9/12 [05:11<01:04, 21.41s/it]Optimising conformer:  83%|â–ˆâ–ˆâ–ˆâ–ˆâ–ˆâ–ˆâ–ˆâ–ˆâ–ˆâ–ˆâ–ˆâ–ˆâ–ˆâ–ˆâ–ˆâ–ˆâ–ˆâ–Œ   | 10/12 [05:13<00:30, 15.38s/it]Optimising conformer:  92%|â–ˆâ–ˆâ–ˆâ–ˆâ–ˆâ–ˆâ–ˆâ–ˆâ–ˆâ–ˆâ–ˆâ–ˆâ–ˆâ–ˆâ–ˆâ–ˆâ–ˆâ–ˆâ–ˆâ–Ž | 11/12 [06:36<00:36, 36.00s/it]Optimising conformer: 100%|â–ˆâ–ˆâ–ˆâ–ˆâ–ˆâ–ˆâ–ˆâ–ˆâ–ˆâ–ˆâ–ˆâ–ˆâ–ˆâ–ˆâ–ˆâ–ˆâ–ˆâ–ˆâ–ˆâ–ˆâ–ˆ| 12/12 [06:38<00:00, 25.63s/it]Optimising conformer: 100%|â–ˆâ–ˆâ–ˆâ–ˆâ–ˆâ–ˆâ–ˆâ–ˆâ–ˆâ–ˆâ–ˆâ–ˆâ–ˆâ–ˆâ–ˆâ–ˆâ–ˆâ–ˆâ–ˆâ–ˆâ–ˆ| 12/12 [06:38<00:00, 33.19s/it]
2024-01-28 23:02:39,319 - distributed.core - INFO - Event loop was unresponsive in Worker for 4.42s.  This is often caused by long-running GIL-holding functions or moving large chunks of data. This can cause timeouts and instability.
2024-01-28 23:02:39,319 [INFO] [core.py:595] distributed.core: Event loop was unresponsive in Worker for 4.42s.  This is often caused by long-running GIL-holding functions or moving large chunks of data. This can cause timeouts and instability.
/mnt/storage/nobackup/nmb1063/mamba/envs/fegrow/lib/python3.9/site-packages/parmed/structure.py:1775: UnitStrippedWarning: The unit of the quantity is stripped when downcasting to ndarray.
  coords = np.array(value, dtype=np.float64, copy=False, subok=True)
2024-01-28 23:15:59,356 [WARNING] [rdkit_wrapper.py:3213] openff.toolkit.utils.rdkit_wrapper: Warning (not error because allow_undefined_stereo=True): RDMol has unspecified stereochemistry. Bonds with undefined stereochemistry are:
 - Bond 6 (atoms 4-7 of element (C-C)

/mnt/storage/nobackup/nmb1063/mamba/envs/fegrow/lib/python3.9/site-packages/parmed/structure.py:1775: UnitStrippedWarning: The unit of the quantity is stripped when downcasting to ndarray.
  coords = np.array(value, dtype=np.float64, copy=False, subok=True)
2024-01-28 23:16:01,300 [WARNING] [rdkit_wrapper.py:3213] openff.toolkit.utils.rdkit_wrapper: Warning (not error because allow_undefined_stereo=True): RDMol has unspecified stereochemistry. Bonds with undefined stereochemistry are:
 - Bond 6 (atoms 4-7 of element (C-C)

2024-01-28 23:17:30,897 - distributed.core - INFO - Event loop was unresponsive in Nanny for 65.78s.  This is often caused by long-running GIL-holding functions or moving large chunks of data. This can cause timeouts and instability.
2024-01-28 23:17:30,898 - distributed.core - INFO - Event loop was unresponsive in Worker for 65.79s.  This is often caused by long-running GIL-holding functions or moving large chunks of data. This can cause timeouts and instability.
2024-01-28 23:17:30,898 [INFO] [core.py:595] distributed.core: Event loop was unresponsive in Worker for 65.79s.  This is often caused by long-running GIL-holding functions or moving large chunks of data. This can cause timeouts and instability.
TIME Completed the molecule generation in 77.7s.
TIME Completed the molecule generation in 452.9s.
TIME changed dir: 0.0s
TIME changed dir: 0.0s
Generated 15 conformers. 
Removed 12 conformers. 
Generated 38 conformers. 
Removed 20 conformers. 
using ani2x
/mnt/storage/nobackup/nmb1063/mamba/envs/fegrow/lib/python3.9/site-packages/torchani/resources/
failed to equip `nnpops` with error: No module named 'NNPOps'
Optimising conformer:   0%|                               | 0/3 [00:00<?, ?it/s]Optimising conformer:  33%|â–ˆâ–ˆâ–ˆâ–ˆâ–ˆâ–ˆâ–ˆâ–‹               | 1/3 [00:03<00:07,  3.63s/it]Optimising conformer:  67%|â–ˆâ–ˆâ–ˆâ–ˆâ–ˆâ–ˆâ–ˆâ–ˆâ–ˆâ–ˆâ–ˆâ–ˆâ–ˆâ–ˆâ–ˆâ–Ž       | 2/3 [00:04<00:02,  2.15s/it]Optimising conformer: 100%|â–ˆâ–ˆâ–ˆâ–ˆâ–ˆâ–ˆâ–ˆâ–ˆâ–ˆâ–ˆâ–ˆâ–ˆâ–ˆâ–ˆâ–ˆâ–ˆâ–ˆâ–ˆâ–ˆâ–ˆâ–ˆâ–ˆâ–ˆ| 3/3 [00:06<00:00,  1.90s/it]Optimising conformer: 100%|â–ˆâ–ˆâ–ˆâ–ˆâ–ˆâ–ˆâ–ˆâ–ˆâ–ˆâ–ˆâ–ˆâ–ˆâ–ˆâ–ˆâ–ˆâ–ˆâ–ˆâ–ˆâ–ˆâ–ˆâ–ˆâ–ˆâ–ˆ| 3/3 [00:06<00:00,  2.11s/it]
/mnt/storage/nobackup/nmb1063/code/gal/sars-cov-2-main-protease-al-study-plip/rsearcher.py:89: UserWarning: The ligand was an array (SDF?). Using the first frame. 
  warnings.warn("The ligand was an array (SDF?). Using the first frame. ")
/mnt/storage/nobackup/nmb1063/mamba/envs/fegrow/lib/python3.9/site-packages/parmed/structure.py:1775: UnitStrippedWarning: The unit of the quantity is stripped when downcasting to ndarray.
  coords = np.array(value, dtype=np.float64, copy=False, subok=True)
TIME Completed the molecule generation in 122.5s.
TIME changed dir: 0.0s
Generated 17 conformers. 
Removed 7 conformers. 
using ani2x
/mnt/storage/nobackup/nmb1063/mamba/envs/fegrow/lib/python3.9/site-packages/torchani/resources/
failed to equip `nnpops` with error: No module named 'NNPOps'
Optimising conformer:   0%|                              | 0/18 [00:00<?, ?it/s]Optimising conformer:   6%|â–ˆâ–                    | 1/18 [00:03<01:07,  3.96s/it]Optimising conformer:  11%|â–ˆâ–ˆâ–                   | 2/18 [00:07<00:55,  3.48s/it]Optimising conformer:  17%|â–ˆâ–ˆâ–ˆâ–‹                  | 3/18 [00:10<00:53,  3.57s/it]Optimising conformer:  22%|â–ˆâ–ˆâ–ˆâ–ˆâ–‰                 | 4/18 [00:12<00:41,  2.97s/it]Optimising conformer:  28%|â–ˆâ–ˆâ–ˆâ–ˆâ–ˆâ–ˆ                | 5/18 [00:15<00:39,  3.03s/it]Optimising conformer:  33%|â–ˆâ–ˆâ–ˆâ–ˆâ–ˆâ–ˆâ–ˆâ–Ž              | 6/18 [00:18<00:32,  2.75s/it]Optimising conformer:  39%|â–ˆâ–ˆâ–ˆâ–ˆâ–ˆâ–ˆâ–ˆâ–ˆâ–Œ             | 7/18 [00:20<00:28,  2.56s/it]Optimising conformer:  44%|â–ˆâ–ˆâ–ˆâ–ˆâ–ˆâ–ˆâ–ˆâ–ˆâ–ˆâ–Š            | 8/18 [00:23<00:27,  2.71s/it]Optimising conformer:  50%|â–ˆâ–ˆâ–ˆâ–ˆâ–ˆâ–ˆâ–ˆâ–ˆâ–ˆâ–ˆâ–ˆ           | 9/18 [00:25<00:23,  2.60s/it]using ani2x
/mnt/storage/nobackup/nmb1063/mamba/envs/fegrow/lib/python3.9/site-packages/torchani/resources/
failed to equip `nnpops` with error: No module named 'NNPOps'

Optimising conformer:   0%|                              | 0/10 [00:00<?, ?it/s][AOptimising conformer:  56%|â–ˆâ–ˆâ–ˆâ–ˆâ–ˆâ–ˆâ–ˆâ–ˆâ–ˆâ–ˆâ–ˆâ–‹         | 10/18 [00:28<00:22,  2.77s/it]Optimising conformer:  61%|â–ˆâ–ˆâ–ˆâ–ˆâ–ˆâ–ˆâ–ˆâ–ˆâ–ˆâ–ˆâ–ˆâ–ˆâ–Š        | 11/18 [00:31<00:19,  2.73s/it]
Optimising conformer:  10%|â–ˆâ–ˆâ–                   | 1/10 [00:05<00:48,  5.42s/it][AOptimising conformer:  67%|â–ˆâ–ˆâ–ˆâ–ˆâ–ˆâ–ˆâ–ˆâ–ˆâ–ˆâ–ˆâ–ˆâ–ˆâ–ˆâ–ˆ       | 12/18 [00:33<00:15,  2.61s/it]
Optimising conformer:  20%|â–ˆâ–ˆâ–ˆâ–ˆâ–                 | 2/10 [00:08<00:31,  3.90s/it][AOptimising conformer:  72%|â–ˆâ–ˆâ–ˆâ–ˆâ–ˆâ–ˆâ–ˆâ–ˆâ–ˆâ–ˆâ–ˆâ–ˆâ–ˆâ–ˆâ–ˆâ–     | 13/18 [00:52<00:37,  7.44s/it]Optimising conformer:  78%|â–ˆâ–ˆâ–ˆâ–ˆâ–ˆâ–ˆâ–ˆâ–ˆâ–ˆâ–ˆâ–ˆâ–ˆâ–ˆâ–ˆâ–ˆâ–ˆâ–Ž    | 14/18 [00:55<00:25,  6.26s/it]
Optimising conformer:  30%|â–ˆâ–ˆâ–ˆâ–ˆâ–ˆâ–ˆâ–Œ               | 3/10 [00:32<01:30, 12.96s/it][AOptimising conformer:  83%|â–ˆâ–ˆâ–ˆâ–ˆâ–ˆâ–ˆâ–ˆâ–ˆâ–ˆâ–ˆâ–ˆâ–ˆâ–ˆâ–ˆâ–ˆâ–ˆâ–ˆâ–Œ   | 15/18 [00:59<00:15,  5.33s/it]
Optimising conformer:  40%|â–ˆâ–ˆâ–ˆâ–ˆâ–ˆâ–ˆâ–ˆâ–ˆâ–Š             | 4/10 [00:34<00:52,  8.83s/it][AOptimising conformer:  89%|â–ˆâ–ˆâ–ˆâ–ˆâ–ˆâ–ˆâ–ˆâ–ˆâ–ˆâ–ˆâ–ˆâ–ˆâ–ˆâ–ˆâ–ˆâ–ˆâ–ˆâ–ˆâ–‹  | 16/18 [01:01<00:08,  4.50s/it]Optimising conformer:  94%|â–ˆâ–ˆâ–ˆâ–ˆâ–ˆâ–ˆâ–ˆâ–ˆâ–ˆâ–ˆâ–ˆâ–ˆâ–ˆâ–ˆâ–ˆâ–ˆâ–ˆâ–ˆâ–ˆâ–Š | 17/18 [01:03<00:03,  3.83s/it]Optimising conformer: 100%|â–ˆâ–ˆâ–ˆâ–ˆâ–ˆâ–ˆâ–ˆâ–ˆâ–ˆâ–ˆâ–ˆâ–ˆâ–ˆâ–ˆâ–ˆâ–ˆâ–ˆâ–ˆâ–ˆâ–ˆâ–ˆ| 18/18 [01:06<00:00,  3.56s/it]Optimising conformer: 100%|â–ˆâ–ˆâ–ˆâ–ˆâ–ˆâ–ˆâ–ˆâ–ˆâ–ˆâ–ˆâ–ˆâ–ˆâ–ˆâ–ˆâ–ˆâ–ˆâ–ˆâ–ˆâ–ˆâ–ˆâ–ˆ| 18/18 [01:06<00:00,  3.72s/it]
/mnt/storage/nobackup/nmb1063/code/gal/sars-cov-2-main-protease-al-study-plip/rsearcher.py:89: UserWarning: The ligand was an array (SDF?). Using the first frame. 
  warnings.warn("The ligand was an array (SDF?). Using the first frame. ")

Optimising conformer:  50%|â–ˆâ–ˆâ–ˆâ–ˆâ–ˆâ–ˆâ–ˆâ–ˆâ–ˆâ–ˆâ–ˆ           | 5/10 [00:54<01:04, 12.97s/it][A
Optimising conformer:  60%|â–ˆâ–ˆâ–ˆâ–ˆâ–ˆâ–ˆâ–ˆâ–ˆâ–ˆâ–ˆâ–ˆâ–ˆâ–ˆâ–        | 6/10 [00:58<00:38,  9.69s/it][A
Optimising conformer:  70%|â–ˆâ–ˆâ–ˆâ–ˆâ–ˆâ–ˆâ–ˆâ–ˆâ–ˆâ–ˆâ–ˆâ–ˆâ–ˆâ–ˆâ–ˆâ–      | 7/10 [01:01<00:22,  7.48s/it][A
Optimising conformer:  80%|â–ˆâ–ˆâ–ˆâ–ˆâ–ˆâ–ˆâ–ˆâ–ˆâ–ˆâ–ˆâ–ˆâ–ˆâ–ˆâ–ˆâ–ˆâ–ˆâ–ˆâ–Œ    | 8/10 [01:03<00:12,  6.03s/it][A
Optimising conformer:  90%|â–ˆâ–ˆâ–ˆâ–ˆâ–ˆâ–ˆâ–ˆâ–ˆâ–ˆâ–ˆâ–ˆâ–ˆâ–ˆâ–ˆâ–ˆâ–ˆâ–ˆâ–ˆâ–ˆâ–Š  | 9/10 [01:05<00:04,  4.71s/it][A
Optimising conformer: 100%|â–ˆâ–ˆâ–ˆâ–ˆâ–ˆâ–ˆâ–ˆâ–ˆâ–ˆâ–ˆâ–ˆâ–ˆâ–ˆâ–ˆâ–ˆâ–ˆâ–ˆâ–ˆâ–ˆâ–ˆâ–ˆ| 10/10 [01:08<00:00,  4.04s/it][AOptimising conformer: 100%|â–ˆâ–ˆâ–ˆâ–ˆâ–ˆâ–ˆâ–ˆâ–ˆâ–ˆâ–ˆâ–ˆâ–ˆâ–ˆâ–ˆâ–ˆâ–ˆâ–ˆâ–ˆâ–ˆâ–ˆâ–ˆ| 10/10 [01:08<00:00,  6.83s/it]
2024-01-28 23:27:09,810 - distributed.core - INFO - Event loop was unresponsive in Nanny for 3.67s.  This is often caused by long-running GIL-holding functions or moving large chunks of data. This can cause timeouts and instability.
2024-01-28 23:27:09,849 - distributed.core - INFO - Event loop was unresponsive in Worker for 8.74s.  This is often caused by long-running GIL-holding functions or moving large chunks of data. This can cause timeouts and instability.
2024-01-28 23:27:09,849 [INFO] [core.py:595] distributed.core: Event loop was unresponsive in Worker for 8.74s.  This is often caused by long-running GIL-holding functions or moving large chunks of data. This can cause timeouts and instability.
2024-01-28 23:37:10,223 - distributed.core - INFO - Event loop was unresponsive in Worker for 4.83s.  This is often caused by long-running GIL-holding functions or moving large chunks of data. This can cause timeouts and instability.
2024-01-28 23:37:10,223 [INFO] [core.py:595] distributed.core: Event loop was unresponsive in Worker for 4.83s.  This is often caused by long-running GIL-holding functions or moving large chunks of data. This can cause timeouts and instability.
2024-01-28 23:44:09,821 - distributed.core - INFO - Event loop was unresponsive in Worker for 9.59s.  This is often caused by long-running GIL-holding functions or moving large chunks of data. This can cause timeouts and instability.
2024-01-28 23:44:09,821 [INFO] [core.py:595] distributed.core: Event loop was unresponsive in Worker for 9.59s.  This is often caused by long-running GIL-holding functions or moving large chunks of data. This can cause timeouts and instability.
2024-01-28 23:51:50,279 [WARNING] [rdkit_wrapper.py:3213] openff.toolkit.utils.rdkit_wrapper: Warning (not error because allow_undefined_stereo=True): RDMol has unspecified stereochemistry. Bonds with undefined stereochemistry are:
 - Bond 1 (atoms 1-2 of element (C-C)

/mnt/storage/nobackup/nmb1063/mamba/envs/fegrow/lib/python3.9/site-packages/parmed/structure.py:1775: UnitStrippedWarning: The unit of the quantity is stripped when downcasting to ndarray.
  coords = np.array(value, dtype=np.float64, copy=False, subok=True)
2024-01-28 23:51:52,542 [WARNING] [rdkit_wrapper.py:3213] openff.toolkit.utils.rdkit_wrapper: Warning (not error because allow_undefined_stereo=True): RDMol has unspecified stereochemistry. Bonds with undefined stereochemistry are:
 - Bond 1 (atoms 1-2 of element (C-C)

/mnt/storage/nobackup/nmb1063/mamba/envs/fegrow/lib/python3.9/site-packages/parmed/structure.py:1775: UnitStrippedWarning: The unit of the quantity is stripped when downcasting to ndarray.
  coords = np.array(value, dtype=np.float64, copy=False, subok=True)
TIME Completed the molecule generation in 208.2s.
TIME Completed the molecule generation in 113.3s.
TIME changed dir: 0.0s
TIME changed dir: 0.0s
Generated 48 conformers. 
Removed 43 conformers. 
Generated 32 conformers. 
Removed 25 conformers. 
using ani2x
/mnt/storage/nobackup/nmb1063/mamba/envs/fegrow/lib/python3.9/site-packages/torchani/resources/
failed to equip `nnpops` with error: No module named 'NNPOps'
Optimising conformer:   0%|                               | 0/5 [00:00<?, ?it/s]Optimising conformer:  20%|â–ˆâ–ˆâ–ˆâ–ˆâ–Œ                  | 1/5 [00:03<00:12,  3.00s/it]Optimising conformer:  40%|â–ˆâ–ˆâ–ˆâ–ˆâ–ˆâ–ˆâ–ˆâ–ˆâ–ˆâ–             | 2/5 [00:07<00:11,  3.73s/it]Optimising conformer:  60%|â–ˆâ–ˆâ–ˆâ–ˆâ–ˆâ–ˆâ–ˆâ–ˆâ–ˆâ–ˆâ–ˆâ–ˆâ–ˆâ–Š         | 3/5 [00:09<00:05,  2.99s/it]Optimising conformer:  80%|â–ˆâ–ˆâ–ˆâ–ˆâ–ˆâ–ˆâ–ˆâ–ˆâ–ˆâ–ˆâ–ˆâ–ˆâ–ˆâ–ˆâ–ˆâ–ˆâ–ˆâ–ˆâ–    | 4/5 [00:14<00:03,  3.90s/it]Optimising conformer: 100%|â–ˆâ–ˆâ–ˆâ–ˆâ–ˆâ–ˆâ–ˆâ–ˆâ–ˆâ–ˆâ–ˆâ–ˆâ–ˆâ–ˆâ–ˆâ–ˆâ–ˆâ–ˆâ–ˆâ–ˆâ–ˆâ–ˆâ–ˆ| 5/5 [00:18<00:00,  3.80s/it]Optimising conformer: 100%|â–ˆâ–ˆâ–ˆâ–ˆâ–ˆâ–ˆâ–ˆâ–ˆâ–ˆâ–ˆâ–ˆâ–ˆâ–ˆâ–ˆâ–ˆâ–ˆâ–ˆâ–ˆâ–ˆâ–ˆâ–ˆâ–ˆâ–ˆ| 5/5 [00:18<00:00,  3.65s/it]
/mnt/storage/nobackup/nmb1063/code/gal/sars-cov-2-main-protease-al-study-plip/rsearcher.py:89: UserWarning: The ligand was an array (SDF?). Using the first frame. 
  warnings.warn("The ligand was an array (SDF?). Using the first frame. ")
/mnt/storage/nobackup/nmb1063/mamba/envs/fegrow/lib/python3.9/site-packages/parmed/structure.py:1775: UnitStrippedWarning: The unit of the quantity is stripped when downcasting to ndarray.
  coords = np.array(value, dtype=np.float64, copy=False, subok=True)
TIME Completed the molecule generation in 112.0s.
TIME changed dir: 0.0s
Generated 32 conformers. 
Removed 15 conformers. 
using ani2x
/mnt/storage/nobackup/nmb1063/mamba/envs/fegrow/lib/python3.9/site-packages/torchani/resources/
failed to equip `nnpops` with error: No module named 'NNPOps'
Optimising conformer:   0%|                               | 0/7 [00:00<?, ?it/s]Optimising conformer:  14%|â–ˆâ–ˆâ–ˆâ–Ž                   | 1/7 [00:02<00:17,  2.97s/it]Optimising conformer:  29%|â–ˆâ–ˆâ–ˆâ–ˆâ–ˆâ–ˆâ–Œ                | 2/7 [00:04<00:11,  2.39s/it]Optimising conformer:  43%|â–ˆâ–ˆâ–ˆâ–ˆâ–ˆâ–ˆâ–ˆâ–ˆâ–ˆâ–Š             | 3/7 [00:10<00:14,  3.61s/it]Optimising conformer:  57%|â–ˆâ–ˆâ–ˆâ–ˆâ–ˆâ–ˆâ–ˆâ–ˆâ–ˆâ–ˆâ–ˆâ–ˆâ–ˆâ–         | 4/7 [00:12<00:09,  3.22s/it]Optimising conformer:  71%|â–ˆâ–ˆâ–ˆâ–ˆâ–ˆâ–ˆâ–ˆâ–ˆâ–ˆâ–ˆâ–ˆâ–ˆâ–ˆâ–ˆâ–ˆâ–ˆâ–      | 5/7 [00:14<00:05,  2.61s/it]using ani2x
/mnt/storage/nobackup/nmb1063/mamba/envs/fegrow/lib/python3.9/site-packages/torchani/resources/
failed to equip `nnpops` with error: No module named 'NNPOps'

Optimising conformer:   0%|                              | 0/17 [00:00<?, ?it/s][AOptimising conformer:  86%|â–ˆâ–ˆâ–ˆâ–ˆâ–ˆâ–ˆâ–ˆâ–ˆâ–ˆâ–ˆâ–ˆâ–ˆâ–ˆâ–ˆâ–ˆâ–ˆâ–ˆâ–ˆâ–ˆâ–‹   | 6/7 [00:16<00:02,  2.54s/it]
Optimising conformer:   6%|â–ˆâ–Ž                    | 1/17 [00:03<01:02,  3.90s/it][AOptimising conformer: 100%|â–ˆâ–ˆâ–ˆâ–ˆâ–ˆâ–ˆâ–ˆâ–ˆâ–ˆâ–ˆâ–ˆâ–ˆâ–ˆâ–ˆâ–ˆâ–ˆâ–ˆâ–ˆâ–ˆâ–ˆâ–ˆâ–ˆâ–ˆ| 7/7 [00:20<00:00,  2.96s/it]Optimising conformer: 100%|â–ˆâ–ˆâ–ˆâ–ˆâ–ˆâ–ˆâ–ˆâ–ˆâ–ˆâ–ˆâ–ˆâ–ˆâ–ˆâ–ˆâ–ˆâ–ˆâ–ˆâ–ˆâ–ˆâ–ˆâ–ˆâ–ˆâ–ˆ| 7/7 [00:20<00:00,  2.91s/it]
/mnt/storage/nobackup/nmb1063/code/gal/sars-cov-2-main-protease-al-study-plip/rsearcher.py:89: UserWarning: The ligand was an array (SDF?). Using the first frame. 
  warnings.warn("The ligand was an array (SDF?). Using the first frame. ")

Optimising conformer:  12%|â–ˆâ–ˆâ–Œ                   | 2/17 [00:06<00:45,  3.03s/it][A
Optimising conformer:  18%|â–ˆâ–ˆâ–ˆâ–‰                  | 3/17 [00:08<00:37,  2.69s/it][A
Optimising conformer:  24%|â–ˆâ–ˆâ–ˆâ–ˆâ–ˆâ–                | 4/17 [00:10<00:31,  2.44s/it][A
Optimising conformer:  29%|â–ˆâ–ˆâ–ˆâ–ˆâ–ˆâ–ˆâ–               | 5/17 [00:12<00:26,  2.22s/it][A
Optimising conformer:  35%|â–ˆâ–ˆâ–ˆâ–ˆâ–ˆâ–ˆâ–ˆâ–Š              | 6/17 [00:25<01:03,  5.81s/it][A
Optimising conformer:  41%|â–ˆâ–ˆâ–ˆâ–ˆâ–ˆâ–ˆâ–ˆâ–ˆâ–ˆ             | 7/17 [00:38<01:23,  8.37s/it][A
Optimising conformer:  47%|â–ˆâ–ˆâ–ˆâ–ˆâ–ˆâ–ˆâ–ˆâ–ˆâ–ˆâ–ˆâ–Ž           | 8/17 [00:40<00:56,  6.31s/it][A
Optimising conformer:  53%|â–ˆâ–ˆâ–ˆâ–ˆâ–ˆâ–ˆâ–ˆâ–ˆâ–ˆâ–ˆâ–ˆâ–‹          | 9/17 [00:53<01:07,  8.42s/it][A
Optimising conformer:  59%|â–ˆâ–ˆâ–ˆâ–ˆâ–ˆâ–ˆâ–ˆâ–ˆâ–ˆâ–ˆâ–ˆâ–ˆâ–Ž        | 10/17 [00:55<00:44,  6.37s/it][A
Optimising conformer:  65%|â–ˆâ–ˆâ–ˆâ–ˆâ–ˆâ–ˆâ–ˆâ–ˆâ–ˆâ–ˆâ–ˆâ–ˆâ–ˆâ–Œ       | 11/17 [00:59<00:32,  5.46s/it][A
Optimising conformer:  71%|â–ˆâ–ˆâ–ˆâ–ˆâ–ˆâ–ˆâ–ˆâ–ˆâ–ˆâ–ˆâ–ˆâ–ˆâ–ˆâ–ˆâ–Š      | 12/17 [01:01<00:22,  4.41s/it][A
Optimising conformer:  76%|â–ˆâ–ˆâ–ˆâ–ˆâ–ˆâ–ˆâ–ˆâ–ˆâ–ˆâ–ˆâ–ˆâ–ˆâ–ˆâ–ˆâ–ˆâ–ˆ     | 13/17 [01:11<00:25,  6.33s/it][A
Optimising conformer:  82%|â–ˆâ–ˆâ–ˆâ–ˆâ–ˆâ–ˆâ–ˆâ–ˆâ–ˆâ–ˆâ–ˆâ–ˆâ–ˆâ–ˆâ–ˆâ–ˆâ–ˆâ–Ž   | 14/17 [01:13<00:14,  4.97s/it][A
Optimising conformer:  88%|â–ˆâ–ˆâ–ˆâ–ˆâ–ˆâ–ˆâ–ˆâ–ˆâ–ˆâ–ˆâ–ˆâ–ˆâ–ˆâ–ˆâ–ˆâ–ˆâ–ˆâ–ˆâ–Œ  | 15/17 [01:17<00:09,  4.50s/it][A
Optimising conformer:  94%|â–ˆâ–ˆâ–ˆâ–ˆâ–ˆâ–ˆâ–ˆâ–ˆâ–ˆâ–ˆâ–ˆâ–ˆâ–ˆâ–ˆâ–ˆâ–ˆâ–ˆâ–ˆâ–ˆâ–Š | 16/17 [01:18<00:03,  3.69s/it][A
Optimising conformer: 100%|â–ˆâ–ˆâ–ˆâ–ˆâ–ˆâ–ˆâ–ˆâ–ˆâ–ˆâ–ˆâ–ˆâ–ˆâ–ˆâ–ˆâ–ˆâ–ˆâ–ˆâ–ˆâ–ˆâ–ˆâ–ˆ| 17/17 [01:33<00:00,  7.05s/it][AOptimising conformer: 100%|â–ˆâ–ˆâ–ˆâ–ˆâ–ˆâ–ˆâ–ˆâ–ˆâ–ˆâ–ˆâ–ˆâ–ˆâ–ˆâ–ˆâ–ˆâ–ˆâ–ˆâ–ˆâ–ˆâ–ˆâ–ˆ| 17/17 [01:33<00:00,  5.51s/it]
/mnt/storage/nobackup/nmb1063/mamba/envs/fegrow/lib/python3.9/site-packages/parmed/structure.py:1775: UnitStrippedWarning: The unit of the quantity is stripped when downcasting to ndarray.
  coords = np.array(value, dtype=np.float64, copy=False, subok=True)
2024-01-29 00:24:24,119 [WARNING] [rdkit_wrapper.py:3213] openff.toolkit.utils.rdkit_wrapper: Warning (not error because allow_undefined_stereo=True): RDMol has unspecified stereochemistry. Bonds with undefined stereochemistry are:
 - Bond 16 (atoms 16-17 of element (C-N)

/mnt/storage/nobackup/nmb1063/mamba/envs/fegrow/lib/python3.9/site-packages/parmed/structure.py:1775: UnitStrippedWarning: The unit of the quantity is stripped when downcasting to ndarray.
  coords = np.array(value, dtype=np.float64, copy=False, subok=True)
2024-01-29 00:24:25,833 [WARNING] [rdkit_wrapper.py:3213] openff.toolkit.utils.rdkit_wrapper: Warning (not error because allow_undefined_stereo=True): RDMol has unspecified stereochemistry. Bonds with undefined stereochemistry are:
 - Bond 16 (atoms 16-17 of element (C-N)

TIME Completed the molecule generation in 158.0s.
TIME Completed the molecule generation in 133.2s.
TIME changed dir: 0.0s
TIME changed dir: 0.0s
Generated 13 conformers. 
Removed 1 conformers. 
Generated 32 conformers. 
Removed 26 conformers. 
using ani2x
/mnt/storage/nobackup/nmb1063/mamba/envs/fegrow/lib/python3.9/site-packages/torchani/resources/
failed to equip `nnpops` with error: No module named 'NNPOps'
Optimising conformer:   0%|                              | 0/12 [00:00<?, ?it/s]Optimising conformer:   8%|â–ˆâ–Š                    | 1/12 [00:03<00:35,  3.26s/it]Optimising conformer:  17%|â–ˆâ–ˆâ–ˆâ–‹                  | 2/12 [00:05<00:27,  2.74s/it]Optimising conformer:  25%|â–ˆâ–ˆâ–ˆâ–ˆâ–ˆâ–Œ                | 3/12 [00:07<00:21,  2.42s/it]Optimising conformer:  33%|â–ˆâ–ˆâ–ˆâ–ˆâ–ˆâ–ˆâ–ˆâ–Ž              | 4/12 [00:10<00:20,  2.53s/it]Optimising conformer:  42%|â–ˆâ–ˆâ–ˆâ–ˆâ–ˆâ–ˆâ–ˆâ–ˆâ–ˆâ–            | 5/12 [00:12<00:16,  2.42s/it]Optimising conformer:  50%|â–ˆâ–ˆâ–ˆâ–ˆâ–ˆâ–ˆâ–ˆâ–ˆâ–ˆâ–ˆâ–ˆ           | 6/12 [00:15<00:14,  2.43s/it]Optimising conformer:  58%|â–ˆâ–ˆâ–ˆâ–ˆâ–ˆâ–ˆâ–ˆâ–ˆâ–ˆâ–ˆâ–ˆâ–ˆâ–Š         | 7/12 [00:17<00:12,  2.44s/it]Optimising conformer:  67%|â–ˆâ–ˆâ–ˆâ–ˆâ–ˆâ–ˆâ–ˆâ–ˆâ–ˆâ–ˆâ–ˆâ–ˆâ–ˆâ–ˆâ–‹       | 8/12 [00:20<00:10,  2.56s/it]Optimising conformer:  75%|â–ˆâ–ˆâ–ˆâ–ˆâ–ˆâ–ˆâ–ˆâ–ˆâ–ˆâ–ˆâ–ˆâ–ˆâ–ˆâ–ˆâ–ˆâ–ˆâ–Œ     | 9/12 [00:24<00:09,  3.12s/it]Optimising conformer:  83%|â–ˆâ–ˆâ–ˆâ–ˆâ–ˆâ–ˆâ–ˆâ–ˆâ–ˆâ–ˆâ–ˆâ–ˆâ–ˆâ–ˆâ–ˆâ–ˆâ–ˆâ–Œ   | 10/12 [00:26<00:05,  2.78s/it]Optimising conformer:  92%|â–ˆâ–ˆâ–ˆâ–ˆâ–ˆâ–ˆâ–ˆâ–ˆâ–ˆâ–ˆâ–ˆâ–ˆâ–ˆâ–ˆâ–ˆâ–ˆâ–ˆâ–ˆâ–ˆâ–Ž | 11/12 [00:28<00:02,  2.55s/it]Optimising conformer: 100%|â–ˆâ–ˆâ–ˆâ–ˆâ–ˆâ–ˆâ–ˆâ–ˆâ–ˆâ–ˆâ–ˆâ–ˆâ–ˆâ–ˆâ–ˆâ–ˆâ–ˆâ–ˆâ–ˆâ–ˆâ–ˆ| 12/12 [00:33<00:00,  3.35s/it]Optimising conformer: 100%|â–ˆâ–ˆâ–ˆâ–ˆâ–ˆâ–ˆâ–ˆâ–ˆâ–ˆâ–ˆâ–ˆâ–ˆâ–ˆâ–ˆâ–ˆâ–ˆâ–ˆâ–ˆâ–ˆâ–ˆâ–ˆ| 12/12 [00:33<00:00,  2.83s/it]
/mnt/storage/nobackup/nmb1063/code/gal/sars-cov-2-main-protease-al-study-plip/rsearcher.py:89: UserWarning: The ligand was an array (SDF?). Using the first frame. 
  warnings.warn("The ligand was an array (SDF?). Using the first frame. ")
/mnt/storage/nobackup/nmb1063/mamba/envs/fegrow/lib/python3.9/site-packages/parmed/structure.py:1775: UnitStrippedWarning: The unit of the quantity is stripped when downcasting to ndarray.
  coords = np.array(value, dtype=np.float64, copy=False, subok=True)
TIME Completed the molecule generation in 68.6s.
TIME changed dir: 0.0s
Generated 19 conformers. 
Removed 16 conformers. 
using ani2x
/mnt/storage/nobackup/nmb1063/mamba/envs/fegrow/lib/python3.9/site-packages/torchani/resources/
failed to equip `nnpops` with error: No module named 'NNPOps'
Optimising conformer:   0%|                               | 0/6 [00:00<?, ?it/s]Optimising conformer:  17%|â–ˆâ–ˆâ–ˆâ–Š                   | 1/6 [00:04<00:20,  4.15s/it]Optimising conformer:  33%|â–ˆâ–ˆâ–ˆâ–ˆâ–ˆâ–ˆâ–ˆâ–‹               | 2/6 [00:07<00:13,  3.40s/it]Optimising conformer:  50%|â–ˆâ–ˆâ–ˆâ–ˆâ–ˆâ–ˆâ–ˆâ–ˆâ–ˆâ–ˆâ–ˆâ–Œ           | 3/6 [00:09<00:08,  2.80s/it]Optimising conformer:  67%|â–ˆâ–ˆâ–ˆâ–ˆâ–ˆâ–ˆâ–ˆâ–ˆâ–ˆâ–ˆâ–ˆâ–ˆâ–ˆâ–ˆâ–ˆâ–Ž       | 4/6 [00:15<00:08,  4.29s/it]Optimising conformer:  83%|â–ˆâ–ˆâ–ˆâ–ˆâ–ˆâ–ˆâ–ˆâ–ˆâ–ˆâ–ˆâ–ˆâ–ˆâ–ˆâ–ˆâ–ˆâ–ˆâ–ˆâ–ˆâ–ˆâ–   | 5/6 [00:17<00:03,  3.52s/it]Optimising conformer: 100%|â–ˆâ–ˆâ–ˆâ–ˆâ–ˆâ–ˆâ–ˆâ–ˆâ–ˆâ–ˆâ–ˆâ–ˆâ–ˆâ–ˆâ–ˆâ–ˆâ–ˆâ–ˆâ–ˆâ–ˆâ–ˆâ–ˆâ–ˆ| 6/6 [00:21<00:00,  3.65s/it]Optimising conformer: 100%|â–ˆâ–ˆâ–ˆâ–ˆâ–ˆâ–ˆâ–ˆâ–ˆâ–ˆâ–ˆâ–ˆâ–ˆâ–ˆâ–ˆâ–ˆâ–ˆâ–ˆâ–ˆâ–ˆâ–ˆâ–ˆâ–ˆâ–ˆ| 6/6 [00:21<00:00,  3.62s/it]
/mnt/storage/nobackup/nmb1063/code/gal/sars-cov-2-main-protease-al-study-plip/rsearcher.py:89: UserWarning: The ligand was an array (SDF?). Using the first frame. 
  warnings.warn("The ligand was an array (SDF?). Using the first frame. ")
TIME Completed the molecule generation in 109.2s.
using ani2x
/mnt/storage/nobackup/nmb1063/mamba/envs/fegrow/lib/python3.9/site-packages/torchani/resources/
failed to equip `nnpops` with error: No module named 'NNPOps'
Optimising conformer:   0%|                               | 0/3 [00:00<?, ?it/s]Optimising conformer:  33%|â–ˆâ–ˆâ–ˆâ–ˆâ–ˆâ–ˆâ–ˆâ–‹               | 1/3 [00:04<00:09,  4.54s/it]Optimising conformer:  67%|â–ˆâ–ˆâ–ˆâ–ˆâ–ˆâ–ˆâ–ˆâ–ˆâ–ˆâ–ˆâ–ˆâ–ˆâ–ˆâ–ˆâ–ˆâ–Ž       | 2/3 [00:07<00:03,  3.88s/it]Optimising conformer: 100%|â–ˆâ–ˆâ–ˆâ–ˆâ–ˆâ–ˆâ–ˆâ–ˆâ–ˆâ–ˆâ–ˆâ–ˆâ–ˆâ–ˆâ–ˆâ–ˆâ–ˆâ–ˆâ–ˆâ–ˆâ–ˆâ–ˆâ–ˆ| 3/3 [00:13<00:00,  4.76s/it]Optimising conformer: 100%|â–ˆâ–ˆâ–ˆâ–ˆâ–ˆâ–ˆâ–ˆâ–ˆâ–ˆâ–ˆâ–ˆâ–ˆâ–ˆâ–ˆâ–ˆâ–ˆâ–ˆâ–ˆâ–ˆâ–ˆâ–ˆâ–ˆâ–ˆ| 3/3 [00:13<00:00,  4.59s/it]
/mnt/storage/nobackup/nmb1063/code/gal/sars-cov-2-main-protease-al-study-plip/rsearcher.py:89: UserWarning: The ligand was an array (SDF?). Using the first frame. 
  warnings.warn("The ligand was an array (SDF?). Using the first frame. ")
2024-01-29 00:43:41,534 - distributed.core - INFO - Event loop was unresponsive in Worker for 4.63s.  This is often caused by long-running GIL-holding functions or moving large chunks of data. This can cause timeouts and instability.
2024-01-29 00:43:41,534 [INFO] [core.py:595] distributed.core: Event loop was unresponsive in Worker for 4.63s.  This is often caused by long-running GIL-holding functions or moving large chunks of data. This can cause timeouts and instability.
2024-01-29 00:58:15,547 [WARNING] [rdkit_wrapper.py:3213] openff.toolkit.utils.rdkit_wrapper: Warning (not error because allow_undefined_stereo=True): RDMol has unspecified stereochemistry. Undefined chiral centers are:
 - Atom C (index 4)

/mnt/storage/nobackup/nmb1063/mamba/envs/fegrow/lib/python3.9/site-packages/parmed/structure.py:1775: UnitStrippedWarning: The unit of the quantity is stripped when downcasting to ndarray.
  coords = np.array(value, dtype=np.float64, copy=False, subok=True)
2024-01-29 00:58:18,130 [WARNING] [rdkit_wrapper.py:3213] openff.toolkit.utils.rdkit_wrapper: Warning (not error because allow_undefined_stereo=True): RDMol has unspecified stereochemistry. Undefined chiral centers are:
 - Atom C (index 4)

2024-01-29 00:58:18,860 [WARNING] [rdkit_wrapper.py:3213] openff.toolkit.utils.rdkit_wrapper: Warning (not error because allow_undefined_stereo=True): RDMol has unspecified stereochemistry. Undefined chiral centers are:
 - Atom C (index 11)

/mnt/storage/nobackup/nmb1063/mamba/envs/fegrow/lib/python3.9/site-packages/parmed/structure.py:1775: UnitStrippedWarning: The unit of the quantity is stripped when downcasting to ndarray.
  coords = np.array(value, dtype=np.float64, copy=False, subok=True)
2024-01-29 00:58:20,642 [WARNING] [rdkit_wrapper.py:3213] openff.toolkit.utils.rdkit_wrapper: Warning (not error because allow_undefined_stereo=True): RDMol has unspecified stereochemistry. Undefined chiral centers are:
 - Atom C (index 11)

TIME Completed the molecule generation in 122.1s.
TIME changed dir: 0.0s
TIME changed dir: 0.0s
Generated 37 conformers. 
Removed 23 conformers. 
Generated 50 conformers. 
Removed 44 conformers. 
using ani2x
using ani2x
/mnt/storage/nobackup/nmb1063/mamba/envs/fegrow/lib/python3.9/site-packages/torchani/resources/
/mnt/storage/nobackup/nmb1063/mamba/envs/fegrow/lib/python3.9/site-packages/torchani/resources/
failed to equip `nnpops` with error: No module named 'NNPOps'
failed to equip `nnpops` with error: No module named 'NNPOps'
Optimising conformer:   0%|                              | 0/14 [00:00<?, ?it/s]
Optimising conformer:   0%|                               | 0/6 [00:00<?, ?it/s][AOptimising conformer:   7%|â–ˆâ–Œ                    | 1/14 [00:05<01:17,  5.98s/it]
Optimising conformer:  17%|â–ˆâ–ˆâ–ˆâ–Š                   | 1/6 [00:13<01:07, 13.43s/it][AOptimising conformer:  14%|â–ˆâ–ˆâ–ˆâ–                  | 2/14 [00:14<01:28,  7.35s/it]
Optimising conformer:  33%|â–ˆâ–ˆâ–ˆâ–ˆâ–ˆâ–ˆâ–ˆâ–‹               | 2/6 [00:15<00:26,  6.71s/it][AOptimising conformer:  21%|â–ˆâ–ˆâ–ˆâ–ˆâ–‹                 | 3/14 [00:17<00:59,  5.41s/it]Optimising conformer:  29%|â–ˆâ–ˆâ–ˆâ–ˆâ–ˆâ–ˆâ–Ž               | 4/14 [00:19<00:41,  4.13s/it]Optimising conformer:  36%|â–ˆâ–ˆâ–ˆâ–ˆâ–ˆâ–ˆâ–ˆâ–Š              | 5/14 [00:22<00:34,  3.82s/it]
Optimising conformer:  50%|â–ˆâ–ˆâ–ˆâ–ˆâ–ˆâ–ˆâ–ˆâ–ˆâ–ˆâ–ˆâ–ˆâ–Œ           | 3/6 [00:22<00:20,  6.92s/it][A
Optimising conformer:  67%|â–ˆâ–ˆâ–ˆâ–ˆâ–ˆâ–ˆâ–ˆâ–ˆâ–ˆâ–ˆâ–ˆâ–ˆâ–ˆâ–ˆâ–ˆâ–Ž       | 4/6 [00:24<00:09,  4.82s/it][AOptimising conformer:  43%|â–ˆâ–ˆâ–ˆâ–ˆâ–ˆâ–ˆâ–ˆâ–ˆâ–ˆâ–            | 6/14 [00:25<00:26,  3.32s/it]Optimising conformer:  50%|â–ˆâ–ˆâ–ˆâ–ˆâ–ˆâ–ˆâ–ˆâ–ˆâ–ˆâ–ˆâ–ˆ           | 7/14 [00:27<00:20,  3.00s/it]Optimising conformer:  57%|â–ˆâ–ˆâ–ˆâ–ˆâ–ˆâ–ˆâ–ˆâ–ˆâ–ˆâ–ˆâ–ˆâ–ˆâ–Œ         | 8/14 [00:29<00:16,  2.75s/it]
Optimising conformer:  83%|â–ˆâ–ˆâ–ˆâ–ˆâ–ˆâ–ˆâ–ˆâ–ˆâ–ˆâ–ˆâ–ˆâ–ˆâ–ˆâ–ˆâ–ˆâ–ˆâ–ˆâ–ˆâ–ˆâ–   | 5/6 [00:29<00:04,  4.97s/it][AOptimising conformer:  64%|â–ˆâ–ˆâ–ˆâ–ˆâ–ˆâ–ˆâ–ˆâ–ˆâ–ˆâ–ˆâ–ˆâ–ˆâ–ˆâ–ˆâ–       | 9/14 [00:33<00:16,  3.21s/it]
Optimising conformer: 100%|â–ˆâ–ˆâ–ˆâ–ˆâ–ˆâ–ˆâ–ˆâ–ˆâ–ˆâ–ˆâ–ˆâ–ˆâ–ˆâ–ˆâ–ˆâ–ˆâ–ˆâ–ˆâ–ˆâ–ˆâ–ˆâ–ˆâ–ˆ| 6/6 [00:35<00:00,  5.29s/it][AOptimising conformer: 100%|â–ˆâ–ˆâ–ˆâ–ˆâ–ˆâ–ˆâ–ˆâ–ˆâ–ˆâ–ˆâ–ˆâ–ˆâ–ˆâ–ˆâ–ˆâ–ˆâ–ˆâ–ˆâ–ˆâ–ˆâ–ˆâ–ˆâ–ˆ| 6/6 [00:35<00:00,  5.89s/it]
/mnt/storage/nobackup/nmb1063/code/gal/sars-cov-2-main-protease-al-study-plip/rsearcher.py:89: UserWarning: The ligand was an array (SDF?). Using the first frame. 
  warnings.warn("The ligand was an array (SDF?). Using the first frame. ")
Optimising conformer:  71%|â–ˆâ–ˆâ–ˆâ–ˆâ–ˆâ–ˆâ–ˆâ–ˆâ–ˆâ–ˆâ–ˆâ–ˆâ–ˆâ–ˆâ–ˆ      | 10/14 [00:38<00:14,  3.62s/it]Optimising conformer:  79%|â–ˆâ–ˆâ–ˆâ–ˆâ–ˆâ–ˆâ–ˆâ–ˆâ–ˆâ–ˆâ–ˆâ–ˆâ–ˆâ–ˆâ–ˆâ–ˆâ–Œ    | 11/14 [00:39<00:08,  2.95s/it]Optimising conformer:  86%|â–ˆâ–ˆâ–ˆâ–ˆâ–ˆâ–ˆâ–ˆâ–ˆâ–ˆâ–ˆâ–ˆâ–ˆâ–ˆâ–ˆâ–ˆâ–ˆâ–ˆâ–ˆ   | 12/14 [00:42<00:05,  2.74s/it]Optimising conformer:  93%|â–ˆâ–ˆâ–ˆâ–ˆâ–ˆâ–ˆâ–ˆâ–ˆâ–ˆâ–ˆâ–ˆâ–ˆâ–ˆâ–ˆâ–ˆâ–ˆâ–ˆâ–ˆâ–ˆâ–Œ | 13/14 [00:44<00:02,  2.74s/it]Optimising conformer: 100%|â–ˆâ–ˆâ–ˆâ–ˆâ–ˆâ–ˆâ–ˆâ–ˆâ–ˆâ–ˆâ–ˆâ–ˆâ–ˆâ–ˆâ–ˆâ–ˆâ–ˆâ–ˆâ–ˆâ–ˆâ–ˆ| 14/14 [00:47<00:00,  2.61s/it]Optimising conformer: 100%|â–ˆâ–ˆâ–ˆâ–ˆâ–ˆâ–ˆâ–ˆâ–ˆâ–ˆâ–ˆâ–ˆâ–ˆâ–ˆâ–ˆâ–ˆâ–ˆâ–ˆâ–ˆâ–ˆâ–ˆâ–ˆ| 14/14 [00:47<00:00,  3.37s/it]
/mnt/storage/nobackup/nmb1063/mamba/envs/fegrow/lib/python3.9/site-packages/parmed/structure.py:1775: UnitStrippedWarning: The unit of the quantity is stripped when downcasting to ndarray.
  coords = np.array(value, dtype=np.float64, copy=False, subok=True)
/mnt/storage/nobackup/nmb1063/mamba/envs/fegrow/lib/python3.9/site-packages/parmed/structure.py:1775: UnitStrippedWarning: The unit of the quantity is stripped when downcasting to ndarray.
  coords = np.array(value, dtype=np.float64, copy=False, subok=True)
TIME Completed the molecule generation in 113.1s.
TIME Completed the molecule generation in 125.1s.
TIME changed dir: 0.0s
TIME changed dir: 0.0s
Generated 7 conformers. 
Removed 0 conformers. 
Generated 37 conformers. 
Removed 21 conformers. 
using ani2x
/mnt/storage/nobackup/nmb1063/mamba/envs/fegrow/lib/python3.9/site-packages/torchani/resources/
failed to equip `nnpops` with error: No module named 'NNPOps'
Optimising conformer:   0%|                               | 0/7 [00:00<?, ?it/s]Optimising conformer:  14%|â–ˆâ–ˆâ–ˆâ–Ž                   | 1/7 [00:03<00:21,  3.65s/it]Optimising conformer:  29%|â–ˆâ–ˆâ–ˆâ–ˆâ–ˆâ–ˆâ–Œ                | 2/7 [00:07<00:18,  3.62s/it]Optimising conformer:  43%|â–ˆâ–ˆâ–ˆâ–ˆâ–ˆâ–ˆâ–ˆâ–ˆâ–ˆâ–Š             | 3/7 [00:08<00:10,  2.72s/it]Optimising conformer:  57%|â–ˆâ–ˆâ–ˆâ–ˆâ–ˆâ–ˆâ–ˆâ–ˆâ–ˆâ–ˆâ–ˆâ–ˆâ–ˆâ–         | 4/7 [00:11<00:07,  2.64s/it]Optimising conformer:  71%|â–ˆâ–ˆâ–ˆâ–ˆâ–ˆâ–ˆâ–ˆâ–ˆâ–ˆâ–ˆâ–ˆâ–ˆâ–ˆâ–ˆâ–ˆâ–ˆâ–      | 5/7 [00:13<00:05,  2.60s/it]Optimising conformer:  86%|â–ˆâ–ˆâ–ˆâ–ˆâ–ˆâ–ˆâ–ˆâ–ˆâ–ˆâ–ˆâ–ˆâ–ˆâ–ˆâ–ˆâ–ˆâ–ˆâ–ˆâ–ˆâ–ˆâ–‹   | 6/7 [00:16<00:02,  2.68s/it]Optimising conformer: 100%|â–ˆâ–ˆâ–ˆâ–ˆâ–ˆâ–ˆâ–ˆâ–ˆâ–ˆâ–ˆâ–ˆâ–ˆâ–ˆâ–ˆâ–ˆâ–ˆâ–ˆâ–ˆâ–ˆâ–ˆâ–ˆâ–ˆâ–ˆ| 7/7 [00:21<00:00,  3.40s/it]Optimising conformer: 100%|â–ˆâ–ˆâ–ˆâ–ˆâ–ˆâ–ˆâ–ˆâ–ˆâ–ˆâ–ˆâ–ˆâ–ˆâ–ˆâ–ˆâ–ˆâ–ˆâ–ˆâ–ˆâ–ˆâ–ˆâ–ˆâ–ˆâ–ˆ| 7/7 [00:21<00:00,  3.10s/it]
/mnt/storage/nobackup/nmb1063/code/gal/sars-cov-2-main-protease-al-study-plip/rsearcher.py:89: UserWarning: The ligand was an array (SDF?). Using the first frame. 
  warnings.warn("The ligand was an array (SDF?). Using the first frame. ")
/mnt/storage/nobackup/nmb1063/mamba/envs/fegrow/lib/python3.9/site-packages/parmed/structure.py:1775: UnitStrippedWarning: The unit of the quantity is stripped when downcasting to ndarray.
  coords = np.array(value, dtype=np.float64, copy=False, subok=True)
TIME Completed the molecule generation in 52.6s.
TIME changed dir: 0.0s
Generated 18 conformers. 
Removed 10 conformers. 
using ani2x
/mnt/storage/nobackup/nmb1063/mamba/envs/fegrow/lib/python3.9/site-packages/torchani/resources/
failed to equip `nnpops` with error: No module named 'NNPOps'
using ani2x
/mnt/storage/nobackup/nmb1063/mamba/envs/fegrow/lib/python3.9/site-packages/torchani/resources/
Optimising conformer:   0%|                               | 0/8 [00:00<?, ?it/s]Optimising conformer:  12%|â–ˆâ–ˆâ–‰                    | 1/8 [00:04<00:33,  4.72s/it]failed to equip `nnpops` with error: No module named 'NNPOps'

Optimising conformer:   0%|                              | 0/16 [00:00<?, ?it/s][AOptimising conformer:  25%|â–ˆâ–ˆâ–ˆâ–ˆâ–ˆâ–Š                 | 2/8 [00:08<00:25,  4.17s/it]
Optimising conformer:   6%|â–ˆâ–                    | 1/16 [00:05<01:15,  5.02s/it][AOptimising conformer:  38%|â–ˆâ–ˆâ–ˆâ–ˆâ–ˆâ–ˆâ–ˆâ–ˆâ–‹              | 3/8 [00:11<00:17,  3.54s/it]Optimising conformer:  50%|â–ˆâ–ˆâ–ˆâ–ˆâ–ˆâ–ˆâ–ˆâ–ˆâ–ˆâ–ˆâ–ˆâ–Œ           | 4/8 [00:13<00:11,  2.93s/it]
Optimising conformer:  12%|â–ˆâ–ˆâ–Š                   | 2/16 [00:07<00:51,  3.68s/it][A
Optimising conformer:  19%|â–ˆâ–ˆâ–ˆâ–ˆâ–                 | 3/16 [00:11<00:48,  3.77s/it][AOptimising conformer:  62%|â–ˆâ–ˆâ–ˆâ–ˆâ–ˆâ–ˆâ–ˆâ–ˆâ–ˆâ–ˆâ–ˆâ–ˆâ–ˆâ–ˆâ–        | 5/8 [00:21<00:14,  4.85s/it]
Optimising conformer:  25%|â–ˆâ–ˆâ–ˆâ–ˆâ–ˆâ–Œ                | 4/16 [00:15<00:45,  3.82s/it][A
Optimising conformer:  31%|â–ˆâ–ˆâ–ˆâ–ˆâ–ˆâ–ˆâ–‰               | 5/16 [00:18<00:37,  3.44s/it][A
Optimising conformer:  38%|â–ˆâ–ˆâ–ˆâ–ˆâ–ˆâ–ˆâ–ˆâ–ˆâ–Ž             | 6/16 [00:20<00:30,  3.07s/it][A
Optimising conformer:  44%|â–ˆâ–ˆâ–ˆâ–ˆâ–ˆâ–ˆâ–ˆâ–ˆâ–ˆâ–‹            | 7/16 [00:25<00:32,  3.57s/it][A
Optimising conformer:  50%|â–ˆâ–ˆâ–ˆâ–ˆâ–ˆâ–ˆâ–ˆâ–ˆâ–ˆâ–ˆâ–ˆ           | 8/16 [00:27<00:24,  3.02s/it][A
Optimising conformer:  56%|â–ˆâ–ˆâ–ˆâ–ˆâ–ˆâ–ˆâ–ˆâ–ˆâ–ˆâ–ˆâ–ˆâ–ˆâ–         | 9/16 [00:29<00:20,  2.97s/it][A
Optimising conformer:  62%|â–ˆâ–ˆâ–ˆâ–ˆâ–ˆâ–ˆâ–ˆâ–ˆâ–ˆâ–ˆâ–ˆâ–ˆâ–ˆâ–       | 10/16 [00:33<00:18,  3.03s/it][A
Optimising conformer:  69%|â–ˆâ–ˆâ–ˆâ–ˆâ–ˆâ–ˆâ–ˆâ–ˆâ–ˆâ–ˆâ–ˆâ–ˆâ–ˆâ–ˆâ–      | 11/16 [00:38<00:18,  3.65s/it][A
Optimising conformer:  75%|â–ˆâ–ˆâ–ˆâ–ˆâ–ˆâ–ˆâ–ˆâ–ˆâ–ˆâ–ˆâ–ˆâ–ˆâ–ˆâ–ˆâ–ˆâ–Š     | 12/16 [00:40<00:12,  3.11s/it][A
Optimising conformer:  81%|â–ˆâ–ˆâ–ˆâ–ˆâ–ˆâ–ˆâ–ˆâ–ˆâ–ˆâ–ˆâ–ˆâ–ˆâ–ˆâ–ˆâ–ˆâ–ˆâ–ˆ    | 13/16 [00:43<00:09,  3.31s/it][A
Optimising conformer:  88%|â–ˆâ–ˆâ–ˆâ–ˆâ–ˆâ–ˆâ–ˆâ–ˆâ–ˆâ–ˆâ–ˆâ–ˆâ–ˆâ–ˆâ–ˆâ–ˆâ–ˆâ–ˆâ–  | 14/16 [00:45<00:05,  2.84s/it][A
Optimising conformer:  94%|â–ˆâ–ˆâ–ˆâ–ˆâ–ˆâ–ˆâ–ˆâ–ˆâ–ˆâ–ˆâ–ˆâ–ˆâ–ˆâ–ˆâ–ˆâ–ˆâ–ˆâ–ˆâ–ˆâ–‹ | 15/16 [00:49<00:03,  3.06s/it][A
Optimising conformer: 100%|â–ˆâ–ˆâ–ˆâ–ˆâ–ˆâ–ˆâ–ˆâ–ˆâ–ˆâ–ˆâ–ˆâ–ˆâ–ˆâ–ˆâ–ˆâ–ˆâ–ˆâ–ˆâ–ˆâ–ˆâ–ˆ| 16/16 [00:51<00:00,  2.99s/it][AOptimising conformer: 100%|â–ˆâ–ˆâ–ˆâ–ˆâ–ˆâ–ˆâ–ˆâ–ˆâ–ˆâ–ˆâ–ˆâ–ˆâ–ˆâ–ˆâ–ˆâ–ˆâ–ˆâ–ˆâ–ˆâ–ˆâ–ˆ| 16/16 [00:51<00:00,  3.25s/it]
/mnt/storage/nobackup/nmb1063/code/gal/sars-cov-2-main-protease-al-study-plip/rsearcher.py:89: UserWarning: The ligand was an array (SDF?). Using the first frame. 
  warnings.warn("The ligand was an array (SDF?). Using the first frame. ")
Optimising conformer:  75%|â–ˆâ–ˆâ–ˆâ–ˆâ–ˆâ–ˆâ–ˆâ–ˆâ–ˆâ–ˆâ–ˆâ–ˆâ–ˆâ–ˆâ–ˆâ–ˆâ–ˆâ–Ž     | 6/8 [01:08<00:38, 19.22s/it]Optimising conformer:  88%|â–ˆâ–ˆâ–ˆâ–ˆâ–ˆâ–ˆâ–ˆâ–ˆâ–ˆâ–ˆâ–ˆâ–ˆâ–ˆâ–ˆâ–ˆâ–ˆâ–ˆâ–ˆâ–ˆâ–ˆâ–  | 7/8 [01:10<00:13, 13.50s/it]Optimising conformer: 100%|â–ˆâ–ˆâ–ˆâ–ˆâ–ˆâ–ˆâ–ˆâ–ˆâ–ˆâ–ˆâ–ˆâ–ˆâ–ˆâ–ˆâ–ˆâ–ˆâ–ˆâ–ˆâ–ˆâ–ˆâ–ˆâ–ˆâ–ˆ| 8/8 [01:14<00:00, 10.38s/it]Optimising conformer: 100%|â–ˆâ–ˆâ–ˆâ–ˆâ–ˆâ–ˆâ–ˆâ–ˆâ–ˆâ–ˆâ–ˆâ–ˆâ–ˆâ–ˆâ–ˆâ–ˆâ–ˆâ–ˆâ–ˆâ–ˆâ–ˆâ–ˆâ–ˆ| 8/8 [01:14<00:00,  9.26s/it]
/mnt/storage/nobackup/nmb1063/mamba/envs/fegrow/lib/python3.9/site-packages/parmed/structure.py:1775: UnitStrippedWarning: The unit of the quantity is stripped when downcasting to ndarray.
  coords = np.array(value, dtype=np.float64, copy=False, subok=True)
/mnt/storage/nobackup/nmb1063/mamba/envs/fegrow/lib/python3.9/site-packages/parmed/structure.py:1775: UnitStrippedWarning: The unit of the quantity is stripped when downcasting to ndarray.
  coords = np.array(value, dtype=np.float64, copy=False, subok=True)
TIME Completed the molecule generation in 147.8s.
TIME Completed the molecule generation in 110.6s.
TIME changed dir: 0.0s
TIME changed dir: 0.0s
Generated 33 conformers. 
Removed 22 conformers. 
Generated 19 conformers. 
Removed 14 conformers. 
using ani2x
/mnt/storage/nobackup/nmb1063/mamba/envs/fegrow/lib/python3.9/site-packages/torchani/resources/
failed to equip `nnpops` with error: No module named 'NNPOps'
Optimising conformer:   0%|                              | 0/11 [00:00<?, ?it/s]Optimising conformer:   9%|â–ˆâ–ˆ                    | 1/11 [00:03<00:37,  3.79s/it]Optimising conformer:  18%|â–ˆâ–ˆâ–ˆâ–ˆ                  | 2/11 [00:05<00:24,  2.71s/it]Optimising conformer:  27%|â–ˆâ–ˆâ–ˆâ–ˆâ–ˆâ–ˆ                | 3/11 [00:08<00:20,  2.58s/it]Optimising conformer:  36%|â–ˆâ–ˆâ–ˆâ–ˆâ–ˆâ–ˆâ–ˆâ–ˆ              | 4/11 [00:10<00:16,  2.37s/it]using ani2x
/mnt/storage/nobackup/nmb1063/mamba/envs/fegrow/lib/python3.9/site-packages/torchani/resources/
failed to equip `nnpops` with error: No module named 'NNPOps'

Optimising conformer:   0%|                               | 0/5 [00:00<?, ?it/s][AOptimising conformer:  45%|â–ˆâ–ˆâ–ˆâ–ˆâ–ˆâ–ˆâ–ˆâ–ˆâ–ˆâ–ˆ            | 5/11 [00:14<00:18,  3.02s/it]Optimising conformer:  55%|â–ˆâ–ˆâ–ˆâ–ˆâ–ˆâ–ˆâ–ˆâ–ˆâ–ˆâ–ˆâ–ˆâ–ˆ          | 6/11 [00:17<00:14,  2.90s/it]
Optimising conformer:  20%|â–ˆâ–ˆâ–ˆâ–ˆâ–Œ                  | 1/5 [00:04<00:18,  4.61s/it][AOptimising conformer:  64%|â–ˆâ–ˆâ–ˆâ–ˆâ–ˆâ–ˆâ–ˆâ–ˆâ–ˆâ–ˆâ–ˆâ–ˆâ–ˆâ–ˆ        | 7/11 [00:19<00:10,  2.71s/it]
Optimising conformer:  40%|â–ˆâ–ˆâ–ˆâ–ˆâ–ˆâ–ˆâ–ˆâ–ˆâ–ˆâ–             | 2/5 [00:07<00:10,  3.58s/it][AOptimising conformer:  73%|â–ˆâ–ˆâ–ˆâ–ˆâ–ˆâ–ˆâ–ˆâ–ˆâ–ˆâ–ˆâ–ˆâ–ˆâ–ˆâ–ˆâ–ˆâ–ˆ      | 8/11 [00:22<00:08,  2.70s/it]
Optimising conformer:  60%|â–ˆâ–ˆâ–ˆâ–ˆâ–ˆâ–ˆâ–ˆâ–ˆâ–ˆâ–ˆâ–ˆâ–ˆâ–ˆâ–Š         | 3/5 [00:11<00:07,  3.80s/it][AOptimising conformer:  82%|â–ˆâ–ˆâ–ˆâ–ˆâ–ˆâ–ˆâ–ˆâ–ˆâ–ˆâ–ˆâ–ˆâ–ˆâ–ˆâ–ˆâ–ˆâ–ˆâ–ˆâ–ˆ    | 9/11 [00:26<00:06,  3.34s/it]
Optimising conformer:  80%|â–ˆâ–ˆâ–ˆâ–ˆâ–ˆâ–ˆâ–ˆâ–ˆâ–ˆâ–ˆâ–ˆâ–ˆâ–ˆâ–ˆâ–ˆâ–ˆâ–ˆâ–ˆâ–    | 4/5 [00:14<00:03,  3.59s/it][AOptimising conformer:  91%|â–ˆâ–ˆâ–ˆâ–ˆâ–ˆâ–ˆâ–ˆâ–ˆâ–ˆâ–ˆâ–ˆâ–ˆâ–ˆâ–ˆâ–ˆâ–ˆâ–ˆâ–ˆâ–ˆ  | 10/11 [00:29<00:03,  3.12s/it]
Optimising conformer: 100%|â–ˆâ–ˆâ–ˆâ–ˆâ–ˆâ–ˆâ–ˆâ–ˆâ–ˆâ–ˆâ–ˆâ–ˆâ–ˆâ–ˆâ–ˆâ–ˆâ–ˆâ–ˆâ–ˆâ–ˆâ–ˆâ–ˆâ–ˆ| 5/5 [00:18<00:00,  3.73s/it][AOptimising conformer: 100%|â–ˆâ–ˆâ–ˆâ–ˆâ–ˆâ–ˆâ–ˆâ–ˆâ–ˆâ–ˆâ–ˆâ–ˆâ–ˆâ–ˆâ–ˆâ–ˆâ–ˆâ–ˆâ–ˆâ–ˆâ–ˆâ–ˆâ–ˆ| 5/5 [00:18<00:00,  3.76s/it]
/mnt/storage/nobackup/nmb1063/code/gal/sars-cov-2-main-protease-al-study-plip/rsearcher.py:89: UserWarning: The ligand was an array (SDF?). Using the first frame. 
  warnings.warn("The ligand was an array (SDF?). Using the first frame. ")
Optimising conformer: 100%|â–ˆâ–ˆâ–ˆâ–ˆâ–ˆâ–ˆâ–ˆâ–ˆâ–ˆâ–ˆâ–ˆâ–ˆâ–ˆâ–ˆâ–ˆâ–ˆâ–ˆâ–ˆâ–ˆâ–ˆâ–ˆ| 11/11 [00:33<00:00,  3.31s/it]Optimising conformer: 100%|â–ˆâ–ˆâ–ˆâ–ˆâ–ˆâ–ˆâ–ˆâ–ˆâ–ˆâ–ˆâ–ˆâ–ˆâ–ˆâ–ˆâ–ˆâ–ˆâ–ˆâ–ˆâ–ˆâ–ˆâ–ˆ| 11/11 [00:33<00:00,  3.02s/it]
slurmstepd: error: *** JOB 19877587 ON sb102 CANCELLED AT 2024-01-29T02:30:08 DUE TO TIME LIMIT ***
