hostname sb048.cluster
ipconfig 1: lo: <LOOPBACK,UP,LOWER_UP> mtu 65536 qdisc noqueue state UNKNOWN group default qlen 1000 link/loopback 00:00:00:00:00:00 brd 00:00:00:00:00:00 inet 127.0.0.1/8 scope host lo valid_lft forever preferred_lft forever inet6 ::1/128 scope host valid_lft forever preferred_lft forever 2: enp4s0f0: <BROADCAST,MULTICAST,UP,LOWER_UP> mtu 9000 qdisc mq state UP group default qlen 1000 link/ether a0:8c:f8:34:c9:d8 brd ff:ff:ff:ff:ff:ff inet 10.3.81.128/22 brd 10.3.83.255 scope global enp4s0f0 valid_lft forever preferred_lft forever inet6 fe80::a28c:f8ff:fe34:c9d8/64 scope link valid_lft forever preferred_lft forever 3: enp4s0f1: <BROADCAST,MULTICAST> mtu 1500 qdisc noop state DOWN group default qlen 1000 link/ether a0:8c:f8:34:c9:d9 brd ff:ff:ff:ff:ff:ff 4: enp4s0f2: <BROADCAST,MULTICAST> mtu 1500 qdisc noop state DOWN group default qlen 1000 link/ether a0:8c:f8:34:c9:da brd ff:ff:ff:ff:ff:ff 5: enp4s0f3: <BROADCAST,MULTICAST> mtu 1500 qdisc noop state DOWN group default qlen 1000 link/ether a0:8c:f8:34:c9:db brd ff:ff:ff:ff:ff:ff 6: ib0: <BROADCAST,MULTICAST,UP,LOWER_UP> mtu 4092 qdisc pfifo_fast state UP group default qlen 256 link/infiniband 80:00:00:29:fe:80:00:00:00:00:00:00:38:bc:01:03:00:4c:f4:00 brd 00:ff:ff:ff:ff:12:40:1b:ff:ff:00:00:00:00:00:00:ff:ff:ff:ff inet 10.3.89.128/22 brd 10.3.91.255 scope global ib0 valid_lft forever preferred_lft forever inet 10.3.97.128/22 brd 10.3.99.255 scope global ib0:1 valid_lft forever preferred_lft forever inet6 fe80::3abc:103:4c:f400/64 scope link valid_lft forever preferred_lft forever 7: ib1: <NO-CARRIER,BROADCAST,MULTICAST,UP> mtu 4092 qdisc pfifo_fast state DOWN group default qlen 256 link/infiniband 80:00:00:29:fe:80:00:00:00:00:00:00:38:bc:01:03:00:4c:f4:01 brd 00:ff:ff:ff:ff:12:40:1b:ff:ff:00:00:00:00:00:00:ff:ff:ff:ff
2024-01-28 22:10:18,350 - distributed.nanny - INFO -         Start Nanny at: 'tcp://10.3.89.128:37987'
2024-01-28 22:10:30,030 - distributed.worker - INFO -       Start worker at:    tcp://10.3.89.128:34221
2024-01-28 22:10:30,032 - distributed.worker - INFO -          Listening to:    tcp://10.3.89.128:34221
2024-01-28 22:10:30,032 - distributed.worker - INFO -           Worker name:            SLURMCluster-97
2024-01-28 22:10:30,032 - distributed.worker - INFO -          dashboard at:          10.3.89.128:37001
2024-01-28 22:10:30,032 - distributed.worker - INFO - Waiting to connect to:     tcp://10.3.88.11:44532
2024-01-28 22:10:30,032 - distributed.worker - INFO - -------------------------------------------------
2024-01-28 22:10:30,032 - distributed.worker - INFO -               Threads:                          2
2024-01-28 22:10:30,032 - distributed.worker - INFO -                Memory:                  20.49 GiB
2024-01-28 22:10:30,032 - distributed.worker - INFO -       Local Directory: /scratch/dask-worker-space/worker-whzl49vf
2024-01-28 22:10:30,032 - distributed.worker - INFO - -------------------------------------------------
2024-01-28 22:10:30,106 - distributed.worker - INFO -         Registered to:     tcp://10.3.88.11:44532
2024-01-28 22:10:30,106 - distributed.worker - INFO - -------------------------------------------------
2024-01-28 22:10:30,107 - distributed.core - INFO - Starting established connection to tcp://10.3.88.11:44532
2024-01-28 22:11:05,637 - distributed.core - INFO - Event loop was unresponsive in Worker for 35.35s.  This is often caused by long-running GIL-holding functions or moving large chunks of data. This can cause timeouts and instability.
2024-01-28 22:11:05,637 [INFO] [core.py:595] distributed.core: Event loop was unresponsive in Worker for 35.35s.  This is often caused by long-running GIL-holding functions or moving large chunks of data. This can cause timeouts and instability.
/mnt/storage/nobackup/nmb1063/mamba/envs/fegrow/lib/python3.9/site-packages/parmed/structure.py:1775: UnitStrippedWarning: The unit of the quantity is stripped when downcasting to ndarray.
  coords = np.array(value, dtype=np.float64, copy=False, subok=True)
/mnt/storage/nobackup/nmb1063/mamba/envs/fegrow/lib/python3.9/site-packages/torchani/__init__.py:55: UserWarning: Dependency not satisfied, torchani.ase will not be available
  warnings.warn("Dependency not satisfied, torchani.ase will not be available")
2024-01-28 22:11:48,801 [WARNING] [__init__.py:5] root: Warning: importing 'simtk.openmm' is deprecated.  Import 'openmm' instead.
TIME changed dir: 0.0s
TIME changed dir: 0.0s
Generated 29 conformers. 
Removed 15 conformers. 
Generated 46 conformers. 
Removed 38 conformers. 
using ani2x
/mnt/storage/nobackup/nmb1063/mamba/envs/fegrow/lib/python3.9/site-packages/torchani/resources/
failed to equip `nnpops` with error: No module named 'NNPOps'
Optimising conformer:   0%|                              | 0/14 [00:00<?, ?it/s][W BinaryOps.cpp:601] Warning: floor_divide is deprecated, and will be removed in a future version of pytorch. It currently rounds toward 0 (like the 'trunc' function NOT 'floor'). This results in incorrect rounding for negative values.
To keep the current behavior, use torch.div(a, b, rounding_mode='trunc'), or for actual floor division, use torch.div(a, b, rounding_mode='floor'). (function operator())
Optimising conformer:   7%|█▌                    | 1/14 [00:05<01:08,  5.31s/it]Optimising conformer:  14%|███▏                  | 2/14 [00:09<00:54,  4.50s/it]Optimising conformer:  21%|████▋                 | 3/14 [00:11<00:36,  3.28s/it]using ani2x
/mnt/storage/nobackup/nmb1063/mamba/envs/fegrow/lib/python3.9/site-packages/torchani/resources/
failed to equip `nnpops` with error: No module named 'NNPOps'

Optimising conformer:   0%|                               | 0/8 [00:00<?, ?it/s][AOptimising conformer:  29%|██████▎               | 4/14 [00:15<00:38,  3.88s/it]
Optimising conformer:  12%|██▉                    | 1/8 [00:03<00:27,  3.95s/it][A
Optimising conformer:  25%|█████▊                 | 2/8 [00:05<00:15,  2.64s/it][AOptimising conformer:  36%|███████▊              | 5/14 [00:20<00:37,  4.15s/it]
Optimising conformer:  38%|████████▋              | 3/8 [00:08<00:14,  2.82s/it][AOptimising conformer:  43%|█████████▍            | 6/14 [00:22<00:27,  3.43s/it]
Optimising conformer:  50%|███████████▌           | 4/8 [00:11<00:10,  2.64s/it][AOptimising conformer:  50%|███████████           | 7/14 [00:25<00:22,  3.28s/it]
Optimising conformer:  62%|██████████████▍        | 5/8 [00:16<00:10,  3.56s/it][AOptimising conformer:  57%|████████████▌         | 8/14 [00:30<00:23,  3.85s/it]
Optimising conformer:  75%|█████████████████▎     | 6/8 [00:19<00:07,  3.52s/it][AOptimising conformer:  64%|██████████████▏       | 9/14 [00:32<00:16,  3.28s/it]
Optimising conformer:  88%|████████████████████▏  | 7/8 [00:21<00:03,  3.05s/it][AOptimising conformer:  71%|███████████████      | 10/14 [00:34<00:11,  2.90s/it]
Optimising conformer: 100%|███████████████████████| 8/8 [00:25<00:00,  3.11s/it][AOptimising conformer: 100%|███████████████████████| 8/8 [00:25<00:00,  3.13s/it]
/mnt/storage/nobackup/nmb1063/code/gal/sars-cov-2-main-protease-al-study-plip/rsearcher.py:89: UserWarning: The ligand was an array (SDF?). Using the first frame. 
  warnings.warn("The ligand was an array (SDF?). Using the first frame. ")
Optimising conformer:  79%|████████████████▌    | 11/14 [00:39<00:10,  3.49s/it]Optimising conformer:  86%|██████████████████   | 12/14 [00:40<00:05,  2.88s/it]Optimising conformer:  93%|███████████████████▌ | 13/14 [00:43<00:02,  2.69s/it]Optimising conformer: 100%|█████████████████████| 14/14 [00:44<00:00,  2.29s/it]Optimising conformer: 100%|█████████████████████| 14/14 [00:44<00:00,  3.18s/it]
2024-01-28 22:12:39,914 - distributed.utils_perf - INFO - full garbage collection released 11.52 MiB from 630428 reference cycles (threshold: 9.54 MiB)
2024-01-28 22:12:39,914 [INFO] [utils_perf.py:198] distributed.utils_perf: full garbage collection released 11.52 MiB from 630428 reference cycles (threshold: 9.54 MiB)
2024-01-28 22:30:28,724 - distributed.core - INFO - Event loop was unresponsive in Worker for 4.16s.  This is often caused by long-running GIL-holding functions or moving large chunks of data. This can cause timeouts and instability.
2024-01-28 22:30:28,724 [INFO] [core.py:595] distributed.core: Event loop was unresponsive in Worker for 4.16s.  This is often caused by long-running GIL-holding functions or moving large chunks of data. This can cause timeouts and instability.
2024-01-28 22:30:48,989 - distributed.core - INFO - Event loop was unresponsive in Worker for 4.38s.  This is often caused by long-running GIL-holding functions or moving large chunks of data. This can cause timeouts and instability.
2024-01-28 22:30:48,989 [INFO] [core.py:595] distributed.core: Event loop was unresponsive in Worker for 4.38s.  This is often caused by long-running GIL-holding functions or moving large chunks of data. This can cause timeouts and instability.
/mnt/storage/nobackup/nmb1063/mamba/envs/fegrow/lib/python3.9/site-packages/parmed/structure.py:1775: UnitStrippedWarning: The unit of the quantity is stripped when downcasting to ndarray.
  coords = np.array(value, dtype=np.float64, copy=False, subok=True)
/mnt/storage/nobackup/nmb1063/mamba/envs/fegrow/lib/python3.9/site-packages/parmed/structure.py:1775: UnitStrippedWarning: The unit of the quantity is stripped when downcasting to ndarray.
  coords = np.array(value, dtype=np.float64, copy=False, subok=True)
TIME Completed the molecule generation in 88.8s.
TIME Completed the molecule generation in 96.2s.
TIME changed dir: 0.0s
TIME changed dir: 0.0s
Generated 34 conformers. 
Generated 40 conformers. 
Removed 27 conformers. 
Removed 29 conformers. 
using ani2x
/mnt/storage/nobackup/nmb1063/mamba/envs/fegrow/lib/python3.9/site-packages/torchani/resources/
using ani2x
/mnt/storage/nobackup/nmb1063/mamba/envs/fegrow/lib/python3.9/site-packages/torchani/resources/
failed to equip `nnpops` with error: No module named 'NNPOps'
failed to equip `nnpops` with error: No module named 'NNPOps'
Optimising conformer:   0%|                               | 0/7 [00:00<?, ?it/s]
Optimising conformer:   0%|                              | 0/11 [00:00<?, ?it/s][A
Optimising conformer:   9%|██                    | 1/11 [00:03<00:33,  3.39s/it][A
Optimising conformer:  18%|████                  | 2/11 [00:14<01:10,  7.79s/it][A
Optimising conformer:  27%|██████                | 3/11 [00:17<00:45,  5.69s/it][A
Optimising conformer:  36%|████████              | 4/11 [00:20<00:33,  4.74s/it][A
Optimising conformer:  45%|██████████            | 5/11 [00:22<00:22,  3.71s/it][A
Optimising conformer:  55%|████████████          | 6/11 [00:25<00:17,  3.53s/it][A
Optimising conformer:  64%|██████████████        | 7/11 [00:28<00:13,  3.31s/it][A
Optimising conformer:  73%|████████████████      | 8/11 [00:31<00:09,  3.21s/it][A
Optimising conformer:  82%|██████████████████    | 9/11 [00:34<00:06,  3.16s/it][A
Optimising conformer:  91%|███████████████████  | 10/11 [00:38<00:03,  3.23s/it][A
Optimising conformer: 100%|█████████████████████| 11/11 [00:41<00:00,  3.32s/it][AOptimising conformer: 100%|█████████████████████| 11/11 [00:41<00:00,  3.79s/it]
/mnt/storage/nobackup/nmb1063/code/gal/sars-cov-2-main-protease-al-study-plip/rsearcher.py:89: UserWarning: The ligand was an array (SDF?). Using the first frame. 
  warnings.warn("The ligand was an array (SDF?). Using the first frame. ")
Optimising conformer:  14%|███▎                   | 1/7 [00:43<04:18, 43.05s/it]Optimising conformer:  29%|██████▌                | 2/7 [00:45<01:36, 19.23s/it]Optimising conformer:  43%|█████████▊             | 3/7 [01:54<02:48, 42.01s/it]Optimising conformer:  57%|█████████████▏         | 4/7 [01:56<01:18, 26.26s/it]Optimising conformer:  71%|████████████████▍      | 5/7 [03:32<01:42, 51.33s/it]Optimising conformer:  86%|███████████████████▋   | 6/7 [03:35<00:34, 34.86s/it]Optimising conformer: 100%|███████████████████████| 7/7 [03:57<00:00, 30.67s/it]Optimising conformer: 100%|███████████████████████| 7/7 [03:57<00:00, 33.94s/it]
2024-01-28 23:02:58,486 - distributed.core - INFO - Event loop was unresponsive in Worker for 4.86s.  This is often caused by long-running GIL-holding functions or moving large chunks of data. This can cause timeouts and instability.
2024-01-28 23:02:58,486 [INFO] [core.py:595] distributed.core: Event loop was unresponsive in Worker for 4.86s.  This is often caused by long-running GIL-holding functions or moving large chunks of data. This can cause timeouts and instability.
/mnt/storage/nobackup/nmb1063/mamba/envs/fegrow/lib/python3.9/site-packages/parmed/structure.py:1775: UnitStrippedWarning: The unit of the quantity is stripped when downcasting to ndarray.
  coords = np.array(value, dtype=np.float64, copy=False, subok=True)
/mnt/storage/nobackup/nmb1063/mamba/envs/fegrow/lib/python3.9/site-packages/parmed/structure.py:1775: UnitStrippedWarning: The unit of the quantity is stripped when downcasting to ndarray.
  coords = np.array(value, dtype=np.float64, copy=False, subok=True)
2024-01-28 23:16:06,085 - distributed.worker - WARNING - Compute Failed
Key:       evaluate-15c82bc7-9415-4a7f-b609-697b2a015563
Function:  evaluate
args:      (<rdkit.Chem.rdchem.Mol object at 0x2b8b7a717090>, 6, '[H]c1nc([H])c(N2C(=O)N([H])C(=O)[C@]2([H])B2OC(C([H])([H])[H])(C([H])([H])[H])C(C([H])([H])[H])(C([H])([H])[H])O2)c([H])c1[H]', '/mnt/storage/nobackup/nmb1063/code/gal/sars-cov-2-main-protease-al-study-plip/rec_final.pdb', '/nobackup/nmb1063/sars-fegrow/gnina')
kwargs:    {}
Exception: "UnassignedBondError('BondHandler was not able to find parameters for the following valence terms:\\n\\n- Topology indices (15, 16): names and elements (B1 B), (O3 O), \\n- Topology indices (13, 15): names and elements (C6 C), (B1 B), \\n- Topology indices (15, 35): names and elements (B1 B), (O4 O), \\n')"

2024-01-28 23:16:06,085 [WARNING] [worker.py:2352] distributed.worker: Compute Failed
Key:       evaluate-15c82bc7-9415-4a7f-b609-697b2a015563
Function:  evaluate
args:      (<rdkit.Chem.rdchem.Mol object at 0x2b8b7a717090>, 6, '[H]c1nc([H])c(N2C(=O)N([H])C(=O)[C@]2([H])B2OC(C([H])([H])[H])(C([H])([H])[H])C(C([H])([H])[H])(C([H])([H])[H])O2)c([H])c1[H]', '/mnt/storage/nobackup/nmb1063/code/gal/sars-cov-2-main-protease-al-study-plip/rec_final.pdb', '/nobackup/nmb1063/sars-fegrow/gnina')
kwargs:    {}
Exception: "UnassignedBondError('BondHandler was not able to find parameters for the following valence terms:\\n\\n- Topology indices (15, 16): names and elements (B1 B), (O3 O), \\n- Topology indices (13, 15): names and elements (C6 C), (B1 B), \\n- Topology indices (15, 35): names and elements (B1 B), (O4 O), \\n')"

2024-01-28 23:16:11,197 [WARNING] [rdkit_wrapper.py:3213] openff.toolkit.utils.rdkit_wrapper: Warning (not error because allow_undefined_stereo=True): RDMol has unspecified stereochemistry. Undefined chiral centers are:
 - Atom C (index 6)

2024-01-28 23:16:12,945 [WARNING] [rdkit_wrapper.py:3213] openff.toolkit.utils.rdkit_wrapper: Warning (not error because allow_undefined_stereo=True): RDMol has unspecified stereochemistry. Undefined chiral centers are:
 - Atom C (index 6)

2024-01-28 23:17:26,607 - distributed.core - INFO - Event loop was unresponsive in Nanny for 59.00s.  This is often caused by long-running GIL-holding functions or moving large chunks of data. This can cause timeouts and instability.
2024-01-28 23:17:26,651 - distributed.core - INFO - Event loop was unresponsive in Worker for 67.55s.  This is often caused by long-running GIL-holding functions or moving large chunks of data. This can cause timeouts and instability.
2024-01-28 23:17:26,651 [INFO] [core.py:595] distributed.core: Event loop was unresponsive in Worker for 67.55s.  This is often caused by long-running GIL-holding functions or moving large chunks of data. This can cause timeouts and instability.
TIME Completed the molecule generation in 114.9s.
TIME Completed the molecule generation in 310.0s.
TIME changed dir: 0.0s
TIME changed dir: 0.0s
Generated 23 conformers. 
Generated 39 conformers. 
Removed 16 conformers. 
Removed 34 conformers. 
TIME changed dir: 0.0s
Generated 43 conformers. 
Removed 28 conformers. 
using ani2x
using ani2x
/mnt/storage/nobackup/nmb1063/mamba/envs/fegrow/lib/python3.9/site-packages/torchani/resources/
/mnt/storage/nobackup/nmb1063/mamba/envs/fegrow/lib/python3.9/site-packages/torchani/resources/
failed to equip `nnpops` with error: No module named 'NNPOps'
failed to equip `nnpops` with error: No module named 'NNPOps'
Optimising conformer:   0%|                               | 0/7 [00:00<?, ?it/s]
Optimising conformer:   0%|                              | 0/15 [00:00<?, ?it/s][AOptimising conformer:  14%|███▎                   | 1/7 [00:04<00:26,  4.47s/it]
Optimising conformer:   7%|█▍                    | 1/15 [00:04<01:05,  4.66s/it][AOptimising conformer:  29%|██████▌                | 2/7 [00:08<00:22,  4.41s/it]
Optimising conformer:  13%|██▉                   | 2/15 [00:09<01:01,  4.74s/it][AOptimising conformer:  43%|█████████▊             | 3/7 [00:11<00:15,  3.76s/it]
Optimising conformer:  20%|████▍                 | 3/15 [00:11<00:44,  3.70s/it][AOptimising conformer:  57%|█████████████▏         | 4/7 [00:15<00:11,  3.67s/it]
Optimising conformer:  27%|█████▊                | 4/15 [00:15<00:39,  3.57s/it][AOptimising conformer:  71%|████████████████▍      | 5/7 [00:18<00:06,  3.39s/it]
Optimising conformer:  33%|███████▎              | 5/15 [00:19<00:38,  3.87s/it][AOptimising conformer:  86%|███████████████████▋   | 6/7 [00:22<00:03,  3.58s/it]
Optimising conformer:  40%|████████▊             | 6/15 [00:23<00:34,  3.80s/it][AOptimising conformer: 100%|███████████████████████| 7/7 [00:26<00:00,  3.95s/it]Optimising conformer: 100%|███████████████████████| 7/7 [00:26<00:00,  3.84s/it]
/mnt/storage/nobackup/nmb1063/code/gal/sars-cov-2-main-protease-al-study-plip/rsearcher.py:89: UserWarning: The ligand was an array (SDF?). Using the first frame. 
  warnings.warn("The ligand was an array (SDF?). Using the first frame. ")

Optimising conformer:  47%|██████████▎           | 7/15 [00:28<00:33,  4.24s/it][A
Optimising conformer:  53%|███████████▋          | 8/15 [00:30<00:25,  3.63s/it][A
Optimising conformer:  60%|█████████████▏        | 9/15 [00:35<00:22,  3.81s/it][A
Optimising conformer:  67%|██████████████       | 10/15 [00:38<00:18,  3.68s/it][A
Optimising conformer:  73%|███████████████▍     | 11/15 [00:42<00:15,  3.85s/it][A2024-01-28 23:18:26,041 [WARNING] [rdkit_wrapper.py:3213] openff.toolkit.utils.rdkit_wrapper: Warning (not error because allow_undefined_stereo=True): RDMol has unspecified stereochemistry. Undefined chiral centers are:
 - Atom C (index 5)
 - Atom C (index 23)

/mnt/storage/nobackup/nmb1063/mamba/envs/fegrow/lib/python3.9/site-packages/parmed/structure.py:1775: UnitStrippedWarning: The unit of the quantity is stripped when downcasting to ndarray.
  coords = np.array(value, dtype=np.float64, copy=False, subok=True)
2024-01-28 23:18:28,302 [WARNING] [rdkit_wrapper.py:3213] openff.toolkit.utils.rdkit_wrapper: Warning (not error because allow_undefined_stereo=True): RDMol has unspecified stereochemistry. Undefined chiral centers are:
 - Atom C (index 5)
 - Atom C (index 23)


Optimising conformer:  80%|████████████████▊    | 12/15 [00:46<00:11,  3.87s/it][A
Optimising conformer:  87%|██████████████████▏  | 13/15 [00:50<00:07,  3.82s/it][A
Optimising conformer:  93%|███████████████████▌ | 14/15 [00:52<00:03,  3.36s/it][A
Optimising conformer: 100%|█████████████████████| 15/15 [00:54<00:00,  3.04s/it][AOptimising conformer: 100%|█████████████████████| 15/15 [00:54<00:00,  3.66s/it]
/mnt/storage/nobackup/nmb1063/code/gal/sars-cov-2-main-protease-al-study-plip/rsearcher.py:89: UserWarning: The ligand was an array (SDF?). Using the first frame. 
  warnings.warn("The ligand was an array (SDF?). Using the first frame. ")
/mnt/storage/nobackup/nmb1063/mamba/envs/fegrow/lib/python3.9/site-packages/parmed/structure.py:1775: UnitStrippedWarning: The unit of the quantity is stripped when downcasting to ndarray.
  coords = np.array(value, dtype=np.float64, copy=False, subok=True)
TIME Completed the molecule generation in 139.6s.
TIME changed dir: 0.0s
Generated 47 conformers. 
Removed 46 conformers. 
TIME Completed the molecule generation in 153.1s.
TIME changed dir: 0.0s
Generated 10 conformers. 
Removed 7 conformers. 
using ani2x
/mnt/storage/nobackup/nmb1063/mamba/envs/fegrow/lib/python3.9/site-packages/torchani/resources/
failed to equip `nnpops` with error: No module named 'NNPOps'
Optimising conformer:   0%|                               | 0/3 [00:00<?, ?it/s]Optimising conformer:  33%|███████▋               | 1/3 [00:03<00:06,  3.28s/it]Optimising conformer:  67%|███████████████▎       | 2/3 [00:04<00:02,  2.25s/it]Optimising conformer: 100%|███████████████████████| 3/3 [00:08<00:00,  2.70s/it]Optimising conformer: 100%|███████████████████████| 3/3 [00:08<00:00,  2.68s/it]
/mnt/storage/nobackup/nmb1063/code/gal/sars-cov-2-main-protease-al-study-plip/rsearcher.py:89: UserWarning: The ligand was an array (SDF?). Using the first frame. 
  warnings.warn("The ligand was an array (SDF?). Using the first frame. ")
TIME Completed the molecule generation in 67.8s.
using ani2x
/mnt/storage/nobackup/nmb1063/mamba/envs/fegrow/lib/python3.9/site-packages/torchani/resources/
failed to equip `nnpops` with error: No module named 'NNPOps'
Optimising conformer:   0%|                               | 0/1 [00:00<?, ?it/s]Optimising conformer: 100%|███████████████████████| 1/1 [00:04<00:00,  4.57s/it]Optimising conformer: 100%|███████████████████████| 1/1 [00:04<00:00,  4.57s/it]
2024-01-28 23:20:04,302 - distributed.worker - WARNING - Compute Failed
Key:       evaluate-85052a9a-cdbc-4004-aa9f-52c4f5f3e2b3
Function:  evaluate
args:      (<rdkit.Chem.rdchem.Mol object at 0x2b8b7a717090>, 6, 'C(C(OC(=O)C(c1c(c(c(nc1[H])[H])[H])[H])(N(C([H])([H])[H])C(=O)C(C([H])([H])[H])(Oc1c(c(c(c(c1F)[H])[H])[H])[H])[H])[H])([H])[H])([H])([H])[H]', '/mnt/storage/nobackup/nmb1063/code/gal/sars-cov-2-main-protease-al-study-plip/rec_final.pdb', '/nobackup/nmb1063/sars-fegrow/gnina')
kwargs:    {}
Exception: "Exception('No Conformers')"

2024-01-28 23:20:04,302 [WARNING] [worker.py:2352] distributed.worker: Compute Failed
Key:       evaluate-85052a9a-cdbc-4004-aa9f-52c4f5f3e2b3
Function:  evaluate
args:      (<rdkit.Chem.rdchem.Mol object at 0x2b8b7a717090>, 6, 'C(C(OC(=O)C(c1c(c(c(nc1[H])[H])[H])[H])(N(C([H])([H])[H])C(=O)C(C([H])([H])[H])(Oc1c(c(c(c(c1F)[H])[H])[H])[H])[H])[H])([H])[H])([H])([H])[H]', '/mnt/storage/nobackup/nmb1063/code/gal/sars-cov-2-main-protease-al-study-plip/rec_final.pdb', '/nobackup/nmb1063/sars-fegrow/gnina')
kwargs:    {}
Exception: "Exception('No Conformers')"

2024-01-28 23:27:08,558 - distributed.core - INFO - Event loop was unresponsive in Worker for 9.93s.  This is often caused by long-running GIL-holding functions or moving large chunks of data. This can cause timeouts and instability.
2024-01-28 23:27:08,567 - distributed.core - INFO - Event loop was unresponsive in Nanny for 9.94s.  This is often caused by long-running GIL-holding functions or moving large chunks of data. This can cause timeouts and instability.
2024-01-28 23:27:08,558 [INFO] [core.py:595] distributed.core: Event loop was unresponsive in Worker for 9.93s.  This is often caused by long-running GIL-holding functions or moving large chunks of data. This can cause timeouts and instability.
2024-01-28 23:37:10,314 - distributed.core - INFO - Event loop was unresponsive in Worker for 4.70s.  This is often caused by long-running GIL-holding functions or moving large chunks of data. This can cause timeouts and instability.
2024-01-28 23:37:10,314 [INFO] [core.py:595] distributed.core: Event loop was unresponsive in Worker for 4.70s.  This is often caused by long-running GIL-holding functions or moving large chunks of data. This can cause timeouts and instability.
2024-01-28 23:37:29,628 - distributed.core - INFO - Event loop was unresponsive in Worker for 4.18s.  This is often caused by long-running GIL-holding functions or moving large chunks of data. This can cause timeouts and instability.
2024-01-28 23:37:29,628 [INFO] [core.py:595] distributed.core: Event loop was unresponsive in Worker for 4.18s.  This is often caused by long-running GIL-holding functions or moving large chunks of data. This can cause timeouts and instability.
2024-01-28 23:44:10,558 - distributed.core - INFO - Event loop was unresponsive in Worker for 11.63s.  This is often caused by long-running GIL-holding functions or moving large chunks of data. This can cause timeouts and instability.
2024-01-28 23:44:10,558 - distributed.core - INFO - Event loop was unresponsive in Nanny for 10.31s.  This is often caused by long-running GIL-holding functions or moving large chunks of data. This can cause timeouts and instability.
2024-01-28 23:44:10,558 [INFO] [core.py:595] distributed.core: Event loop was unresponsive in Worker for 11.63s.  This is often caused by long-running GIL-holding functions or moving large chunks of data. This can cause timeouts and instability.
2024-01-28 23:51:43,770 [WARNING] [rdkit_wrapper.py:3213] openff.toolkit.utils.rdkit_wrapper: Warning (not error because allow_undefined_stereo=True): RDMol has unspecified stereochemistry. Bonds with undefined stereochemistry are:
 - Bond 6 (atoms 4-7 of element (C-C)

/mnt/storage/nobackup/nmb1063/mamba/envs/fegrow/lib/python3.9/site-packages/parmed/structure.py:1775: UnitStrippedWarning: The unit of the quantity is stripped when downcasting to ndarray.
  coords = np.array(value, dtype=np.float64, copy=False, subok=True)
2024-01-28 23:51:47,072 [WARNING] [rdkit_wrapper.py:3213] openff.toolkit.utils.rdkit_wrapper: Warning (not error because allow_undefined_stereo=True): RDMol has unspecified stereochemistry. Bonds with undefined stereochemistry are:
 - Bond 6 (atoms 4-7 of element (C-C)

TIME changed dir: 0.0s
TIME changed dir: 0.0s
Generated 41 conformers. 
Generated 19 conformers. 
Removed 22 conformers. 
Removed 12 conformers. 
using ani2x
/mnt/storage/nobackup/nmb1063/mamba/envs/fegrow/lib/python3.9/site-packages/torchani/resources/
failed to equip `nnpops` with error: No module named 'NNPOps'
Optimising conformer:   0%|                               | 0/7 [00:00<?, ?it/s]using ani2x
/mnt/storage/nobackup/nmb1063/mamba/envs/fegrow/lib/python3.9/site-packages/torchani/resources/
failed to equip `nnpops` with error: No module named 'NNPOps'

Optimising conformer:   0%|                              | 0/19 [00:00<?, ?it/s][AOptimising conformer:  14%|███▎                   | 1/7 [00:22<02:14, 22.34s/it]Optimising conformer:  29%|██████▌                | 2/7 [00:23<00:50, 10.13s/it]
Optimising conformer:   5%|█▏                    | 1/19 [00:03<01:04,  3.56s/it][A
Optimising conformer:  11%|██▎                   | 2/19 [00:07<01:03,  3.72s/it][A
Optimising conformer:  16%|███▍                  | 3/19 [00:10<00:55,  3.47s/it][A
Optimising conformer:  21%|████▋                 | 4/19 [00:14<00:52,  3.51s/it][A
Optimising conformer:  26%|█████▊                | 5/19 [00:18<00:53,  3.83s/it][A
Optimising conformer:  32%|██████▉               | 6/19 [00:24<00:59,  4.58s/it][AOptimising conformer:  43%|█████████▊             | 3/7 [00:46<01:02, 15.71s/it]
Optimising conformer:  37%|████████              | 7/19 [00:26<00:46,  3.85s/it][AOptimising conformer:  57%|█████████████▏         | 4/7 [00:48<00:31, 10.55s/it]
Optimising conformer:  42%|█████████▎            | 8/19 [00:30<00:40,  3.70s/it][AOptimising conformer:  71%|████████████████▍      | 5/7 [00:51<00:15,  7.51s/it]Optimising conformer:  86%|███████████████████▋   | 6/7 [00:53<00:05,  5.69s/it]
Optimising conformer:  47%|██████████▍           | 9/19 [00:35<00:41,  4.13s/it][A
Optimising conformer:  53%|███████████          | 10/19 [00:38<00:35,  3.92s/it][A
Optimising conformer:  58%|████████████▏        | 11/19 [00:42<00:30,  3.85s/it][A
Optimising conformer:  63%|█████████████▎       | 12/19 [00:48<00:30,  4.38s/it][AOptimising conformer: 100%|███████████████████████| 7/7 [01:09<00:00,  9.31s/it]Optimising conformer: 100%|███████████████████████| 7/7 [01:09<00:00,  9.99s/it]
/mnt/storage/nobackup/nmb1063/code/gal/sars-cov-2-main-protease-al-study-plip/rsearcher.py:89: UserWarning: The ligand was an array (SDF?). Using the first frame. 
  warnings.warn("The ligand was an array (SDF?). Using the first frame. ")

Optimising conformer:  68%|██████████████▎      | 13/19 [00:50<00:22,  3.77s/it][A
Optimising conformer:  74%|███████████████▍     | 14/19 [00:54<00:18,  3.76s/it][A
Optimising conformer:  79%|████████████████▌    | 15/19 [00:56<00:12,  3.24s/it][A/mnt/storage/nobackup/nmb1063/mamba/envs/fegrow/lib/python3.9/site-packages/parmed/structure.py:1775: UnitStrippedWarning: The unit of the quantity is stripped when downcasting to ndarray.
  coords = np.array(value, dtype=np.float64, copy=False, subok=True)

Optimising conformer:  84%|█████████████████▋   | 16/19 [00:58<00:08,  2.96s/it][A
Optimising conformer:  89%|██████████████████▊  | 17/19 [01:03<00:07,  3.50s/it][A
Optimising conformer:  95%|███████████████████▉ | 18/19 [01:06<00:03,  3.39s/it][A
Optimising conformer: 100%|█████████████████████| 19/19 [01:09<00:00,  3.43s/it][AOptimising conformer: 100%|█████████████████████| 19/19 [01:09<00:00,  3.68s/it]
/mnt/storage/nobackup/nmb1063/code/gal/sars-cov-2-main-protease-al-study-plip/rsearcher.py:89: UserWarning: The ligand was an array (SDF?). Using the first frame. 
  warnings.warn("The ligand was an array (SDF?). Using the first frame. ")
TIME Completed the molecule generation in 116.4s.
TIME changed dir: 0.0s
Generated 26 conformers. 
Removed 11 conformers. 
TIME Completed the molecule generation in 136.3s.
using ani2x
/mnt/storage/nobackup/nmb1063/mamba/envs/fegrow/lib/python3.9/site-packages/torchani/resources/
failed to equip `nnpops` with error: No module named 'NNPOps'
Optimising conformer:   0%|                              | 0/15 [00:00<?, ?it/s]Optimising conformer:   7%|█▍                    | 1/15 [00:02<00:38,  2.76s/it]Optimising conformer:  13%|██▉                   | 2/15 [00:04<00:29,  2.24s/it]Optimising conformer:  20%|████▍                 | 3/15 [00:06<00:23,  1.96s/it]Optimising conformer:  27%|█████▊                | 4/15 [00:09<00:28,  2.55s/it]Optimising conformer:  33%|███████▎              | 5/15 [00:11<00:22,  2.25s/it]Optimising conformer:  40%|████████▊             | 6/15 [00:14<00:21,  2.41s/it]Optimising conformer:  47%|██████████▎           | 7/15 [00:16<00:18,  2.28s/it]Optimising conformer:  53%|███████████▋          | 8/15 [00:18<00:15,  2.17s/it]Optimising conformer:  60%|█████████████▏        | 9/15 [00:20<00:13,  2.21s/it]Optimising conformer:  67%|██████████████       | 10/15 [00:22<00:11,  2.23s/it]Optimising conformer:  73%|███████████████▍     | 11/15 [00:24<00:08,  2.11s/it]Optimising conformer:  80%|████████████████▊    | 12/15 [00:26<00:05,  1.97s/it]Optimising conformer:  87%|██████████████████▏  | 13/15 [00:27<00:03,  1.82s/it]Optimising conformer:  93%|███████████████████▌ | 14/15 [00:30<00:02,  2.03s/it]Optimising conformer: 100%|█████████████████████| 15/15 [00:31<00:00,  1.97s/it]Optimising conformer: 100%|█████████████████████| 15/15 [00:31<00:00,  2.13s/it]
/mnt/storage/nobackup/nmb1063/code/gal/sars-cov-2-main-protease-al-study-plip/rsearcher.py:89: UserWarning: The ligand was an array (SDF?). Using the first frame. 
  warnings.warn("The ligand was an array (SDF?). Using the first frame. ")
2024-01-29 00:09:33,722 - distributed.core - INFO - Event loop was unresponsive in Worker for 4.59s.  This is often caused by long-running GIL-holding functions or moving large chunks of data. This can cause timeouts and instability.
2024-01-29 00:09:33,722 [INFO] [core.py:595] distributed.core: Event loop was unresponsive in Worker for 4.59s.  This is often caused by long-running GIL-holding functions or moving large chunks of data. This can cause timeouts and instability.
2024-01-29 00:09:53,942 - distributed.core - INFO - Event loop was unresponsive in Worker for 4.84s.  This is often caused by long-running GIL-holding functions or moving large chunks of data. This can cause timeouts and instability.
2024-01-29 00:09:53,942 [INFO] [core.py:595] distributed.core: Event loop was unresponsive in Worker for 4.84s.  This is often caused by long-running GIL-holding functions or moving large chunks of data. This can cause timeouts and instability.
/mnt/storage/nobackup/nmb1063/mamba/envs/fegrow/lib/python3.9/site-packages/parmed/structure.py:1775: UnitStrippedWarning: The unit of the quantity is stripped when downcasting to ndarray.
  coords = np.array(value, dtype=np.float64, copy=False, subok=True)
TIME Completed the molecule generation in 73.4s.
TIME changed dir: 0.0s
TIME changed dir: 0.0s
Generated 21 conformers. 
Generated 41 conformers. 
Removed 15 conformers. 
Removed 31 conformers. 
using ani2x
/mnt/storage/nobackup/nmb1063/mamba/envs/fegrow/lib/python3.9/site-packages/torchani/resources/
failed to equip `nnpops` with error: No module named 'NNPOps'
Optimising conformer:   0%|                               | 0/6 [00:00<?, ?it/s]Optimising conformer:  17%|███▊                   | 1/6 [00:07<00:39,  7.93s/it]Optimising conformer:  33%|███████▋               | 2/6 [00:12<00:23,  5.90s/it]Optimising conformer:  50%|███████████▌           | 3/6 [00:16<00:14,  4.88s/it]Optimising conformer:  67%|███████████████▎       | 4/6 [00:18<00:07,  3.87s/it]using ani2x
/mnt/storage/nobackup/nmb1063/mamba/envs/fegrow/lib/python3.9/site-packages/torchani/resources/
failed to equip `nnpops` with error: No module named 'NNPOps'

Optimising conformer:   0%|                              | 0/10 [00:00<?, ?it/s][AOptimising conformer:  83%|███████████████████▏   | 5/6 [00:21<00:03,  3.47s/it]
Optimising conformer:  10%|██▏                   | 1/10 [00:07<01:07,  7.55s/it][AOptimising conformer: 100%|███████████████████████| 6/6 [00:30<00:00,  5.54s/it]Optimising conformer: 100%|███████████████████████| 6/6 [00:30<00:00,  5.12s/it]
/mnt/storage/nobackup/nmb1063/code/gal/sars-cov-2-main-protease-al-study-plip/rsearcher.py:89: UserWarning: The ligand was an array (SDF?). Using the first frame. 
  warnings.warn("The ligand was an array (SDF?). Using the first frame. ")

Optimising conformer:  20%|████▍                 | 2/10 [01:00<04:33, 34.17s/it][A
Optimising conformer:  30%|██████▌               | 3/10 [01:05<02:26, 20.90s/it][A
Optimising conformer:  40%|████████▊             | 4/10 [01:10<01:28, 14.79s/it][A
Optimising conformer:  50%|███████████           | 5/10 [01:16<00:56, 11.37s/it][A
Optimising conformer:  60%|█████████████▏        | 6/10 [01:19<00:34,  8.67s/it][A
Optimising conformer:  70%|███████████████▍      | 7/10 [01:23<00:20,  6.96s/it][A
Optimising conformer:  80%|█████████████████▌    | 8/10 [01:24<00:10,  5.32s/it][A
Optimising conformer:  90%|███████████████████▊  | 9/10 [01:28<00:04,  4.74s/it][A
Optimising conformer: 100%|█████████████████████| 10/10 [01:32<00:00,  4.67s/it][AOptimising conformer: 100%|█████████████████████| 10/10 [01:32<00:00,  9.28s/it]
2024-01-29 00:44:01,586 - distributed.core - INFO - Event loop was unresponsive in Worker for 4.26s.  This is often caused by long-running GIL-holding functions or moving large chunks of data. This can cause timeouts and instability.
2024-01-29 00:44:01,586 [INFO] [core.py:595] distributed.core: Event loop was unresponsive in Worker for 4.26s.  This is often caused by long-running GIL-holding functions or moving large chunks of data. This can cause timeouts and instability.
/mnt/storage/nobackup/nmb1063/mamba/envs/fegrow/lib/python3.9/site-packages/parmed/structure.py:1775: UnitStrippedWarning: The unit of the quantity is stripped when downcasting to ndarray.
  coords = np.array(value, dtype=np.float64, copy=False, subok=True)
/mnt/storage/nobackup/nmb1063/mamba/envs/fegrow/lib/python3.9/site-packages/parmed/structure.py:1775: UnitStrippedWarning: The unit of the quantity is stripped when downcasting to ndarray.
  coords = np.array(value, dtype=np.float64, copy=False, subok=True)
TIME Completed the molecule generation in 92.7s.
TIME Completed the molecule generation in 174.7s.
TIME changed dir: 0.0s
TIME changed dir: 0.0s
Generated 8 conformers. 
Removed 2 conformers. 
Generated 21 conformers. 
Removed 15 conformers. 
using ani2x
/mnt/storage/nobackup/nmb1063/mamba/envs/fegrow/lib/python3.9/site-packages/torchani/resources/
using ani2x
/mnt/storage/nobackup/nmb1063/mamba/envs/fegrow/lib/python3.9/site-packages/torchani/resources/
failed to equip `nnpops` with error: No module named 'NNPOps'
Optimising conformer:   0%|                               | 0/6 [00:00<?, ?it/s]Optimising conformer:  17%|███▊                   | 1/6 [00:03<00:17,  3.41s/it]Optimising conformer:  33%|███████▋               | 2/6 [00:04<00:08,  2.22s/it]failed to equip `nnpops` with error: No module named 'NNPOps'

Optimising conformer:   0%|                               | 0/6 [00:00<?, ?it/s][AOptimising conformer:  50%|███████████▌           | 3/6 [00:06<00:05,  1.84s/it]Optimising conformer:  67%|███████████████▎       | 4/6 [00:08<00:04,  2.21s/it]Optimising conformer:  83%|███████████████████▏   | 5/6 [00:10<00:02,  2.14s/it]
Optimising conformer:  17%|███▊                   | 1/6 [00:05<00:29,  5.96s/it][AOptimising conformer: 100%|███████████████████████| 6/6 [00:13<00:00,  2.22s/it]Optimising conformer: 100%|███████████████████████| 6/6 [00:13<00:00,  2.23s/it]
/mnt/storage/nobackup/nmb1063/code/gal/sars-cov-2-main-protease-al-study-plip/rsearcher.py:89: UserWarning: The ligand was an array (SDF?). Using the first frame. 
  warnings.warn("The ligand was an array (SDF?). Using the first frame. ")

Optimising conformer:  33%|███████▋               | 2/6 [00:10<00:20,  5.06s/it][A
Optimising conformer:  50%|███████████▌           | 3/6 [00:11<00:10,  3.47s/it][A/mnt/storage/nobackup/nmb1063/mamba/envs/fegrow/lib/python3.9/site-packages/parmed/structure.py:1775: UnitStrippedWarning: The unit of the quantity is stripped when downcasting to ndarray.
  coords = np.array(value, dtype=np.float64, copy=False, subok=True)

Optimising conformer:  67%|███████████████▎       | 4/6 [00:16<00:07,  3.86s/it][A
Optimising conformer:  83%|███████████████████▏   | 5/6 [00:20<00:03,  3.98s/it][A
Optimising conformer: 100%|███████████████████████| 6/6 [00:22<00:00,  3.23s/it][AOptimising conformer: 100%|███████████████████████| 6/6 [00:22<00:00,  3.73s/it]
/mnt/storage/nobackup/nmb1063/code/gal/sars-cov-2-main-protease-al-study-plip/rsearcher.py:89: UserWarning: The ligand was an array (SDF?). Using the first frame. 
  warnings.warn("The ligand was an array (SDF?). Using the first frame. ")
/mnt/storage/nobackup/nmb1063/mamba/envs/fegrow/lib/python3.9/site-packages/parmed/structure.py:1775: UnitStrippedWarning: The unit of the quantity is stripped when downcasting to ndarray.
  coords = np.array(value, dtype=np.float64, copy=False, subok=True)
TIME Completed the molecule generation in 49.2s.
TIME changed dir: 0.0s
Generated 21 conformers. 
Removed 8 conformers. 
TIME Completed the molecule generation in 62.4s.
TIME changed dir: 0.0s
Generated 26 conformers. 
Removed 20 conformers. 
using ani2x
/mnt/storage/nobackup/nmb1063/mamba/envs/fegrow/lib/python3.9/site-packages/torchani/resources/
failed to equip `nnpops` with error: No module named 'NNPOps'
Optimising conformer:   0%|                              | 0/13 [00:00<?, ?it/s]Optimising conformer:   8%|█▋                    | 1/13 [00:03<00:42,  3.52s/it]Optimising conformer:  15%|███▍                  | 2/13 [00:06<00:35,  3.23s/it]Optimising conformer:  23%|█████                 | 3/13 [00:09<00:29,  2.95s/it]Optimising conformer:  31%|██████▊               | 4/13 [00:11<00:24,  2.70s/it]Optimising conformer:  38%|████████▍             | 5/13 [00:14<00:21,  2.70s/it]Optimising conformer:  46%|██████████▏           | 6/13 [00:17<00:19,  2.84s/it]Optimising conformer:  54%|███████████▊          | 7/13 [00:20<00:18,  3.05s/it]Optimising conformer:  62%|█████████████▌        | 8/13 [00:23<00:15,  3.04s/it]Optimising conformer:  69%|███████████████▏      | 9/13 [00:26<00:12,  3.05s/it]Optimising conformer:  77%|████████████████▏    | 10/13 [00:31<00:10,  3.50s/it]Optimising conformer:  85%|█████████████████▊   | 11/13 [00:33<00:06,  3.13s/it]Optimising conformer:  92%|███████████████████▍ | 12/13 [00:36<00:03,  3.11s/it]Optimising conformer: 100%|█████████████████████| 13/13 [00:39<00:00,  3.04s/it]Optimising conformer: 100%|█████████████████████| 13/13 [00:39<00:00,  3.05s/it]
/mnt/storage/nobackup/nmb1063/code/gal/sars-cov-2-main-protease-al-study-plip/rsearcher.py:89: UserWarning: The ligand was an array (SDF?). Using the first frame. 
  warnings.warn("The ligand was an array (SDF?). Using the first frame. ")
TIME Completed the molecule generation in 85.4s.
using ani2x
/mnt/storage/nobackup/nmb1063/mamba/envs/fegrow/lib/python3.9/site-packages/torchani/resources/
failed to equip `nnpops` with error: No module named 'NNPOps'
Optimising conformer:   0%|                               | 0/6 [00:00<?, ?it/s]Optimising conformer:  17%|███▊                   | 1/6 [00:03<00:17,  3.53s/it]Optimising conformer:  33%|███████▋               | 2/6 [00:07<00:14,  3.51s/it]Optimising conformer:  50%|███████████▌           | 3/6 [00:08<00:07,  2.66s/it]Optimising conformer:  67%|███████████████▎       | 4/6 [00:10<00:04,  2.24s/it]Optimising conformer:  83%|███████████████████▏   | 5/6 [00:12<00:02,  2.39s/it]Optimising conformer: 100%|███████████████████████| 6/6 [00:17<00:00,  3.05s/it]Optimising conformer: 100%|███████████████████████| 6/6 [00:17<00:00,  2.87s/it]
/mnt/storage/nobackup/nmb1063/code/gal/sars-cov-2-main-protease-al-study-plip/rsearcher.py:89: UserWarning: The ligand was an array (SDF?). Using the first frame. 
  warnings.warn("The ligand was an array (SDF?). Using the first frame. ")
2024-01-29 01:19:39,180 - distributed.core - INFO - Event loop was unresponsive in Worker for 4.58s.  This is often caused by long-running GIL-holding functions or moving large chunks of data. This can cause timeouts and instability.
2024-01-29 01:19:39,180 [INFO] [core.py:595] distributed.core: Event loop was unresponsive in Worker for 4.58s.  This is often caused by long-running GIL-holding functions or moving large chunks of data. This can cause timeouts and instability.
/mnt/storage/nobackup/nmb1063/mamba/envs/fegrow/lib/python3.9/site-packages/parmed/structure.py:1775: UnitStrippedWarning: The unit of the quantity is stripped when downcasting to ndarray.
  coords = np.array(value, dtype=np.float64, copy=False, subok=True)
2024-01-29 01:35:49,746 [WARNING] [rdkit_wrapper.py:3213] openff.toolkit.utils.rdkit_wrapper: Warning (not error because allow_undefined_stereo=True): RDMol has unspecified stereochemistry. Bonds with undefined stereochemistry are:
 - Bond 1 (atoms 1-2 of element (C-N)

/mnt/storage/nobackup/nmb1063/mamba/envs/fegrow/lib/python3.9/site-packages/parmed/structure.py:1775: UnitStrippedWarning: The unit of the quantity is stripped when downcasting to ndarray.
  coords = np.array(value, dtype=np.float64, copy=False, subok=True)
2024-01-29 01:35:51,721 [WARNING] [rdkit_wrapper.py:3213] openff.toolkit.utils.rdkit_wrapper: Warning (not error because allow_undefined_stereo=True): RDMol has unspecified stereochemistry. Bonds with undefined stereochemistry are:
 - Bond 1 (atoms 1-2 of element (C-N)

TIME Completed the molecule generation in 259.7s.
TIME changed dir: 0.0s
TIME changed dir: 0.0s
Generated 16 conformers. 
Removed 10 conformers. 
Generated 43 conformers. 
Removed 28 conformers. 
using ani2x
/mnt/storage/nobackup/nmb1063/mamba/envs/fegrow/lib/python3.9/site-packages/torchani/resources/
using ani2x
/mnt/storage/nobackup/nmb1063/mamba/envs/fegrow/lib/python3.9/site-packages/torchani/resources/
failed to equip `nnpops` with error: No module named 'NNPOps'
Optimising conformer:   0%|                               | 0/6 [00:00<?, ?it/s]failed to equip `nnpops` with error: No module named 'NNPOps'

Optimising conformer:   0%|                              | 0/15 [00:00<?, ?it/s][AOptimising conformer:  17%|███▊                   | 1/6 [00:07<00:37,  7.51s/it]
Optimising conformer:   7%|█▍                    | 1/15 [00:05<01:22,  5.86s/it][AOptimising conformer:  33%|███████▋               | 2/6 [00:10<00:19,  4.97s/it]
Optimising conformer:  13%|██▉                   | 2/15 [00:10<01:07,  5.21s/it][AOptimising conformer:  50%|███████████▌           | 3/6 [00:14<00:13,  4.34s/it]Optimising conformer:  67%|███████████████▎       | 4/6 [00:17<00:08,  4.04s/it]
Optimising conformer:  20%|████▍                 | 3/15 [00:18<01:16,  6.38s/it][AOptimising conformer:  83%|███████████████████▏   | 5/6 [00:21<00:03,  3.79s/it]
Optimising conformer:  27%|█████▊                | 4/15 [00:20<00:53,  4.83s/it][AOptimising conformer: 100%|███████████████████████| 6/6 [00:24<00:00,  3.53s/it]Optimising conformer: 100%|███████████████████████| 6/6 [00:24<00:00,  4.04s/it]
/mnt/storage/nobackup/nmb1063/code/gal/sars-cov-2-main-protease-al-study-plip/rsearcher.py:89: UserWarning: The ligand was an array (SDF?). Using the first frame. 
  warnings.warn("The ligand was an array (SDF?). Using the first frame. ")

Optimising conformer:  33%|███████▎              | 5/15 [00:23<00:42,  4.22s/it][A
Optimising conformer:  40%|████████▊             | 6/15 [00:25<00:29,  3.25s/it][A
Optimising conformer:  47%|██████████▎           | 7/15 [00:30<00:29,  3.73s/it][A
Optimising conformer:  53%|███████████▋          | 8/15 [00:32<00:23,  3.35s/it][A
Optimising conformer:  60%|█████████████▏        | 9/15 [00:33<00:16,  2.69s/it][A
Optimising conformer:  67%|██████████████       | 10/15 [00:35<00:11,  2.24s/it][A
Optimising conformer:  73%|███████████████▍     | 11/15 [00:36<00:07,  1.88s/it][A
Optimising conformer:  80%|████████████████▊    | 12/15 [00:37<00:05,  1.85s/it][A
Optimising conformer:  87%|██████████████████▏  | 13/15 [00:39<00:03,  1.70s/it][A
Optimising conformer:  93%|███████████████████▌ | 14/15 [00:40<00:01,  1.51s/it][A
Optimising conformer: 100%|█████████████████████| 15/15 [00:42<00:00,  1.73s/it][AOptimising conformer: 100%|█████████████████████| 15/15 [00:42<00:00,  2.84s/it]
2024-01-29 01:53:30,294 - distributed.core - INFO - Event loop was unresponsive in Worker for 3.32s.  This is often caused by long-running GIL-holding functions or moving large chunks of data. This can cause timeouts and instability.
2024-01-29 01:53:30,294 [INFO] [core.py:595] distributed.core: Event loop was unresponsive in Worker for 3.32s.  This is often caused by long-running GIL-holding functions or moving large chunks of data. This can cause timeouts and instability.
2024-01-29 01:53:49,273 - distributed.core - INFO - Event loop was unresponsive in Worker for 4.67s.  This is often caused by long-running GIL-holding functions or moving large chunks of data. This can cause timeouts and instability.
2024-01-29 01:53:49,273 [INFO] [core.py:595] distributed.core: Event loop was unresponsive in Worker for 4.67s.  This is often caused by long-running GIL-holding functions or moving large chunks of data. This can cause timeouts and instability.
/mnt/storage/nobackup/nmb1063/mamba/envs/fegrow/lib/python3.9/site-packages/parmed/structure.py:1775: UnitStrippedWarning: The unit of the quantity is stripped when downcasting to ndarray.
  coords = np.array(value, dtype=np.float64, copy=False, subok=True)
2024-01-29 02:10:32,400 [WARNING] [rdkit_wrapper.py:3213] openff.toolkit.utils.rdkit_wrapper: Warning (not error because allow_undefined_stereo=True): RDMol has unspecified stereochemistry. Undefined chiral centers are:
 - Atom C (index 14)

/mnt/storage/nobackup/nmb1063/mamba/envs/fegrow/lib/python3.9/site-packages/parmed/structure.py:1775: UnitStrippedWarning: The unit of the quantity is stripped when downcasting to ndarray.
  coords = np.array(value, dtype=np.float64, copy=False, subok=True)
2024-01-29 02:10:34,213 [WARNING] [rdkit_wrapper.py:3213] openff.toolkit.utils.rdkit_wrapper: Warning (not error because allow_undefined_stereo=True): RDMol has unspecified stereochemistry. Undefined chiral centers are:
 - Atom C (index 14)

TIME Completed the molecule generation in 100.1s.
TIME Completed the molecule generation in 120.1s.
TIME changed dir: 0.0s
TIME changed dir: 0.0s
Generated 18 conformers. 
Removed 5 conformers. 
Generated 46 conformers. 
Removed 39 conformers. 
using ani2x
/mnt/storage/nobackup/nmb1063/mamba/envs/fegrow/lib/python3.9/site-packages/torchani/resources/
failed to equip `nnpops` with error: No module named 'NNPOps'
Optimising conformer:   0%|                               | 0/7 [00:00<?, ?it/s]Optimising conformer:  14%|███▎                   | 1/7 [00:04<00:27,  4.62s/it]Optimising conformer:  29%|██████▌                | 2/7 [00:06<00:14,  2.86s/it]Optimising conformer:  43%|█████████▊             | 3/7 [00:09<00:11,  2.85s/it]Optimising conformer:  57%|█████████████▏         | 4/7 [00:11<00:08,  2.81s/it]Optimising conformer:  71%|████████████████▍      | 5/7 [00:17<00:07,  3.75s/it]Optimising conformer:  86%|███████████████████▋   | 6/7 [00:20<00:03,  3.62s/it]Optimising conformer: 100%|███████████████████████| 7/7 [00:22<00:00,  3.01s/it]Optimising conformer: 100%|███████████████████████| 7/7 [00:22<00:00,  3.20s/it]
/mnt/storage/nobackup/nmb1063/code/gal/sars-cov-2-main-protease-al-study-plip/rsearcher.py:89: UserWarning: The ligand was an array (SDF?). Using the first frame. 
  warnings.warn("The ligand was an array (SDF?). Using the first frame. ")
TIME Completed the molecule generation in 122.1s.
using ani2x
/mnt/storage/nobackup/nmb1063/mamba/envs/fegrow/lib/python3.9/site-packages/torchani/resources/
failed to equip `nnpops` with error: No module named 'NNPOps'
Optimising conformer:   0%|                              | 0/13 [00:00<?, ?it/s]Optimising conformer:   8%|█▋                    | 1/13 [00:02<00:24,  2.08s/it]Optimising conformer:  15%|███▍                  | 2/13 [00:02<00:14,  1.36s/it]Optimising conformer:  23%|█████                 | 3/13 [00:03<00:11,  1.19s/it]Optimising conformer:  31%|██████▊               | 4/13 [00:06<00:13,  1.55s/it]Optimising conformer:  38%|████████▍             | 5/13 [00:08<00:14,  1.75s/it]Optimising conformer:  46%|██████████▏           | 6/13 [00:09<00:10,  1.47s/it]Optimising conformer:  54%|███████████▊          | 7/13 [00:09<00:07,  1.29s/it]Optimising conformer:  62%|█████████████▌        | 8/13 [00:10<00:05,  1.16s/it]Optimising conformer:  69%|███████████████▏      | 9/13 [00:12<00:05,  1.33s/it]Optimising conformer:  77%|████████████████▏    | 10/13 [00:13<00:03,  1.24s/it]Optimising conformer:  85%|█████████████████▊   | 11/13 [00:14<00:02,  1.13s/it]Optimising conformer:  92%|███████████████████▍ | 12/13 [00:15<00:01,  1.06s/it]Optimising conformer: 100%|█████████████████████| 13/13 [00:16<00:00,  1.00it/s]Optimising conformer: 100%|█████████████████████| 13/13 [00:16<00:00,  1.25s/it]
/mnt/storage/nobackup/nmb1063/code/gal/sars-cov-2-main-protease-al-study-plip/rsearcher.py:89: UserWarning: The ligand was an array (SDF?). Using the first frame. 
  warnings.warn("The ligand was an array (SDF?). Using the first frame. ")
2024-01-29 02:30:38,435 - distributed.worker - ERROR - Worker stream died during communication: tcp://10.3.89.182:33543
ConnectionRefusedError: [Errno 111] Connection refused

The above exception was the direct cause of the following exception:

Traceback (most recent call last):
  File "/mnt/storage/nobackup/nmb1063/mamba/envs/fegrow/lib/python3.9/site-packages/distributed/comm/core.py", line 291, in connect
    comm = await asyncio.wait_for(
  File "/mnt/storage/nobackup/nmb1063/mamba/envs/fegrow/lib/python3.9/asyncio/tasks.py", line 479, in wait_for
    return fut.result()
  File "/mnt/storage/nobackup/nmb1063/mamba/envs/fegrow/lib/python3.9/site-packages/distributed/comm/tcp.py", line 511, in connect
    convert_stream_closed_error(self, e)
  File "/mnt/storage/nobackup/nmb1063/mamba/envs/fegrow/lib/python3.9/site-packages/distributed/comm/tcp.py", line 142, in convert_stream_closed_error
    raise CommClosedError(f"in {obj}: {exc.__class__.__name__}: {exc}") from exc
distributed.comm.core.CommClosedError: in <distributed.comm.tcp.TCPConnector object at 0x2b8b5f3119d0>: ConnectionRefusedError: [Errno 111] Connection refused

The above exception was the direct cause of the following exception:

Traceback (most recent call last):
  File "/mnt/storage/nobackup/nmb1063/mamba/envs/fegrow/lib/python3.9/site-packages/distributed/worker.py", line 2081, in gather_dep
    response = await get_data_from_worker(
  File "/mnt/storage/nobackup/nmb1063/mamba/envs/fegrow/lib/python3.9/site-packages/distributed/worker.py", line 2900, in get_data_from_worker
    comm = await rpc.connect(worker)
  File "/mnt/storage/nobackup/nmb1063/mamba/envs/fegrow/lib/python3.9/site-packages/distributed/core.py", line 1468, in connect
    return await connect_attempt
  File "/mnt/storage/nobackup/nmb1063/mamba/envs/fegrow/lib/python3.9/site-packages/distributed/core.py", line 1389, in _connect
    comm = await connect(
  File "/mnt/storage/nobackup/nmb1063/mamba/envs/fegrow/lib/python3.9/site-packages/distributed/comm/core.py", line 317, in connect
    raise OSError(
OSError: Timed out trying to connect to tcp://10.3.89.182:33543 after 30 s
2024-01-29 02:30:38,435 [ERROR] [worker.py:2115] distributed.worker: Worker stream died during communication: tcp://10.3.89.182:33543
ConnectionRefusedError: [Errno 111] Connection refused

The above exception was the direct cause of the following exception:

Traceback (most recent call last):
  File "/mnt/storage/nobackup/nmb1063/mamba/envs/fegrow/lib/python3.9/site-packages/distributed/comm/core.py", line 291, in connect
    comm = await asyncio.wait_for(
  File "/mnt/storage/nobackup/nmb1063/mamba/envs/fegrow/lib/python3.9/asyncio/tasks.py", line 479, in wait_for
    return fut.result()
  File "/mnt/storage/nobackup/nmb1063/mamba/envs/fegrow/lib/python3.9/site-packages/distributed/comm/tcp.py", line 511, in connect
    convert_stream_closed_error(self, e)
  File "/mnt/storage/nobackup/nmb1063/mamba/envs/fegrow/lib/python3.9/site-packages/distributed/comm/tcp.py", line 142, in convert_stream_closed_error
    raise CommClosedError(f"in {obj}: {exc.__class__.__name__}: {exc}") from exc
distributed.comm.core.CommClosedError: in <distributed.comm.tcp.TCPConnector object at 0x2b8b5f3119d0>: ConnectionRefusedError: [Errno 111] Connection refused

The above exception was the direct cause of the following exception:

Traceback (most recent call last):
  File "/mnt/storage/nobackup/nmb1063/mamba/envs/fegrow/lib/python3.9/site-packages/distributed/worker.py", line 2081, in gather_dep
    response = await get_data_from_worker(
  File "/mnt/storage/nobackup/nmb1063/mamba/envs/fegrow/lib/python3.9/site-packages/distributed/worker.py", line 2900, in get_data_from_worker
    comm = await rpc.connect(worker)
  File "/mnt/storage/nobackup/nmb1063/mamba/envs/fegrow/lib/python3.9/site-packages/distributed/core.py", line 1468, in connect
    return await connect_attempt
  File "/mnt/storage/nobackup/nmb1063/mamba/envs/fegrow/lib/python3.9/site-packages/distributed/core.py", line 1389, in _connect
    comm = await connect(
  File "/mnt/storage/nobackup/nmb1063/mamba/envs/fegrow/lib/python3.9/site-packages/distributed/comm/core.py", line 317, in connect
    raise OSError(
OSError: Timed out trying to connect to tcp://10.3.89.182:33543 after 30 s
2024-01-29 02:30:38,836 - distributed.worker - ERROR - Worker stream died during communication: tcp://10.3.89.142:33021
ConnectionRefusedError: [Errno 111] Connection refused

The above exception was the direct cause of the following exception:

Traceback (most recent call last):
  File "/mnt/storage/nobackup/nmb1063/mamba/envs/fegrow/lib/python3.9/site-packages/distributed/comm/core.py", line 291, in connect
    comm = await asyncio.wait_for(
  File "/mnt/storage/nobackup/nmb1063/mamba/envs/fegrow/lib/python3.9/asyncio/tasks.py", line 479, in wait_for
    return fut.result()
  File "/mnt/storage/nobackup/nmb1063/mamba/envs/fegrow/lib/python3.9/site-packages/distributed/comm/tcp.py", line 511, in connect
    convert_stream_closed_error(self, e)
  File "/mnt/storage/nobackup/nmb1063/mamba/envs/fegrow/lib/python3.9/site-packages/distributed/comm/tcp.py", line 142, in convert_stream_closed_error
    raise CommClosedError(f"in {obj}: {exc.__class__.__name__}: {exc}") from exc
distributed.comm.core.CommClosedError: in <distributed.comm.tcp.TCPConnector object at 0x2b8b639b4910>: ConnectionRefusedError: [Errno 111] Connection refused

The above exception was the direct cause of the following exception:

Traceback (most recent call last):
  File "/mnt/storage/nobackup/nmb1063/mamba/envs/fegrow/lib/python3.9/site-packages/distributed/worker.py", line 2081, in gather_dep
    response = await get_data_from_worker(
  File "/mnt/storage/nobackup/nmb1063/mamba/envs/fegrow/lib/python3.9/site-packages/distributed/worker.py", line 2900, in get_data_from_worker
    comm = await rpc.connect(worker)
  File "/mnt/storage/nobackup/nmb1063/mamba/envs/fegrow/lib/python3.9/site-packages/distributed/core.py", line 1468, in connect
    return await connect_attempt
  File "/mnt/storage/nobackup/nmb1063/mamba/envs/fegrow/lib/python3.9/site-packages/distributed/core.py", line 1389, in _connect
    comm = await connect(
  File "/mnt/storage/nobackup/nmb1063/mamba/envs/fegrow/lib/python3.9/site-packages/distributed/comm/core.py", line 317, in connect
    raise OSError(
OSError: Timed out trying to connect to tcp://10.3.89.142:33021 after 30 s
2024-01-29 02:30:38,836 [ERROR] [worker.py:2115] distributed.worker: Worker stream died during communication: tcp://10.3.89.142:33021
ConnectionRefusedError: [Errno 111] Connection refused

The above exception was the direct cause of the following exception:

Traceback (most recent call last):
  File "/mnt/storage/nobackup/nmb1063/mamba/envs/fegrow/lib/python3.9/site-packages/distributed/comm/core.py", line 291, in connect
    comm = await asyncio.wait_for(
  File "/mnt/storage/nobackup/nmb1063/mamba/envs/fegrow/lib/python3.9/asyncio/tasks.py", line 479, in wait_for
    return fut.result()
  File "/mnt/storage/nobackup/nmb1063/mamba/envs/fegrow/lib/python3.9/site-packages/distributed/comm/tcp.py", line 511, in connect
    convert_stream_closed_error(self, e)
  File "/mnt/storage/nobackup/nmb1063/mamba/envs/fegrow/lib/python3.9/site-packages/distributed/comm/tcp.py", line 142, in convert_stream_closed_error
    raise CommClosedError(f"in {obj}: {exc.__class__.__name__}: {exc}") from exc
distributed.comm.core.CommClosedError: in <distributed.comm.tcp.TCPConnector object at 0x2b8b639b4910>: ConnectionRefusedError: [Errno 111] Connection refused

The above exception was the direct cause of the following exception:

Traceback (most recent call last):
  File "/mnt/storage/nobackup/nmb1063/mamba/envs/fegrow/lib/python3.9/site-packages/distributed/worker.py", line 2081, in gather_dep
    response = await get_data_from_worker(
  File "/mnt/storage/nobackup/nmb1063/mamba/envs/fegrow/lib/python3.9/site-packages/distributed/worker.py", line 2900, in get_data_from_worker
    comm = await rpc.connect(worker)
  File "/mnt/storage/nobackup/nmb1063/mamba/envs/fegrow/lib/python3.9/site-packages/distributed/core.py", line 1468, in connect
    return await connect_attempt
  File "/mnt/storage/nobackup/nmb1063/mamba/envs/fegrow/lib/python3.9/site-packages/distributed/core.py", line 1389, in _connect
    comm = await connect(
  File "/mnt/storage/nobackup/nmb1063/mamba/envs/fegrow/lib/python3.9/site-packages/distributed/comm/core.py", line 317, in connect
    raise OSError(
OSError: Timed out trying to connect to tcp://10.3.89.142:33021 after 30 s
2024-01-29 02:31:28,277 - distributed.core - INFO - Event loop was unresponsive in Worker for 4.67s.  This is often caused by long-running GIL-holding functions or moving large chunks of data. This can cause timeouts and instability.
2024-01-29 02:31:28,277 [INFO] [core.py:595] distributed.core: Event loop was unresponsive in Worker for 4.67s.  This is often caused by long-running GIL-holding functions or moving large chunks of data. This can cause timeouts and instability.
2024-01-29 02:31:53,041 - distributed.core - INFO - Event loop was unresponsive in Worker for 4.45s.  This is often caused by long-running GIL-holding functions or moving large chunks of data. This can cause timeouts and instability.
2024-01-29 02:31:53,041 [INFO] [core.py:595] distributed.core: Event loop was unresponsive in Worker for 4.45s.  This is often caused by long-running GIL-holding functions or moving large chunks of data. This can cause timeouts and instability.
/mnt/storage/nobackup/nmb1063/mamba/envs/fegrow/lib/python3.9/site-packages/parmed/structure.py:1775: UnitStrippedWarning: The unit of the quantity is stripped when downcasting to ndarray.
  coords = np.array(value, dtype=np.float64, copy=False, subok=True)
2024-01-29 02:53:26,584 - distributed.worker - WARNING - Compute Failed
Key:       evaluate-79bef169-d1dd-4021-914e-498d227d3e65
Function:  evaluate
args:      (<rdkit.Chem.rdchem.Mol object at 0x2b8b5d05a9f0>, 6, '[H]c1nc([H])c(-n2nnc([H])c2B2OC(C([H])([H])[H])(C([H])([H])[H])C(C([H])([H])[H])(C([H])([H])[H])O2)c([H])c1[H]', '/mnt/storage/nobackup/nmb1063/code/gal/sars-cov-2-main-protease-al-study-plip/rec_final.pdb', '/nobackup/nmb1063/sars-fegrow/gnina')
kwargs:    {}
Exception: "UnassignedBondError('BondHandler was not able to find parameters for the following valence terms:\\n\\n- Topology indices (11, 12): names and elements (C5 C), (B1 B), \\n- Topology indices (12, 13): names and elements (B1 B), (O1 O), \\n- Topology indices (12, 32): names and elements (B1 B), (O2 O), \\n')"

2024-01-29 02:53:26,584 [WARNING] [worker.py:2352] distributed.worker: Compute Failed
Key:       evaluate-79bef169-d1dd-4021-914e-498d227d3e65
Function:  evaluate
args:      (<rdkit.Chem.rdchem.Mol object at 0x2b8b5d05a9f0>, 6, '[H]c1nc([H])c(-n2nnc([H])c2B2OC(C([H])([H])[H])(C([H])([H])[H])C(C([H])([H])[H])(C([H])([H])[H])O2)c([H])c1[H]', '/mnt/storage/nobackup/nmb1063/code/gal/sars-cov-2-main-protease-al-study-plip/rec_final.pdb', '/nobackup/nmb1063/sars-fegrow/gnina')
kwargs:    {}
Exception: "UnassignedBondError('BondHandler was not able to find parameters for the following valence terms:\\n\\n- Topology indices (11, 12): names and elements (C5 C), (B1 B), \\n- Topology indices (12, 13): names and elements (B1 B), (O1 O), \\n- Topology indices (12, 32): names and elements (B1 B), (O2 O), \\n')"

2024-01-29 02:53:27,563 [WARNING] [rdkit_wrapper.py:3213] openff.toolkit.utils.rdkit_wrapper: Warning (not error because allow_undefined_stereo=True): RDMol has unspecified stereochemistry. Undefined chiral centers are:
 - Atom C (index 8)
 - Atom C (index 12)

2024-01-29 02:53:30,769 [WARNING] [rdkit_wrapper.py:3213] openff.toolkit.utils.rdkit_wrapper: Warning (not error because allow_undefined_stereo=True): RDMol has unspecified stereochemistry. Undefined chiral centers are:
 - Atom C (index 8)
 - Atom C (index 12)

/mnt/storage/nobackup/nmb1063/mamba/envs/fegrow/lib/python3.9/site-packages/parmed/structure.py:1775: UnitStrippedWarning: The unit of the quantity is stripped when downcasting to ndarray.
  coords = np.array(value, dtype=np.float64, copy=False, subok=True)
TIME Completed the molecule generation in 171.8s.
TIME changed dir: 0.0s
TIME changed dir: 0.0s
Generated 33 conformers. 
Removed 32 conformers. 
Generated 49 conformers. 
TIME changed dir: 0.0s
Removed 39 conformers. 
Generated 8 conformers. 
Removed 4 conformers. 
using ani2x
/mnt/storage/nobackup/nmb1063/mamba/envs/fegrow/lib/python3.9/site-packages/torchani/resources/
failed to equip `nnpops` with error: No module named 'NNPOps'
Optimising conformer:   0%|                               | 0/4 [00:00<?, ?it/s]Optimising conformer:  25%|█████▊                 | 1/4 [00:02<00:08,  2.84s/it]Optimising conformer:  50%|███████████▌           | 2/4 [00:04<00:04,  2.05s/it]Optimising conformer:  75%|█████████████████▎     | 3/4 [00:07<00:02,  2.44s/it]Optimising conformer: 100%|███████████████████████| 4/4 [00:09<00:00,  2.55s/it]Optimising conformer: 100%|███████████████████████| 4/4 [00:09<00:00,  2.49s/it]
/mnt/storage/nobackup/nmb1063/code/gal/sars-cov-2-main-protease-al-study-plip/rsearcher.py:89: UserWarning: The ligand was an array (SDF?). Using the first frame. 
  warnings.warn("The ligand was an array (SDF?). Using the first frame. ")
/mnt/storage/nobackup/nmb1063/mamba/envs/fegrow/lib/python3.9/site-packages/parmed/structure.py:1775: UnitStrippedWarning: The unit of the quantity is stripped when downcasting to ndarray.
  coords = np.array(value, dtype=np.float64, copy=False, subok=True)
TIME Completed the molecule generation in 60.8s.
TIME changed dir: 0.0s
Generated 25 conformers. 
Removed 20 conformers. 
using ani2x
/mnt/storage/nobackup/nmb1063/mamba/envs/fegrow/lib/python3.9/site-packages/torchani/resources/
failed to equip `nnpops` with error: No module named 'NNPOps'
Optimising conformer:   0%|                               | 0/5 [00:00<?, ?it/s]Optimising conformer:  20%|████▌                  | 1/5 [00:05<00:23,  5.96s/it]Optimising conformer:  40%|█████████▏             | 2/5 [00:19<00:31, 10.59s/it]using ani2x
/mnt/storage/nobackup/nmb1063/mamba/envs/fegrow/lib/python3.9/site-packages/torchani/resources/
failed to equip `nnpops` with error: No module named 'NNPOps'

Optimising conformer:   0%|                              | 0/10 [00:00<?, ?it/s][A
Optimising conformer:  10%|██▏                   | 1/10 [00:06<00:54,  6.03s/it][A
Optimising conformer:  20%|████▍                 | 2/10 [00:10<00:41,  5.15s/it][A
Optimising conformer:  30%|██████▌               | 3/10 [00:14<00:32,  4.68s/it][A
Optimising conformer:  40%|████████▊             | 4/10 [00:19<00:29,  4.90s/it][A
Optimising conformer:  50%|███████████           | 5/10 [00:25<00:25,  5.08s/it][A
Optimising conformer:  60%|█████████████▏        | 6/10 [00:29<00:19,  4.89s/it][A
Optimising conformer:  70%|███████████████▍      | 7/10 [00:35<00:15,  5.03s/it][AOptimising conformer:  60%|█████████████▊         | 3/5 [01:20<01:07, 33.66s/it]Optimising conformer:  80%|██████████████████▍    | 4/5 [01:26<00:22, 22.41s/it]Optimising conformer: 100%|███████████████████████| 5/5 [01:28<00:00, 15.22s/it]Optimising conformer: 100%|███████████████████████| 5/5 [01:28<00:00, 17.71s/it]
/mnt/storage/nobackup/nmb1063/code/gal/sars-cov-2-main-protease-al-study-plip/rsearcher.py:89: UserWarning: The ligand was an array (SDF?). Using the first frame. 
  warnings.warn("The ligand was an array (SDF?). Using the first frame. ")

Optimising conformer:  80%|█████████████████▌    | 8/10 [01:39<00:47, 23.93s/it][A
Optimising conformer:  90%|███████████████████▊  | 9/10 [01:46<00:18, 18.51s/it][A
Optimising conformer: 100%|█████████████████████| 10/10 [01:48<00:00, 13.66s/it][AOptimising conformer: 100%|█████████████████████| 10/10 [01:48<00:00, 10.90s/it]
2024-01-29 03:12:54,337 - distributed.core - INFO - Event loop was unresponsive in Worker for 3.24s.  This is often caused by long-running GIL-holding functions or moving large chunks of data. This can cause timeouts and instability.
2024-01-29 03:12:54,337 [INFO] [core.py:595] distributed.core: Event loop was unresponsive in Worker for 3.24s.  This is often caused by long-running GIL-holding functions or moving large chunks of data. This can cause timeouts and instability.
/mnt/storage/nobackup/nmb1063/mamba/envs/fegrow/lib/python3.9/site-packages/parmed/structure.py:1775: UnitStrippedWarning: The unit of the quantity is stripped when downcasting to ndarray.
  coords = np.array(value, dtype=np.float64, copy=False, subok=True)
/mnt/storage/nobackup/nmb1063/mamba/envs/fegrow/lib/python3.9/site-packages/parmed/structure.py:1775: UnitStrippedWarning: The unit of the quantity is stripped when downcasting to ndarray.
  coords = np.array(value, dtype=np.float64, copy=False, subok=True)
TIME Completed the molecule generation in 138.1s.
TIME Completed the molecule generation in 267.1s.
TIME changed dir: 0.0s
TIME changed dir: 0.0s
Generated 28 conformers. 
Removed 17 conformers. 
Generated 23 conformers. 
Removed 17 conformers. 
using ani2x
/mnt/storage/nobackup/nmb1063/mamba/envs/fegrow/lib/python3.9/site-packages/torchani/resources/
failed to equip `nnpops` with error: No module named 'NNPOps'
Optimising conformer:   0%|                               | 0/6 [00:00<?, ?it/s]Optimising conformer:  17%|███▊                   | 1/6 [00:03<00:18,  3.79s/it]Optimising conformer:  33%|███████▋               | 2/6 [00:06<00:12,  3.05s/it]Optimising conformer:  50%|███████████▌           | 3/6 [00:09<00:09,  3.18s/it]Optimising conformer:  67%|███████████████▎       | 4/6 [00:12<00:06,  3.17s/it]Optimising conformer:  83%|███████████████████▏   | 5/6 [00:16<00:03,  3.41s/it]Optimising conformer: 100%|███████████████████████| 6/6 [00:23<00:00,  4.42s/it]Optimising conformer: 100%|███████████████████████| 6/6 [00:23<00:00,  3.84s/it]
/mnt/storage/nobackup/nmb1063/code/gal/sars-cov-2-main-protease-al-study-plip/rsearcher.py:89: UserWarning: The ligand was an array (SDF?). Using the first frame. 
  warnings.warn("The ligand was an array (SDF?). Using the first frame. ")
2024-01-29 03:35:06,024 - distributed.utils_perf - INFO - full garbage collection released 10.95 MiB from 405702 reference cycles (threshold: 9.54 MiB)
2024-01-29 03:35:06,024 [INFO] [utils_perf.py:198] distributed.utils_perf: full garbage collection released 10.95 MiB from 405702 reference cycles (threshold: 9.54 MiB)
using ani2x
/mnt/storage/nobackup/nmb1063/mamba/envs/fegrow/lib/python3.9/site-packages/torchani/resources/
TIME Completed the molecule generation in 95.0s.
failed to equip `nnpops` with error: No module named 'NNPOps'
Optimising conformer:   0%|                              | 0/11 [00:00<?, ?it/s]Optimising conformer:   9%|██                    | 1/11 [00:04<00:48,  4.84s/it]Optimising conformer:  18%|████                  | 2/11 [00:08<00:36,  4.08s/it]Optimising conformer:  27%|██████                | 3/11 [00:28<01:30, 11.37s/it]Optimising conformer:  36%|████████              | 4/11 [00:31<00:57,  8.28s/it]Optimising conformer:  45%|██████████            | 5/11 [00:40<00:50,  8.34s/it]Optimising conformer:  55%|████████████          | 6/11 [00:44<00:34,  6.80s/it]Optimising conformer:  64%|██████████████        | 7/11 [00:47<00:22,  5.63s/it]Optimising conformer:  73%|████████████████      | 8/11 [00:56<00:20,  6.79s/it]Optimising conformer:  82%|██████████████████    | 9/11 [01:06<00:15,  7.78s/it]Optimising conformer:  91%|███████████████████  | 10/11 [01:10<00:06,  6.51s/it]Optimising conformer: 100%|█████████████████████| 11/11 [01:13<00:00,  5.41s/it]Optimising conformer: 100%|█████████████████████| 11/11 [01:13<00:00,  6.66s/it]
2024-01-29 04:00:11,258 - distributed.core - INFO - Event loop was unresponsive in Worker for 4.41s.  This is often caused by long-running GIL-holding functions or moving large chunks of data. This can cause timeouts and instability.
2024-01-29 04:00:11,258 [INFO] [core.py:595] distributed.core: Event loop was unresponsive in Worker for 4.41s.  This is often caused by long-running GIL-holding functions or moving large chunks of data. This can cause timeouts and instability.
2024-01-29 04:00:36,829 - distributed.core - INFO - Event loop was unresponsive in Worker for 3.92s.  This is often caused by long-running GIL-holding functions or moving large chunks of data. This can cause timeouts and instability.
2024-01-29 04:00:36,829 [INFO] [core.py:595] distributed.core: Event loop was unresponsive in Worker for 3.92s.  This is often caused by long-running GIL-holding functions or moving large chunks of data. This can cause timeouts and instability.
slurmstepd: error: *** JOB 19877647 ON sb048 CANCELLED AT 2024-01-29T04:10:38 DUE TO TIME LIMIT ***
