hostname sb031.cluster
ipconfig 1: lo: <LOOPBACK,UP,LOWER_UP> mtu 65536 qdisc noqueue state UNKNOWN group default qlen 1000 link/loopback 00:00:00:00:00:00 brd 00:00:00:00:00:00 inet 127.0.0.1/8 scope host lo valid_lft forever preferred_lft forever inet6 ::1/128 scope host valid_lft forever preferred_lft forever 2: enp4s0f0: <BROADCAST,MULTICAST,UP,LOWER_UP> mtu 9000 qdisc mq state UP group default qlen 1000 link/ether a0:8c:f8:34:c9:e4 brd ff:ff:ff:ff:ff:ff inet 10.3.81.111/22 brd 10.3.83.255 scope global enp4s0f0 valid_lft forever preferred_lft forever inet6 fe80::a28c:f8ff:fe34:c9e4/64 scope link valid_lft forever preferred_lft forever 3: enp4s0f1: <BROADCAST,MULTICAST> mtu 1500 qdisc noop state DOWN group default qlen 1000 link/ether a0:8c:f8:34:c9:e5 brd ff:ff:ff:ff:ff:ff 4: enp4s0f2: <BROADCAST,MULTICAST> mtu 1500 qdisc noop state DOWN group default qlen 1000 link/ether a0:8c:f8:34:c9:e6 brd ff:ff:ff:ff:ff:ff 5: enp4s0f3: <BROADCAST,MULTICAST> mtu 1500 qdisc noop state DOWN group default qlen 1000 link/ether a0:8c:f8:34:c9:e7 brd ff:ff:ff:ff:ff:ff 6: ib0: <BROADCAST,MULTICAST,UP,LOWER_UP> mtu 4092 qdisc pfifo_fast state UP group default qlen 256 link/infiniband 80:00:00:29:fe:80:00:00:00:00:00:00:38:bc:01:03:00:4c:f7:10 brd 00:ff:ff:ff:ff:12:40:1b:ff:ff:00:00:00:00:00:00:ff:ff:ff:ff inet 10.3.89.111/22 brd 10.3.91.255 scope global ib0 valid_lft forever preferred_lft forever inet 10.3.93.111/22 brd 10.3.95.255 scope global ib0:1 valid_lft forever preferred_lft forever inet6 fe80::3abc:103:4c:f710/64 scope link valid_lft forever preferred_lft forever 7: ib1: <BROADCAST,MULTICAST> mtu 4092 qdisc noop state DOWN group default qlen 256 link/infiniband 80:00:00:29:fe:80:00:00:00:00:00:00:38:bc:01:03:00:4c:f7:11 brd 00:ff:ff:ff:ff:12:40:1b:ff:ff:00:00:00:00:00:00:ff:ff:ff:ff
2024-01-28 18:45:03,273 - distributed.nanny - INFO -         Start Nanny at: 'tcp://10.3.89.111:44288'
2024-01-28 18:45:15,622 - distributed.worker - INFO -       Start worker at:    tcp://10.3.89.111:46471
2024-01-28 18:45:15,632 - distributed.worker - INFO -          Listening to:    tcp://10.3.89.111:46471
2024-01-28 18:45:15,632 - distributed.worker - INFO -           Worker name:           SLURMCluster-201
2024-01-28 18:45:15,633 - distributed.worker - INFO -          dashboard at:          10.3.89.111:40762
2024-01-28 18:45:15,633 - distributed.worker - INFO - Waiting to connect to:     tcp://10.3.88.11:44532
2024-01-28 18:45:15,633 - distributed.worker - INFO - -------------------------------------------------
2024-01-28 18:45:15,633 - distributed.worker - INFO -               Threads:                          2
2024-01-28 18:45:15,633 - distributed.worker - INFO -                Memory:                  20.49 GiB
2024-01-28 18:45:15,633 - distributed.worker - INFO -       Local Directory: /scratch/dask-worker-space/worker-av5g255d
2024-01-28 18:45:15,633 - distributed.worker - INFO - -------------------------------------------------
2024-01-28 18:45:15,744 - distributed.worker - INFO -         Registered to:     tcp://10.3.88.11:44532
2024-01-28 18:45:15,744 - distributed.worker - INFO - -------------------------------------------------
2024-01-28 18:45:15,745 - distributed.core - INFO - Starting established connection to tcp://10.3.88.11:44532
2024-01-28 18:46:25,970 - distributed.core - INFO - Event loop was unresponsive in Worker for 3.22s.  This is often caused by long-running GIL-holding functions or moving large chunks of data. This can cause timeouts and instability.
2024-01-28 18:57:00,924 - distributed.core - INFO - Event loop was unresponsive in Worker for 29.13s.  This is often caused by long-running GIL-holding functions or moving large chunks of data. This can cause timeouts and instability.
2024-01-28 18:57:00,924 [INFO] [core.py:595] distributed.core: Event loop was unresponsive in Worker for 29.13s.  This is often caused by long-running GIL-holding functions or moving large chunks of data. This can cause timeouts and instability.
2024-01-28 18:57:05,443 [WARNING] [rdkit_wrapper.py:3213] openff.toolkit.utils.rdkit_wrapper: Warning (not error because allow_undefined_stereo=True): RDMol has unspecified stereochemistry. Undefined chiral centers are:
 - Atom C (index 3)
 - Atom C (index 7)

/mnt/storage/nobackup/nmb1063/mamba/envs/fegrow/lib/python3.9/site-packages/parmed/structure.py:1775: UnitStrippedWarning: The unit of the quantity is stripped when downcasting to ndarray.
  coords = np.array(value, dtype=np.float64, copy=False, subok=True)
2024-01-28 18:57:09,873 [WARNING] [rdkit_wrapper.py:3213] openff.toolkit.utils.rdkit_wrapper: Warning (not error because allow_undefined_stereo=True): RDMol has unspecified stereochemistry. Undefined chiral centers are:
 - Atom C (index 3)
 - Atom C (index 7)

2024-01-28 18:57:13,308 - distributed.worker - WARNING - Compute Failed
Key:       evaluate-1758432e-522c-4c70-a7c4-7a31762cac9a
Function:  evaluate
args:      (<rdkit.Chem.rdchem.Mol object at 0x2b7b7c3ff090>, 6, '[H]c1nc([H])c([C@]23C([H])([H])C([H])([H])[C@@]([C@@]4([H])C([H])([H])[C@]4([H])c4c([H])c([H])c([H])c([H])c4[H])(C([H])([H])C2([H])[H])C([H])([H])C3([H])[H])c([H])c1[H]', '/mnt/storage/nobackup/nmb1063/code/gal/sars-cov-2-main-protease-al-study-plip/rec_final.pdb', '/nobackup/nmb1063/sars-fegrow/gnina')
kwargs:    {}
Exception: "ValueError('Could not embed molecule.', <rdkit.Chem.rdchem.Mol object at 0x2b7c446df430>, {2: <rdkit.Geometry.rdGeometry.Point3D object at 0x2b7c446d8cc0>, 5: <rdkit.Geometry.rdGeometry.Point3D object at 0x2b7c446d8d40>, 44: <rdkit.Geometry.rdGeometry.Point3D object at 0x2b7c446d8dc0>, 46: <rdkit.Geometry.rdGeometry.Point3D object at 0x2b7c446d8e40>, 1: <rdkit.Geometry.rdGeometry.Point3D object at 0x2b7c446d8ec0>, 3: <rdkit.Geometry.rdGeometry.Point3D object at 0x2b7c446d8f40>, 45: <rdkit.Geometry.rdGeometry.Point3D object at 0x2b7c446e0040>, 47: <rdkit.Geometry.rdGeometry.Point3D object at 0x2b7c446e00c0>, 0: <rdkit.Geometry.rdGeometry.Point3D object at 0x2b7c446e0140>, 4: <rdkit.Geometry.rdGeometry.Point3D object at 0x2b7c446e0240>})"

2024-01-28 18:57:13,308 [WARNING] [worker.py:2352] distributed.worker: Compute Failed
Key:       evaluate-1758432e-522c-4c70-a7c4-7a31762cac9a
Function:  evaluate
args:      (<rdkit.Chem.rdchem.Mol object at 0x2b7b7c3ff090>, 6, '[H]c1nc([H])c([C@]23C([H])([H])C([H])([H])[C@@]([C@@]4([H])C([H])([H])[C@]4([H])c4c([H])c([H])c([H])c([H])c4[H])(C([H])([H])C2([H])[H])C([H])([H])C3([H])[H])c([H])c1[H]', '/mnt/storage/nobackup/nmb1063/code/gal/sars-cov-2-main-protease-al-study-plip/rec_final.pdb', '/nobackup/nmb1063/sars-fegrow/gnina')
kwargs:    {}
Exception: "ValueError('Could not embed molecule.', <rdkit.Chem.rdchem.Mol object at 0x2b7c446df430>, {2: <rdkit.Geometry.rdGeometry.Point3D object at 0x2b7c446d8cc0>, 5: <rdkit.Geometry.rdGeometry.Point3D object at 0x2b7c446d8d40>, 44: <rdkit.Geometry.rdGeometry.Point3D object at 0x2b7c446d8dc0>, 46: <rdkit.Geometry.rdGeometry.Point3D object at 0x2b7c446d8e40>, 1: <rdkit.Geometry.rdGeometry.Point3D object at 0x2b7c446d8ec0>, 3: <rdkit.Geometry.rdGeometry.Point3D object at 0x2b7c446d8f40>, 45: <rdkit.Geometry.rdGeometry.Point3D object at 0x2b7c446e0040>, 47: <rdkit.Geometry.rdGeometry.Point3D object at 0x2b7c446e00c0>, 0: <rdkit.Geometry.rdGeometry.Point3D object at 0x2b7c446e0140>, 4: <rdkit.Geometry.rdGeometry.Point3D object at 0x2b7c446e0240>})"

/mnt/storage/nobackup/nmb1063/mamba/envs/fegrow/lib/python3.9/site-packages/parmed/structure.py:1775: UnitStrippedWarning: The unit of the quantity is stripped when downcasting to ndarray.
  coords = np.array(value, dtype=np.float64, copy=False, subok=True)
/mnt/storage/nobackup/nmb1063/mamba/envs/fegrow/lib/python3.9/site-packages/torchani/__init__.py:55: UserWarning: Dependency not satisfied, torchani.ase will not be available
  warnings.warn("Dependency not satisfied, torchani.ase will not be available")
2024-01-28 18:57:50,501 [WARNING] [__init__.py:5] root: Warning: importing 'simtk.openmm' is deprecated.  Import 'openmm' instead.
TIME changed dir: 0.0s
TIME changed dir: 0.0s
Generated 39 conformers. 
Removed 24 conformers. 
TIME changed dir: 0.0s
Generated 38 conformers. 
Removed 20 conformers. 
using ani2x
/mnt/storage/nobackup/nmb1063/mamba/envs/fegrow/lib/python3.9/site-packages/torchani/resources/
failed to equip `nnpops` with error: No module named 'NNPOps'
Optimising conformer:   0%|                              | 0/18 [00:00<?, ?it/s][W BinaryOps.cpp:601] Warning: floor_divide is deprecated, and will be removed in a future version of pytorch. It currently rounds toward 0 (like the 'trunc' function NOT 'floor'). This results in incorrect rounding for negative values.
To keep the current behavior, use torch.div(a, b, rounding_mode='trunc'), or for actual floor division, use torch.div(a, b, rounding_mode='floor'). (function operator())
Optimising conformer:   6%|█▏                    | 1/18 [00:04<01:10,  4.12s/it]Optimising conformer:  11%|██▍                   | 2/18 [00:06<00:51,  3.22s/it]Optimising conformer:  17%|███▋                  | 3/18 [00:10<00:52,  3.53s/it]Optimising conformer:  22%|████▉                 | 4/18 [00:13<00:45,  3.24s/it]Optimising conformer:  28%|██████                | 5/18 [00:15<00:37,  2.91s/it]Optimising conformer:  33%|███████▎              | 6/18 [00:17<00:30,  2.55s/it]Optimising conformer:  39%|████████▌             | 7/18 [00:19<00:24,  2.21s/it]Optimising conformer:  44%|█████████▊            | 8/18 [00:20<00:19,  1.98s/it]Optimising conformer:  50%|███████████           | 9/18 [00:29<00:35,  4.00s/it]Optimising conformer:  56%|███████████▋         | 10/18 [00:30<00:25,  3.24s/it]Optimising conformer:  61%|████████████▊        | 11/18 [00:32<00:18,  2.71s/it]Optimising conformer:  67%|██████████████       | 12/18 [00:34<00:15,  2.52s/it]Optimising conformer:  72%|███████████████▏     | 13/18 [00:35<00:10,  2.17s/it]Optimising conformer:  78%|████████████████▎    | 14/18 [00:41<00:12,  3.23s/it]Optimising conformer:  83%|█████████████████▌   | 15/18 [00:44<00:09,  3.16s/it]Optimising conformer:  89%|██████████████████▋  | 16/18 [00:46<00:05,  2.88s/it]using ani2x
/mnt/storage/nobackup/nmb1063/mamba/envs/fegrow/lib/python3.9/site-packages/torchani/resources/
failed to equip `nnpops` with error: No module named 'NNPOps'

Optimising conformer:   0%|                              | 0/15 [00:00<?, ?it/s][AOptimising conformer:  94%|███████████████████▊ | 17/18 [00:59<00:06,  6.09s/it]Optimising conformer: 100%|█████████████████████| 18/18 [01:02<00:00,  4.93s/it]Optimising conformer: 100%|█████████████████████| 18/18 [01:02<00:00,  3.46s/it]
/mnt/storage/nobackup/nmb1063/code/gal/sars-cov-2-main-protease-al-study-plip/rsearcher.py:89: UserWarning: The ligand was an array (SDF?). Using the first frame. 
  warnings.warn("The ligand was an array (SDF?). Using the first frame. ")

Optimising conformer:   7%|█▍                    | 1/15 [00:04<00:59,  4.22s/it][A
Optimising conformer:  13%|██▉                   | 2/15 [00:06<00:38,  2.94s/it][A
Optimising conformer:  20%|████▍                 | 3/15 [00:08<00:30,  2.55s/it][A
Optimising conformer:  27%|█████▊                | 4/15 [00:10<00:25,  2.35s/it][A/mnt/storage/nobackup/nmb1063/mamba/envs/fegrow/lib/python3.9/site-packages/parmed/structure.py:1775: UnitStrippedWarning: The unit of the quantity is stripped when downcasting to ndarray.
  coords = np.array(value, dtype=np.float64, copy=False, subok=True)

Optimising conformer:  33%|███████▎              | 5/15 [00:12<00:23,  2.33s/it][A
Optimising conformer:  40%|████████▊             | 6/15 [00:14<00:20,  2.30s/it][A
Optimising conformer:  47%|██████████▎           | 7/15 [00:17<00:18,  2.31s/it][A
Optimising conformer:  53%|███████████▋          | 8/15 [00:19<00:16,  2.36s/it][A
Optimising conformer:  60%|█████████████▏        | 9/15 [00:21<00:13,  2.30s/it][A
Optimising conformer:  67%|██████████████       | 10/15 [00:24<00:12,  2.41s/it][A
Optimising conformer:  73%|███████████████▍     | 11/15 [00:27<00:09,  2.49s/it][A
Optimising conformer:  80%|████████████████▊    | 12/15 [00:32<00:09,  3.20s/it][A
Optimising conformer:  87%|██████████████████▏  | 13/15 [00:35<00:06,  3.21s/it][A
Optimising conformer:  93%|███████████████████▌ | 14/15 [00:37<00:02,  2.87s/it][A
Optimising conformer: 100%|█████████████████████| 15/15 [00:39<00:00,  2.64s/it][AOptimising conformer: 100%|█████████████████████| 15/15 [00:39<00:00,  2.63s/it]
/mnt/storage/nobackup/nmb1063/code/gal/sars-cov-2-main-protease-al-study-plip/rsearcher.py:89: UserWarning: The ligand was an array (SDF?). Using the first frame. 
  warnings.warn("The ligand was an array (SDF?). Using the first frame. ")
TIME Completed the molecule generation in 108.0s.
TIME changed dir: 0.0s
Generated 26 conformers. 
Removed 15 conformers. 
TIME Completed the molecule generation in 156.0s.
using ani2x
/mnt/storage/nobackup/nmb1063/mamba/envs/fegrow/lib/python3.9/site-packages/torchani/resources/
failed to equip `nnpops` with error: No module named 'NNPOps'
Optimising conformer:   0%|                              | 0/11 [00:00<?, ?it/s]Optimising conformer:   9%|██                    | 1/11 [00:05<00:50,  5.06s/it]Optimising conformer:  18%|████                  | 2/11 [00:10<00:45,  5.08s/it]Optimising conformer:  27%|██████                | 3/11 [00:15<00:41,  5.22s/it]Optimising conformer:  36%|████████              | 4/11 [00:17<00:26,  3.78s/it]Optimising conformer:  45%|██████████            | 5/11 [00:21<00:23,  3.87s/it]Optimising conformer:  55%|████████████          | 6/11 [00:24<00:17,  3.59s/it]Optimising conformer:  64%|██████████████        | 7/11 [00:26<00:13,  3.27s/it]Optimising conformer:  73%|████████████████      | 8/11 [00:30<00:10,  3.53s/it]Optimising conformer:  82%|██████████████████    | 9/11 [00:33<00:06,  3.33s/it]Optimising conformer:  91%|███████████████████  | 10/11 [00:35<00:02,  2.76s/it]Optimising conformer: 100%|█████████████████████| 11/11 [00:36<00:00,  2.40s/it]Optimising conformer: 100%|█████████████████████| 11/11 [00:36<00:00,  3.35s/it]
/mnt/storage/nobackup/nmb1063/code/gal/sars-cov-2-main-protease-al-study-plip/rsearcher.py:89: UserWarning: The ligand was an array (SDF?). Using the first frame. 
  warnings.warn("The ligand was an array (SDF?). Using the first frame. ")
2024-01-28 19:17:37,923 - distributed.core - INFO - Event loop was unresponsive in Worker for 4.62s.  This is often caused by long-running GIL-holding functions or moving large chunks of data. This can cause timeouts and instability.
2024-01-28 19:17:37,923 [INFO] [core.py:595] distributed.core: Event loop was unresponsive in Worker for 4.62s.  This is often caused by long-running GIL-holding functions or moving large chunks of data. This can cause timeouts and instability.
2024-01-28 19:17:59,842 - distributed.core - INFO - Event loop was unresponsive in Worker for 6.10s.  This is often caused by long-running GIL-holding functions or moving large chunks of data. This can cause timeouts and instability.
2024-01-28 19:17:59,842 [INFO] [core.py:595] distributed.core: Event loop was unresponsive in Worker for 6.10s.  This is often caused by long-running GIL-holding functions or moving large chunks of data. This can cause timeouts and instability.
/mnt/storage/nobackup/nmb1063/mamba/envs/fegrow/lib/python3.9/site-packages/parmed/structure.py:1775: UnitStrippedWarning: The unit of the quantity is stripped when downcasting to ndarray.
  coords = np.array(value, dtype=np.float64, copy=False, subok=True)
/mnt/storage/nobackup/nmb1063/mamba/envs/fegrow/lib/python3.9/site-packages/parmed/structure.py:1775: UnitStrippedWarning: The unit of the quantity is stripped when downcasting to ndarray.
  coords = np.array(value, dtype=np.float64, copy=False, subok=True)
TIME Completed the molecule generation in 87.2s.
TIME changed dir: 0.0s
TIME changed dir: 0.0s
Generated 10 conformers. 
Generated 32 conformers. 
Removed 7 conformers. 
Removed 24 conformers. 
using ani2x
/mnt/storage/nobackup/nmb1063/mamba/envs/fegrow/lib/python3.9/site-packages/torchani/resources/
using ani2x
/mnt/storage/nobackup/nmb1063/mamba/envs/fegrow/lib/python3.9/site-packages/torchani/resources/
failed to equip `nnpops` with error: No module named 'NNPOps'
failed to equip `nnpops` with error: No module named 'NNPOps'
Optimising conformer:   0%|                               | 0/8 [00:00<?, ?it/s]
Optimising conformer:   0%|                               | 0/3 [00:00<?, ?it/s][A
Optimising conformer:  33%|███████▋               | 1/3 [00:05<00:10,  5.44s/it][AOptimising conformer:  12%|██▉                    | 1/8 [00:06<00:43,  6.17s/it]
Optimising conformer:  67%|███████████████▎       | 2/3 [00:09<00:04,  4.69s/it][A
Optimising conformer: 100%|███████████████████████| 3/3 [00:13<00:00,  4.48s/it][AOptimising conformer: 100%|███████████████████████| 3/3 [00:13<00:00,  4.61s/it]
/mnt/storage/nobackup/nmb1063/code/gal/sars-cov-2-main-protease-al-study-plip/rsearcher.py:89: UserWarning: The ligand was an array (SDF?). Using the first frame. 
  warnings.warn("The ligand was an array (SDF?). Using the first frame. ")
Optimising conformer:  25%|█████▊                 | 2/8 [00:15<00:47,  7.86s/it]Optimising conformer:  38%|████████▋              | 3/8 [00:21<00:35,  7.02s/it]/mnt/storage/nobackup/nmb1063/mamba/envs/fegrow/lib/python3.9/site-packages/parmed/structure.py:1775: UnitStrippedWarning: The unit of the quantity is stripped when downcasting to ndarray.
  coords = np.array(value, dtype=np.float64, copy=False, subok=True)
Optimising conformer:  50%|███████████▌           | 4/8 [00:26<00:24,  6.15s/it]Optimising conformer:  62%|██████████████▍        | 5/8 [00:29<00:15,  5.19s/it]Optimising conformer:  75%|█████████████████▎     | 6/8 [00:33<00:09,  4.91s/it]Optimising conformer:  88%|████████████████████▏  | 7/8 [00:37<00:04,  4.37s/it]Optimising conformer: 100%|███████████████████████| 8/8 [00:39<00:00,  3.84s/it]Optimising conformer: 100%|███████████████████████| 8/8 [00:39<00:00,  4.98s/it]
/mnt/storage/nobackup/nmb1063/code/gal/sars-cov-2-main-protease-al-study-plip/rsearcher.py:89: UserWarning: The ligand was an array (SDF?). Using the first frame. 
  warnings.warn("The ligand was an array (SDF?). Using the first frame. ")
/mnt/storage/nobackup/nmb1063/mamba/envs/fegrow/lib/python3.9/site-packages/parmed/structure.py:1775: UnitStrippedWarning: The unit of the quantity is stripped when downcasting to ndarray.
  coords = np.array(value, dtype=np.float64, copy=False, subok=True)
TIME Completed the molecule generation in 63.0s.
TIME changed dir: 0.0s
Generated 48 conformers. 
Removed 37 conformers. 
TIME Completed the molecule generation in 86.9s.
TIME changed dir: 0.0s
Generated 33 conformers. 
Removed 18 conformers. 
using ani2x
/mnt/storage/nobackup/nmb1063/mamba/envs/fegrow/lib/python3.9/site-packages/torchani/resources/
failed to equip `nnpops` with error: No module named 'NNPOps'
Optimising conformer:   0%|                              | 0/11 [00:00<?, ?it/s]Optimising conformer:   9%|██                    | 1/11 [00:04<00:47,  4.75s/it]Optimising conformer:  18%|████                  | 2/11 [00:07<00:33,  3.68s/it]Optimising conformer:  27%|██████                | 3/11 [00:09<00:24,  3.05s/it]Optimising conformer:  36%|████████              | 4/11 [00:13<00:21,  3.12s/it]Optimising conformer:  45%|██████████            | 5/11 [00:15<00:16,  2.76s/it]using ani2x
/mnt/storage/nobackup/nmb1063/mamba/envs/fegrow/lib/python3.9/site-packages/torchani/resources/
failed to equip `nnpops` with error: No module named 'NNPOps'

Optimising conformer:   0%|                              | 0/15 [00:00<?, ?it/s][AOptimising conformer:  55%|████████████          | 6/11 [00:19<00:16,  3.25s/it]
Optimising conformer:   7%|█▍                    | 1/15 [00:03<00:44,  3.19s/it][AOptimising conformer:  64%|██████████████        | 7/11 [00:22<00:12,  3.02s/it]
Optimising conformer:  13%|██▉                   | 2/15 [00:05<00:35,  2.73s/it][AOptimising conformer:  73%|████████████████      | 8/11 [00:24<00:08,  2.83s/it]
Optimising conformer:  20%|████▍                 | 3/15 [00:09<00:38,  3.19s/it][AOptimising conformer:  82%|██████████████████    | 9/11 [00:28<00:06,  3.07s/it]
Optimising conformer:  27%|█████▊                | 4/15 [00:11<00:29,  2.65s/it][AOptimising conformer:  91%|███████████████████  | 10/11 [00:30<00:02,  2.89s/it]Optimising conformer: 100%|█████████████████████| 11/11 [00:33<00:00,  2.81s/it]Optimising conformer: 100%|█████████████████████| 11/11 [00:33<00:00,  3.02s/it]
/mnt/storage/nobackup/nmb1063/code/gal/sars-cov-2-main-protease-al-study-plip/rsearcher.py:89: UserWarning: The ligand was an array (SDF?). Using the first frame. 
  warnings.warn("The ligand was an array (SDF?). Using the first frame. ")

Optimising conformer:  33%|███████▎              | 5/15 [00:18<00:44,  4.45s/it][A
Optimising conformer:  40%|████████▊             | 6/15 [00:20<00:31,  3.45s/it][A
Optimising conformer:  47%|██████████▎           | 7/15 [00:22<00:23,  2.88s/it][A
Optimising conformer:  53%|███████████▋          | 8/15 [00:23<00:17,  2.46s/it][A
Optimising conformer:  60%|█████████████▏        | 9/15 [00:24<00:12,  2.13s/it][A
Optimising conformer:  67%|██████████████       | 10/15 [00:26<00:09,  1.93s/it][A
Optimising conformer:  73%|███████████████▍     | 11/15 [00:28<00:07,  1.99s/it][A
Optimising conformer:  80%|████████████████▊    | 12/15 [00:30<00:06,  2.07s/it][A
Optimising conformer:  87%|██████████████████▏  | 13/15 [00:33<00:04,  2.21s/it][A
Optimising conformer:  93%|███████████████████▌ | 14/15 [00:34<00:01,  1.96s/it][A
Optimising conformer: 100%|█████████████████████| 15/15 [00:36<00:00,  1.96s/it][AOptimising conformer: 100%|█████████████████████| 15/15 [00:36<00:00,  2.45s/it]
2024-01-28 19:47:25,723 - distributed.core - INFO - Event loop was unresponsive in Worker for 4.16s.  This is often caused by long-running GIL-holding functions or moving large chunks of data. This can cause timeouts and instability.
2024-01-28 19:47:25,723 [INFO] [core.py:595] distributed.core: Event loop was unresponsive in Worker for 4.16s.  This is often caused by long-running GIL-holding functions or moving large chunks of data. This can cause timeouts and instability.
2024-01-28 19:47:48,859 - distributed.core - INFO - Event loop was unresponsive in Worker for 6.12s.  This is often caused by long-running GIL-holding functions or moving large chunks of data. This can cause timeouts and instability.
2024-01-28 19:47:48,859 [INFO] [core.py:595] distributed.core: Event loop was unresponsive in Worker for 6.12s.  This is often caused by long-running GIL-holding functions or moving large chunks of data. This can cause timeouts and instability.
/mnt/storage/nobackup/nmb1063/mamba/envs/fegrow/lib/python3.9/site-packages/parmed/structure.py:1775: UnitStrippedWarning: The unit of the quantity is stripped when downcasting to ndarray.
  coords = np.array(value, dtype=np.float64, copy=False, subok=True)
TIME Completed the molecule generation in 96.8s.
TIME Completed the molecule generation in 93.1s.
TIME changed dir: 0.0s
TIME changed dir: 0.0s
Generated 9 conformers. 
Generated 16 conformers. 
Removed 6 conformers. 
Removed 12 conformers. 
using ani2x
/mnt/storage/nobackup/nmb1063/mamba/envs/fegrow/lib/python3.9/site-packages/torchani/resources/
failed to equip `nnpops` with error: No module named 'NNPOps'
Optimising conformer:   0%|                               | 0/3 [00:00<?, ?it/s]Optimising conformer:  33%|███████▋               | 1/3 [00:03<00:06,  3.02s/it]Optimising conformer:  67%|███████████████▎       | 2/3 [00:05<00:02,  2.46s/it]Optimising conformer: 100%|███████████████████████| 3/3 [00:08<00:00,  2.99s/it]Optimising conformer: 100%|███████████████████████| 3/3 [00:08<00:00,  2.90s/it]
/mnt/storage/nobackup/nmb1063/code/gal/sars-cov-2-main-protease-al-study-plip/rsearcher.py:89: UserWarning: The ligand was an array (SDF?). Using the first frame. 
  warnings.warn("The ligand was an array (SDF?). Using the first frame. ")
using ani2x
/mnt/storage/nobackup/nmb1063/mamba/envs/fegrow/lib/python3.9/site-packages/torchani/resources/
TIME Completed the molecule generation in 65.1s.
TIME changed dir: 0.0s
failed to equip `nnpops` with error: No module named 'NNPOps'
Generated 35 conformers. 
Optimising conformer:   0%|                               | 0/4 [00:00<?, ?it/s]/mnt/storage/nobackup/nmb1063/mamba/envs/fegrow/lib/python3.9/site-packages/parmed/structure.py:1775: UnitStrippedWarning: The unit of the quantity is stripped when downcasting to ndarray.
  coords = np.array(value, dtype=np.float64, copy=False, subok=True)
Optimising conformer:  25%|█████▊                 | 1/4 [00:03<00:09,  3.29s/it]Optimising conformer:  50%|███████████▌           | 2/4 [00:05<00:05,  2.51s/it]Optimising conformer:  75%|█████████████████▎     | 3/4 [00:07<00:02,  2.25s/it]Optimising conformer: 100%|███████████████████████| 4/4 [00:09<00:00,  2.15s/it]Optimising conformer: 100%|███████████████████████| 4/4 [00:09<00:00,  2.30s/it]
/mnt/storage/nobackup/nmb1063/code/gal/sars-cov-2-main-protease-al-study-plip/rsearcher.py:89: UserWarning: The ligand was an array (SDF?). Using the first frame. 
  warnings.warn("The ligand was an array (SDF?). Using the first frame. ")
/mnt/storage/nobackup/nmb1063/mamba/envs/fegrow/lib/python3.9/site-packages/parmed/structure.py:1775: UnitStrippedWarning: The unit of the quantity is stripped when downcasting to ndarray.
  coords = np.array(value, dtype=np.float64, copy=False, subok=True)
2024-01-28 20:00:10,270 - distributed.worker - WARNING - Compute Failed
Key:       evaluate-e04e92da-3ac9-4a00-9e23-06d5f6219440
Function:  evaluate
args:      (<rdkit.Chem.rdchem.Mol object at 0x2b7c4c3775e0>, 6, '[H]OB(O[H])c1snc([H])c1-c1c([H])nc([H])c([H])c1[H]', '/mnt/storage/nobackup/nmb1063/code/gal/sars-cov-2-main-protease-al-study-plip/rec_final.pdb', '/nobackup/nmb1063/sars-fegrow/gnina')
kwargs:    {}
Exception: "UnassignedBondError('BondHandler was not able to find parameters for the following valence terms:\\n\\n- Topology indices (2, 3): names and elements (B1 B), (O2 O), \\n- Topology indices (1, 2): names and elements (O1 O), (B1 B), \\n- Topology indices (2, 5): names and elements (B1 B), (C1 C), \\n')"

2024-01-28 20:00:10,270 [WARNING] [worker.py:2352] distributed.worker: Compute Failed
Key:       evaluate-e04e92da-3ac9-4a00-9e23-06d5f6219440
Function:  evaluate
args:      (<rdkit.Chem.rdchem.Mol object at 0x2b7c4c3775e0>, 6, '[H]OB(O[H])c1snc([H])c1-c1c([H])nc([H])c([H])c1[H]', '/mnt/storage/nobackup/nmb1063/code/gal/sars-cov-2-main-protease-al-study-plip/rec_final.pdb', '/nobackup/nmb1063/sars-fegrow/gnina')
kwargs:    {}
Exception: "UnassignedBondError('BondHandler was not able to find parameters for the following valence terms:\\n\\n- Topology indices (2, 3): names and elements (B1 B), (O2 O), \\n- Topology indices (1, 2): names and elements (O1 O), (B1 B), \\n- Topology indices (2, 5): names and elements (B1 B), (C1 C), \\n')"

2024-01-28 20:00:21,739 [WARNING] [rdkit_wrapper.py:3213] openff.toolkit.utils.rdkit_wrapper: Warning (not error because allow_undefined_stereo=True): RDMol has unspecified stereochemistry. Undefined chiral centers are:
 - Atom C (index 8)

/mnt/storage/nobackup/nmb1063/mamba/envs/fegrow/lib/python3.9/site-packages/parmed/structure.py:1775: UnitStrippedWarning: The unit of the quantity is stripped when downcasting to ndarray.
  coords = np.array(value, dtype=np.float64, copy=False, subok=True)
2024-01-28 20:00:24,077 [WARNING] [rdkit_wrapper.py:3213] openff.toolkit.utils.rdkit_wrapper: Warning (not error because allow_undefined_stereo=True): RDMol has unspecified stereochemistry. Undefined chiral centers are:
 - Atom C (index 8)

Removed 12 conformers. 
TIME Completed the molecule generation in 80.8s.
TIME changed dir: 0.0s
Generated 8 conformers. 
Removed 4 conformers. 
TIME changed dir: 0.0s
Generated 34 conformers. 
using ani2x
/mnt/storage/nobackup/nmb1063/mamba/envs/fegrow/lib/python3.9/site-packages/torchani/resources/
Removed 32 conformers. 
failed to equip `nnpops` with error: No module named 'NNPOps'
Optimising conformer:   0%|                              | 0/23 [00:00<?, ?it/s]Optimising conformer:   4%|▉                     | 1/23 [00:03<01:17,  3.51s/it]Optimising conformer:   9%|█▉                    | 2/23 [00:05<01:00,  2.90s/it]Optimising conformer:  13%|██▊                   | 3/23 [00:08<00:52,  2.60s/it]Optimising conformer:  17%|███▊                  | 4/23 [00:10<00:46,  2.47s/it]Optimising conformer:  22%|████▊                 | 5/23 [00:14<00:53,  2.97s/it]Optimising conformer:  26%|█████▋                | 6/23 [00:16<00:44,  2.64s/it]Optimising conformer:  30%|██████▋               | 7/23 [00:18<00:39,  2.50s/it]Optimising conformer:  35%|███████▋              | 8/23 [00:20<00:33,  2.23s/it]Optimising conformer:  39%|████████▌             | 9/23 [00:23<00:35,  2.50s/it]Optimising conformer:  43%|█████████▏           | 10/23 [00:24<00:29,  2.24s/it]Optimising conformer:  48%|██████████           | 11/23 [00:26<00:24,  2.07s/it]Optimising conformer:  52%|██████████▉          | 12/23 [00:28<00:23,  2.10s/it]Optimising conformer:  57%|███████████▊         | 13/23 [00:31<00:21,  2.18s/it]Optimising conformer:  61%|████████████▊        | 14/23 [00:34<00:21,  2.41s/it]Optimising conformer:  65%|█████████████▋       | 15/23 [00:35<00:17,  2.17s/it]Optimising conformer:  70%|██████████████▌      | 16/23 [00:37<00:14,  2.09s/it]Optimising conformer:  74%|███████████████▌     | 17/23 [00:40<00:14,  2.38s/it]Optimising conformer:  78%|████████████████▍    | 18/23 [00:42<00:11,  2.28s/it]Optimising conformer:  83%|█████████████████▎   | 19/23 [00:44<00:08,  2.06s/it]Optimising conformer:  87%|██████████████████▎  | 20/23 [00:48<00:08,  2.68s/it]Optimising conformer:  91%|███████████████████▏ | 21/23 [00:50<00:04,  2.48s/it]Optimising conformer:  96%|████████████████████ | 22/23 [00:51<00:02,  2.19s/it]Optimising conformer: 100%|█████████████████████| 23/23 [00:53<00:00,  1.99s/it]Optimising conformer: 100%|█████████████████████| 23/23 [00:53<00:00,  2.33s/it]
/mnt/storage/nobackup/nmb1063/code/gal/sars-cov-2-main-protease-al-study-plip/rsearcher.py:89: UserWarning: The ligand was an array (SDF?). Using the first frame. 
  warnings.warn("The ligand was an array (SDF?). Using the first frame. ")
TIME Completed the molecule generation in 94.9s.
Using force field
Optimising conformer:   0%|                               | 0/2 [00:00<?, ?it/s]Optimising conformer:  50%|███████████▌           | 1/2 [00:00<00:00,  1.08it/s]Optimising conformer: 100%|███████████████████████| 2/2 [00:01<00:00,  1.27it/s]Optimising conformer: 100%|███████████████████████| 2/2 [00:01<00:00,  1.23it/s]
/mnt/storage/nobackup/nmb1063/code/gal/sars-cov-2-main-protease-al-study-plip/rsearcher.py:89: UserWarning: The ligand was an array (SDF?). Using the first frame. 
  warnings.warn("The ligand was an array (SDF?). Using the first frame. ")
2024-01-28 20:18:41,050 - distributed.core - INFO - Event loop was unresponsive in Worker for 64.53s.  This is often caused by long-running GIL-holding functions or moving large chunks of data. This can cause timeouts and instability.
2024-01-28 20:18:41,050 - distributed.core - INFO - Event loop was unresponsive in Nanny for 64.52s.  This is often caused by long-running GIL-holding functions or moving large chunks of data. This can cause timeouts and instability.
2024-01-28 20:18:41,050 [INFO] [core.py:595] distributed.core: Event loop was unresponsive in Worker for 64.53s.  This is often caused by long-running GIL-holding functions or moving large chunks of data. This can cause timeouts and instability.
2024-01-28 20:19:32,617 - distributed.core - INFO - Event loop was unresponsive in Worker for 3.88s.  This is often caused by long-running GIL-holding functions or moving large chunks of data. This can cause timeouts and instability.
2024-01-28 20:19:32,617 [INFO] [core.py:595] distributed.core: Event loop was unresponsive in Worker for 3.88s.  This is often caused by long-running GIL-holding functions or moving large chunks of data. This can cause timeouts and instability.
2024-01-28 20:19:36,255 - distributed.core - INFO - Event loop was unresponsive in Worker for 3.64s.  This is often caused by long-running GIL-holding functions or moving large chunks of data. This can cause timeouts and instability.
2024-01-28 20:19:36,255 [INFO] [core.py:595] distributed.core: Event loop was unresponsive in Worker for 3.64s.  This is often caused by long-running GIL-holding functions or moving large chunks of data. This can cause timeouts and instability.
2024-01-28 20:20:01,346 - distributed.core - INFO - Event loop was unresponsive in Worker for 7.09s.  This is often caused by long-running GIL-holding functions or moving large chunks of data. This can cause timeouts and instability.
2024-01-28 20:20:01,346 [INFO] [core.py:595] distributed.core: Event loop was unresponsive in Worker for 7.09s.  This is often caused by long-running GIL-holding functions or moving large chunks of data. This can cause timeouts and instability.
2024-01-28 20:27:29,877 - distributed.core - INFO - Event loop was unresponsive in Nanny for 62.51s.  This is often caused by long-running GIL-holding functions or moving large chunks of data. This can cause timeouts and instability.
2024-01-28 20:27:29,899 - distributed.worker - ERROR - Failed to communicate with scheduler during heartbeat.
Traceback (most recent call last):
  File "/mnt/storage/nobackup/nmb1063/mamba/envs/fegrow/lib/python3.9/site-packages/tornado/iostream.py", line 962, in _handle_write
    num_bytes = self.write_to_fd(self._write_buffer.peek(size))
  File "/mnt/storage/nobackup/nmb1063/mamba/envs/fegrow/lib/python3.9/site-packages/tornado/iostream.py", line 1124, in write_to_fd
    return self.socket.send(data)  # type: ignore
TimeoutError: [Errno 110] Connection timed out

The above exception was the direct cause of the following exception:

Traceback (most recent call last):
  File "/mnt/storage/nobackup/nmb1063/mamba/envs/fegrow/lib/python3.9/site-packages/distributed/worker.py", line 1237, in heartbeat
    response = await retry_operation(
  File "/mnt/storage/nobackup/nmb1063/mamba/envs/fegrow/lib/python3.9/site-packages/distributed/utils_comm.py", line 434, in retry_operation
    return await retry(
  File "/mnt/storage/nobackup/nmb1063/mamba/envs/fegrow/lib/python3.9/site-packages/distributed/utils_comm.py", line 413, in retry
    return await coro()
  File "/mnt/storage/nobackup/nmb1063/mamba/envs/fegrow/lib/python3.9/site-packages/distributed/core.py", line 1227, in send_recv_from_rpc
    return await send_recv(comm=comm, op=key, **kwargs)
  File "/mnt/storage/nobackup/nmb1063/mamba/envs/fegrow/lib/python3.9/site-packages/distributed/core.py", line 986, in send_recv
    response = await comm.read(deserializers=deserializers)
  File "/mnt/storage/nobackup/nmb1063/mamba/envs/fegrow/lib/python3.9/site-packages/distributed/comm/tcp.py", line 241, in read
    convert_stream_closed_error(self, e)
  File "/mnt/storage/nobackup/nmb1063/mamba/envs/fegrow/lib/python3.9/site-packages/distributed/comm/tcp.py", line 142, in convert_stream_closed_error
    raise CommClosedError(f"in {obj}: {exc.__class__.__name__}: {exc}") from exc
distributed.comm.core.CommClosedError: in <TCP (closed) ConnectionPool.heartbeat_worker local=tcp://10.3.89.111:57722 remote=tcp://10.3.88.11:44532>: TimeoutError: [Errno 110] Connection timed out
2024-01-28 20:27:29,899 [ERROR] [worker.py:1274] distributed.worker: Failed to communicate with scheduler during heartbeat.
Traceback (most recent call last):
  File "/mnt/storage/nobackup/nmb1063/mamba/envs/fegrow/lib/python3.9/site-packages/tornado/iostream.py", line 962, in _handle_write
    num_bytes = self.write_to_fd(self._write_buffer.peek(size))
  File "/mnt/storage/nobackup/nmb1063/mamba/envs/fegrow/lib/python3.9/site-packages/tornado/iostream.py", line 1124, in write_to_fd
    return self.socket.send(data)  # type: ignore
TimeoutError: [Errno 110] Connection timed out

The above exception was the direct cause of the following exception:

Traceback (most recent call last):
  File "/mnt/storage/nobackup/nmb1063/mamba/envs/fegrow/lib/python3.9/site-packages/distributed/worker.py", line 1237, in heartbeat
    response = await retry_operation(
  File "/mnt/storage/nobackup/nmb1063/mamba/envs/fegrow/lib/python3.9/site-packages/distributed/utils_comm.py", line 434, in retry_operation
    return await retry(
  File "/mnt/storage/nobackup/nmb1063/mamba/envs/fegrow/lib/python3.9/site-packages/distributed/utils_comm.py", line 413, in retry
    return await coro()
  File "/mnt/storage/nobackup/nmb1063/mamba/envs/fegrow/lib/python3.9/site-packages/distributed/core.py", line 1227, in send_recv_from_rpc
    return await send_recv(comm=comm, op=key, **kwargs)
  File "/mnt/storage/nobackup/nmb1063/mamba/envs/fegrow/lib/python3.9/site-packages/distributed/core.py", line 986, in send_recv
    response = await comm.read(deserializers=deserializers)
  File "/mnt/storage/nobackup/nmb1063/mamba/envs/fegrow/lib/python3.9/site-packages/distributed/comm/tcp.py", line 241, in read
    convert_stream_closed_error(self, e)
  File "/mnt/storage/nobackup/nmb1063/mamba/envs/fegrow/lib/python3.9/site-packages/distributed/comm/tcp.py", line 142, in convert_stream_closed_error
    raise CommClosedError(f"in {obj}: {exc.__class__.__name__}: {exc}") from exc
distributed.comm.core.CommClosedError: in <TCP (closed) ConnectionPool.heartbeat_worker local=tcp://10.3.89.111:57722 remote=tcp://10.3.88.11:44532>: TimeoutError: [Errno 110] Connection timed out
2024-01-28 20:27:29,911 - distributed.core - INFO - Connection to tcp://10.3.88.11:44532 has been closed.
2024-01-28 20:27:29,911 [INFO] [core.py:877] distributed.core: Connection to tcp://10.3.88.11:44532 has been closed.
2024-01-28 20:27:29,913 - distributed.worker - INFO - Stopping worker at tcp://10.3.89.111:46471. Reason: worker-handle-scheduler-connection-broken
2024-01-28 20:27:29,913 [INFO] [worker.py:1535] distributed.worker: Stopping worker at tcp://10.3.89.111:46471. Reason: worker-handle-scheduler-connection-broken
2024-01-28 20:27:29,924 - distributed.nanny - INFO - Closing Nanny gracefully at 'tcp://10.3.89.111:44288'. Reason: worker-handle-scheduler-connection-broken
2024-01-28 20:27:29,935 - distributed.nanny - INFO - Worker closed
2024-01-28 20:27:29,935 [INFO] [nanny.py:945] distributed.nanny: Worker closed
TIME Completed the molecule generation in 86.1s.
2024-01-28 20:27:51,247 - distributed.nanny - INFO - Closing Nanny at 'tcp://10.3.89.111:44288'. Reason: nanny-close-gracefully
2024-01-28 20:27:51,250 - distributed.dask_worker - INFO - End worker
