hostname sb069.cluster
ipconfig 1: lo: <LOOPBACK,UP,LOWER_UP> mtu 65536 qdisc noqueue state UNKNOWN group default qlen 1000 link/loopback 00:00:00:00:00:00 brd 00:00:00:00:00:00 inet 127.0.0.1/8 scope host lo valid_lft forever preferred_lft forever inet6 ::1/128 scope host valid_lft forever preferred_lft forever 2: enp4s0f0: <BROADCAST,MULTICAST,UP,LOWER_UP> mtu 9000 qdisc mq state UP group default qlen 1000 link/ether a0:8c:f8:34:c9:b0 brd ff:ff:ff:ff:ff:ff inet 10.3.81.149/22 brd 10.3.83.255 scope global enp4s0f0 valid_lft forever preferred_lft forever inet6 fe80::a28c:f8ff:fe34:c9b0/64 scope link valid_lft forever preferred_lft forever 3: enp4s0f1: <BROADCAST,MULTICAST> mtu 1500 qdisc noop state DOWN group default qlen 1000 link/ether a0:8c:f8:34:c9:b1 brd ff:ff:ff:ff:ff:ff 4: enp4s0f2: <BROADCAST,MULTICAST> mtu 1500 qdisc noop state DOWN group default qlen 1000 link/ether a0:8c:f8:34:c9:b2 brd ff:ff:ff:ff:ff:ff 5: enp4s0f3: <BROADCAST,MULTICAST> mtu 1500 qdisc noop state DOWN group default qlen 1000 link/ether a0:8c:f8:34:c9:b3 brd ff:ff:ff:ff:ff:ff 6: ib0: <BROADCAST,MULTICAST,UP,LOWER_UP> mtu 4092 qdisc pfifo_fast state UP group default qlen 256 link/infiniband 80:00:00:29:fe:80:00:00:00:00:00:00:38:bc:01:03:00:4c:f2:d0 brd 00:ff:ff:ff:ff:12:40:1b:ff:ff:00:00:00:00:00:00:ff:ff:ff:ff inet 10.3.89.149/22 brd 10.3.91.255 scope global ib0 valid_lft forever preferred_lft forever inet 10.3.93.149/22 brd 10.3.95.255 scope global ib0:1 valid_lft forever preferred_lft forever inet6 fe80::3abc:103:4c:f2d0/64 scope link valid_lft forever preferred_lft forever 7: ib1: <BROADCAST,MULTICAST> mtu 4092 qdisc noop state DOWN group default qlen 256 link/infiniband 80:00:00:29:fe:80:00:00:00:00:00:00:38:bc:01:03:00:4c:f2:d1 brd 00:ff:ff:ff:ff:12:40:1b:ff:ff:00:00:00:00:00:00:ff:ff:ff:ff
2024-01-28 18:39:57,929 - distributed.nanny - INFO -         Start Nanny at: 'tcp://10.3.89.149:33984'
2024-01-28 18:40:00,512 - distributed.diskutils - INFO - Found stale lock file and directory '/scratch/dask-worker-space/worker-a10i1zbi', purging
2024-01-28 18:40:05,419 - distributed.worker - INFO -       Start worker at:    tcp://10.3.89.149:42839
2024-01-28 18:40:05,421 - distributed.worker - INFO -          Listening to:    tcp://10.3.89.149:42839
2024-01-28 18:40:05,421 - distributed.worker - INFO -           Worker name:           SLURMCluster-464
2024-01-28 18:40:05,421 - distributed.worker - INFO -          dashboard at:          10.3.89.149:36586
2024-01-28 18:40:05,421 - distributed.worker - INFO - Waiting to connect to:     tcp://10.3.88.11:44532
2024-01-28 18:40:05,421 - distributed.worker - INFO - -------------------------------------------------
2024-01-28 18:40:05,421 - distributed.worker - INFO -               Threads:                          2
2024-01-28 18:40:05,421 - distributed.worker - INFO -                Memory:                  20.49 GiB
2024-01-28 18:40:05,421 - distributed.worker - INFO -       Local Directory: /scratch/dask-worker-space/worker-s8f2qes_
2024-01-28 18:40:05,421 - distributed.worker - INFO - -------------------------------------------------
2024-01-28 18:40:05,468 - distributed.worker - INFO -         Registered to:     tcp://10.3.88.11:44532
2024-01-28 18:40:05,468 - distributed.worker - INFO - -------------------------------------------------
2024-01-28 18:40:05,469 - distributed.core - INFO - Starting established connection to tcp://10.3.88.11:44532
2024-01-28 18:46:07,588 - distributed.core - INFO - Event loop was unresponsive in Worker for 4.80s.  This is often caused by long-running GIL-holding functions or moving large chunks of data. This can cause timeouts and instability.
2024-01-28 18:46:25,905 - distributed.core - INFO - Event loop was unresponsive in Worker for 3.42s.  This is often caused by long-running GIL-holding functions or moving large chunks of data. This can cause timeouts and instability.
2024-01-28 18:57:00,209 - distributed.core - INFO - Event loop was unresponsive in Worker for 28.44s.  This is often caused by long-running GIL-holding functions or moving large chunks of data. This can cause timeouts and instability.
2024-01-28 18:57:00,209 [INFO] [core.py:595] distributed.core: Event loop was unresponsive in Worker for 28.44s.  This is often caused by long-running GIL-holding functions or moving large chunks of data. This can cause timeouts and instability.
/mnt/storage/nobackup/nmb1063/mamba/envs/fegrow/lib/python3.9/site-packages/parmed/structure.py:1775: UnitStrippedWarning: The unit of the quantity is stripped when downcasting to ndarray.
  coords = np.array(value, dtype=np.float64, copy=False, subok=True)
/mnt/storage/nobackup/nmb1063/mamba/envs/fegrow/lib/python3.9/site-packages/torchani/__init__.py:55: UserWarning: Dependency not satisfied, torchani.ase will not be available
  warnings.warn("Dependency not satisfied, torchani.ase will not be available")
2024-01-28 18:57:27,654 [WARNING] [__init__.py:5] root: Warning: importing 'simtk.openmm' is deprecated.  Import 'openmm' instead.
TIME changed dir: 0.0s
TIME changed dir: 0.0s
Generated 11 conformers. 
Removed 2 conformers. 
Generated 29 conformers. 
Removed 20 conformers. 
using ani2x
/mnt/storage/nobackup/nmb1063/mamba/envs/fegrow/lib/python3.9/site-packages/torchani/resources/
failed to equip `nnpops` with error: No module named 'NNPOps'
Optimising conformer:   0%|                               | 0/9 [00:00<?, ?it/s][W BinaryOps.cpp:601] Warning: floor_divide is deprecated, and will be removed in a future version of pytorch. It currently rounds toward 0 (like the 'trunc' function NOT 'floor'). This results in incorrect rounding for negative values.
To keep the current behavior, use torch.div(a, b, rounding_mode='trunc'), or for actual floor division, use torch.div(a, b, rounding_mode='floor'). (function operator())
Optimising conformer:  11%|██▌                    | 1/9 [00:03<00:24,  3.12s/it]Optimising conformer:  22%|█████                  | 2/9 [00:06<00:21,  3.05s/it]Optimising conformer:  33%|███████▋               | 3/9 [00:10<00:20,  3.48s/it]Optimising conformer:  44%|██████████▏            | 4/9 [00:11<00:13,  2.73s/it]using ani2x
/mnt/storage/nobackup/nmb1063/mamba/envs/fegrow/lib/python3.9/site-packages/torchani/resources/
failed to equip `nnpops` with error: No module named 'NNPOps'

Optimising conformer:   0%|                               | 0/9 [00:00<?, ?it/s][AOptimising conformer:  56%|████████████▊          | 5/9 [00:17<00:15,  3.93s/it]Optimising conformer:  67%|███████████████▎       | 6/9 [00:19<00:09,  3.30s/it]
Optimising conformer:  11%|██▌                    | 1/9 [00:04<00:34,  4.36s/it][AOptimising conformer:  78%|█████████████████▉     | 7/9 [00:22<00:06,  3.12s/it]Optimising conformer:  89%|████████████████████▍  | 8/9 [00:25<00:03,  3.02s/it]
Optimising conformer:  22%|█████                  | 2/9 [00:07<00:27,  3.92s/it][A
Optimising conformer:  33%|███████▋               | 3/9 [00:10<00:18,  3.15s/it][A
Optimising conformer:  44%|██████████▏            | 4/9 [00:13<00:16,  3.32s/it][AOptimising conformer: 100%|███████████████████████| 9/9 [00:33<00:00,  4.73s/it]Optimising conformer: 100%|███████████████████████| 9/9 [00:33<00:00,  3.76s/it]
/mnt/storage/nobackup/nmb1063/code/gal/sars-cov-2-main-protease-al-study-plip/rsearcher.py:89: UserWarning: The ligand was an array (SDF?). Using the first frame. 
  warnings.warn("The ligand was an array (SDF?). Using the first frame. ")

Optimising conformer:  56%|████████████▊          | 5/9 [00:17<00:14,  3.60s/it][A/mnt/storage/nobackup/nmb1063/mamba/envs/fegrow/lib/python3.9/site-packages/parmed/structure.py:1775: UnitStrippedWarning: The unit of the quantity is stripped when downcasting to ndarray.
  coords = np.array(value, dtype=np.float64, copy=False, subok=True)

Optimising conformer:  67%|███████████████▎       | 6/9 [00:34<00:24,  8.10s/it][A
Optimising conformer:  78%|█████████████████▉     | 7/9 [00:37<00:12,  6.29s/it][A
Optimising conformer:  89%|████████████████████▍  | 8/9 [00:40<00:05,  5.33s/it][A
Optimising conformer: 100%|███████████████████████| 9/9 [00:42<00:00,  4.34s/it][AOptimising conformer: 100%|███████████████████████| 9/9 [00:42<00:00,  4.75s/it]
/mnt/storage/nobackup/nmb1063/code/gal/sars-cov-2-main-protease-al-study-plip/rsearcher.py:89: UserWarning: The ligand was an array (SDF?). Using the first frame. 
  warnings.warn("The ligand was an array (SDF?). Using the first frame. ")
2024-01-28 18:58:43,125 [WARNING] [rdkit_wrapper.py:3213] openff.toolkit.utils.rdkit_wrapper: Warning (not error because allow_undefined_stereo=True): RDMol has unspecified stereochemistry. Undefined chiral centers are:
 - Atom C (index 1)
 - Atom C (index 3)

/mnt/storage/nobackup/nmb1063/mamba/envs/fegrow/lib/python3.9/site-packages/parmed/structure.py:1775: UnitStrippedWarning: The unit of the quantity is stripped when downcasting to ndarray.
  coords = np.array(value, dtype=np.float64, copy=False, subok=True)
2024-01-28 18:58:44,912 [WARNING] [rdkit_wrapper.py:3213] openff.toolkit.utils.rdkit_wrapper: Warning (not error because allow_undefined_stereo=True): RDMol has unspecified stereochemistry. Undefined chiral centers are:
 - Atom C (index 1)
 - Atom C (index 3)

TIME Completed the molecule generation in 70.0s.
TIME changed dir: 0.0s
Generated 38 conformers. 
Removed 31 conformers. 
TIME Completed the molecule generation in 96.1s.
TIME changed dir: 0.0s
Generated 44 conformers. 
Removed 32 conformers. 
using ani2x
/mnt/storage/nobackup/nmb1063/mamba/envs/fegrow/lib/python3.9/site-packages/torchani/resources/
failed to equip `nnpops` with error: No module named 'NNPOps'
Optimising conformer:   0%|                               | 0/7 [00:00<?, ?it/s]Optimising conformer:  14%|███▎                   | 1/7 [00:05<00:32,  5.39s/it]Optimising conformer:  29%|██████▌                | 2/7 [00:09<00:21,  4.36s/it]Optimising conformer:  43%|█████████▊             | 3/7 [00:14<00:20,  5.06s/it]Optimising conformer:  57%|█████████████▏         | 4/7 [00:18<00:13,  4.46s/it]Optimising conformer:  71%|████████████████▍      | 5/7 [00:21<00:08,  4.11s/it]Optimising conformer:  86%|███████████████████▋   | 6/7 [00:24<00:03,  3.68s/it]Optimising conformer: 100%|███████████████████████| 7/7 [00:30<00:00,  4.24s/it]Optimising conformer: 100%|███████████████████████| 7/7 [00:30<00:00,  4.31s/it]
/mnt/storage/nobackup/nmb1063/code/gal/sars-cov-2-main-protease-al-study-plip/rsearcher.py:89: UserWarning: The ligand was an array (SDF?). Using the first frame. 
  warnings.warn("The ligand was an array (SDF?). Using the first frame. ")
TIME Completed the molecule generation in 76.4s.
using ani2x
/mnt/storage/nobackup/nmb1063/mamba/envs/fegrow/lib/python3.9/site-packages/torchani/resources/
failed to equip `nnpops` with error: No module named 'NNPOps'
Optimising conformer:   0%|                              | 0/12 [00:00<?, ?it/s]Optimising conformer:   8%|█▊                    | 1/12 [00:08<01:28,  8.03s/it]Optimising conformer:  17%|███▋                  | 2/12 [00:11<00:51,  5.20s/it]Optimising conformer:  25%|█████▌                | 3/12 [00:16<00:47,  5.27s/it]Optimising conformer:  33%|███████▎              | 4/12 [00:19<00:34,  4.28s/it]Optimising conformer:  42%|█████████▏            | 5/12 [00:22<00:25,  3.70s/it]Optimising conformer:  50%|███████████           | 6/12 [00:25<00:21,  3.52s/it]Optimising conformer:  58%|████████████▊         | 7/12 [00:27<00:16,  3.21s/it]Optimising conformer:  67%|██████████████▋       | 8/12 [00:30<00:11,  2.98s/it]Optimising conformer:  75%|████████████████▌     | 9/12 [00:32<00:07,  2.65s/it]Optimising conformer:  83%|█████████████████▌   | 10/12 [00:34<00:05,  2.68s/it]Optimising conformer:  92%|███████████████████▎ | 11/12 [01:48<00:24, 24.27s/it]Optimising conformer: 100%|█████████████████████| 12/12 [01:51<00:00, 17.83s/it]Optimising conformer: 100%|█████████████████████| 12/12 [01:51<00:00,  9.27s/it]
/mnt/storage/nobackup/nmb1063/code/gal/sars-cov-2-main-protease-al-study-plip/rsearcher.py:89: UserWarning: The ligand was an array (SDF?). Using the first frame. 
  warnings.warn("The ligand was an array (SDF?). Using the first frame. ")
2024-01-28 19:17:59,918 - distributed.core - INFO - Event loop was unresponsive in Worker for 5.95s.  This is often caused by long-running GIL-holding functions or moving large chunks of data. This can cause timeouts and instability.
2024-01-28 19:17:59,918 [INFO] [core.py:595] distributed.core: Event loop was unresponsive in Worker for 5.95s.  This is often caused by long-running GIL-holding functions or moving large chunks of data. This can cause timeouts and instability.
/mnt/storage/nobackup/nmb1063/mamba/envs/fegrow/lib/python3.9/site-packages/parmed/structure.py:1775: UnitStrippedWarning: The unit of the quantity is stripped when downcasting to ndarray.
  coords = np.array(value, dtype=np.float64, copy=False, subok=True)
2024-01-28 19:28:25,124 [WARNING] [rdkit_wrapper.py:3213] openff.toolkit.utils.rdkit_wrapper: Warning (not error because allow_undefined_stereo=True): RDMol has unspecified stereochemistry. Undefined chiral centers are:
 - Atom C (index 6)

/mnt/storage/nobackup/nmb1063/mamba/envs/fegrow/lib/python3.9/site-packages/parmed/structure.py:1775: UnitStrippedWarning: The unit of the quantity is stripped when downcasting to ndarray.
  coords = np.array(value, dtype=np.float64, copy=False, subok=True)
2024-01-28 19:28:27,517 [WARNING] [rdkit_wrapper.py:3213] openff.toolkit.utils.rdkit_wrapper: Warning (not error because allow_undefined_stereo=True): RDMol has unspecified stereochemistry. Undefined chiral centers are:
 - Atom C (index 6)

TIME Completed the molecule generation in 205.4s.
TIME changed dir: 0.0s
TIME changed dir: 0.0s
Generated 46 conformers. 
Generated 48 conformers. 
Removed 36 conformers. 
Removed 33 conformers. 
using ani2x
/mnt/storage/nobackup/nmb1063/mamba/envs/fegrow/lib/python3.9/site-packages/torchani/resources/
failed to equip `nnpops` with error: No module named 'NNPOps'
Optimising conformer:   0%|                              | 0/15 [00:00<?, ?it/s]Optimising conformer:   7%|█▍                    | 1/15 [00:06<01:35,  6.82s/it]Optimising conformer:  13%|██▉                   | 2/15 [00:14<01:32,  7.10s/it]Optimising conformer:  20%|████▍                 | 3/15 [00:20<01:18,  6.57s/it]Optimising conformer:  27%|█████▊                | 4/15 [00:24<01:03,  5.78s/it]Optimising conformer:  33%|███████▎              | 5/15 [00:31<01:01,  6.15s/it]Optimising conformer:  40%|████████▊             | 6/15 [00:38<00:56,  6.32s/it]using ani2x
/mnt/storage/nobackup/nmb1063/mamba/envs/fegrow/lib/python3.9/site-packages/torchani/resources/
failed to equip `nnpops` with error: No module named 'NNPOps'

Optimising conformer:   0%|                              | 0/10 [00:00<?, ?it/s][AOptimising conformer:  47%|██████████▎           | 7/15 [00:42<00:46,  5.81s/it]
Optimising conformer:  10%|██▏                   | 1/10 [00:05<00:50,  5.62s/it][AOptimising conformer:  53%|███████████▋          | 8/15 [00:46<00:36,  5.15s/it]
Optimising conformer:  20%|████▍                 | 2/10 [00:09<00:34,  4.36s/it][A
Optimising conformer:  30%|██████▌               | 3/10 [00:13<00:29,  4.28s/it][AOptimising conformer:  60%|█████████████▏        | 9/15 [00:53<00:35,  5.85s/it]
Optimising conformer:  40%|████████▊             | 4/10 [00:17<00:25,  4.27s/it][AOptimising conformer:  67%|██████████████       | 10/15 [00:57<00:25,  5.19s/it]
Optimising conformer:  50%|███████████           | 5/10 [00:20<00:18,  3.67s/it][AOptimising conformer:  73%|███████████████▍     | 11/15 [01:00<00:18,  4.58s/it]
Optimising conformer:  60%|█████████████▏        | 6/10 [00:23<00:14,  3.59s/it][AOptimising conformer:  80%|████████████████▊    | 12/15 [01:04<00:12,  4.16s/it]
Optimising conformer:  70%|███████████████▍      | 7/10 [00:26<00:09,  3.30s/it][AOptimising conformer:  87%|██████████████████▏  | 13/15 [01:08<00:08,  4.09s/it]
Optimising conformer:  80%|█████████████████▌    | 8/10 [00:29<00:06,  3.14s/it][AOptimising conformer:  93%|███████████████████▌ | 14/15 [01:11<00:03,  3.92s/it]
Optimising conformer:  90%|███████████████████▊  | 9/10 [00:32<00:03,  3.24s/it][A2024-01-28 19:30:26,203 - distributed.core - INFO - Event loop was unresponsive in Nanny for 3.93s.  This is often caused by long-running GIL-holding functions or moving large chunks of data. This can cause timeouts and instability.
2024-01-28 19:30:26,218 - distributed.core - INFO - Event loop was unresponsive in Worker for 3.95s.  This is often caused by long-running GIL-holding functions or moving large chunks of data. This can cause timeouts and instability.
2024-01-28 19:30:26,218 [INFO] [core.py:595] distributed.core: Event loop was unresponsive in Worker for 3.95s.  This is often caused by long-running GIL-holding functions or moving large chunks of data. This can cause timeouts and instability.

Optimising conformer: 100%|█████████████████████| 10/10 [00:40<00:00,  4.63s/it][AOptimising conformer: 100%|█████████████████████| 10/10 [00:40<00:00,  4.03s/it]
/mnt/storage/nobackup/nmb1063/code/gal/sars-cov-2-main-protease-al-study-plip/rsearcher.py:89: UserWarning: The ligand was an array (SDF?). Using the first frame. 
  warnings.warn("The ligand was an array (SDF?). Using the first frame. ")
Optimising conformer: 100%|█████████████████████| 15/15 [01:20<00:00,  5.30s/it]Optimising conformer: 100%|█████████████████████| 15/15 [01:20<00:00,  5.34s/it]
/mnt/storage/nobackup/nmb1063/mamba/envs/fegrow/lib/python3.9/site-packages/parmed/structure.py:1775: UnitStrippedWarning: The unit of the quantity is stripped when downcasting to ndarray.
  coords = np.array(value, dtype=np.float64, copy=False, subok=True)
/mnt/storage/nobackup/nmb1063/mamba/envs/fegrow/lib/python3.9/site-packages/parmed/structure.py:1775: UnitStrippedWarning: The unit of the quantity is stripped when downcasting to ndarray.
  coords = np.array(value, dtype=np.float64, copy=False, subok=True)
TIME Completed the molecule generation in 139.1s.
TIME changed dir: 0.0s
TIME Completed the molecule generation in 139.7s.
TIME changed dir: 0.0s
Generated 15 conformers. 
Removed 7 conformers. 
Generated 47 conformers. 
Removed 35 conformers. 
using ani2x
/mnt/storage/nobackup/nmb1063/mamba/envs/fegrow/lib/python3.9/site-packages/torchani/resources/
failed to equip `nnpops` with error: No module named 'NNPOps'
Optimising conformer:   0%|                              | 0/12 [00:00<?, ?it/s]Optimising conformer:   8%|█▊                    | 1/12 [00:04<00:54,  4.96s/it]Optimising conformer:  17%|███▋                  | 2/12 [00:10<00:50,  5.01s/it]Optimising conformer:  25%|█████▌                | 3/12 [00:18<00:58,  6.46s/it]Optimising conformer:  33%|███████▎              | 4/12 [00:22<00:46,  5.78s/it]using ani2x
/mnt/storage/nobackup/nmb1063/mamba/envs/fegrow/lib/python3.9/site-packages/torchani/resources/
failed to equip `nnpops` with error: No module named 'NNPOps'

Optimising conformer:   0%|                               | 0/8 [00:00<?, ?it/s][AOptimising conformer:  42%|█████████▏            | 5/12 [00:26<00:35,  5.13s/it]
Optimising conformer:  12%|██▉                    | 1/8 [00:03<00:21,  3.11s/it][AOptimising conformer:  50%|███████████           | 6/12 [00:29<00:24,  4.12s/it]
Optimising conformer:  25%|█████▊                 | 2/8 [00:05<00:15,  2.56s/it][AOptimising conformer:  58%|████████████▊         | 7/12 [00:33<00:21,  4.31s/it]
Optimising conformer:  38%|████████▋              | 3/8 [00:10<00:19,  3.84s/it][A
Optimising conformer:  50%|███████████▌           | 4/8 [00:12<00:12,  3.19s/it][A
Optimising conformer:  62%|██████████████▍        | 5/8 [00:15<00:08,  2.86s/it][AOptimising conformer:  67%|██████████████▋       | 8/12 [00:39<00:19,  4.91s/it]
Optimising conformer:  75%|█████████████████▎     | 6/8 [00:17<00:05,  2.69s/it][A
Optimising conformer:  88%|████████████████████▏  | 7/8 [00:20<00:02,  2.91s/it][A
Optimising conformer: 100%|███████████████████████| 8/8 [00:23<00:00,  2.68s/it][AOptimising conformer: 100%|███████████████████████| 8/8 [00:23<00:00,  2.88s/it]
/mnt/storage/nobackup/nmb1063/code/gal/sars-cov-2-main-protease-al-study-plip/rsearcher.py:89: UserWarning: The ligand was an array (SDF?). Using the first frame. 
  warnings.warn("The ligand was an array (SDF?). Using the first frame. ")
Optimising conformer:  75%|████████████████▌     | 9/12 [00:47<00:17,  5.86s/it]Optimising conformer:  83%|█████████████████▌   | 10/12 [00:50<00:09,  4.82s/it]Optimising conformer:  92%|███████████████████▎ | 11/12 [00:53<00:04,  4.33s/it]Optimising conformer: 100%|█████████████████████| 12/12 [00:58<00:00,  4.42s/it]Optimising conformer: 100%|█████████████████████| 12/12 [00:58<00:00,  4.85s/it]
2024-01-28 19:47:26,727 - distributed.core - INFO - Event loop was unresponsive in Worker for 3.65s.  This is often caused by long-running GIL-holding functions or moving large chunks of data. This can cause timeouts and instability.
2024-01-28 19:47:26,727 [INFO] [core.py:595] distributed.core: Event loop was unresponsive in Worker for 3.65s.  This is often caused by long-running GIL-holding functions or moving large chunks of data. This can cause timeouts and instability.
2024-01-28 19:47:45,815 - distributed.core - INFO - Event loop was unresponsive in Worker for 3.34s.  This is often caused by long-running GIL-holding functions or moving large chunks of data. This can cause timeouts and instability.
2024-01-28 19:47:45,815 [INFO] [core.py:595] distributed.core: Event loop was unresponsive in Worker for 3.34s.  This is often caused by long-running GIL-holding functions or moving large chunks of data. This can cause timeouts and instability.
/mnt/storage/nobackup/nmb1063/mamba/envs/fegrow/lib/python3.9/site-packages/parmed/structure.py:1775: UnitStrippedWarning: The unit of the quantity is stripped when downcasting to ndarray.
  coords = np.array(value, dtype=np.float64, copy=False, subok=True)
/mnt/storage/nobackup/nmb1063/mamba/envs/fegrow/lib/python3.9/site-packages/parmed/structure.py:1775: UnitStrippedWarning: The unit of the quantity is stripped when downcasting to ndarray.
  coords = np.array(value, dtype=np.float64, copy=False, subok=True)
TIME Completed the molecule generation in 77.0s.
TIME Completed the molecule generation in 88.0s.
TIME changed dir: 0.0s
TIME changed dir: 0.0s
Generated 9 conformers. 
Generated 25 conformers. 
Removed 1 conformers. 
Removed 17 conformers. 
using ani2x
/mnt/storage/nobackup/nmb1063/mamba/envs/fegrow/lib/python3.9/site-packages/torchani/resources/
failed to equip `nnpops` with error: No module named 'NNPOps'
Optimising conformer:   0%|                               | 0/8 [00:00<?, ?it/s]Optimising conformer:  12%|██▉                    | 1/8 [00:05<00:35,  5.09s/it]Optimising conformer:  25%|█████▊                 | 2/8 [00:06<00:18,  3.14s/it]Optimising conformer:  38%|████████▋              | 3/8 [00:08<00:12,  2.41s/it]Optimising conformer:  50%|███████████▌           | 4/8 [00:10<00:08,  2.09s/it]Optimising conformer:  62%|██████████████▍        | 5/8 [00:13<00:07,  2.45s/it]Optimising conformer:  75%|█████████████████▎     | 6/8 [00:14<00:04,  2.13s/it]Optimising conformer:  88%|████████████████████▏  | 7/8 [00:16<00:01,  1.92s/it]Optimising conformer: 100%|███████████████████████| 8/8 [00:17<00:00,  1.83s/it]Optimising conformer: 100%|███████████████████████| 8/8 [00:17<00:00,  2.22s/it]
/mnt/storage/nobackup/nmb1063/code/gal/sars-cov-2-main-protease-al-study-plip/rsearcher.py:89: UserWarning: The ligand was an array (SDF?). Using the first frame. 
  warnings.warn("The ligand was an array (SDF?). Using the first frame. ")
/mnt/storage/nobackup/nmb1063/mamba/envs/fegrow/lib/python3.9/site-packages/parmed/structure.py:1775: UnitStrippedWarning: The unit of the quantity is stripped when downcasting to ndarray.
  coords = np.array(value, dtype=np.float64, copy=False, subok=True)
TIME Completed the molecule generation in 45.3s.
TIME changed dir: 0.0s
Generated 6 conformers. 
Removed 4 conformers. 
using ani2x
/mnt/storage/nobackup/nmb1063/mamba/envs/fegrow/lib/python3.9/site-packages/torchani/resources/
failed to equip `nnpops` with error: No module named 'NNPOps'
Optimising conformer:   0%|                               | 0/8 [00:00<?, ?it/s]Optimising conformer:  12%|██▉                    | 1/8 [00:03<00:26,  3.79s/it]Optimising conformer:  25%|█████▊                 | 2/8 [00:09<00:28,  4.71s/it]Optimising conformer:  38%|████████▋              | 3/8 [00:11<00:19,  3.83s/it]Optimising conformer:  50%|███████████▌           | 4/8 [00:14<00:13,  3.33s/it]Optimising conformer:  62%|██████████████▍        | 5/8 [00:16<00:08,  2.95s/it]Optimising conformer:  75%|█████████████████▎     | 6/8 [00:20<00:06,  3.27s/it]Optimising conformer:  88%|████████████████████▏  | 7/8 [00:23<00:02,  2.99s/it]Optimising conformer: 100%|███████████████████████| 8/8 [00:26<00:00,  3.15s/it]Optimising conformer: 100%|███████████████████████| 8/8 [00:26<00:00,  3.32s/it]
/mnt/storage/nobackup/nmb1063/code/gal/sars-cov-2-main-protease-al-study-plip/rsearcher.py:89: UserWarning: The ligand was an array (SDF?). Using the first frame. 
  warnings.warn("The ligand was an array (SDF?). Using the first frame. ")
/mnt/storage/nobackup/nmb1063/mamba/envs/fegrow/lib/python3.9/site-packages/parmed/structure.py:1775: UnitStrippedWarning: The unit of the quantity is stripped when downcasting to ndarray.
  coords = np.array(value, dtype=np.float64, copy=False, subok=True)
TIME Completed the molecule generation in 102.9s.
TIME changed dir: 0.0s
Generated 4 conformers. 
Removed 2 conformers. 
using ani2x
/mnt/storage/nobackup/nmb1063/mamba/envs/fegrow/lib/python3.9/site-packages/torchani/resources/
failed to equip `nnpops` with error: No module named 'NNPOps'
Optimising conformer:   0%|                               | 0/2 [00:00<?, ?it/s]Optimising conformer:  50%|███████████▌           | 1/2 [00:03<00:03,  3.70s/it]Optimising conformer: 100%|███████████████████████| 2/2 [00:06<00:00,  3.43s/it]Optimising conformer: 100%|███████████████████████| 2/2 [00:06<00:00,  3.47s/it]
/mnt/storage/nobackup/nmb1063/code/gal/sars-cov-2-main-protease-al-study-plip/rsearcher.py:89: UserWarning: The ligand was an array (SDF?). Using the first frame. 
  warnings.warn("The ligand was an array (SDF?). Using the first frame. ")
2024-01-28 20:00:53,747 [WARNING] [rdkit_wrapper.py:3213] openff.toolkit.utils.rdkit_wrapper: Warning (not error because allow_undefined_stereo=True): RDMol has unspecified stereochemistry. Undefined chiral centers are:
 - Atom C (index 3)

/mnt/storage/nobackup/nmb1063/mamba/envs/fegrow/lib/python3.9/site-packages/parmed/structure.py:1775: UnitStrippedWarning: The unit of the quantity is stripped when downcasting to ndarray.
  coords = np.array(value, dtype=np.float64, copy=False, subok=True)
2024-01-28 20:00:55,684 [WARNING] [rdkit_wrapper.py:3213] openff.toolkit.utils.rdkit_wrapper: Warning (not error because allow_undefined_stereo=True): RDMol has unspecified stereochemistry. Undefined chiral centers are:
 - Atom C (index 3)

TIME Completed the molecule generation in 79.0s.
TIME changed dir: 0.0s
Generated 45 conformers. 
Removed 37 conformers. 
using ani2x
/mnt/storage/nobackup/nmb1063/mamba/envs/fegrow/lib/python3.9/site-packages/torchani/resources/
failed to equip `nnpops` with error: No module named 'NNPOps'
Optimising conformer:   0%|                               | 0/2 [00:00<?, ?it/s]Optimising conformer:  50%|███████████▌           | 1/2 [00:02<00:02,  2.62s/it]Optimising conformer: 100%|███████████████████████| 2/2 [00:04<00:00,  2.42s/it]Optimising conformer: 100%|███████████████████████| 2/2 [00:04<00:00,  2.45s/it]
/mnt/storage/nobackup/nmb1063/code/gal/sars-cov-2-main-protease-al-study-plip/rsearcher.py:89: UserWarning: The ligand was an array (SDF?). Using the first frame. 
  warnings.warn("The ligand was an array (SDF?). Using the first frame. ")
TIME Completed the molecule generation in 50.3s.
using ani2x
/mnt/storage/nobackup/nmb1063/mamba/envs/fegrow/lib/python3.9/site-packages/torchani/resources/
failed to equip `nnpops` with error: No module named 'NNPOps'
Optimising conformer:   0%|                               | 0/8 [00:00<?, ?it/s]Optimising conformer:  12%|██▉                    | 1/8 [00:04<00:30,  4.30s/it]Optimising conformer:  25%|█████▊                 | 2/8 [00:07<00:21,  3.67s/it]Optimising conformer:  38%|████████▋              | 3/8 [00:11<00:18,  3.61s/it]Optimising conformer:  50%|███████████▌           | 4/8 [00:13<00:13,  3.25s/it]Optimising conformer:  62%|██████████████▍        | 5/8 [00:16<00:09,  3.07s/it]Optimising conformer:  75%|█████████████████▎     | 6/8 [00:21<00:07,  3.71s/it]Optimising conformer:  88%|████████████████████▏  | 7/8 [00:23<00:03,  3.03s/it]Optimising conformer: 100%|███████████████████████| 8/8 [00:27<00:00,  3.44s/it]Optimising conformer: 100%|███████████████████████| 8/8 [00:27<00:00,  3.43s/it]
/mnt/storage/nobackup/nmb1063/code/gal/sars-cov-2-main-protease-al-study-plip/rsearcher.py:89: UserWarning: The ligand was an array (SDF?). Using the first frame. 
  warnings.warn("The ligand was an array (SDF?). Using the first frame. ")
2024-01-28 20:18:47,174 - distributed.core - INFO - Event loop was unresponsive in Nanny for 70.39s.  This is often caused by long-running GIL-holding functions or moving large chunks of data. This can cause timeouts and instability.
2024-01-28 20:18:47,174 - distributed.core - INFO - Event loop was unresponsive in Worker for 70.39s.  This is often caused by long-running GIL-holding functions or moving large chunks of data. This can cause timeouts and instability.
2024-01-28 20:18:47,174 [INFO] [core.py:595] distributed.core: Event loop was unresponsive in Worker for 70.39s.  This is often caused by long-running GIL-holding functions or moving large chunks of data. This can cause timeouts and instability.
2024-01-28 20:19:36,192 - distributed.core - INFO - Event loop was unresponsive in Worker for 7.22s.  This is often caused by long-running GIL-holding functions or moving large chunks of data. This can cause timeouts and instability.
2024-01-28 20:19:36,192 [INFO] [core.py:595] distributed.core: Event loop was unresponsive in Worker for 7.22s.  This is often caused by long-running GIL-holding functions or moving large chunks of data. This can cause timeouts and instability.
2024-01-28 20:20:01,358 - distributed.core - INFO - Event loop was unresponsive in Worker for 6.54s.  This is often caused by long-running GIL-holding functions or moving large chunks of data. This can cause timeouts and instability.
2024-01-28 20:20:01,358 [INFO] [core.py:595] distributed.core: Event loop was unresponsive in Worker for 6.54s.  This is often caused by long-running GIL-holding functions or moving large chunks of data. This can cause timeouts and instability.
2024-01-28 20:27:25,053 - distributed.core - INFO - Event loop was unresponsive in Nanny for 67.43s.  This is often caused by long-running GIL-holding functions or moving large chunks of data. This can cause timeouts and instability.
2024-01-28 20:27:25,054 - distributed.core - INFO - Event loop was unresponsive in Worker for 67.43s.  This is often caused by long-running GIL-holding functions or moving large chunks of data. This can cause timeouts and instability.
2024-01-28 20:27:25,054 [INFO] [core.py:595] distributed.core: Event loop was unresponsive in Worker for 67.43s.  This is often caused by long-running GIL-holding functions or moving large chunks of data. This can cause timeouts and instability.
2024-01-28 20:27:25,076 - distributed.worker - ERROR - Failed to communicate with scheduler during heartbeat.
Traceback (most recent call last):
  File "/mnt/storage/nobackup/nmb1063/mamba/envs/fegrow/lib/python3.9/site-packages/tornado/iostream.py", line 962, in _handle_write
    num_bytes = self.write_to_fd(self._write_buffer.peek(size))
  File "/mnt/storage/nobackup/nmb1063/mamba/envs/fegrow/lib/python3.9/site-packages/tornado/iostream.py", line 1124, in write_to_fd
    return self.socket.send(data)  # type: ignore
TimeoutError: [Errno 110] Connection timed out

The above exception was the direct cause of the following exception:

Traceback (most recent call last):
  File "/mnt/storage/nobackup/nmb1063/mamba/envs/fegrow/lib/python3.9/site-packages/distributed/worker.py", line 1237, in heartbeat
    response = await retry_operation(
  File "/mnt/storage/nobackup/nmb1063/mamba/envs/fegrow/lib/python3.9/site-packages/distributed/utils_comm.py", line 434, in retry_operation
    return await retry(
  File "/mnt/storage/nobackup/nmb1063/mamba/envs/fegrow/lib/python3.9/site-packages/distributed/utils_comm.py", line 413, in retry
    return await coro()
  File "/mnt/storage/nobackup/nmb1063/mamba/envs/fegrow/lib/python3.9/site-packages/distributed/core.py", line 1227, in send_recv_from_rpc
    return await send_recv(comm=comm, op=key, **kwargs)
  File "/mnt/storage/nobackup/nmb1063/mamba/envs/fegrow/lib/python3.9/site-packages/distributed/core.py", line 986, in send_recv
    response = await comm.read(deserializers=deserializers)
  File "/mnt/storage/nobackup/nmb1063/mamba/envs/fegrow/lib/python3.9/site-packages/distributed/comm/tcp.py", line 241, in read
    convert_stream_closed_error(self, e)
  File "/mnt/storage/nobackup/nmb1063/mamba/envs/fegrow/lib/python3.9/site-packages/distributed/comm/tcp.py", line 142, in convert_stream_closed_error
    raise CommClosedError(f"in {obj}: {exc.__class__.__name__}: {exc}") from exc
distributed.comm.core.CommClosedError: in <TCP (closed) ConnectionPool.heartbeat_worker local=tcp://10.3.89.149:37850 remote=tcp://10.3.88.11:44532>: TimeoutError: [Errno 110] Connection timed out
2024-01-28 20:27:25,076 [ERROR] [worker.py:1274] distributed.worker: Failed to communicate with scheduler during heartbeat.
Traceback (most recent call last):
  File "/mnt/storage/nobackup/nmb1063/mamba/envs/fegrow/lib/python3.9/site-packages/tornado/iostream.py", line 962, in _handle_write
    num_bytes = self.write_to_fd(self._write_buffer.peek(size))
  File "/mnt/storage/nobackup/nmb1063/mamba/envs/fegrow/lib/python3.9/site-packages/tornado/iostream.py", line 1124, in write_to_fd
    return self.socket.send(data)  # type: ignore
TimeoutError: [Errno 110] Connection timed out

The above exception was the direct cause of the following exception:

Traceback (most recent call last):
  File "/mnt/storage/nobackup/nmb1063/mamba/envs/fegrow/lib/python3.9/site-packages/distributed/worker.py", line 1237, in heartbeat
    response = await retry_operation(
  File "/mnt/storage/nobackup/nmb1063/mamba/envs/fegrow/lib/python3.9/site-packages/distributed/utils_comm.py", line 434, in retry_operation
    return await retry(
  File "/mnt/storage/nobackup/nmb1063/mamba/envs/fegrow/lib/python3.9/site-packages/distributed/utils_comm.py", line 413, in retry
    return await coro()
  File "/mnt/storage/nobackup/nmb1063/mamba/envs/fegrow/lib/python3.9/site-packages/distributed/core.py", line 1227, in send_recv_from_rpc
    return await send_recv(comm=comm, op=key, **kwargs)
  File "/mnt/storage/nobackup/nmb1063/mamba/envs/fegrow/lib/python3.9/site-packages/distributed/core.py", line 986, in send_recv
    response = await comm.read(deserializers=deserializers)
  File "/mnt/storage/nobackup/nmb1063/mamba/envs/fegrow/lib/python3.9/site-packages/distributed/comm/tcp.py", line 241, in read
    convert_stream_closed_error(self, e)
  File "/mnt/storage/nobackup/nmb1063/mamba/envs/fegrow/lib/python3.9/site-packages/distributed/comm/tcp.py", line 142, in convert_stream_closed_error
    raise CommClosedError(f"in {obj}: {exc.__class__.__name__}: {exc}") from exc
distributed.comm.core.CommClosedError: in <TCP (closed) ConnectionPool.heartbeat_worker local=tcp://10.3.89.149:37850 remote=tcp://10.3.88.11:44532>: TimeoutError: [Errno 110] Connection timed out
2024-01-28 20:27:25,088 - distributed.core - INFO - Connection to tcp://10.3.88.11:44532 has been closed.
2024-01-28 20:27:25,088 [INFO] [core.py:877] distributed.core: Connection to tcp://10.3.88.11:44532 has been closed.
2024-01-28 20:27:25,090 - distributed.worker - INFO - Stopping worker at tcp://10.3.89.149:42839. Reason: worker-handle-scheduler-connection-broken
2024-01-28 20:27:25,090 [INFO] [worker.py:1535] distributed.worker: Stopping worker at tcp://10.3.89.149:42839. Reason: worker-handle-scheduler-connection-broken
2024-01-28 20:27:25,091 - distributed.batched - INFO - Batched Comm Closed <TCP (closed) Worker->Scheduler local=tcp://10.3.89.149:37848 remote=tcp://10.3.88.11:44532>
Traceback (most recent call last):
  File "/mnt/storage/nobackup/nmb1063/mamba/envs/fegrow/lib/python3.9/site-packages/distributed/batched.py", line 115, in _background_send
    nbytes = yield coro
  File "/mnt/storage/nobackup/nmb1063/mamba/envs/fegrow/lib/python3.9/site-packages/tornado/gen.py", line 767, in run
    value = future.result()
  File "/mnt/storage/nobackup/nmb1063/mamba/envs/fegrow/lib/python3.9/site-packages/distributed/comm/tcp.py", line 269, in write
    raise CommClosedError()
distributed.comm.core.CommClosedError
2024-01-28 20:27:25,091 [INFO] [batched.py:122] distributed.batched: Batched Comm Closed <TCP (closed) Worker->Scheduler local=tcp://10.3.89.149:37848 remote=tcp://10.3.88.11:44532>
Traceback (most recent call last):
  File "/mnt/storage/nobackup/nmb1063/mamba/envs/fegrow/lib/python3.9/site-packages/distributed/batched.py", line 115, in _background_send
    nbytes = yield coro
  File "/mnt/storage/nobackup/nmb1063/mamba/envs/fegrow/lib/python3.9/site-packages/tornado/gen.py", line 767, in run
    value = future.result()
  File "/mnt/storage/nobackup/nmb1063/mamba/envs/fegrow/lib/python3.9/site-packages/distributed/comm/tcp.py", line 269, in write
    raise CommClosedError()
distributed.comm.core.CommClosedError
2024-01-28 20:27:25,104 - distributed.nanny - INFO - Closing Nanny gracefully at 'tcp://10.3.89.149:33984'. Reason: worker-handle-scheduler-connection-broken
2024-01-28 20:27:25,112 - distributed.nanny - INFO - Worker closed
2024-01-28 20:27:25,112 [INFO] [nanny.py:945] distributed.nanny: Worker closed
TIME Completed the molecule generation in 83.6s.
2024-01-28 20:27:51,164 - distributed.nanny - INFO - Closing Nanny at 'tcp://10.3.89.149:33984'. Reason: nanny-close-gracefully
2024-01-28 20:27:51,169 - distributed.dask_worker - INFO - End worker
