hostname sb038.cluster
ipconfig 1: lo: <LOOPBACK,UP,LOWER_UP> mtu 65536 qdisc noqueue state UNKNOWN group default qlen 1000 link/loopback 00:00:00:00:00:00 brd 00:00:00:00:00:00 inet 127.0.0.1/8 scope host lo valid_lft forever preferred_lft forever inet6 ::1/128 scope host valid_lft forever preferred_lft forever 2: enp4s0f0: <BROADCAST,MULTICAST,UP,LOWER_UP> mtu 9000 qdisc mq state UP group default qlen 1000 link/ether a0:8c:f8:34:c9:98 brd ff:ff:ff:ff:ff:ff inet 10.3.81.118/22 brd 10.3.83.255 scope global enp4s0f0 valid_lft forever preferred_lft forever inet6 fe80::a28c:f8ff:fe34:c998/64 scope link valid_lft forever preferred_lft forever 3: enp4s0f1: <BROADCAST,MULTICAST> mtu 1500 qdisc noop state DOWN group default qlen 1000 link/ether a0:8c:f8:34:c9:99 brd ff:ff:ff:ff:ff:ff 4: enp4s0f2: <BROADCAST,MULTICAST> mtu 1500 qdisc noop state DOWN group default qlen 1000 link/ether a0:8c:f8:34:c9:9a brd ff:ff:ff:ff:ff:ff 5: enp4s0f3: <BROADCAST,MULTICAST> mtu 1500 qdisc noop state DOWN group default qlen 1000 link/ether a0:8c:f8:34:c9:9b brd ff:ff:ff:ff:ff:ff 6: ib0: <BROADCAST,MULTICAST,UP,LOWER_UP> mtu 4092 qdisc pfifo_fast state UP group default qlen 256 link/infiniband 80:00:00:29:fe:80:00:00:00:00:00:00:38:bc:01:03:00:4c:f3:c0 brd 00:ff:ff:ff:ff:12:40:1b:ff:ff:00:00:00:00:00:00:ff:ff:ff:ff inet 10.3.89.118/22 brd 10.3.91.255 scope global ib0 valid_lft forever preferred_lft forever inet 10.3.97.118/22 brd 10.3.99.255 scope global ib0:1 valid_lft forever preferred_lft forever inet6 fe80::3abc:103:4c:f3c0/64 scope link valid_lft forever preferred_lft forever 7: ib1: <BROADCAST,MULTICAST> mtu 4092 qdisc noop state DOWN group default qlen 256 link/infiniband 80:00:00:29:fe:80:00:00:00:00:00:00:38:bc:01:03:00:4c:f3:c1 brd 00:ff:ff:ff:ff:12:40:1b:ff:ff:00:00:00:00:00:00:ff:ff:ff:ff
2024-01-19 07:55:54,066 - distributed.nanny - INFO -         Start Nanny at: 'tcp://10.3.89.118:36982'
2024-01-19 07:55:54,079 - distributed.nanny - INFO -         Start Nanny at: 'tcp://10.3.89.118:33688'
2024-01-19 07:55:55,582 - distributed.diskutils - INFO - Found stale lock file and directory '/scratch/dask-worker-space/worker-iqritgaw', purging
2024-01-19 07:55:55,583 - distributed.diskutils - INFO - Found stale lock file and directory '/scratch/dask-worker-space/worker-cojz4cn8', purging
2024-01-19 07:55:55,584 - distributed.diskutils - INFO - Found stale lock file and directory '/scratch/dask-worker-space/worker-p9y0vy0g', purging
2024-01-19 07:55:55,584 - distributed.diskutils - INFO - Found stale lock file and directory '/scratch/dask-worker-space/worker-e76c8_zg', purging
2024-01-19 07:55:55,584 - distributed.diskutils - INFO - Found stale lock file and directory '/scratch/dask-worker-space/worker-q9cfx9h7', purging
2024-01-19 07:55:55,584 - distributed.diskutils - INFO - Found stale lock file and directory '/scratch/dask-worker-space/worker-g9bz9oqt', purging
2024-01-19 07:55:58,373 - distributed.worker - INFO -       Start worker at:    tcp://10.3.89.118:35649
2024-01-19 07:55:58,373 - distributed.worker - INFO -          Listening to:    tcp://10.3.89.118:35649
2024-01-19 07:55:58,373 - distributed.worker - INFO -           Worker name:         SLURMCluster-237-1
2024-01-19 07:55:58,373 - distributed.worker - INFO -          dashboard at:          10.3.89.118:34098
2024-01-19 07:55:58,374 - distributed.worker - INFO - Waiting to connect to:     tcp://10.3.88.12:42763
2024-01-19 07:55:58,374 - distributed.worker - INFO - -------------------------------------------------
2024-01-19 07:55:58,373 - distributed.worker - INFO -       Start worker at:    tcp://10.3.89.118:45570
2024-01-19 07:55:58,374 - distributed.worker - INFO -          Listening to:    tcp://10.3.89.118:45570
2024-01-19 07:55:58,374 - distributed.worker - INFO -               Threads:                          2
2024-01-19 07:55:58,374 - distributed.worker - INFO -           Worker name:         SLURMCluster-237-0
2024-01-19 07:55:58,374 - distributed.worker - INFO -                Memory:                  10.24 GiB
2024-01-19 07:55:58,374 - distributed.worker - INFO -          dashboard at:          10.3.89.118:36564
2024-01-19 07:55:58,374 - distributed.worker - INFO -       Local Directory: /scratch/dask-worker-space/worker-y4b3v92l
2024-01-19 07:55:58,374 - distributed.worker - INFO - Waiting to connect to:     tcp://10.3.88.12:42763
2024-01-19 07:55:58,374 - distributed.worker - INFO - -------------------------------------------------
2024-01-19 07:55:58,374 - distributed.worker - INFO - -------------------------------------------------
2024-01-19 07:55:58,374 - distributed.worker - INFO -               Threads:                          2
2024-01-19 07:55:58,374 - distributed.worker - INFO -                Memory:                  10.24 GiB
2024-01-19 07:55:58,374 - distributed.worker - INFO -       Local Directory: /scratch/dask-worker-space/worker-bdfa7z0k
2024-01-19 07:55:58,374 - distributed.worker - INFO - -------------------------------------------------
2024-01-19 07:55:58,404 - distributed.worker - INFO -         Registered to:     tcp://10.3.88.12:42763
2024-01-19 07:55:58,405 - distributed.worker - INFO - -------------------------------------------------
2024-01-19 07:55:58,405 - distributed.core - INFO - Starting established connection to tcp://10.3.88.12:42763
2024-01-19 07:55:58,416 - distributed.worker - INFO -         Registered to:     tcp://10.3.88.12:42763
2024-01-19 07:55:58,416 - distributed.worker - INFO - -------------------------------------------------
2024-01-19 07:55:58,417 - distributed.core - INFO - Starting established connection to tcp://10.3.88.12:42763
2024-01-19 07:58:58,538 - distributed.core - INFO - Event loop was unresponsive in Worker for 3.81s.  This is often caused by long-running GIL-holding functions or moving large chunks of data. This can cause timeouts and instability.
2024-01-19 07:58:58,576 - distributed.core - INFO - Event loop was unresponsive in Worker for 3.84s.  This is often caused by long-running GIL-holding functions or moving large chunks of data. This can cause timeouts and instability.
2024-01-19 08:04:39,772 - distributed.core - INFO - Event loop was unresponsive in Worker for 39.73s.  This is often caused by long-running GIL-holding functions or moving large chunks of data. This can cause timeouts and instability.
/mnt/storage/nobackup/nmb1063/mamba/envs/fegrow/lib/python3.9/site-packages/parmed/structure.py:1775: UnitStrippedWarning: The unit of the quantity is stripped when downcasting to ndarray.
  coords = np.array(value, dtype=np.float64, copy=False, subok=True)
/mnt/storage/nobackup/nmb1063/mamba/envs/fegrow/lib/python3.9/site-packages/torchani/__init__.py:55: UserWarning: Dependency not satisfied, torchani.ase will not be available
  warnings.warn("Dependency not satisfied, torchani.ase will not be available")
Warning: importing 'simtk.openmm' is deprecated.  Import 'openmm' instead.
2024-01-19 08:05:26,784 - distributed.nanny - INFO - Worker process 43109 was killed by signal 11
2024-01-19 08:05:26,790 - distributed.nanny - WARNING - Restarting worker
2024-01-19 08:05:29,611 - distributed.worker - INFO -       Start worker at:    tcp://10.3.89.118:39002
2024-01-19 08:05:29,612 - distributed.worker - INFO -          Listening to:    tcp://10.3.89.118:39002
2024-01-19 08:05:29,612 - distributed.worker - INFO -           Worker name:         SLURMCluster-237-0
2024-01-19 08:05:29,612 - distributed.worker - INFO -          dashboard at:          10.3.89.118:35012
2024-01-19 08:05:29,612 - distributed.worker - INFO - Waiting to connect to:     tcp://10.3.88.12:42763
2024-01-19 08:05:29,613 - distributed.worker - INFO - -------------------------------------------------
2024-01-19 08:05:29,613 - distributed.worker - INFO -               Threads:                          2
2024-01-19 08:05:29,613 - distributed.worker - INFO -                Memory:                  10.24 GiB
2024-01-19 08:05:29,613 - distributed.worker - INFO -       Local Directory: /scratch/dask-worker-space/worker-8w_wg9a1
2024-01-19 08:05:29,613 - distributed.worker - INFO - -------------------------------------------------
2024-01-19 08:05:29,638 - distributed.worker - INFO -         Registered to:     tcp://10.3.88.12:42763
2024-01-19 08:05:29,639 - distributed.worker - INFO - -------------------------------------------------
2024-01-19 08:05:29,641 - distributed.core - INFO - Starting established connection to tcp://10.3.88.12:42763
2024-01-19 09:23:59,702 - distributed.core - INFO - Connection to tcp://10.3.88.12:42763 has been closed.
2024-01-19 09:23:59,728 - distributed.worker - INFO - Stopping worker at tcp://10.3.89.118:39002. Reason: worker-handle-scheduler-connection-broken
2024-01-19 09:23:59,737 - distributed.nanny - INFO - Closing Nanny gracefully at 'tcp://10.3.89.118:36982'. Reason: worker-handle-scheduler-connection-broken
2024-01-19 09:23:59,772 - distributed.worker - ERROR - Failed to communicate with scheduler during heartbeat.
Traceback (most recent call last):
  File "/mnt/storage/nobackup/nmb1063/mamba/envs/fegrow/lib/python3.9/site-packages/distributed/comm/tcp.py", line 225, in read
    frames_nbytes = await stream.read_bytes(fmt_size)
tornado.iostream.StreamClosedError: Stream is closed

The above exception was the direct cause of the following exception:

Traceback (most recent call last):
  File "/mnt/storage/nobackup/nmb1063/mamba/envs/fegrow/lib/python3.9/site-packages/distributed/worker.py", line 1237, in heartbeat
    response = await retry_operation(
  File "/mnt/storage/nobackup/nmb1063/mamba/envs/fegrow/lib/python3.9/site-packages/distributed/utils_comm.py", line 434, in retry_operation
    return await retry(
  File "/mnt/storage/nobackup/nmb1063/mamba/envs/fegrow/lib/python3.9/site-packages/distributed/utils_comm.py", line 413, in retry
    return await coro()
  File "/mnt/storage/nobackup/nmb1063/mamba/envs/fegrow/lib/python3.9/site-packages/distributed/core.py", line 1227, in send_recv_from_rpc
    return await send_recv(comm=comm, op=key, **kwargs)
  File "/mnt/storage/nobackup/nmb1063/mamba/envs/fegrow/lib/python3.9/site-packages/distributed/core.py", line 986, in send_recv
    response = await comm.read(deserializers=deserializers)
  File "/mnt/storage/nobackup/nmb1063/mamba/envs/fegrow/lib/python3.9/site-packages/distributed/comm/tcp.py", line 241, in read
    convert_stream_closed_error(self, e)
  File "/mnt/storage/nobackup/nmb1063/mamba/envs/fegrow/lib/python3.9/site-packages/distributed/comm/tcp.py", line 144, in convert_stream_closed_error
    raise CommClosedError(f"in {obj}: {exc}") from exc
distributed.comm.core.CommClosedError: in <TCP (closed) ConnectionPool.heartbeat_worker local=tcp://10.3.89.118:50394 remote=tcp://10.3.88.12:42763>: Stream is closed
2024-01-19 09:23:59,802 - distributed.nanny - INFO - Worker closed
2024-01-19 09:24:01,848 - distributed.nanny - ERROR - Worker process died unexpectedly
2024-01-19 09:24:05,251 - distributed.nanny - INFO - Closing Nanny at 'tcp://10.3.89.118:36982'. Reason: nanny-close-gracefully
2024-01-19 09:24:30,574 - distributed.worker - ERROR - Failed to communicate with scheduler during heartbeat.
Traceback (most recent call last):
  File "/mnt/storage/nobackup/nmb1063/mamba/envs/fegrow/lib/python3.9/site-packages/tornado/iostream.py", line 861, in _read_to_buffer
    bytes_read = self.read_from_fd(buf)
  File "/mnt/storage/nobackup/nmb1063/mamba/envs/fegrow/lib/python3.9/site-packages/tornado/iostream.py", line 1116, in read_from_fd
    return self.socket.recv_into(buf, len(buf))
TimeoutError: [Errno 110] Connection timed out

The above exception was the direct cause of the following exception:

Traceback (most recent call last):
  File "/mnt/storage/nobackup/nmb1063/mamba/envs/fegrow/lib/python3.9/site-packages/distributed/worker.py", line 1237, in heartbeat
    response = await retry_operation(
  File "/mnt/storage/nobackup/nmb1063/mamba/envs/fegrow/lib/python3.9/site-packages/distributed/utils_comm.py", line 434, in retry_operation
    return await retry(
  File "/mnt/storage/nobackup/nmb1063/mamba/envs/fegrow/lib/python3.9/site-packages/distributed/utils_comm.py", line 413, in retry
    return await coro()
  File "/mnt/storage/nobackup/nmb1063/mamba/envs/fegrow/lib/python3.9/site-packages/distributed/core.py", line 1227, in send_recv_from_rpc
    return await send_recv(comm=comm, op=key, **kwargs)
  File "/mnt/storage/nobackup/nmb1063/mamba/envs/fegrow/lib/python3.9/site-packages/distributed/core.py", line 986, in send_recv
    response = await comm.read(deserializers=deserializers)
  File "/mnt/storage/nobackup/nmb1063/mamba/envs/fegrow/lib/python3.9/site-packages/distributed/comm/tcp.py", line 241, in read
    convert_stream_closed_error(self, e)
  File "/mnt/storage/nobackup/nmb1063/mamba/envs/fegrow/lib/python3.9/site-packages/distributed/comm/tcp.py", line 142, in convert_stream_closed_error
    raise CommClosedError(f"in {obj}: {exc.__class__.__name__}: {exc}") from exc
distributed.comm.core.CommClosedError: in <TCP (closed) ConnectionPool.heartbeat_worker local=tcp://10.3.89.118:50336 remote=tcp://10.3.88.12:42763>: TimeoutError: [Errno 110] Connection timed out
2024-01-19 09:24:37,078 - distributed.core - INFO - Connection to tcp://10.3.88.12:42763 has been closed.
2024-01-19 09:24:37,078 - distributed.worker - INFO - Stopping worker at tcp://10.3.89.118:35649. Reason: worker-handle-scheduler-connection-broken
2024-01-19 09:24:37,081 - distributed.nanny - INFO - Closing Nanny gracefully at 'tcp://10.3.89.118:33688'. Reason: worker-handle-scheduler-connection-broken
2024-01-19 09:24:37,084 - distributed.worker - ERROR - Failed to communicate with scheduler during heartbeat.
Traceback (most recent call last):
  File "/mnt/storage/nobackup/nmb1063/mamba/envs/fegrow/lib/python3.9/site-packages/distributed/core.py", line 1389, in _connect
    comm = await connect(
  File "/mnt/storage/nobackup/nmb1063/mamba/envs/fegrow/lib/python3.9/site-packages/distributed/comm/core.py", line 291, in connect
    comm = await asyncio.wait_for(
  File "/mnt/storage/nobackup/nmb1063/mamba/envs/fegrow/lib/python3.9/asyncio/tasks.py", line 466, in wait_for
    await waiter
asyncio.exceptions.CancelledError

During handling of the above exception, another exception occurred:

Traceback (most recent call last):
  File "/mnt/storage/nobackup/nmb1063/mamba/envs/fegrow/lib/python3.9/site-packages/distributed/worker.py", line 1237, in heartbeat
    response = await retry_operation(
  File "/mnt/storage/nobackup/nmb1063/mamba/envs/fegrow/lib/python3.9/site-packages/distributed/utils_comm.py", line 434, in retry_operation
    return await retry(
  File "/mnt/storage/nobackup/nmb1063/mamba/envs/fegrow/lib/python3.9/site-packages/distributed/utils_comm.py", line 413, in retry
    return await coro()
  File "/mnt/storage/nobackup/nmb1063/mamba/envs/fegrow/lib/python3.9/site-packages/distributed/core.py", line 1224, in send_recv_from_rpc
    comm = await self.pool.connect(self.addr)
  File "/mnt/storage/nobackup/nmb1063/mamba/envs/fegrow/lib/python3.9/site-packages/distributed/core.py", line 1468, in connect
    return await connect_attempt
  File "/mnt/storage/nobackup/nmb1063/mamba/envs/fegrow/lib/python3.9/site-packages/distributed/core.py", line 1412, in _connect
    raise CommClosedError(reason)
distributed.comm.core.CommClosedError: ConnectionPool closing.
2024-01-19 09:24:37,090 - distributed.nanny - INFO - Worker closed
2024-01-19 09:24:39,091 - distributed.nanny - ERROR - Worker process died unexpectedly
2024-01-19 09:24:39,389 - distributed.nanny - INFO - Closing Nanny at 'tcp://10.3.89.118:33688'. Reason: nanny-close-gracefully
2024-01-19 09:24:39,392 - distributed.dask_worker - INFO - End worker
