hostname sb094.cluster
ipconfig 1: lo: <LOOPBACK,UP,LOWER_UP> mtu 65536 qdisc noqueue state UNKNOWN group default qlen 1000 link/loopback 00:00:00:00:00:00 brd 00:00:00:00:00:00 inet 127.0.0.1/8 scope host lo valid_lft forever preferred_lft forever inet6 ::1/128 scope host valid_lft forever preferred_lft forever 2: enp4s0f0: <BROADCAST,MULTICAST,UP,LOWER_UP> mtu 9000 qdisc mq state UP group default qlen 1000 link/ether a0:8c:f8:61:07:7e brd ff:ff:ff:ff:ff:ff inet 10.3.81.174/22 brd 10.3.83.255 scope global enp4s0f0 valid_lft forever preferred_lft forever inet6 fe80::a28c:f8ff:fe61:77e/64 scope link valid_lft forever preferred_lft forever 3: enp4s0f1: <BROADCAST,MULTICAST> mtu 1500 qdisc noop state DOWN group default qlen 1000 link/ether a0:8c:f8:61:07:7f brd ff:ff:ff:ff:ff:ff 4: enp4s0f2: <BROADCAST,MULTICAST> mtu 1500 qdisc noop state DOWN group default qlen 1000 link/ether a0:8c:f8:61:07:80 brd ff:ff:ff:ff:ff:ff 5: enp4s0f3: <BROADCAST,MULTICAST> mtu 1500 qdisc noop state DOWN group default qlen 1000 link/ether a0:8c:f8:61:07:81 brd ff:ff:ff:ff:ff:ff 6: ib0: <BROADCAST,MULTICAST,UP,LOWER_UP> mtu 4092 qdisc pfifo_fast state UP group default qlen 256 link/infiniband 80:00:00:29:fe:80:00:00:00:00:00:00:88:66:39:03:00:23:be:61 brd 00:ff:ff:ff:ff:12:40:1b:ff:ff:00:00:00:00:00:00:ff:ff:ff:ff inet 10.3.89.174/22 brd 10.3.91.255 scope global ib0 valid_lft forever preferred_lft forever inet 10.3.97.174/22 brd 10.3.99.255 scope global ib0:1 valid_lft forever preferred_lft forever inet6 fe80::8a66:3903:23:be61/64 scope link valid_lft forever preferred_lft forever 7: ib1: <BROADCAST,MULTICAST> mtu 4092 qdisc noop state DOWN group default qlen 256 link/infiniband 80:00:00:29:fe:80:00:00:00:00:00:00:88:66:39:03:00:23:be:62 brd 00:ff:ff:ff:ff:12:40:1b:ff:ff:00:00:00:00:00:00:ff:ff:ff:ff
2024-01-19 05:29:38,062 - distributed.nanny - INFO -         Start Nanny at: 'tcp://10.3.89.174:36084'
2024-01-19 05:29:38,136 - distributed.nanny - INFO -         Start Nanny at: 'tcp://10.3.89.174:44073'
2024-01-19 05:29:39,469 - distributed.diskutils - INFO - Found stale lock file and directory '/scratch/dask-worker-space/worker-70gp1eki', purging
2024-01-19 05:29:49,639 - distributed.worker - INFO -       Start worker at:    tcp://10.3.89.174:39341
2024-01-19 05:29:49,639 - distributed.worker - INFO -          Listening to:    tcp://10.3.89.174:39341
2024-01-19 05:29:49,639 - distributed.worker - INFO -           Worker name:         SLURMCluster-221-0
2024-01-19 05:29:49,640 - distributed.worker - INFO -          dashboard at:          10.3.89.174:35210
2024-01-19 05:29:49,640 - distributed.worker - INFO - Waiting to connect to:     tcp://10.3.88.12:42763
2024-01-19 05:29:49,640 - distributed.worker - INFO - -------------------------------------------------
2024-01-19 05:29:49,640 - distributed.worker - INFO -               Threads:                          2
2024-01-19 05:29:49,640 - distributed.worker - INFO -                Memory:                  10.24 GiB
2024-01-19 05:29:49,640 - distributed.worker - INFO -       Local Directory: /scratch/dask-worker-space/worker-aofnvd2t
2024-01-19 05:29:49,640 - distributed.worker - INFO - -------------------------------------------------
2024-01-19 05:29:49,690 - distributed.worker - INFO -         Registered to:     tcp://10.3.88.12:42763
2024-01-19 05:29:49,690 - distributed.worker - INFO - -------------------------------------------------
2024-01-19 05:29:49,690 - distributed.core - INFO - Starting established connection to tcp://10.3.88.12:42763
2024-01-19 05:29:49,801 - distributed.worker - INFO -       Start worker at:    tcp://10.3.89.174:41745
2024-01-19 05:29:49,802 - distributed.worker - INFO -          Listening to:    tcp://10.3.89.174:41745
2024-01-19 05:29:49,802 - distributed.worker - INFO -           Worker name:         SLURMCluster-221-1
2024-01-19 05:29:49,802 - distributed.worker - INFO -          dashboard at:          10.3.89.174:39030
2024-01-19 05:29:49,802 - distributed.worker - INFO - Waiting to connect to:     tcp://10.3.88.12:42763
2024-01-19 05:29:49,802 - distributed.worker - INFO - -------------------------------------------------
2024-01-19 05:29:49,802 - distributed.worker - INFO -               Threads:                          2
2024-01-19 05:29:49,802 - distributed.worker - INFO -                Memory:                  10.24 GiB
2024-01-19 05:29:49,802 - distributed.worker - INFO -       Local Directory: /scratch/dask-worker-space/worker-zkgkqh0j
2024-01-19 05:29:49,802 - distributed.worker - INFO - -------------------------------------------------
2024-01-19 05:29:49,818 - distributed.worker - INFO -         Registered to:     tcp://10.3.88.12:42763
2024-01-19 05:29:49,818 - distributed.worker - INFO - -------------------------------------------------
2024-01-19 05:29:49,819 - distributed.core - INFO - Starting established connection to tcp://10.3.88.12:42763
2024-01-19 06:10:47,823 - distributed.core - INFO - Event loop was unresponsive in Worker for 7.23s.  This is often caused by long-running GIL-holding functions or moving large chunks of data. This can cause timeouts and instability.
2024-01-19 06:10:47,880 - distributed.core - INFO - Event loop was unresponsive in Worker for 7.28s.  This is often caused by long-running GIL-holding functions or moving large chunks of data. This can cause timeouts and instability.
2024-01-19 06:17:25,425 - distributed.core - INFO - Event loop was unresponsive in Nanny for 17.52s.  This is often caused by long-running GIL-holding functions or moving large chunks of data. This can cause timeouts and instability.
2024-01-19 06:17:25,390 - distributed.core - INFO - Event loop was unresponsive in Worker for 17.26s.  This is often caused by long-running GIL-holding functions or moving large chunks of data. This can cause timeouts and instability.
2024-01-19 06:17:25,422 - distributed.core - INFO - Event loop was unresponsive in Worker for 17.38s.  This is often caused by long-running GIL-holding functions or moving large chunks of data. This can cause timeouts and instability.
2024-01-19 06:17:25,512 - distributed.core - INFO - Event loop was unresponsive in Nanny for 17.39s.  This is often caused by long-running GIL-holding functions or moving large chunks of data. This can cause timeouts and instability.
2024-01-19 06:17:33,676 - distributed.core - INFO - Event loop was unresponsive in Nanny for 8.24s.  This is often caused by long-running GIL-holding functions or moving large chunks of data. This can cause timeouts and instability.
2024-01-19 06:17:34,852 - distributed.core - INFO - Event loop was unresponsive in Nanny for 9.35s.  This is often caused by long-running GIL-holding functions or moving large chunks of data. This can cause timeouts and instability.
2024-01-19 06:17:40,912 - distributed.core - INFO - Event loop was unresponsive in Worker for 15.52s.  This is often caused by long-running GIL-holding functions or moving large chunks of data. This can cause timeouts and instability.
2024-01-19 06:17:40,908 - distributed.core - INFO - Event loop was unresponsive in Worker for 15.49s.  This is often caused by long-running GIL-holding functions or moving large chunks of data. This can cause timeouts and instability.
2024-01-19 06:17:40,920 - distributed.core - INFO - Event loop was unresponsive in Nanny for 7.26s.  This is often caused by long-running GIL-holding functions or moving large chunks of data. This can cause timeouts and instability.
2024-01-19 06:17:40,920 - distributed.core - INFO - Event loop was unresponsive in Nanny for 6.07s.  This is often caused by long-running GIL-holding functions or moving large chunks of data. This can cause timeouts and instability.
2024-01-19 07:43:15,149 - distributed.core - INFO - Event loop was unresponsive in Nanny for 4.75s.  This is often caused by long-running GIL-holding functions or moving large chunks of data. This can cause timeouts and instability.
2024-01-19 07:43:18,471 - distributed.core - INFO - Event loop was unresponsive in Nanny for 8.09s.  This is often caused by long-running GIL-holding functions or moving large chunks of data. This can cause timeouts and instability.
2024-01-19 07:43:17,981 - distributed.core - INFO - Event loop was unresponsive in Worker for 7.42s.  This is often caused by long-running GIL-holding functions or moving large chunks of data. This can cause timeouts and instability.
2024-01-19 07:43:20,211 - distributed.core - INFO - Event loop was unresponsive in Worker for 9.65s.  This is often caused by long-running GIL-holding functions or moving large chunks of data. This can cause timeouts and instability.
2024-01-19 07:44:13,848 - distributed.core - INFO - Event loop was unresponsive in Nanny for 58.84s.  This is often caused by long-running GIL-holding functions or moving large chunks of data. This can cause timeouts and instability.
2024-01-19 07:44:16,566 - distributed.core - INFO - Event loop was unresponsive in Nanny for 58.10s.  This is often caused by long-running GIL-holding functions or moving large chunks of data. This can cause timeouts and instability.
2024-01-19 07:44:22,484 - distributed.core - INFO - Event loop was unresponsive in Nanny for 8.88s.  This is often caused by long-running GIL-holding functions or moving large chunks of data. This can cause timeouts and instability.
2024-01-19 07:44:22,484 - distributed.core - INFO - Event loop was unresponsive in Worker for 65.06s.  This is often caused by long-running GIL-holding functions or moving large chunks of data. This can cause timeouts and instability.
2024-01-19 07:44:22,484 - distributed.core - INFO - Event loop was unresponsive in Worker for 62.81s.  This is often caused by long-running GIL-holding functions or moving large chunks of data. This can cause timeouts and instability.
2024-01-19 07:44:22,487 - distributed.core - INFO - Event loop was unresponsive in Nanny for 6.28s.  This is often caused by long-running GIL-holding functions or moving large chunks of data. This can cause timeouts and instability.
2024-01-19 07:45:06,247 - distributed.core - INFO - Event loop was unresponsive in Worker for 4.80s.  This is often caused by long-running GIL-holding functions or moving large chunks of data. This can cause timeouts and instability.
2024-01-19 07:45:24,669 - distributed.core - INFO - Event loop was unresponsive in Worker for 23.38s.  This is often caused by long-running GIL-holding functions or moving large chunks of data. This can cause timeouts and instability.
2024-01-19 07:45:24,769 - distributed.core - INFO - Event loop was unresponsive in Nanny for 22.29s.  This is often caused by long-running GIL-holding functions or moving large chunks of data. This can cause timeouts and instability.
2024-01-19 07:45:24,770 - distributed.core - INFO - Event loop was unresponsive in Nanny for 21.76s.  This is often caused by long-running GIL-holding functions or moving large chunks of data. This can cause timeouts and instability.
2024-01-19 07:45:24,773 - distributed.core - INFO - Event loop was unresponsive in Worker for 18.72s.  This is often caused by long-running GIL-holding functions or moving large chunks of data. This can cause timeouts and instability.
2024-01-19 08:06:43,187 - distributed.core - INFO - Event loop was unresponsive in Nanny for 3.52s.  This is often caused by long-running GIL-holding functions or moving large chunks of data. This can cause timeouts and instability.
2024-01-19 08:06:43,187 - distributed.core - INFO - Event loop was unresponsive in Worker for 3.52s.  This is often caused by long-running GIL-holding functions or moving large chunks of data. This can cause timeouts and instability.
2024-01-19 08:06:43,190 - distributed.core - INFO - Event loop was unresponsive in Nanny for 3.52s.  This is often caused by long-running GIL-holding functions or moving large chunks of data. This can cause timeouts and instability.
2024-01-19 08:06:43,190 - distributed.core - INFO - Event loop was unresponsive in Worker for 3.51s.  This is often caused by long-running GIL-holding functions or moving large chunks of data. This can cause timeouts and instability.
2024-01-19 08:06:58,744 - distributed.core - INFO - Event loop was unresponsive in Worker for 3.93s.  This is often caused by long-running GIL-holding functions or moving large chunks of data. This can cause timeouts and instability.
2024-01-19 08:06:59,269 - distributed.core - INFO - Event loop was unresponsive in Nanny for 4.76s.  This is often caused by long-running GIL-holding functions or moving large chunks of data. This can cause timeouts and instability.
2024-01-19 08:07:44,367 - distributed.core - INFO - Event loop was unresponsive in Nanny for 47.76s.  This is often caused by long-running GIL-holding functions or moving large chunks of data. This can cause timeouts and instability.
2024-01-19 08:07:44,463 - distributed.core - INFO - Event loop was unresponsive in Worker for 48.05s.  This is often caused by long-running GIL-holding functions or moving large chunks of data. This can cause timeouts and instability.
2024-01-19 08:07:44,523 - distributed.core - INFO - Event loop was unresponsive in Nanny for 45.37s.  This is often caused by long-running GIL-holding functions or moving large chunks of data. This can cause timeouts and instability.
2024-01-19 08:07:44,574 - distributed.core - INFO - Event loop was unresponsive in Worker for 46.25s.  This is often caused by long-running GIL-holding functions or moving large chunks of data. This can cause timeouts and instability.
2024-01-19 08:07:53,556 - distributed.core - INFO - Event loop was unresponsive in Worker for 5.26s.  This is often caused by long-running GIL-holding functions or moving large chunks of data. This can cause timeouts and instability.
2024-01-19 08:07:53,558 - distributed.core - INFO - Event loop was unresponsive in Nanny for 5.24s.  This is often caused by long-running GIL-holding functions or moving large chunks of data. This can cause timeouts and instability.
2024-01-19 08:07:53,595 - distributed.core - INFO - Event loop was unresponsive in Nanny for 5.27s.  This is often caused by long-running GIL-holding functions or moving large chunks of data. This can cause timeouts and instability.
2024-01-19 08:07:53,899 - distributed.core - INFO - Event loop was unresponsive in Worker for 5.26s.  This is often caused by long-running GIL-holding functions or moving large chunks of data. This can cause timeouts and instability.
2024-01-19 08:11:37,639 - distributed.core - INFO - Event loop was unresponsive in Worker for 3.36s.  This is often caused by long-running GIL-holding functions or moving large chunks of data. This can cause timeouts and instability.
2024-01-19 08:11:39,757 - distributed.core - INFO - Event loop was unresponsive in Nanny for 5.47s.  This is often caused by long-running GIL-holding functions or moving large chunks of data. This can cause timeouts and instability.
2024-01-19 08:11:43,418 - distributed.core - INFO - Event loop was unresponsive in Worker for 9.10s.  This is often caused by long-running GIL-holding functions or moving large chunks of data. This can cause timeouts and instability.
2024-01-19 08:12:10,137 - distributed.core - INFO - Event loop was unresponsive in Nanny for 33.85s.  This is often caused by long-running GIL-holding functions or moving large chunks of data. This can cause timeouts and instability.
2024-01-19 08:12:10,138 - distributed.core - INFO - Event loop was unresponsive in Nanny for 30.67s.  This is often caused by long-running GIL-holding functions or moving large chunks of data. This can cause timeouts and instability.
2024-01-19 08:12:10,150 - distributed.core - INFO - Event loop was unresponsive in Worker for 32.80s.  This is often caused by long-running GIL-holding functions or moving large chunks of data. This can cause timeouts and instability.
2024-01-19 08:12:10,150 - distributed.core - INFO - Event loop was unresponsive in Worker for 27.05s.  This is often caused by long-running GIL-holding functions or moving large chunks of data. This can cause timeouts and instability.
2024-01-19 08:20:48,495 - distributed.core - INFO - Event loop was unresponsive in Nanny for 5.14s.  This is often caused by long-running GIL-holding functions or moving large chunks of data. This can cause timeouts and instability.
2024-01-19 08:20:52,193 - distributed.core - INFO - Event loop was unresponsive in Worker for 8.81s.  This is often caused by long-running GIL-holding functions or moving large chunks of data. This can cause timeouts and instability.
2024-01-19 08:21:17,227 - distributed.core - INFO - Event loop was unresponsive in Nanny for 32.65s.  This is often caused by long-running GIL-holding functions or moving large chunks of data. This can cause timeouts and instability.
2024-01-19 08:21:17,308 - distributed.core - INFO - Event loop was unresponsive in Nanny for 28.99s.  This is often caused by long-running GIL-holding functions or moving large chunks of data. This can cause timeouts and instability.
2024-01-19 08:21:17,313 - distributed.core - INFO - Event loop was unresponsive in Worker for 32.12s.  This is often caused by long-running GIL-holding functions or moving large chunks of data. This can cause timeouts and instability.
2024-01-19 08:21:17,313 - distributed.core - INFO - Event loop was unresponsive in Worker for 25.33s.  This is often caused by long-running GIL-holding functions or moving large chunks of data. This can cause timeouts and instability.
2024-01-19 08:23:49,034 - distributed.core - INFO - Event loop was unresponsive in Nanny for 4.40s.  This is often caused by long-running GIL-holding functions or moving large chunks of data. This can cause timeouts and instability.
2024-01-19 08:23:49,036 - distributed.core - INFO - Event loop was unresponsive in Worker for 4.39s.  This is often caused by long-running GIL-holding functions or moving large chunks of data. This can cause timeouts and instability.
2024-01-19 08:23:49,034 - distributed.core - INFO - Event loop was unresponsive in Worker for 4.40s.  This is often caused by long-running GIL-holding functions or moving large chunks of data. This can cause timeouts and instability.
2024-01-19 08:23:49,051 - distributed.core - INFO - Event loop was unresponsive in Nanny for 4.40s.  This is often caused by long-running GIL-holding functions or moving large chunks of data. This can cause timeouts and instability.
2024-01-19 08:27:15,983 - distributed.core - INFO - Event loop was unresponsive in Worker for 3.78s.  This is often caused by long-running GIL-holding functions or moving large chunks of data. This can cause timeouts and instability.
2024-01-19 08:27:15,987 - distributed.core - INFO - Event loop was unresponsive in Worker for 3.06s.  This is often caused by long-running GIL-holding functions or moving large chunks of data. This can cause timeouts and instability.
2024-01-19 08:27:15,994 - distributed.core - INFO - Event loop was unresponsive in Nanny for 3.06s.  This is often caused by long-running GIL-holding functions or moving large chunks of data. This can cause timeouts and instability.
2024-01-19 08:27:31,976 - distributed.core - INFO - Event loop was unresponsive in Worker for 3.32s.  This is often caused by long-running GIL-holding functions or moving large chunks of data. This can cause timeouts and instability.
2024-01-19 08:27:31,976 - distributed.core - INFO - Event loop was unresponsive in Worker for 3.32s.  This is often caused by long-running GIL-holding functions or moving large chunks of data. This can cause timeouts and instability.
2024-01-19 08:27:32,012 - distributed.core - INFO - Event loop was unresponsive in Nanny for 3.36s.  This is often caused by long-running GIL-holding functions or moving large chunks of data. This can cause timeouts and instability.
2024-01-19 08:27:32,015 - distributed.core - INFO - Event loop was unresponsive in Nanny for 3.32s.  This is often caused by long-running GIL-holding functions or moving large chunks of data. This can cause timeouts and instability.
2024-01-19 08:27:56,473 - distributed.core - INFO - Event loop was unresponsive in Nanny for 7.43s.  This is often caused by long-running GIL-holding functions or moving large chunks of data. This can cause timeouts and instability.
2024-01-19 08:27:57,507 - distributed.core - INFO - Event loop was unresponsive in Worker for 8.48s.  This is often caused by long-running GIL-holding functions or moving large chunks of data. This can cause timeouts and instability.
2024-01-19 08:27:59,560 - distributed.core - INFO - Event loop was unresponsive in Nanny for 10.61s.  This is often caused by long-running GIL-holding functions or moving large chunks of data. This can cause timeouts and instability.
2024-01-19 08:28:01,398 - distributed.core - INFO - Event loop was unresponsive in Worker for 12.32s.  This is often caused by long-running GIL-holding functions or moving large chunks of data. This can cause timeouts and instability.
2024-01-19 08:28:26,019 - distributed.core - INFO - Event loop was unresponsive in Worker for 28.88s.  This is often caused by long-running GIL-holding functions or moving large chunks of data. This can cause timeouts and instability.
2024-01-19 08:28:26,018 - distributed.core - INFO - Event loop was unresponsive in Nanny for 29.94s.  This is often caused by long-running GIL-holding functions or moving large chunks of data. This can cause timeouts and instability.
2024-01-19 08:28:26,022 - distributed.core - INFO - Event loop was unresponsive in Nanny for 26.75s.  This is often caused by long-running GIL-holding functions or moving large chunks of data. This can cause timeouts and instability.
2024-01-19 08:28:26,025 - distributed.core - INFO - Event loop was unresponsive in Worker for 25.19s.  This is often caused by long-running GIL-holding functions or moving large chunks of data. This can cause timeouts and instability.
2024-01-19 08:28:31,514 - distributed.core - INFO - Event loop was unresponsive in Nanny for 3.77s.  This is often caused by long-running GIL-holding functions or moving large chunks of data. This can cause timeouts and instability.
2024-01-19 08:28:31,347 - distributed.core - INFO - Event loop was unresponsive in Worker for 3.60s.  This is often caused by long-running GIL-holding functions or moving large chunks of data. This can cause timeouts and instability.
2024-01-19 08:28:31,623 - distributed.core - INFO - Event loop was unresponsive in Worker for 3.67s.  This is often caused by long-running GIL-holding functions or moving large chunks of data. This can cause timeouts and instability.
2024-01-19 08:29:31,193 - distributed.core - INFO - Event loop was unresponsive in Nanny for 60.63s.  This is often caused by long-running GIL-holding functions or moving large chunks of data. This can cause timeouts and instability.
2024-01-19 08:29:34,245 - distributed.core - INFO - Event loop was unresponsive in Nanny for 62.74s.  This is often caused by long-running GIL-holding functions or moving large chunks of data. This can cause timeouts and instability.
2024-01-19 08:30:15,326 - distributed.core - INFO - Event loop was unresponsive in Worker for 103.82s.  This is often caused by long-running GIL-holding functions or moving large chunks of data. This can cause timeouts and instability.
2024-01-19 08:30:18,262 - distributed.core - INFO - Event loop was unresponsive in Worker for 106.72s.  This is often caused by long-running GIL-holding functions or moving large chunks of data. This can cause timeouts and instability.
2024-01-19 08:30:27,840 - distributed.core - INFO - Event loop was unresponsive in Nanny for 56.55s.  This is often caused by long-running GIL-holding functions or moving large chunks of data. This can cause timeouts and instability.
2024-01-19 08:30:31,310 - distributed.core - INFO - Event loop was unresponsive in Nanny for 57.03s.  This is often caused by long-running GIL-holding functions or moving large chunks of data. This can cause timeouts and instability.
2024-01-19 08:31:32,531 - distributed.core - INFO - Event loop was unresponsive in Nanny for 64.53s.  This is often caused by long-running GIL-holding functions or moving large chunks of data. This can cause timeouts and instability.
2024-01-19 08:31:37,006 - distributed.core - INFO - Event loop was unresponsive in Nanny for 65.47s.  This is often caused by long-running GIL-holding functions or moving large chunks of data. This can cause timeouts and instability.
2024-01-19 08:31:38,423 - distributed.core - INFO - Event loop was unresponsive in Nanny for 6.39s.  This is often caused by long-running GIL-holding functions or moving large chunks of data. This can cause timeouts and instability.
2024-01-19 08:31:38,424 - distributed.core - INFO - Event loop was unresponsive in Worker for 80.63s.  This is often caused by long-running GIL-holding functions or moving large chunks of data. This can cause timeouts and instability.
2024-01-19 08:31:38,424 - distributed.core - INFO - Event loop was unresponsive in Worker for 83.58s.  This is often caused by long-running GIL-holding functions or moving large chunks of data. This can cause timeouts and instability.
2024-01-19 08:32:06,193 - distributed.core - INFO - Event loop was unresponsive in Nanny for 9.24s.  This is often caused by long-running GIL-holding functions or moving large chunks of data. This can cause timeouts and instability.
2024-01-19 08:32:09,081 - distributed.core - INFO - Event loop was unresponsive in Nanny for 11.86s.  This is often caused by long-running GIL-holding functions or moving large chunks of data. This can cause timeouts and instability.
2024-01-19 08:32:55,878 - distributed.core - INFO - Event loop was unresponsive in Worker for 58.68s.  This is often caused by long-running GIL-holding functions or moving large chunks of data. This can cause timeouts and instability.
2024-01-19 08:33:19,204 - distributed.core - INFO - Event loop was unresponsive in Nanny for 73.05s.  This is often caused by long-running GIL-holding functions or moving large chunks of data. This can cause timeouts and instability.
2024-01-19 08:33:22,483 - distributed.core - INFO - Event loop was unresponsive in Nanny for 73.58s.  This is often caused by long-running GIL-holding functions or moving large chunks of data. This can cause timeouts and instability.
2024-01-19 08:33:40,122 - distributed.core - INFO - Event loop was unresponsive in Worker for 102.78s.  This is often caused by long-running GIL-holding functions or moving large chunks of data. This can cause timeouts and instability.
2024-01-19 08:34:27,520 - distributed.core - INFO - Event loop was unresponsive in Nanny for 68.07s.  This is often caused by long-running GIL-holding functions or moving large chunks of data. This can cause timeouts and instability.
2024-01-19 08:34:30,858 - distributed.core - INFO - Event loop was unresponsive in Nanny for 68.34s.  This is often caused by long-running GIL-holding functions or moving large chunks of data. This can cause timeouts and instability.
2024-01-19 08:35:05,069 - distributed.core - INFO - Event loop was unresponsive in Worker for 129.10s.  This is often caused by long-running GIL-holding functions or moving large chunks of data. This can cause timeouts and instability.
2024-01-19 08:35:09,064 - distributed.core - INFO - Event loop was unresponsive in Nanny for 41.99s.  This is often caused by long-running GIL-holding functions or moving large chunks of data. This can cause timeouts and instability.
2024-01-19 08:35:09,067 - distributed.core - INFO - Event loop was unresponsive in Nanny for 38.56s.  This is often caused by long-running GIL-holding functions or moving large chunks of data. This can cause timeouts and instability.
2024-01-19 08:35:09,120 - distributed.core - INFO - Event loop was unresponsive in Worker for 4.62s.  This is often caused by long-running GIL-holding functions or moving large chunks of data. This can cause timeouts and instability.
2024-01-19 08:35:09,120 - distributed.core - INFO - Event loop was unresponsive in Worker for 89.47s.  This is often caused by long-running GIL-holding functions or moving large chunks of data. This can cause timeouts and instability.
2024-01-19 08:35:23,645 - distributed.core - INFO - Event loop was unresponsive in Nanny for 4.82s.  This is often caused by long-running GIL-holding functions or moving large chunks of data. This can cause timeouts and instability.
2024-01-19 08:35:28,904 - distributed.core - INFO - Event loop was unresponsive in Worker for 9.72s.  This is often caused by long-running GIL-holding functions or moving large chunks of data. This can cause timeouts and instability.
2024-01-19 08:35:42,058 - distributed.core - INFO - Event loop was unresponsive in Worker for 23.57s.  This is often caused by long-running GIL-holding functions or moving large chunks of data. This can cause timeouts and instability.
2024-01-19 08:36:21,880 - distributed.core - INFO - Event loop was unresponsive in Nanny for 62.25s.  This is often caused by long-running GIL-holding functions or moving large chunks of data. This can cause timeouts and instability.
2024-01-19 08:36:30,151 - distributed.core - INFO - Event loop was unresponsive in Nanny for 66.62s.  This is often caused by long-running GIL-holding functions or moving large chunks of data. This can cause timeouts and instability.
2024-01-19 08:37:35,319 - distributed.core - INFO - Event loop was unresponsive in Nanny for 73.56s.  This is often caused by long-running GIL-holding functions or moving large chunks of data. This can cause timeouts and instability.
2024-01-19 08:37:42,497 - distributed.core - INFO - Event loop was unresponsive in Nanny for 72.56s.  This is often caused by long-running GIL-holding functions or moving large chunks of data. This can cause timeouts and instability.
2024-01-19 08:37:42,882 - distributed.core - INFO - Event loop was unresponsive in Worker for 120.63s.  This is often caused by long-running GIL-holding functions or moving large chunks of data. This can cause timeouts and instability.
2024-01-19 08:37:44,948 - distributed.core - INFO - Event loop was unresponsive in Worker for 136.71s.  This is often caused by long-running GIL-holding functions or moving large chunks of data. This can cause timeouts and instability.
2024-01-19 08:38:40,368 - distributed.core - INFO - Event loop was unresponsive in Nanny for 65.01s.  This is often caused by long-running GIL-holding functions or moving large chunks of data. This can cause timeouts and instability.
2024-01-19 08:38:48,793 - distributed.core - INFO - Event loop was unresponsive in Nanny for 65.92s.  This is often caused by long-running GIL-holding functions or moving large chunks of data. This can cause timeouts and instability.
2024-01-19 08:39:58,614 - distributed.core - INFO - Event loop was unresponsive in Nanny for 78.22s.  This is often caused by long-running GIL-holding functions or moving large chunks of data. This can cause timeouts and instability.
2024-01-19 08:40:06,849 - distributed.core - INFO - Event loop was unresponsive in Worker for 141.76s.  This is often caused by long-running GIL-holding functions or moving large chunks of data. This can cause timeouts and instability.
2024-01-19 08:40:07,317 - distributed.core - INFO - Event loop was unresponsive in Nanny for 78.65s.  This is often caused by long-running GIL-holding functions or moving large chunks of data. This can cause timeouts and instability.
2024-01-19 08:40:09,899 - distributed.core - INFO - Event loop was unresponsive in Worker for 146.93s.  This is often caused by long-running GIL-holding functions or moving large chunks of data. This can cause timeouts and instability.
2024-01-19 08:41:14,927 - distributed.core - INFO - Event loop was unresponsive in Nanny for 76.41s.  This is often caused by long-running GIL-holding functions or moving large chunks of data. This can cause timeouts and instability.
2024-01-19 08:41:23,300 - distributed.core - INFO - Event loop was unresponsive in Nanny for 75.96s.  This is often caused by long-running GIL-holding functions or moving large chunks of data. This can cause timeouts and instability.
2024-01-19 08:41:40,980 - distributed.core - INFO - Event loop was unresponsive in Nanny for 26.38s.  This is often caused by long-running GIL-holding functions or moving large chunks of data. This can cause timeouts and instability.
2024-01-19 08:41:41,038 - distributed.core - INFO - Event loop was unresponsive in Worker for 91.52s.  This is often caused by long-running GIL-holding functions or moving large chunks of data. This can cause timeouts and instability.
2024-01-19 08:41:41,034 - distributed.core - INFO - Event loop was unresponsive in Worker for 94.46s.  This is often caused by long-running GIL-holding functions or moving large chunks of data. This can cause timeouts and instability.
2024-01-19 08:41:41,034 - distributed.core - INFO - Event loop was unresponsive in Nanny for 18.12s.  This is often caused by long-running GIL-holding functions or moving large chunks of data. This can cause timeouts and instability.
2024-01-19 08:42:58,066 - distributed.core - INFO - Event loop was unresponsive in Nanny for 71.40s.  This is often caused by long-running GIL-holding functions or moving large chunks of data. This can cause timeouts and instability.
2024-01-19 08:43:00,985 - distributed.core - INFO - Event loop was unresponsive in Worker for 74.60s.  This is often caused by long-running GIL-holding functions or moving large chunks of data. This can cause timeouts and instability.
2024-01-19 08:43:00,980 - distributed.core - INFO - Event loop was unresponsive in Nanny for 73.40s.  This is often caused by long-running GIL-holding functions or moving large chunks of data. This can cause timeouts and instability.
2024-01-19 08:43:00,984 - distributed.core - INFO - Event loop was unresponsive in Worker for 74.60s.  This is often caused by long-running GIL-holding functions or moving large chunks of data. This can cause timeouts and instability.
2024-01-19 08:43:07,581 - distributed.core - INFO - Event loop was unresponsive in Nanny for 9.21s.  This is often caused by long-running GIL-holding functions or moving large chunks of data. This can cause timeouts and instability.
2024-01-19 08:43:12,238 - distributed.core - INFO - Event loop was unresponsive in Nanny for 10.65s.  This is often caused by long-running GIL-holding functions or moving large chunks of data. This can cause timeouts and instability.
2024-01-19 08:43:24,846 - distributed.core - INFO - Event loop was unresponsive in Worker for 23.46s.  This is often caused by long-running GIL-holding functions or moving large chunks of data. This can cause timeouts and instability.
2024-01-19 08:43:41,712 - distributed.core - INFO - Event loop was unresponsive in Worker for 40.42s.  This is often caused by long-running GIL-holding functions or moving large chunks of data. This can cause timeouts and instability.
2024-01-19 08:44:21,136 - distributed.core - INFO - Event loop was unresponsive in Nanny for 73.77s.  This is often caused by long-running GIL-holding functions or moving large chunks of data. This can cause timeouts and instability.
2024-01-19 08:44:24,645 - distributed.core - INFO - Event loop was unresponsive in Nanny for 72.83s.  This is often caused by long-running GIL-holding functions or moving large chunks of data. This can cause timeouts and instability.
2024-01-19 08:45:32,134 - distributed.core - INFO - Event loop was unresponsive in Nanny for 71.18s.  This is often caused by long-running GIL-holding functions or moving large chunks of data. This can cause timeouts and instability.
2024-01-19 08:45:35,579 - distributed.core - INFO - Event loop was unresponsive in Nanny for 70.72s.  This is often caused by long-running GIL-holding functions or moving large chunks of data. This can cause timeouts and instability.
2024-01-19 08:45:47,476 - distributed.core - INFO - Event loop was unresponsive in Worker for 125.47s.  This is often caused by long-running GIL-holding functions or moving large chunks of data. This can cause timeouts and instability.
2024-01-19 08:45:47,556 - distributed.core - INFO - Event loop was unresponsive in Worker for 142.58s.  This is often caused by long-running GIL-holding functions or moving large chunks of data. This can cause timeouts and instability.
2024-01-19 08:46:45,526 - distributed.core - INFO - Event loop was unresponsive in Nanny for 73.59s.  This is often caused by long-running GIL-holding functions or moving large chunks of data. This can cause timeouts and instability.
2024-01-19 08:46:48,046 - distributed.core - INFO - Event loop was unresponsive in Nanny for 72.45s.  This is often caused by long-running GIL-holding functions or moving large chunks of data. This can cause timeouts and instability.
2024-01-19 08:47:58,793 - distributed.core - INFO - Event loop was unresponsive in Nanny for 72.70s.  This is often caused by long-running GIL-holding functions or moving large chunks of data. This can cause timeouts and instability.
2024-01-19 08:48:01,754 - distributed.core - INFO - Event loop was unresponsive in Nanny for 73.82s.  This is often caused by long-running GIL-holding functions or moving large chunks of data. This can cause timeouts and instability.
2024-01-19 08:48:04,503 - distributed.core - INFO - Event loop was unresponsive in Worker for 137.01s.  This is often caused by long-running GIL-holding functions or moving large chunks of data. This can cause timeouts and instability.
2024-01-19 08:48:28,468 - distributed.core - INFO - Event loop was unresponsive in Worker for 160.83s.  This is often caused by long-running GIL-holding functions or moving large chunks of data. This can cause timeouts and instability.
2024-01-19 08:48:29,972 - distributed.core - INFO - Event loop was unresponsive in Nanny for 31.75s.  This is often caused by long-running GIL-holding functions or moving large chunks of data. This can cause timeouts and instability.
2024-01-19 08:48:30,025 - distributed.core - INFO - Event loop was unresponsive in Nanny for 28.58s.  This is often caused by long-running GIL-holding functions or moving large chunks of data. This can cause timeouts and instability.
2024-01-19 08:48:30,152 - distributed.core - INFO - Event loop was unresponsive in Worker for 26.12s.  This is often caused by long-running GIL-holding functions or moving large chunks of data. This can cause timeouts and instability.
2024-01-19 08:48:40,127 - distributed.core - INFO - Event loop was unresponsive in Nanny for 3.16s.  This is often caused by long-running GIL-holding functions or moving large chunks of data. This can cause timeouts and instability.
2024-01-19 08:48:41,463 - distributed.core - INFO - Event loop was unresponsive in Worker for 4.36s.  This is often caused by long-running GIL-holding functions or moving large chunks of data. This can cause timeouts and instability.
2024-01-19 08:48:47,645 - distributed.core - INFO - Event loop was unresponsive in Nanny for 10.74s.  This is often caused by long-running GIL-holding functions or moving large chunks of data. This can cause timeouts and instability.
2024-01-19 08:48:54,752 - distributed.core - INFO - Event loop was unresponsive in Worker for 17.64s.  This is often caused by long-running GIL-holding functions or moving large chunks of data. This can cause timeouts and instability.
2024-01-19 08:49:54,281 - distributed.core - INFO - Event loop was unresponsive in Nanny for 74.02s.  This is often caused by long-running GIL-holding functions or moving large chunks of data. This can cause timeouts and instability.
2024-01-19 08:50:01,967 - distributed.core - INFO - Event loop was unresponsive in Nanny for 74.30s.  This is often caused by long-running GIL-holding functions or moving large chunks of data. This can cause timeouts and instability.
2024-01-19 08:51:06,191 - distributed.core - INFO - Event loop was unresponsive in Worker for 144.63s.  This is often caused by long-running GIL-holding functions or moving large chunks of data. This can cause timeouts and instability.
2024-01-19 08:51:10,788 - distributed.core - INFO - Event loop was unresponsive in Nanny for 76.61s.  This is often caused by long-running GIL-holding functions or moving large chunks of data. This can cause timeouts and instability.
2024-01-19 08:51:18,704 - distributed.core - INFO - Event loop was unresponsive in Nanny for 76.66s.  This is often caused by long-running GIL-holding functions or moving large chunks of data. This can cause timeouts and instability.
2024-01-19 08:51:27,905 - distributed.core - INFO - Event loop was unresponsive in Worker for 153.17s.  This is often caused by long-running GIL-holding functions or moving large chunks of data. This can cause timeouts and instability.
2024-01-19 08:52:29,001 - distributed.core - INFO - Event loop was unresponsive in Nanny for 78.20s.  This is often caused by long-running GIL-holding functions or moving large chunks of data. This can cause timeouts and instability.
2024-01-19 08:52:37,180 - distributed.core - INFO - Event loop was unresponsive in Nanny for 78.42s.  This is often caused by long-running GIL-holding functions or moving large chunks of data. This can cause timeouts and instability.
2024-01-19 08:53:44,127 - distributed.core - INFO - Event loop was unresponsive in Nanny for 75.05s.  This is often caused by long-running GIL-holding functions or moving large chunks of data. This can cause timeouts and instability.
2024-01-19 08:53:53,061 - distributed.core - INFO - Event loop was unresponsive in Nanny for 75.94s.  This is often caused by long-running GIL-holding functions or moving large chunks of data. This can cause timeouts and instability.
2024-01-19 08:53:54,206 - distributed.core - INFO - Event loop was unresponsive in Worker for 168.08s.  This is often caused by long-running GIL-holding functions or moving large chunks of data. This can cause timeouts and instability.
2024-01-19 08:54:16,921 - distributed.core - INFO - Event loop was unresponsive in Worker for 168.69s.  This is often caused by long-running GIL-holding functions or moving large chunks of data. This can cause timeouts and instability.
2024-01-19 08:55:03,986 - distributed.core - INFO - Event loop was unresponsive in Nanny for 80.05s.  This is often caused by long-running GIL-holding functions or moving large chunks of data. This can cause timeouts and instability.
2024-01-19 08:55:10,306 - distributed.core - INFO - Event loop was unresponsive in Nanny for 76.98s.  This is often caused by long-running GIL-holding functions or moving large chunks of data. This can cause timeouts and instability.
2024-01-19 08:56:17,508 - distributed.core - INFO - Event loop was unresponsive in Nanny for 73.42s.  This is often caused by long-running GIL-holding functions or moving large chunks of data. This can cause timeouts and instability.
2024-01-19 08:56:23,802 - distributed.core - INFO - Event loop was unresponsive in Nanny for 73.85s.  This is often caused by long-running GIL-holding functions or moving large chunks of data. This can cause timeouts and instability.
2024-01-19 08:56:23,849 - distributed.core - INFO - Event loop was unresponsive in Worker for 149.91s.  This is often caused by long-running GIL-holding functions or moving large chunks of data. This can cause timeouts and instability.
2024-01-19 08:56:43,920 - distributed.core - INFO - Event loop was unresponsive in Worker for 146.74s.  This is often caused by long-running GIL-holding functions or moving large chunks of data. This can cause timeouts and instability.
2024-01-19 08:57:21,851 - distributed.core - INFO - Event loop was unresponsive in Nanny for 64.48s.  This is often caused by long-running GIL-holding functions or moving large chunks of data. This can cause timeouts and instability.
2024-01-19 08:57:28,598 - distributed.core - INFO - Event loop was unresponsive in Nanny for 64.87s.  This is often caused by long-running GIL-holding functions or moving large chunks of data. This can cause timeouts and instability.
2024-01-19 08:58:27,803 - distributed.core - INFO - Event loop was unresponsive in Nanny for 65.81s.  This is often caused by long-running GIL-holding functions or moving large chunks of data. This can cause timeouts and instability.
2024-01-19 08:58:34,735 - distributed.core - INFO - Event loop was unresponsive in Nanny for 65.91s.  This is often caused by long-running GIL-holding functions or moving large chunks of data. This can cause timeouts and instability.
2024-01-19 08:58:39,523 - distributed.core - INFO - Event loop was unresponsive in Worker for 135.03s.  This is often caused by long-running GIL-holding functions or moving large chunks of data. This can cause timeouts and instability.
2024-01-19 08:58:42,533 - distributed.core - INFO - Event loop was unresponsive in Worker for 119.28s.  This is often caused by long-running GIL-holding functions or moving large chunks of data. This can cause timeouts and instability.
2024-01-19 08:59:30,945 - distributed.core - INFO - Event loop was unresponsive in Nanny for 63.15s.  This is often caused by long-running GIL-holding functions or moving large chunks of data. This can cause timeouts and instability.
2024-01-19 08:59:38,564 - distributed.core - INFO - Event loop was unresponsive in Nanny for 63.86s.  This is often caused by long-running GIL-holding functions or moving large chunks of data. This can cause timeouts and instability.
2024-01-19 09:00:44,677 - distributed.core - INFO - Event loop was unresponsive in Nanny for 73.54s.  This is often caused by long-running GIL-holding functions or moving large chunks of data. This can cause timeouts and instability.
2024-01-19 09:00:52,278 - distributed.core - INFO - Event loop was unresponsive in Nanny for 73.82s.  This is often caused by long-running GIL-holding functions or moving large chunks of data. This can cause timeouts and instability.
2024-01-19 09:01:09,575 - distributed.core - INFO - Event loop was unresponsive in Worker for 150.00s.  This is often caused by long-running GIL-holding functions or moving large chunks of data. This can cause timeouts and instability.
2024-01-19 09:01:09,890 - distributed.core - INFO - Event loop was unresponsive in Worker for 146.87s.  This is often caused by long-running GIL-holding functions or moving large chunks of data. This can cause timeouts and instability.
2024-01-19 09:01:57,281 - distributed.core - INFO - Event loop was unresponsive in Nanny for 72.77s.  This is often caused by long-running GIL-holding functions or moving large chunks of data. This can cause timeouts and instability.
2024-01-19 09:02:05,924 - distributed.core - INFO - Event loop was unresponsive in Nanny for 73.46s.  This is often caused by long-running GIL-holding functions or moving large chunks of data. This can cause timeouts and instability.
2024-01-19 09:02:27,128 - distributed.core - INFO - Event loop was unresponsive in Nanny for 30.28s.  This is often caused by long-running GIL-holding functions or moving large chunks of data. This can cause timeouts and instability.
2024-01-19 09:02:27,227 - distributed.core - INFO - Event loop was unresponsive in Worker for 78.22s.  This is often caused by long-running GIL-holding functions or moving large chunks of data. This can cause timeouts and instability.
2024-01-19 09:02:27,227 - distributed.core - INFO - Event loop was unresponsive in Nanny for 21.80s.  This is often caused by long-running GIL-holding functions or moving large chunks of data. This can cause timeouts and instability.
2024-01-19 09:02:27,283 - distributed.core - INFO - Event loop was unresponsive in Worker for 78.68s.  This is often caused by long-running GIL-holding functions or moving large chunks of data. This can cause timeouts and instability.
2024-01-19 09:02:39,456 - distributed.core - INFO - Event loop was unresponsive in Nanny for 4.09s.  This is often caused by long-running GIL-holding functions or moving large chunks of data. This can cause timeouts and instability.
2024-01-19 09:02:39,985 - distributed.core - INFO - Event loop was unresponsive in Worker for 4.61s.  This is often caused by long-running GIL-holding functions or moving large chunks of data. This can cause timeouts and instability.
2024-01-19 09:02:56,895 - distributed.core - INFO - Event loop was unresponsive in Worker for 21.48s.  This is often caused by long-running GIL-holding functions or moving large chunks of data. This can cause timeouts and instability.
2024-01-19 09:03:48,270 - distributed.core - INFO - Event loop was unresponsive in Nanny for 70.18s.  This is often caused by long-running GIL-holding functions or moving large chunks of data. This can cause timeouts and instability.
2024-01-19 09:03:51,677 - distributed.core - INFO - Event loop was unresponsive in Nanny for 72.23s.  This is often caused by long-running GIL-holding functions or moving large chunks of data. This can cause timeouts and instability.
2024-01-19 09:04:35,881 - distributed.core - INFO - Event loop was unresponsive in Worker for 115.64s.  This is often caused by long-running GIL-holding functions or moving large chunks of data. This can cause timeouts and instability.
2024-01-19 09:04:54,650 - distributed.core - INFO - Event loop was unresponsive in Nanny for 66.44s.  This is often caused by long-running GIL-holding functions or moving large chunks of data. This can cause timeouts and instability.
2024-01-19 09:04:57,643 - distributed.core - INFO - Event loop was unresponsive in Nanny for 66.02s.  This is often caused by long-running GIL-holding functions or moving large chunks of data. This can cause timeouts and instability.
2024-01-19 09:05:04,108 - distributed.core - INFO - Event loop was unresponsive in Worker for 127.15s.  This is often caused by long-running GIL-holding functions or moving large chunks of data. This can cause timeouts and instability.
2024-01-19 09:05:51,575 - distributed.core - INFO - Event loop was unresponsive in Nanny for 56.77s.  This is often caused by long-running GIL-holding functions or moving large chunks of data. This can cause timeouts and instability.
2024-01-19 09:05:51,996 - distributed.core - INFO - Event loop was unresponsive in Nanny for 54.58s.  This is often caused by long-running GIL-holding functions or moving large chunks of data. This can cause timeouts and instability.
2024-01-19 09:05:52,005 - distributed.core - INFO - Event loop was unresponsive in Worker for 48.30s.  This is often caused by long-running GIL-holding functions or moving large chunks of data. This can cause timeouts and instability.
2024-01-19 09:05:52,006 - distributed.core - INFO - Event loop was unresponsive in Worker for 76.69s.  This is often caused by long-running GIL-holding functions or moving large chunks of data. This can cause timeouts and instability.
2024-01-19 09:06:05,354 - distributed.core - INFO - Event loop was unresponsive in Nanny for 6.93s.  This is often caused by long-running GIL-holding functions or moving large chunks of data. This can cause timeouts and instability.
2024-01-19 09:06:09,030 - distributed.core - INFO - Event loop was unresponsive in Worker for 10.24s.  This is often caused by long-running GIL-holding functions or moving large chunks of data. This can cause timeouts and instability.
2024-01-19 09:06:12,583 - distributed.core - INFO - Event loop was unresponsive in Nanny for 13.98s.  This is often caused by long-running GIL-holding functions or moving large chunks of data. This can cause timeouts and instability.
2024-01-19 09:07:02,870 - distributed.core - INFO - Event loop was unresponsive in Worker for 64.07s.  This is often caused by long-running GIL-holding functions or moving large chunks of data. This can cause timeouts and instability.
2024-01-19 09:07:17,620 - distributed.core - INFO - Event loop was unresponsive in Nanny for 72.06s.  This is often caused by long-running GIL-holding functions or moving large chunks of data. This can cause timeouts and instability.
2024-01-19 09:07:23,641 - distributed.core - INFO - Event loop was unresponsive in Nanny for 71.20s.  This is often caused by long-running GIL-holding functions or moving large chunks of data. This can cause timeouts and instability.
2024-01-19 09:08:21,114 - distributed.core - INFO - Event loop was unresponsive in Worker for 131.96s.  This is often caused by long-running GIL-holding functions or moving large chunks of data. This can cause timeouts and instability.
2024-01-19 09:08:24,211 - distributed.core - INFO - Event loop was unresponsive in Nanny for 66.72s.  This is often caused by long-running GIL-holding functions or moving large chunks of data. This can cause timeouts and instability.
2024-01-19 09:08:31,715 - distributed.core - INFO - Event loop was unresponsive in Nanny for 67.88s.  This is often caused by long-running GIL-holding functions or moving large chunks of data. This can cause timeouts and instability.
2024-01-19 09:09:07,169 - distributed.core - INFO - Event loop was unresponsive in Worker for 124.57s.  This is often caused by long-running GIL-holding functions or moving large chunks of data. This can cause timeouts and instability.
2024-01-19 09:09:26,104 - distributed.core - INFO - Event loop was unresponsive in Nanny for 61.82s.  This is often caused by long-running GIL-holding functions or moving large chunks of data. This can cause timeouts and instability.
2024-01-19 09:09:32,479 - distributed.core - INFO - Event loop was unresponsive in Nanny for 60.79s.  This is often caused by long-running GIL-holding functions or moving large chunks of data. This can cause timeouts and instability.
2024-01-19 09:10:23,203 - distributed.core - INFO - Event loop was unresponsive in Worker for 122.09s.  This is often caused by long-running GIL-holding functions or moving large chunks of data. This can cause timeouts and instability.
2024-01-19 09:10:28,355 - distributed.core - INFO - Event loop was unresponsive in Nanny for 62.26s.  This is often caused by long-running GIL-holding functions or moving large chunks of data. This can cause timeouts and instability.
2024-01-19 09:10:34,144 - distributed.core - INFO - Event loop was unresponsive in Nanny for 61.81s.  This is often caused by long-running GIL-holding functions or moving large chunks of data. This can cause timeouts and instability.
2024-01-19 09:11:11,574 - distributed.core - INFO - Event loop was unresponsive in Worker for 123.99s.  This is often caused by long-running GIL-holding functions or moving large chunks of data. This can cause timeouts and instability.
2024-01-19 09:11:33,153 - distributed.core - INFO - Event loop was unresponsive in Nanny for 64.76s.  This is often caused by long-running GIL-holding functions or moving large chunks of data. This can cause timeouts and instability.
2024-01-19 09:11:38,760 - distributed.core - INFO - Event loop was unresponsive in Nanny for 64.47s.  This is often caused by long-running GIL-holding functions or moving large chunks of data. This can cause timeouts and instability.
2024-01-19 09:12:23,323 - distributed.core - INFO - Event loop was unresponsive in Worker for 120.38s.  This is often caused by long-running GIL-holding functions or moving large chunks of data. This can cause timeouts and instability.
2024-01-19 09:12:36,165 - distributed.core - INFO - Event loop was unresponsive in Nanny for 63.22s.  This is often caused by long-running GIL-holding functions or moving large chunks of data. This can cause timeouts and instability.
2024-01-19 09:12:42,693 - distributed.core - INFO - Event loop was unresponsive in Nanny for 63.79s.  This is often caused by long-running GIL-holding functions or moving large chunks of data. This can cause timeouts and instability.
2024-01-19 09:13:16,294 - distributed.core - INFO - Event loop was unresponsive in Worker for 125.26s.  This is often caused by long-running GIL-holding functions or moving large chunks of data. This can cause timeouts and instability.
2024-01-19 09:13:36,871 - distributed.core - INFO - Event loop was unresponsive in Nanny for 60.49s.  This is often caused by long-running GIL-holding functions or moving large chunks of data. This can cause timeouts and instability.
2024-01-19 09:13:42,990 - distributed.core - INFO - Event loop was unresponsive in Nanny for 60.28s.  This is often caused by long-running GIL-holding functions or moving large chunks of data. This can cause timeouts and instability.
2024-01-19 09:14:27,362 - distributed.core - INFO - Event loop was unresponsive in Worker for 124.19s.  This is often caused by long-running GIL-holding functions or moving large chunks of data. This can cause timeouts and instability.
2024-01-19 09:14:33,930 - distributed.core - INFO - Event loop was unresponsive in Nanny for 57.10s.  This is often caused by long-running GIL-holding functions or moving large chunks of data. This can cause timeouts and instability.
2024-01-19 09:14:38,872 - distributed.core - INFO - Event loop was unresponsive in Nanny for 56.16s.  This is often caused by long-running GIL-holding functions or moving large chunks of data. This can cause timeouts and instability.
2024-01-19 09:15:14,266 - distributed.core - INFO - Event loop was unresponsive in Worker for 117.73s.  This is often caused by long-running GIL-holding functions or moving large chunks of data. This can cause timeouts and instability.
2024-01-19 09:15:40,442 - distributed.core - INFO - Event loop was unresponsive in Nanny for 66.26s.  This is often caused by long-running GIL-holding functions or moving large chunks of data. This can cause timeouts and instability.
2024-01-19 09:15:48,260 - distributed.core - INFO - Event loop was unresponsive in Nanny for 69.38s.  This is often caused by long-running GIL-holding functions or moving large chunks of data. This can cause timeouts and instability.
2024-01-19 09:16:36,925 - distributed.core - INFO - Event loop was unresponsive in Worker for 129.19s.  This is often caused by long-running GIL-holding functions or moving large chunks of data. This can cause timeouts and instability.
2024-01-19 09:16:49,347 - distributed.core - INFO - Event loop was unresponsive in Nanny for 69.05s.  This is often caused by long-running GIL-holding functions or moving large chunks of data. This can cause timeouts and instability.
2024-01-19 09:16:55,452 - distributed.core - INFO - Event loop was unresponsive in Nanny for 67.01s.  This is often caused by long-running GIL-holding functions or moving large chunks of data. This can cause timeouts and instability.
2024-01-19 09:17:50,533 - distributed.core - INFO - Event loop was unresponsive in Worker for 156.30s.  This is often caused by long-running GIL-holding functions or moving large chunks of data. This can cause timeouts and instability.
2024-01-19 09:18:06,931 - distributed.core - INFO - Event loop was unresponsive in Nanny for 77.65s.  This is often caused by long-running GIL-holding functions or moving large chunks of data. This can cause timeouts and instability.
2024-01-19 09:18:15,213 - distributed.core - INFO - Event loop was unresponsive in Nanny for 79.79s.  This is often caused by long-running GIL-holding functions or moving large chunks of data. This can cause timeouts and instability.
2024-01-19 09:19:11,176 - distributed.core - INFO - Event loop was unresponsive in Worker for 154.34s.  This is often caused by long-running GIL-holding functions or moving large chunks of data. This can cause timeouts and instability.
2024-01-19 09:19:15,924 - distributed.core - INFO - Event loop was unresponsive in Nanny for 69.10s.  This is often caused by long-running GIL-holding functions or moving large chunks of data. This can cause timeouts and instability.
2024-01-19 09:19:20,891 - distributed.core - INFO - Event loop was unresponsive in Nanny for 65.89s.  This is often caused by long-running GIL-holding functions or moving large chunks of data. This can cause timeouts and instability.
2024-01-19 09:20:24,141 - distributed.core - INFO - Event loop was unresponsive in Nanny for 68.14s.  This is often caused by long-running GIL-holding functions or moving large chunks of data. This can cause timeouts and instability.
2024-01-19 09:20:24,561 - distributed.core - INFO - Event loop was unresponsive in Worker for 153.66s.  This is often caused by long-running GIL-holding functions or moving large chunks of data. This can cause timeouts and instability.
2024-01-19 09:20:34,327 - distributed.core - INFO - Event loop was unresponsive in Nanny for 73.29s.  This is often caused by long-running GIL-holding functions or moving large chunks of data. This can cause timeouts and instability.
2024-01-19 09:21:42,853 - distributed.core - INFO - Event loop was unresponsive in Nanny for 78.63s.  This is often caused by long-running GIL-holding functions or moving large chunks of data. This can cause timeouts and instability.
2024-01-19 09:21:44,404 - distributed.core - INFO - Event loop was unresponsive in Worker for 153.39s.  This is often caused by long-running GIL-holding functions or moving large chunks of data. This can cause timeouts and instability.
2024-01-19 09:21:49,098 - distributed.core - INFO - Event loop was unresponsive in Nanny for 75.04s.  This is often caused by long-running GIL-holding functions or moving large chunks of data. This can cause timeouts and instability.
2024-01-19 09:23:01,185 - distributed.core - INFO - Event loop was unresponsive in Nanny for 78.32s.  This is often caused by long-running GIL-holding functions or moving large chunks of data. This can cause timeouts and instability.
2024-01-19 09:23:08,034 - distributed.core - INFO - Event loop was unresponsive in Worker for 163.60s.  This is often caused by long-running GIL-holding functions or moving large chunks of data. This can cause timeouts and instability.
2024-01-19 09:23:09,855 - distributed.core - INFO - Event loop was unresponsive in Nanny for 80.60s.  This is often caused by long-running GIL-holding functions or moving large chunks of data. This can cause timeouts and instability.
2024-01-19 09:24:29,268 - distributed.core - INFO - Event loop was unresponsive in Nanny for 88.18s.  This is often caused by long-running GIL-holding functions or moving large chunks of data. This can cause timeouts and instability.
2024-01-19 09:24:34,808 - distributed.core - INFO - Event loop was unresponsive in Worker for 170.35s.  This is often caused by long-running GIL-holding functions or moving large chunks of data. This can cause timeouts and instability.
2024-01-19 09:24:37,240 - distributed.core - INFO - Event loop was unresponsive in Nanny for 87.34s.  This is often caused by long-running GIL-holding functions or moving large chunks of data. This can cause timeouts and instability.
2024-01-19 09:24:25,716 - distributed.worker - ERROR - Failed to communicate with scheduler during heartbeat.
Traceback (most recent call last):
  File "/mnt/storage/nobackup/nmb1063/mamba/envs/fegrow/lib/python3.9/site-packages/tornado/iostream.py", line 962, in _handle_write
    num_bytes = self.write_to_fd(self._write_buffer.peek(size))
  File "/mnt/storage/nobackup/nmb1063/mamba/envs/fegrow/lib/python3.9/site-packages/tornado/iostream.py", line 1124, in write_to_fd
    return self.socket.send(data)  # type: ignore
TimeoutError: [Errno 110] Connection timed out

The above exception was the direct cause of the following exception:

Traceback (most recent call last):
  File "/mnt/storage/nobackup/nmb1063/mamba/envs/fegrow/lib/python3.9/site-packages/distributed/worker.py", line 1237, in heartbeat
    response = await retry_operation(
  File "/mnt/storage/nobackup/nmb1063/mamba/envs/fegrow/lib/python3.9/site-packages/distributed/utils_comm.py", line 434, in retry_operation
    return await retry(
  File "/mnt/storage/nobackup/nmb1063/mamba/envs/fegrow/lib/python3.9/site-packages/distributed/utils_comm.py", line 413, in retry
    return await coro()
  File "/mnt/storage/nobackup/nmb1063/mamba/envs/fegrow/lib/python3.9/site-packages/distributed/core.py", line 1227, in send_recv_from_rpc
    return await send_recv(comm=comm, op=key, **kwargs)
  File "/mnt/storage/nobackup/nmb1063/mamba/envs/fegrow/lib/python3.9/site-packages/distributed/core.py", line 986, in send_recv
    response = await comm.read(deserializers=deserializers)
  File "/mnt/storage/nobackup/nmb1063/mamba/envs/fegrow/lib/python3.9/site-packages/distributed/comm/tcp.py", line 241, in read
    convert_stream_closed_error(self, e)
  File "/mnt/storage/nobackup/nmb1063/mamba/envs/fegrow/lib/python3.9/site-packages/distributed/comm/tcp.py", line 142, in convert_stream_closed_error
    raise CommClosedError(f"in {obj}: {exc.__class__.__name__}: {exc}") from exc
distributed.comm.core.CommClosedError: in <TCP (closed) ConnectionPool.heartbeat_worker local=tcp://10.3.89.174:53302 remote=tcp://10.3.88.12:42763>: TimeoutError: [Errno 110] Connection timed out
2024-01-19 09:26:20,144 - distributed.core - INFO - Event loop was unresponsive in Nanny for 110.70s.  This is often caused by long-running GIL-holding functions or moving large chunks of data. This can cause timeouts and instability.
2024-01-19 09:26:29,935 - distributed.core - INFO - Event loop was unresponsive in Nanny for 112.58s.  This is often caused by long-running GIL-holding functions or moving large chunks of data. This can cause timeouts and instability.
2024-01-19 09:27:09,917 - distributed.core - INFO - Connection to tcp://10.3.88.12:42763 has been closed.
2024-01-19 09:27:15,881 - distributed.worker - INFO - Stopping worker at tcp://10.3.89.174:41745. Reason: worker-handle-scheduler-connection-broken
2024-01-19 09:27:41,555 - distributed.core - INFO - Event loop was unresponsive in Nanny for 81.57s.  This is often caused by long-running GIL-holding functions or moving large chunks of data. This can cause timeouts and instability.
2024-01-19 09:27:48,713 - distributed.core - INFO - Event loop was unresponsive in Nanny for 78.81s.  This is often caused by long-running GIL-holding functions or moving large chunks of data. This can cause timeouts and instability.
2024-01-19 09:27:56,013 - distributed.core - INFO - Connection to tcp://10.3.88.12:42763 has been closed.
2024-01-19 09:27:56,013 - distributed.batched - INFO - Batched Comm Closed <TCP (closed) Worker->Scheduler local=tcp://10.3.89.174:53300 remote=tcp://10.3.88.12:42763>
Traceback (most recent call last):
  File "/mnt/storage/nobackup/nmb1063/mamba/envs/fegrow/lib/python3.9/site-packages/distributed/comm/tcp.py", line 317, in write
    raise StreamClosedError()
tornado.iostream.StreamClosedError: Stream is closed

The above exception was the direct cause of the following exception:

Traceback (most recent call last):
  File "/mnt/storage/nobackup/nmb1063/mamba/envs/fegrow/lib/python3.9/site-packages/distributed/batched.py", line 115, in _background_send
    nbytes = yield coro
  File "/mnt/storage/nobackup/nmb1063/mamba/envs/fegrow/lib/python3.9/site-packages/tornado/gen.py", line 767, in run
    value = future.result()
  File "/mnt/storage/nobackup/nmb1063/mamba/envs/fegrow/lib/python3.9/site-packages/distributed/comm/tcp.py", line 328, in write
    convert_stream_closed_error(self, e)
  File "/mnt/storage/nobackup/nmb1063/mamba/envs/fegrow/lib/python3.9/site-packages/distributed/comm/tcp.py", line 144, in convert_stream_closed_error
    raise CommClosedError(f"in {obj}: {exc}") from exc
distributed.comm.core.CommClosedError: in <TCP (closed) Worker->Scheduler local=tcp://10.3.89.174:53300 remote=tcp://10.3.88.12:42763>: Stream is closed
2024-01-19 09:27:56,055 - distributed.worker - INFO - Stopping worker at tcp://10.3.89.174:39341. Reason: worker-handle-scheduler-connection-broken
2024-01-19 09:27:56,088 - distributed.worker - ERROR - Failed to communicate with scheduler during heartbeat.
Traceback (most recent call last):
  File "/mnt/storage/nobackup/nmb1063/mamba/envs/fegrow/lib/python3.9/site-packages/tornado/iostream.py", line 773, in _handle_read
    pos = self._read_to_buffer_loop()
  File "/mnt/storage/nobackup/nmb1063/mamba/envs/fegrow/lib/python3.9/site-packages/tornado/iostream.py", line 750, in _read_to_buffer_loop
    if self._read_to_buffer() == 0:
  File "/mnt/storage/nobackup/nmb1063/mamba/envs/fegrow/lib/python3.9/site-packages/tornado/iostream.py", line 861, in _read_to_buffer
    bytes_read = self.read_from_fd(buf)
  File "/mnt/storage/nobackup/nmb1063/mamba/envs/fegrow/lib/python3.9/site-packages/tornado/iostream.py", line 1116, in read_from_fd
    return self.socket.recv_into(buf, len(buf))
OSError: [Errno 113] No route to host

The above exception was the direct cause of the following exception:

Traceback (most recent call last):
  File "/mnt/storage/nobackup/nmb1063/mamba/envs/fegrow/lib/python3.9/site-packages/distributed/worker.py", line 1237, in heartbeat
    response = await retry_operation(
  File "/mnt/storage/nobackup/nmb1063/mamba/envs/fegrow/lib/python3.9/site-packages/distributed/utils_comm.py", line 434, in retry_operation
    return await retry(
  File "/mnt/storage/nobackup/nmb1063/mamba/envs/fegrow/lib/python3.9/site-packages/distributed/utils_comm.py", line 413, in retry
    return await coro()
  File "/mnt/storage/nobackup/nmb1063/mamba/envs/fegrow/lib/python3.9/site-packages/distributed/core.py", line 1227, in send_recv_from_rpc
    return await send_recv(comm=comm, op=key, **kwargs)
  File "/mnt/storage/nobackup/nmb1063/mamba/envs/fegrow/lib/python3.9/site-packages/distributed/core.py", line 986, in send_recv
    response = await comm.read(deserializers=deserializers)
  File "/mnt/storage/nobackup/nmb1063/mamba/envs/fegrow/lib/python3.9/site-packages/distributed/comm/tcp.py", line 241, in read
    convert_stream_closed_error(self, e)
  File "/mnt/storage/nobackup/nmb1063/mamba/envs/fegrow/lib/python3.9/site-packages/distributed/comm/tcp.py", line 142, in convert_stream_closed_error
    raise CommClosedError(f"in {obj}: {exc.__class__.__name__}: {exc}") from exc
distributed.comm.core.CommClosedError: in <TCP (closed) ConnectionPool.heartbeat_worker local=tcp://10.3.89.174:53304 remote=tcp://10.3.88.12:42763>: OSError: [Errno 113] No route to host
2024-01-19 09:27:56,176 - distributed.core - INFO - Event loop was unresponsive in Nanny for 15.01s.  This is often caused by long-running GIL-holding functions or moving large chunks of data. This can cause timeouts and instability.
2024-01-19 09:27:56,179 - distributed.core - INFO - Event loop was unresponsive in Nanny for 7.88s.  This is often caused by long-running GIL-holding functions or moving large chunks of data. This can cause timeouts and instability.
2024-01-19 09:27:56,173 - distributed.batched - INFO - Batched Comm Closed <TCP (closed) Worker->Scheduler local=tcp://10.3.89.174:53298 remote=tcp://10.3.88.12:42763>
Traceback (most recent call last):
  File "/mnt/storage/nobackup/nmb1063/mamba/envs/fegrow/lib/python3.9/site-packages/distributed/batched.py", line 115, in _background_send
    nbytes = yield coro
  File "/mnt/storage/nobackup/nmb1063/mamba/envs/fegrow/lib/python3.9/site-packages/tornado/gen.py", line 767, in run
    value = future.result()
  File "/mnt/storage/nobackup/nmb1063/mamba/envs/fegrow/lib/python3.9/site-packages/distributed/comm/tcp.py", line 269, in write
    raise CommClosedError()
distributed.comm.core.CommClosedError
2024-01-19 09:27:56,241 - distributed.nanny - INFO - Closing Nanny gracefully at 'tcp://10.3.89.174:36084'. Reason: worker-handle-scheduler-connection-broken
2024-01-19 09:27:56,242 - distributed.nanny - INFO - Closing Nanny gracefully at 'tcp://10.3.89.174:44073'. Reason: worker-handle-scheduler-connection-broken
2024-01-19 09:27:56,288 - distributed.nanny - INFO - Worker closed
2024-01-19 09:27:56,289 - distributed.nanny - INFO - Worker closed
2024-01-19 09:27:58,366 - distributed.nanny - ERROR - Worker process died unexpectedly
2024-01-19 09:27:58,366 - distributed.nanny - ERROR - Worker process died unexpectedly
2024-01-19 09:28:07,267 - distributed.nanny - INFO - Closing Nanny at 'tcp://10.3.89.174:36084'. Reason: nanny-close-gracefully
2024-01-19 09:28:07,269 - distributed.nanny - INFO - Closing Nanny at 'tcp://10.3.89.174:44073'. Reason: nanny-close-gracefully
2024-01-19 09:28:07,271 - distributed.dask_worker - INFO - End worker
