hostname sb007.cluster
ipconfig 1: lo: <LOOPBACK,UP,LOWER_UP> mtu 65536 qdisc noqueue state UNKNOWN group default qlen 1000 link/loopback 00:00:00:00:00:00 brd 00:00:00:00:00:00 inet 127.0.0.1/8 scope host lo valid_lft forever preferred_lft forever inet6 ::1/128 scope host valid_lft forever preferred_lft forever 2: enp4s0f0: <BROADCAST,MULTICAST,UP,LOWER_UP> mtu 9000 qdisc mq state UP group default qlen 1000 link/ether a0:8c:f8:61:07:92 brd ff:ff:ff:ff:ff:ff inet 10.3.81.87/22 brd 10.3.83.255 scope global enp4s0f0 valid_lft forever preferred_lft forever inet6 fe80::a28c:f8ff:fe61:792/64 scope link valid_lft forever preferred_lft forever 3: enp4s0f1: <BROADCAST,MULTICAST> mtu 1500 qdisc noop state DOWN group default qlen 1000 link/ether a0:8c:f8:61:07:93 brd ff:ff:ff:ff:ff:ff 4: enp4s0f2: <BROADCAST,MULTICAST> mtu 1500 qdisc noop state DOWN group default qlen 1000 link/ether a0:8c:f8:61:07:94 brd ff:ff:ff:ff:ff:ff 5: enp4s0f3: <BROADCAST,MULTICAST> mtu 1500 qdisc noop state DOWN group default qlen 1000 link/ether a0:8c:f8:61:07:95 brd ff:ff:ff:ff:ff:ff 6: ib0: <BROADCAST,MULTICAST,UP,LOWER_UP> mtu 4092 qdisc pfifo_fast state UP group default qlen 256 link/infiniband 80:00:00:29:fe:80:00:00:00:00:00:00:88:66:39:03:00:23:bd:d1 brd 00:ff:ff:ff:ff:12:40:1b:ff:ff:00:00:00:00:00:00:ff:ff:ff:ff inet 10.3.89.87/22 brd 10.3.91.255 scope global ib0 valid_lft forever preferred_lft forever inet 10.3.93.87/22 brd 10.3.95.255 scope global ib0:1 valid_lft forever preferred_lft forever inet6 fe80::8a66:3903:23:bdd1/64 scope link valid_lft forever preferred_lft forever 7: ib1: <BROADCAST,MULTICAST> mtu 4092 qdisc noop state DOWN group default qlen 256 link/infiniband 80:00:00:29:fe:80:00:00:00:00:00:00:88:66:39:03:00:23:bd:d2 brd 00:ff:ff:ff:ff:12:40:1b:ff:ff:00:00:00:00:00:00:ff:ff:ff:ff
2024-01-19 02:49:50,594 - distributed.nanny - INFO -         Start Nanny at: 'tcp://10.3.89.87:34139'
2024-01-19 02:49:50,668 - distributed.nanny - INFO -         Start Nanny at: 'tcp://10.3.89.87:39719'
2024-01-19 02:49:52,176 - distributed.diskutils - INFO - Found stale lock file and directory '/scratch/dask-worker-space/worker-3z6p6jkz', purging
2024-01-19 02:49:52,177 - distributed.diskutils - INFO - Found stale lock file and directory '/scratch/dask-worker-space/worker-xmvec3n9', purging
2024-01-19 02:49:52,178 - distributed.diskutils - INFO - Found stale lock file and directory '/scratch/dask-worker-space/worker-yyvmcopf', purging
2024-01-19 02:49:52,178 - distributed.diskutils - INFO - Found stale lock file and directory '/scratch/dask-worker-space/worker-iau4gllb', purging
2024-01-19 02:49:52,178 - distributed.diskutils - INFO - Found stale lock file and directory '/scratch/dask-worker-space/worker-n78hcbir', purging
2024-01-19 02:49:52,178 - distributed.diskutils - INFO - Found stale lock file and directory '/scratch/dask-worker-space/worker-3ugrtgqr', purging
2024-01-19 02:49:52,179 - distributed.diskutils - INFO - Found stale lock file and directory '/scratch/dask-worker-space/worker-yyhn5myw', purging
2024-01-19 02:49:52,179 - distributed.diskutils - INFO - Found stale lock file and directory '/scratch/dask-worker-space/worker-0bby2hqc', purging
2024-01-19 02:49:52,179 - distributed.diskutils - INFO - Found stale lock file and directory '/scratch/dask-worker-space/worker-58sjj47p', purging
2024-01-19 02:49:52,179 - distributed.diskutils - INFO - Found stale lock file and directory '/scratch/dask-worker-space/worker-qdtkfdct', purging
2024-01-19 02:50:10,921 - distributed.worker - INFO -       Start worker at:     tcp://10.3.89.87:46680
2024-01-19 02:50:11,307 - distributed.worker - INFO -          Listening to:     tcp://10.3.89.87:46680
2024-01-19 02:50:11,307 - distributed.worker - INFO -           Worker name:         SLURMCluster-488-0
2024-01-19 02:50:11,307 - distributed.worker - INFO -          dashboard at:           10.3.89.87:38684
2024-01-19 02:50:11,307 - distributed.worker - INFO - Waiting to connect to:     tcp://10.3.88.12:42763
2024-01-19 02:50:11,308 - distributed.worker - INFO - -------------------------------------------------
2024-01-19 02:50:11,308 - distributed.worker - INFO -               Threads:                          2
2024-01-19 02:50:11,308 - distributed.worker - INFO -                Memory:                  10.24 GiB
2024-01-19 02:50:11,308 - distributed.worker - INFO -       Local Directory: /scratch/dask-worker-space/worker-sg9qrsme
2024-01-19 02:50:11,308 - distributed.worker - INFO - -------------------------------------------------
2024-01-19 02:50:11,312 - distributed.worker - INFO -       Start worker at:     tcp://10.3.89.87:40266
2024-01-19 02:50:11,312 - distributed.worker - INFO -          Listening to:     tcp://10.3.89.87:40266
2024-01-19 02:50:11,312 - distributed.worker - INFO -           Worker name:         SLURMCluster-488-1
2024-01-19 02:50:11,312 - distributed.worker - INFO -          dashboard at:           10.3.89.87:45453
2024-01-19 02:50:11,312 - distributed.worker - INFO - Waiting to connect to:     tcp://10.3.88.12:42763
2024-01-19 02:50:11,312 - distributed.worker - INFO - -------------------------------------------------
2024-01-19 02:50:11,312 - distributed.worker - INFO -               Threads:                          2
2024-01-19 02:50:11,312 - distributed.worker - INFO -                Memory:                  10.24 GiB
2024-01-19 02:50:11,313 - distributed.worker - INFO -       Local Directory: /scratch/dask-worker-space/worker-8l4s1rzl
2024-01-19 02:50:11,313 - distributed.worker - INFO - -------------------------------------------------
2024-01-19 02:50:11,403 - distributed.worker - INFO -         Registered to:     tcp://10.3.88.12:42763
2024-01-19 02:50:11,403 - distributed.worker - INFO - -------------------------------------------------
2024-01-19 02:50:11,404 - distributed.core - INFO - Starting established connection to tcp://10.3.88.12:42763
2024-01-19 02:50:11,407 - distributed.worker - INFO -         Registered to:     tcp://10.3.88.12:42763
2024-01-19 02:50:11,407 - distributed.worker - INFO - -------------------------------------------------
2024-01-19 02:50:11,408 - distributed.core - INFO - Starting established connection to tcp://10.3.88.12:42763
2024-01-19 03:36:43,976 - distributed.core - INFO - Event loop was unresponsive in Worker for 65.35s.  This is often caused by long-running GIL-holding functions or moving large chunks of data. This can cause timeouts and instability.
/mnt/storage/nobackup/nmb1063/mamba/envs/fegrow/lib/python3.9/site-packages/parmed/structure.py:1775: UnitStrippedWarning: The unit of the quantity is stripped when downcasting to ndarray.
  coords = np.array(value, dtype=np.float64, copy=False, subok=True)
/mnt/storage/nobackup/nmb1063/mamba/envs/fegrow/lib/python3.9/site-packages/torchani/__init__.py:55: UserWarning: Dependency not satisfied, torchani.ase will not be available
  warnings.warn("Dependency not satisfied, torchani.ase will not be available")
Warning: importing 'simtk.openmm' is deprecated.  Import 'openmm' instead.
2024-01-19 03:37:49,064 - distributed.nanny - INFO - Worker process 21844 was killed by signal 11
2024-01-19 03:37:49,073 - distributed.nanny - WARNING - Restarting worker
2024-01-19 03:37:55,181 - distributed.worker - INFO -       Start worker at:     tcp://10.3.89.87:36017
2024-01-19 03:37:55,182 - distributed.worker - INFO -          Listening to:     tcp://10.3.89.87:36017
2024-01-19 03:37:55,182 - distributed.worker - INFO -           Worker name:         SLURMCluster-488-0
2024-01-19 03:37:55,182 - distributed.worker - INFO -          dashboard at:           10.3.89.87:42043
2024-01-19 03:37:55,182 - distributed.worker - INFO - Waiting to connect to:     tcp://10.3.88.12:42763
2024-01-19 03:37:55,182 - distributed.worker - INFO - -------------------------------------------------
2024-01-19 03:37:55,182 - distributed.worker - INFO -               Threads:                          2
2024-01-19 03:37:55,183 - distributed.worker - INFO -                Memory:                  10.24 GiB
2024-01-19 03:37:55,183 - distributed.worker - INFO -       Local Directory: /scratch/dask-worker-space/worker-7erxcre7
2024-01-19 03:37:55,183 - distributed.worker - INFO - -------------------------------------------------
2024-01-19 03:37:55,215 - distributed.worker - INFO -         Registered to:     tcp://10.3.88.12:42763
2024-01-19 03:37:55,216 - distributed.worker - INFO - -------------------------------------------------
2024-01-19 03:37:55,216 - distributed.core - INFO - Starting established connection to tcp://10.3.88.12:42763
2024-01-19 07:54:32,125 - distributed.core - INFO - Event loop was unresponsive in Worker for 10.09s.  This is often caused by long-running GIL-holding functions or moving large chunks of data. This can cause timeouts and instability.
2024-01-19 09:24:01,497 - distributed.core - INFO - Connection to tcp://10.3.88.12:42763 has been closed.
2024-01-19 09:24:01,532 - distributed.worker - INFO - Stopping worker at tcp://10.3.89.87:40266. Reason: worker-handle-scheduler-connection-broken
2024-01-19 09:24:01,545 - distributed.nanny - INFO - Closing Nanny gracefully at 'tcp://10.3.89.87:39719'. Reason: worker-handle-scheduler-connection-broken
2024-01-19 09:24:01,560 - distributed.worker - ERROR - Failed to communicate with scheduler during heartbeat.
Traceback (most recent call last):
  File "/mnt/storage/nobackup/nmb1063/mamba/envs/fegrow/lib/python3.9/site-packages/distributed/comm/tcp.py", line 225, in read
    frames_nbytes = await stream.read_bytes(fmt_size)
tornado.iostream.StreamClosedError: Stream is closed

The above exception was the direct cause of the following exception:

Traceback (most recent call last):
  File "/mnt/storage/nobackup/nmb1063/mamba/envs/fegrow/lib/python3.9/site-packages/distributed/worker.py", line 1237, in heartbeat
    response = await retry_operation(
  File "/mnt/storage/nobackup/nmb1063/mamba/envs/fegrow/lib/python3.9/site-packages/distributed/utils_comm.py", line 434, in retry_operation
    return await retry(
  File "/mnt/storage/nobackup/nmb1063/mamba/envs/fegrow/lib/python3.9/site-packages/distributed/utils_comm.py", line 413, in retry
    return await coro()
  File "/mnt/storage/nobackup/nmb1063/mamba/envs/fegrow/lib/python3.9/site-packages/distributed/core.py", line 1227, in send_recv_from_rpc
    return await send_recv(comm=comm, op=key, **kwargs)
  File "/mnt/storage/nobackup/nmb1063/mamba/envs/fegrow/lib/python3.9/site-packages/distributed/core.py", line 986, in send_recv
    response = await comm.read(deserializers=deserializers)
  File "/mnt/storage/nobackup/nmb1063/mamba/envs/fegrow/lib/python3.9/site-packages/distributed/comm/tcp.py", line 241, in read
    convert_stream_closed_error(self, e)
  File "/mnt/storage/nobackup/nmb1063/mamba/envs/fegrow/lib/python3.9/site-packages/distributed/comm/tcp.py", line 144, in convert_stream_closed_error
    raise CommClosedError(f"in {obj}: {exc}") from exc
distributed.comm.core.CommClosedError: in <TCP (closed) ConnectionPool.heartbeat_worker local=tcp://10.3.89.87:41292 remote=tcp://10.3.88.12:42763>: Stream is closed
2024-01-19 09:24:01,574 - distributed.nanny - INFO - Worker closed
2024-01-19 09:24:03,580 - distributed.nanny - ERROR - Worker process died unexpectedly
2024-01-19 09:24:07,886 - distributed.nanny - INFO - Closing Nanny at 'tcp://10.3.89.87:39719'. Reason: nanny-close-gracefully
2024-01-19 09:24:32,176 - distributed.worker - ERROR - Failed to communicate with scheduler during heartbeat.
Traceback (most recent call last):
  File "/mnt/storage/nobackup/nmb1063/mamba/envs/fegrow/lib/python3.9/site-packages/tornado/iostream.py", line 861, in _read_to_buffer
    bytes_read = self.read_from_fd(buf)
  File "/mnt/storage/nobackup/nmb1063/mamba/envs/fegrow/lib/python3.9/site-packages/tornado/iostream.py", line 1116, in read_from_fd
    return self.socket.recv_into(buf, len(buf))
TimeoutError: [Errno 110] Connection timed out

The above exception was the direct cause of the following exception:

Traceback (most recent call last):
  File "/mnt/storage/nobackup/nmb1063/mamba/envs/fegrow/lib/python3.9/site-packages/distributed/worker.py", line 1237, in heartbeat
    response = await retry_operation(
  File "/mnt/storage/nobackup/nmb1063/mamba/envs/fegrow/lib/python3.9/site-packages/distributed/utils_comm.py", line 434, in retry_operation
    return await retry(
  File "/mnt/storage/nobackup/nmb1063/mamba/envs/fegrow/lib/python3.9/site-packages/distributed/utils_comm.py", line 413, in retry
    return await coro()
  File "/mnt/storage/nobackup/nmb1063/mamba/envs/fegrow/lib/python3.9/site-packages/distributed/core.py", line 1227, in send_recv_from_rpc
    return await send_recv(comm=comm, op=key, **kwargs)
  File "/mnt/storage/nobackup/nmb1063/mamba/envs/fegrow/lib/python3.9/site-packages/distributed/core.py", line 986, in send_recv
    response = await comm.read(deserializers=deserializers)
  File "/mnt/storage/nobackup/nmb1063/mamba/envs/fegrow/lib/python3.9/site-packages/distributed/comm/tcp.py", line 241, in read
    convert_stream_closed_error(self, e)
  File "/mnt/storage/nobackup/nmb1063/mamba/envs/fegrow/lib/python3.9/site-packages/distributed/comm/tcp.py", line 142, in convert_stream_closed_error
    raise CommClosedError(f"in {obj}: {exc.__class__.__name__}: {exc}") from exc
distributed.comm.core.CommClosedError: in <TCP (closed) ConnectionPool.heartbeat_worker local=tcp://10.3.89.87:41502 remote=tcp://10.3.88.12:42763>: TimeoutError: [Errno 110] Connection timed out
2024-01-19 09:24:33,904 - distributed.core - INFO - Connection to tcp://10.3.88.12:42763 has been closed.
2024-01-19 09:24:33,904 - distributed.worker - INFO - Stopping worker at tcp://10.3.89.87:36017. Reason: worker-handle-scheduler-connection-broken
2024-01-19 09:24:33,907 - distributed.nanny - INFO - Closing Nanny gracefully at 'tcp://10.3.89.87:34139'. Reason: worker-handle-scheduler-connection-broken
2024-01-19 09:24:33,913 - distributed.nanny - INFO - Worker closed
2024-01-19 09:24:35,915 - distributed.nanny - ERROR - Worker process died unexpectedly
2024-01-19 09:24:36,208 - distributed.nanny - INFO - Closing Nanny at 'tcp://10.3.89.87:34139'. Reason: nanny-close-gracefully
2024-01-19 09:24:36,210 - distributed.dask_worker - INFO - End worker
