hostname sb021.cluster
ipconfig 1: lo: <LOOPBACK,UP,LOWER_UP> mtu 65536 qdisc noqueue state UNKNOWN group default qlen 1000 link/loopback 00:00:00:00:00:00 brd 00:00:00:00:00:00 inet 127.0.0.1/8 scope host lo valid_lft forever preferred_lft forever inet6 ::1/128 scope host valid_lft forever preferred_lft forever 2: enp4s0f0: <BROADCAST,MULTICAST,UP,LOWER_UP> mtu 9000 qdisc mq state UP group default qlen 1000 link/ether a0:8c:f8:74:c8:d0 brd ff:ff:ff:ff:ff:ff inet 10.3.81.101/22 brd 10.3.83.255 scope global enp4s0f0 valid_lft forever preferred_lft forever inet6 fe80::a28c:f8ff:fe74:c8d0/64 scope link valid_lft forever preferred_lft forever 3: enp4s0f1: <BROADCAST,MULTICAST> mtu 1500 qdisc noop state DOWN group default qlen 1000 link/ether a0:8c:f8:74:c8:d1 brd ff:ff:ff:ff:ff:ff 4: enp4s0f2: <BROADCAST,MULTICAST> mtu 1500 qdisc noop state DOWN group default qlen 1000 link/ether a0:8c:f8:74:c8:d2 brd ff:ff:ff:ff:ff:ff 5: enp4s0f3: <BROADCAST,MULTICAST> mtu 1500 qdisc noop state DOWN group default qlen 1000 link/ether a0:8c:f8:74:c8:d3 brd ff:ff:ff:ff:ff:ff 6: ib0: <BROADCAST,MULTICAST,UP,LOWER_UP> mtu 4092 qdisc pfifo_fast state UP group default qlen 256 link/infiniband 80:00:00:29:fe:80:00:00:00:00:00:00:38:bc:01:03:00:4c:f6:00 brd 00:ff:ff:ff:ff:12:40:1b:ff:ff:00:00:00:00:00:00:ff:ff:ff:ff inet 10.3.89.101/22 brd 10.3.91.255 scope global ib0 valid_lft forever preferred_lft forever inet 10.3.93.101/22 brd 10.3.95.255 scope global ib0:1 valid_lft forever preferred_lft forever inet6 fe80::3abc:103:4c:f600/64 scope link valid_lft forever preferred_lft forever 7: ib1: <NO-CARRIER,BROADCAST,MULTICAST,UP> mtu 4092 qdisc pfifo_fast state DOWN group default qlen 256 link/infiniband 80:00:00:29:fe:80:00:00:00:00:00:00:38:bc:01:03:00:4c:f6:01 brd 00:ff:ff:ff:ff:12:40:1b:ff:ff:00:00:00:00:00:00:ff:ff:ff:ff
2024-01-19 08:25:24,404 - distributed.nanny - INFO -         Start Nanny at: 'tcp://10.3.89.101:41328'
2024-01-19 08:25:24,423 - distributed.nanny - INFO -         Start Nanny at: 'tcp://10.3.89.101:36213'
2024-01-19 08:25:26,153 - distributed.diskutils - INFO - Found stale lock file and directory '/scratch/dask-worker-space/worker-9ji6nrnq', purging
2024-01-19 08:25:26,154 - distributed.diskutils - INFO - Found stale lock file and directory '/scratch/dask-worker-space/worker-tbzu9cmw', purging
2024-01-19 08:25:26,155 - distributed.diskutils - INFO - Found stale lock file and directory '/scratch/dask-worker-space/worker-bv6wb956', purging
2024-01-19 08:25:26,155 - distributed.diskutils - INFO - Found stale lock file and directory '/scratch/dask-worker-space/worker-9gt62l56', purging
2024-01-19 08:25:26,155 - distributed.diskutils - INFO - Found stale lock file and directory '/scratch/dask-worker-space/worker-i47_w1qp', purging
2024-01-19 08:25:26,155 - distributed.diskutils - INFO - Found stale lock file and directory '/scratch/dask-worker-space/worker-_1_6i039', purging
2024-01-19 08:25:26,156 - distributed.diskutils - INFO - Found stale lock file and directory '/scratch/dask-worker-space/worker-y5jkmrso', purging
2024-01-19 08:25:26,156 - distributed.diskutils - INFO - Found stale lock file and directory '/scratch/dask-worker-space/worker-6thd5mmn', purging
2024-01-19 08:25:31,818 - distributed.worker - INFO -       Start worker at:    tcp://10.3.89.101:45103
2024-01-19 08:25:31,818 - distributed.worker - INFO -       Start worker at:    tcp://10.3.89.101:33260
2024-01-19 08:25:31,819 - distributed.worker - INFO -          Listening to:    tcp://10.3.89.101:45103
2024-01-19 08:25:31,819 - distributed.worker - INFO -          Listening to:    tcp://10.3.89.101:33260
2024-01-19 08:25:31,819 - distributed.worker - INFO -           Worker name:         SLURMCluster-494-0
2024-01-19 08:25:31,819 - distributed.worker - INFO -           Worker name:         SLURMCluster-494-1
2024-01-19 08:25:31,819 - distributed.worker - INFO -          dashboard at:          10.3.89.101:36387
2024-01-19 08:25:31,819 - distributed.worker - INFO -          dashboard at:          10.3.89.101:34973
2024-01-19 08:25:31,819 - distributed.worker - INFO - Waiting to connect to:     tcp://10.3.88.12:42763
2024-01-19 08:25:31,819 - distributed.worker - INFO - Waiting to connect to:     tcp://10.3.88.12:42763
2024-01-19 08:25:31,819 - distributed.worker - INFO - -------------------------------------------------
2024-01-19 08:25:31,819 - distributed.worker - INFO - -------------------------------------------------
2024-01-19 08:25:31,819 - distributed.worker - INFO -               Threads:                          2
2024-01-19 08:25:31,819 - distributed.worker - INFO -               Threads:                          2
2024-01-19 08:25:31,820 - distributed.worker - INFO -                Memory:                  10.24 GiB
2024-01-19 08:25:31,820 - distributed.worker - INFO -                Memory:                  10.24 GiB
2024-01-19 08:25:31,820 - distributed.worker - INFO -       Local Directory: /scratch/dask-worker-space/worker-5mu3axe7
2024-01-19 08:25:31,820 - distributed.worker - INFO -       Local Directory: /scratch/dask-worker-space/worker-of8nmlkd
2024-01-19 08:25:31,820 - distributed.worker - INFO - -------------------------------------------------
2024-01-19 08:25:31,820 - distributed.worker - INFO - -------------------------------------------------
2024-01-19 08:25:31,900 - distributed.worker - INFO -         Registered to:     tcp://10.3.88.12:42763
2024-01-19 08:25:31,900 - distributed.worker - INFO - -------------------------------------------------
2024-01-19 08:25:31,901 - distributed.core - INFO - Starting established connection to tcp://10.3.88.12:42763
2024-01-19 08:25:31,905 - distributed.worker - INFO -         Registered to:     tcp://10.3.88.12:42763
2024-01-19 08:25:31,905 - distributed.worker - INFO - -------------------------------------------------
2024-01-19 08:25:31,906 - distributed.core - INFO - Starting established connection to tcp://10.3.88.12:42763
2024-01-19 09:24:01,966 - distributed.core - INFO - Connection to tcp://10.3.88.12:42763 has been closed.
2024-01-19 09:24:01,966 - distributed.core - INFO - Connection to tcp://10.3.88.12:42763 has been closed.
2024-01-19 09:24:01,975 - distributed.worker - INFO - Stopping worker at tcp://10.3.89.101:45103. Reason: worker-handle-scheduler-connection-broken
2024-01-19 09:24:01,975 - distributed.worker - INFO - Stopping worker at tcp://10.3.89.101:33260. Reason: worker-handle-scheduler-connection-broken
2024-01-19 09:24:01,979 - distributed.nanny - INFO - Closing Nanny gracefully at 'tcp://10.3.89.101:41328'. Reason: worker-handle-scheduler-connection-broken
2024-01-19 09:24:01,980 - distributed.nanny - INFO - Closing Nanny gracefully at 'tcp://10.3.89.101:36213'. Reason: worker-handle-scheduler-connection-broken
2024-01-19 09:24:01,983 - distributed.worker - ERROR - Failed to communicate with scheduler during heartbeat.
Traceback (most recent call last):
  File "/mnt/storage/nobackup/nmb1063/mamba/envs/fegrow/lib/python3.9/site-packages/distributed/comm/tcp.py", line 225, in read
    frames_nbytes = await stream.read_bytes(fmt_size)
tornado.iostream.StreamClosedError: Stream is closed

The above exception was the direct cause of the following exception:

Traceback (most recent call last):
  File "/mnt/storage/nobackup/nmb1063/mamba/envs/fegrow/lib/python3.9/site-packages/distributed/worker.py", line 1237, in heartbeat
    response = await retry_operation(
  File "/mnt/storage/nobackup/nmb1063/mamba/envs/fegrow/lib/python3.9/site-packages/distributed/utils_comm.py", line 434, in retry_operation
    return await retry(
  File "/mnt/storage/nobackup/nmb1063/mamba/envs/fegrow/lib/python3.9/site-packages/distributed/utils_comm.py", line 413, in retry
    return await coro()
  File "/mnt/storage/nobackup/nmb1063/mamba/envs/fegrow/lib/python3.9/site-packages/distributed/core.py", line 1227, in send_recv_from_rpc
    return await send_recv(comm=comm, op=key, **kwargs)
  File "/mnt/storage/nobackup/nmb1063/mamba/envs/fegrow/lib/python3.9/site-packages/distributed/core.py", line 986, in send_recv
    response = await comm.read(deserializers=deserializers)
  File "/mnt/storage/nobackup/nmb1063/mamba/envs/fegrow/lib/python3.9/site-packages/distributed/comm/tcp.py", line 241, in read
    convert_stream_closed_error(self, e)
  File "/mnt/storage/nobackup/nmb1063/mamba/envs/fegrow/lib/python3.9/site-packages/distributed/comm/tcp.py", line 144, in convert_stream_closed_error
    raise CommClosedError(f"in {obj}: {exc}") from exc
distributed.comm.core.CommClosedError: in <TCP (closed) ConnectionPool.heartbeat_worker local=tcp://10.3.89.101:46042 remote=tcp://10.3.88.12:42763>: Stream is closed
2024-01-19 09:24:01,983 - distributed.worker - ERROR - Failed to communicate with scheduler during heartbeat.
Traceback (most recent call last):
  File "/mnt/storage/nobackup/nmb1063/mamba/envs/fegrow/lib/python3.9/site-packages/distributed/comm/tcp.py", line 225, in read
    frames_nbytes = await stream.read_bytes(fmt_size)
tornado.iostream.StreamClosedError: Stream is closed

The above exception was the direct cause of the following exception:

Traceback (most recent call last):
  File "/mnt/storage/nobackup/nmb1063/mamba/envs/fegrow/lib/python3.9/site-packages/distributed/worker.py", line 1237, in heartbeat
    response = await retry_operation(
  File "/mnt/storage/nobackup/nmb1063/mamba/envs/fegrow/lib/python3.9/site-packages/distributed/utils_comm.py", line 434, in retry_operation
    return await retry(
  File "/mnt/storage/nobackup/nmb1063/mamba/envs/fegrow/lib/python3.9/site-packages/distributed/utils_comm.py", line 413, in retry
    return await coro()
  File "/mnt/storage/nobackup/nmb1063/mamba/envs/fegrow/lib/python3.9/site-packages/distributed/core.py", line 1227, in send_recv_from_rpc
    return await send_recv(comm=comm, op=key, **kwargs)
  File "/mnt/storage/nobackup/nmb1063/mamba/envs/fegrow/lib/python3.9/site-packages/distributed/core.py", line 986, in send_recv
    response = await comm.read(deserializers=deserializers)
  File "/mnt/storage/nobackup/nmb1063/mamba/envs/fegrow/lib/python3.9/site-packages/distributed/comm/tcp.py", line 241, in read
    convert_stream_closed_error(self, e)
  File "/mnt/storage/nobackup/nmb1063/mamba/envs/fegrow/lib/python3.9/site-packages/distributed/comm/tcp.py", line 144, in convert_stream_closed_error
    raise CommClosedError(f"in {obj}: {exc}") from exc
distributed.comm.core.CommClosedError: in <TCP (closed) ConnectionPool.heartbeat_worker local=tcp://10.3.89.101:46044 remote=tcp://10.3.88.12:42763>: Stream is closed
2024-01-19 09:24:01,989 - distributed.nanny - INFO - Worker closed
2024-01-19 09:24:01,989 - distributed.nanny - INFO - Worker closed
2024-01-19 09:24:04,514 - distributed.nanny - INFO - Closing Nanny at 'tcp://10.3.89.101:36213'. Reason: nanny-close-gracefully
2024-01-19 09:24:04,514 - distributed.nanny - INFO - Closing Nanny at 'tcp://10.3.89.101:41328'. Reason: nanny-close-gracefully
2024-01-19 09:24:04,515 - distributed.dask_worker - INFO - End worker
