hostname sb054.cluster
ipconfig 1: lo: <LOOPBACK,UP,LOWER_UP> mtu 65536 qdisc noqueue state UNKNOWN group default qlen 1000 link/loopback 00:00:00:00:00:00 brd 00:00:00:00:00:00 inet 127.0.0.1/8 scope host lo valid_lft forever preferred_lft forever inet6 ::1/128 scope host valid_lft forever preferred_lft forever 2: enp4s0f0: <BROADCAST,MULTICAST,UP,LOWER_UP> mtu 9000 qdisc mq state UP group default qlen 1000 link/ether a0:8c:f8:74:c8:c8 brd ff:ff:ff:ff:ff:ff inet 10.3.81.134/22 brd 10.3.83.255 scope global enp4s0f0 valid_lft forever preferred_lft forever inet6 fe80::a28c:f8ff:fe74:c8c8/64 scope link valid_lft forever preferred_lft forever 3: enp4s0f1: <BROADCAST,MULTICAST> mtu 1500 qdisc noop state DOWN group default qlen 1000 link/ether a0:8c:f8:74:c8:c9 brd ff:ff:ff:ff:ff:ff 4: enp4s0f2: <BROADCAST,MULTICAST> mtu 1500 qdisc noop state DOWN group default qlen 1000 link/ether a0:8c:f8:74:c8:ca brd ff:ff:ff:ff:ff:ff 5: enp4s0f3: <BROADCAST,MULTICAST> mtu 1500 qdisc noop state DOWN group default qlen 1000 link/ether a0:8c:f8:74:c8:cb brd ff:ff:ff:ff:ff:ff 6: ib0: <BROADCAST,MULTICAST,UP,LOWER_UP> mtu 4092 qdisc pfifo_fast state UP group default qlen 256 link/infiniband 80:00:00:29:fe:80:00:00:00:00:00:00:38:bc:01:03:00:4c:f4:a0 brd 00:ff:ff:ff:ff:12:40:1b:ff:ff:00:00:00:00:00:00:ff:ff:ff:ff inet 10.3.89.134/22 brd 10.3.91.255 scope global ib0 valid_lft forever preferred_lft forever inet 10.3.97.134/22 brd 10.3.99.255 scope global ib0:1 valid_lft forever preferred_lft forever inet6 fe80::3abc:103:4c:f4a0/64 scope link valid_lft forever preferred_lft forever 7: ib1: <BROADCAST,MULTICAST> mtu 4092 qdisc noop state DOWN group default qlen 256 link/infiniband 80:00:00:29:fe:80:00:00:00:00:00:00:38:bc:01:03:00:4c:f4:a1 brd 00:ff:ff:ff:ff:12:40:1b:ff:ff:00:00:00:00:00:00:ff:ff:ff:ff
2024-01-19 05:15:37,438 - distributed.nanny - INFO -         Start Nanny at: 'tcp://10.3.89.134:38997'
2024-01-19 05:15:37,621 - distributed.nanny - INFO -         Start Nanny at: 'tcp://10.3.89.134:34516'
2024-01-19 05:15:39,145 - distributed.diskutils - INFO - Found stale lock file and directory '/scratch/dask-worker-space/worker-c9hgw5w2', purging
2024-01-19 05:15:39,146 - distributed.diskutils - INFO - Found stale lock file and directory '/scratch/dask-worker-space/worker-f9w12zzp', purging
2024-01-19 05:15:49,639 - distributed.worker - INFO -       Start worker at:    tcp://10.3.89.134:36679
2024-01-19 05:15:49,639 - distributed.worker - INFO -       Start worker at:    tcp://10.3.89.134:46005
2024-01-19 05:15:49,640 - distributed.worker - INFO -          Listening to:    tcp://10.3.89.134:36679
2024-01-19 05:15:49,640 - distributed.worker - INFO -          Listening to:    tcp://10.3.89.134:46005
2024-01-19 05:15:49,640 - distributed.worker - INFO -           Worker name:          SLURMCluster-91-0
2024-01-19 05:15:49,640 - distributed.worker - INFO -           Worker name:          SLURMCluster-91-1
2024-01-19 05:15:49,640 - distributed.worker - INFO -          dashboard at:          10.3.89.134:44230
2024-01-19 05:15:49,640 - distributed.worker - INFO -          dashboard at:          10.3.89.134:41492
2024-01-19 05:15:49,640 - distributed.worker - INFO - Waiting to connect to:     tcp://10.3.88.12:42763
2024-01-19 05:15:49,640 - distributed.worker - INFO - Waiting to connect to:     tcp://10.3.88.12:42763
2024-01-19 05:15:49,640 - distributed.worker - INFO - -------------------------------------------------
2024-01-19 05:15:49,640 - distributed.worker - INFO - -------------------------------------------------
2024-01-19 05:15:49,640 - distributed.worker - INFO -               Threads:                          2
2024-01-19 05:15:49,640 - distributed.worker - INFO -               Threads:                          2
2024-01-19 05:15:49,640 - distributed.worker - INFO -                Memory:                  10.24 GiB
2024-01-19 05:15:49,640 - distributed.worker - INFO -                Memory:                  10.24 GiB
2024-01-19 05:15:49,640 - distributed.worker - INFO -       Local Directory: /scratch/dask-worker-space/worker-ej9k5w8i
2024-01-19 05:15:49,640 - distributed.worker - INFO -       Local Directory: /scratch/dask-worker-space/worker-x9g3vz2u
2024-01-19 05:15:49,640 - distributed.worker - INFO - -------------------------------------------------
2024-01-19 05:15:49,640 - distributed.worker - INFO - -------------------------------------------------
2024-01-19 05:15:49,693 - distributed.worker - INFO -         Registered to:     tcp://10.3.88.12:42763
2024-01-19 05:15:49,694 - distributed.worker - INFO - -------------------------------------------------
2024-01-19 05:15:49,694 - distributed.core - INFO - Starting established connection to tcp://10.3.88.12:42763
2024-01-19 05:15:49,698 - distributed.worker - INFO -         Registered to:     tcp://10.3.88.12:42763
2024-01-19 05:15:49,698 - distributed.worker - INFO - -------------------------------------------------
2024-01-19 05:15:49,699 - distributed.core - INFO - Starting established connection to tcp://10.3.88.12:42763
2024-01-19 05:37:54,423 - distributed.core - INFO - Event loop was unresponsive in Worker for 63.60s.  This is often caused by long-running GIL-holding functions or moving large chunks of data. This can cause timeouts and instability.
2024-01-19 05:37:54,430 - distributed.comm.tcp - INFO - Connection from tcp://10.3.89.138:60274 closed before handshake completed
2024-01-19 05:37:54,431 - distributed.comm.tcp - INFO - Connection from tcp://10.3.89.101:56270 closed before handshake completed
2024-01-19 05:37:54,431 - distributed.comm.tcp - INFO - Connection from tcp://10.3.89.118:36346 closed before handshake completed
2024-01-19 05:37:54,431 - distributed.comm.tcp - INFO - Connection from tcp://10.3.89.170:59236 closed before handshake completed
2024-01-19 05:37:54,431 - distributed.comm.tcp - INFO - Connection from tcp://10.3.89.156:52258 closed before handshake completed
2024-01-19 05:37:54,432 - distributed.comm.tcp - INFO - Connection from tcp://10.3.89.110:52422 closed before handshake completed
2024-01-19 05:37:54,432 - distributed.comm.tcp - INFO - Connection from tcp://10.3.89.86:50946 closed before handshake completed
2024-01-19 05:37:54,432 - distributed.comm.tcp - INFO - Connection from tcp://10.3.89.153:47118 closed before handshake completed
2024-01-19 05:37:54,432 - distributed.comm.tcp - INFO - Connection from tcp://10.3.89.163:51614 closed before handshake completed
2024-01-19 05:37:54,432 - distributed.comm.tcp - INFO - Connection from tcp://10.3.89.172:34594 closed before handshake completed
2024-01-19 05:37:54,432 - distributed.comm.tcp - INFO - Connection from tcp://10.3.89.124:43854 closed before handshake completed
2024-01-19 05:37:54,432 - distributed.comm.tcp - INFO - Connection from tcp://10.3.89.104:53736 closed before handshake completed
2024-01-19 05:37:54,432 - distributed.comm.tcp - INFO - Connection from tcp://10.3.89.172:34598 closed before handshake completed
2024-01-19 05:37:54,432 - distributed.comm.tcp - INFO - Connection from tcp://10.3.89.99:46332 closed before handshake completed
2024-01-19 05:37:54,432 - distributed.comm.tcp - INFO - Connection from tcp://10.3.89.127:52742 closed before handshake completed
2024-01-19 05:37:54,432 - distributed.comm.tcp - INFO - Connection from tcp://10.3.89.162:41750 closed before handshake completed
2024-01-19 05:37:54,432 - distributed.comm.tcp - INFO - Connection from tcp://10.3.89.110:52426 closed before handshake completed
2024-01-19 05:37:54,433 - distributed.comm.tcp - INFO - Connection from tcp://10.3.89.127:52748 closed before handshake completed
2024-01-19 05:37:54,433 - distributed.comm.tcp - INFO - Connection from tcp://10.3.89.101:56274 closed before handshake completed
2024-01-19 05:37:54,433 - distributed.comm.tcp - INFO - Connection from tcp://10.3.89.176:54474 closed before handshake completed
2024-01-19 05:37:54,433 - distributed.comm.tcp - INFO - Connection from tcp://10.3.89.110:52430 closed before handshake completed
2024-01-19 05:37:54,433 - distributed.comm.tcp - INFO - Connection from tcp://10.3.89.178:45168 closed before handshake completed
2024-01-19 05:37:54,433 - distributed.comm.tcp - INFO - Connection from tcp://10.3.89.121:55844 closed before handshake completed
/mnt/storage/nobackup/nmb1063/mamba/envs/fegrow/lib/python3.9/site-packages/parmed/structure.py:1775: UnitStrippedWarning: The unit of the quantity is stripped when downcasting to ndarray.
  coords = np.array(value, dtype=np.float64, copy=False, subok=True)
/mnt/storage/nobackup/nmb1063/mamba/envs/fegrow/lib/python3.9/site-packages/torchani/__init__.py:55: UserWarning: Dependency not satisfied, torchani.ase will not be available
  warnings.warn("Dependency not satisfied, torchani.ase will not be available")
Warning: importing 'simtk.openmm' is deprecated.  Import 'openmm' instead.
2024-01-19 05:38:52,578 - distributed.nanny - INFO - Worker process 13192 was killed by signal 11
2024-01-19 05:38:52,585 - distributed.nanny - WARNING - Restarting worker
2024-01-19 05:38:55,240 - distributed.worker - INFO -       Start worker at:    tcp://10.3.89.134:36162
2024-01-19 05:38:55,241 - distributed.worker - INFO -          Listening to:    tcp://10.3.89.134:36162
2024-01-19 05:38:55,241 - distributed.worker - INFO -           Worker name:          SLURMCluster-91-0
2024-01-19 05:38:55,241 - distributed.worker - INFO -          dashboard at:          10.3.89.134:46344
2024-01-19 05:38:55,241 - distributed.worker - INFO - Waiting to connect to:     tcp://10.3.88.12:42763
2024-01-19 05:38:55,241 - distributed.worker - INFO - -------------------------------------------------
2024-01-19 05:38:55,241 - distributed.worker - INFO -               Threads:                          2
2024-01-19 05:38:55,241 - distributed.worker - INFO -                Memory:                  10.24 GiB
2024-01-19 05:38:55,241 - distributed.worker - INFO -       Local Directory: /scratch/dask-worker-space/worker-5rp5zt7b
2024-01-19 05:38:55,242 - distributed.worker - INFO - -------------------------------------------------
2024-01-19 05:38:55,267 - distributed.worker - INFO -         Registered to:     tcp://10.3.88.12:42763
2024-01-19 05:38:55,267 - distributed.worker - INFO - -------------------------------------------------
2024-01-19 05:38:55,268 - distributed.core - INFO - Starting established connection to tcp://10.3.88.12:42763
2024-01-19 06:14:40,320 - distributed.core - INFO - Event loop was unresponsive in Worker for 9.05s.  This is often caused by long-running GIL-holding functions or moving large chunks of data. This can cause timeouts and instability.
/mnt/storage/nobackup/nmb1063/mamba/envs/fegrow/lib/python3.9/site-packages/parmed/structure.py:1775: UnitStrippedWarning: The unit of the quantity is stripped when downcasting to ndarray.
  coords = np.array(value, dtype=np.float64, copy=False, subok=True)
/mnt/storage/nobackup/nmb1063/mamba/envs/fegrow/lib/python3.9/site-packages/torchani/__init__.py:55: UserWarning: Dependency not satisfied, torchani.ase will not be available
  warnings.warn("Dependency not satisfied, torchani.ase will not be available")
Warning: importing 'simtk.openmm' is deprecated.  Import 'openmm' instead.
TIME changed dir: 0.0s
TIME changed dir: 0.0s
Generated 48 conformers. 
Removed 37 conformers. 
Generated 26 conformers. 
Removed 19 conformers. 
using ani2x
/mnt/storage/nobackup/nmb1063/mamba/envs/fegrow/lib/python3.9/site-packages/torchani/resources/
failed to equip `nnpops` with error: No module named 'NNPOps'
Optimising conformer:   0%|                               | 0/7 [00:00<?, ?it/s][W BinaryOps.cpp:601] Warning: floor_divide is deprecated, and will be removed in a future version of pytorch. It currently rounds toward 0 (like the 'trunc' function NOT 'floor'). This results in incorrect rounding for negative values.
To keep the current behavior, use torch.div(a, b, rounding_mode='trunc'), or for actual floor division, use torch.div(a, b, rounding_mode='floor'). (function operator())
Optimising conformer:  14%|â–ˆâ–ˆâ–ˆâ–Ž                   | 1/7 [00:04<00:24,  4.00s/it]Using force field

Optimising conformer:   0%|                              | 0/11 [00:00<?, ?it/s][A
Optimising conformer:   9%|â–ˆâ–ˆ                    | 1/11 [00:01<00:17,  1.80s/it][AOptimising conformer:  29%|â–ˆâ–ˆâ–ˆâ–ˆâ–ˆâ–ˆâ–Œ                | 2/7 [00:08<00:21,  4.40s/it]
Optimising conformer:  18%|â–ˆâ–ˆâ–ˆâ–ˆ                  | 2/11 [00:03<00:16,  1.88s/it][A
Optimising conformer:  27%|â–ˆâ–ˆâ–ˆâ–ˆâ–ˆâ–ˆ                | 3/11 [00:04<00:11,  1.39s/it][AOptimising conformer:  43%|â–ˆâ–ˆâ–ˆâ–ˆâ–ˆâ–ˆâ–ˆâ–ˆâ–ˆâ–Š             | 3/7 [00:10<00:12,  3.23s/it]
Optimising conformer:  36%|â–ˆâ–ˆâ–ˆâ–ˆâ–ˆâ–ˆâ–ˆâ–ˆ              | 4/11 [00:06<00:10,  1.43s/it][A
Optimising conformer:  45%|â–ˆâ–ˆâ–ˆâ–ˆâ–ˆâ–ˆâ–ˆâ–ˆâ–ˆâ–ˆ            | 5/11 [00:06<00:07,  1.23s/it][AOptimising conformer:  57%|â–ˆâ–ˆâ–ˆâ–ˆâ–ˆâ–ˆâ–ˆâ–ˆâ–ˆâ–ˆâ–ˆâ–ˆâ–ˆâ–         | 4/7 [00:12<00:08,  2.92s/it]
Optimising conformer:  55%|â–ˆâ–ˆâ–ˆâ–ˆâ–ˆâ–ˆâ–ˆâ–ˆâ–ˆâ–ˆâ–ˆâ–ˆ          | 6/11 [00:07<00:05,  1.04s/it][A
Optimising conformer:  64%|â–ˆâ–ˆâ–ˆâ–ˆâ–ˆâ–ˆâ–ˆâ–ˆâ–ˆâ–ˆâ–ˆâ–ˆâ–ˆâ–ˆ        | 7/11 [00:09<00:05,  1.47s/it][A
Optimising conformer:  73%|â–ˆâ–ˆâ–ˆâ–ˆâ–ˆâ–ˆâ–ˆâ–ˆâ–ˆâ–ˆâ–ˆâ–ˆâ–ˆâ–ˆâ–ˆâ–ˆ      | 8/11 [00:11<00:04,  1.40s/it][A
Optimising conformer:  82%|â–ˆâ–ˆâ–ˆâ–ˆâ–ˆâ–ˆâ–ˆâ–ˆâ–ˆâ–ˆâ–ˆâ–ˆâ–ˆâ–ˆâ–ˆâ–ˆâ–ˆâ–ˆ    | 9/11 [00:12<00:02,  1.35s/it][A
Optimising conformer:  91%|â–ˆâ–ˆâ–ˆâ–ˆâ–ˆâ–ˆâ–ˆâ–ˆâ–ˆâ–ˆâ–ˆâ–ˆâ–ˆâ–ˆâ–ˆâ–ˆâ–ˆâ–ˆâ–ˆ  | 10/11 [00:14<00:01,  1.43s/it][A
Optimising conformer: 100%|â–ˆâ–ˆâ–ˆâ–ˆâ–ˆâ–ˆâ–ˆâ–ˆâ–ˆâ–ˆâ–ˆâ–ˆâ–ˆâ–ˆâ–ˆâ–ˆâ–ˆâ–ˆâ–ˆâ–ˆâ–ˆ| 11/11 [00:14<00:00,  1.25s/it][AOptimising conformer: 100%|â–ˆâ–ˆâ–ˆâ–ˆâ–ˆâ–ˆâ–ˆâ–ˆâ–ˆâ–ˆâ–ˆâ–ˆâ–ˆâ–ˆâ–ˆâ–ˆâ–ˆâ–ˆâ–ˆâ–ˆâ–ˆ| 11/11 [00:14<00:00,  1.35s/it]
Optimising conformer:  71%|â–ˆâ–ˆâ–ˆâ–ˆâ–ˆâ–ˆâ–ˆâ–ˆâ–ˆâ–ˆâ–ˆâ–ˆâ–ˆâ–ˆâ–ˆâ–ˆâ–      | 5/7 [00:21<00:09,  4.80s/it]2024-01-19 06:15:37,800 - distributed.utils_perf - INFO - full garbage collection released 19.87 MiB from 287533 reference cycles (threshold: 9.54 MiB)
Optimising conformer:  86%|â–ˆâ–ˆâ–ˆâ–ˆâ–ˆâ–ˆâ–ˆâ–ˆâ–ˆâ–ˆâ–ˆâ–ˆâ–ˆâ–ˆâ–ˆâ–ˆâ–ˆâ–ˆâ–ˆâ–‹   | 6/7 [00:23<00:04,  4.02s/it]Optimising conformer: 100%|â–ˆâ–ˆâ–ˆâ–ˆâ–ˆâ–ˆâ–ˆâ–ˆâ–ˆâ–ˆâ–ˆâ–ˆâ–ˆâ–ˆâ–ˆâ–ˆâ–ˆâ–ˆâ–ˆâ–ˆâ–ˆâ–ˆâ–ˆ| 7/7 [00:27<00:00,  3.97s/it]Optimising conformer: 100%|â–ˆâ–ˆâ–ˆâ–ˆâ–ˆâ–ˆâ–ˆâ–ˆâ–ˆâ–ˆâ–ˆâ–ˆâ–ˆâ–ˆâ–ˆâ–ˆâ–ˆâ–ˆâ–ˆâ–ˆâ–ˆâ–ˆâ–ˆ| 7/7 [00:27<00:00,  3.92s/it]
Warning (not error because allow_undefined_stereo=True): RDMol has unspecified stereochemistry. Bonds with undefined stereochemistry are:
 - Bond 1 (atoms 1-2 of element (C-C)

/mnt/storage/nobackup/nmb1063/mamba/envs/fegrow/lib/python3.9/site-packages/parmed/structure.py:1775: UnitStrippedWarning: The unit of the quantity is stripped when downcasting to ndarray.
  coords = np.array(value, dtype=np.float64, copy=False, subok=True)
Warning (not error because allow_undefined_stereo=True): RDMol has unspecified stereochemistry. Bonds with undefined stereochemistry are:
 - Bond 1 (atoms 1-2 of element (C-C)

Warning (not error because allow_undefined_stereo=True): RDMol has unspecified stereochemistry. Bonds with undefined stereochemistry are:
 - Bond 1 (atoms 1-2 of element (C-C)

/mnt/storage/nobackup/nmb1063/mamba/envs/fegrow/lib/python3.9/site-packages/parmed/structure.py:1775: UnitStrippedWarning: The unit of the quantity is stripped when downcasting to ndarray.
  coords = np.array(value, dtype=np.float64, copy=False, subok=True)
Warning (not error because allow_undefined_stereo=True): RDMol has unspecified stereochemistry. Bonds with undefined stereochemistry are:
 - Bond 1 (atoms 1-2 of element (C-C)

TIME Completed the molecule generation in 62.9s.
TIME Completed the molecule generation in 71.7s.
TIME changed dir: 0.0s
TIME changed dir: 0.0s
Generated 22 conformers. 
Removed 11 conformers. 
Generated 31 conformers. 
Removed 22 conformers. 
using ani2x
/mnt/storage/nobackup/nmb1063/mamba/envs/fegrow/lib/python3.9/site-packages/torchani/resources/
failed to equip `nnpops` with error: No module named 'NNPOps'
Optimising conformer:   0%|                              | 0/11 [00:00<?, ?it/s]Optimising conformer:   9%|â–ˆâ–ˆ                    | 1/11 [00:02<00:22,  2.26s/it]Optimising conformer:  18%|â–ˆâ–ˆâ–ˆâ–ˆ                  | 2/11 [00:03<00:13,  1.55s/it]Optimising conformer:  27%|â–ˆâ–ˆâ–ˆâ–ˆâ–ˆâ–ˆ                | 3/11 [00:04<00:10,  1.33s/it]Optimising conformer:  36%|â–ˆâ–ˆâ–ˆâ–ˆâ–ˆâ–ˆâ–ˆâ–ˆ              | 4/11 [00:05<00:09,  1.37s/it]Optimising conformer:  45%|â–ˆâ–ˆâ–ˆâ–ˆâ–ˆâ–ˆâ–ˆâ–ˆâ–ˆâ–ˆ            | 5/11 [00:08<00:10,  1.76s/it]Optimising conformer:  55%|â–ˆâ–ˆâ–ˆâ–ˆâ–ˆâ–ˆâ–ˆâ–ˆâ–ˆâ–ˆâ–ˆâ–ˆ          | 6/11 [00:11<00:11,  2.30s/it]Optimising conformer:  64%|â–ˆâ–ˆâ–ˆâ–ˆâ–ˆâ–ˆâ–ˆâ–ˆâ–ˆâ–ˆâ–ˆâ–ˆâ–ˆâ–ˆ        | 7/11 [00:14<00:09,  2.36s/it]Optimising conformer:  73%|â–ˆâ–ˆâ–ˆâ–ˆâ–ˆâ–ˆâ–ˆâ–ˆâ–ˆâ–ˆâ–ˆâ–ˆâ–ˆâ–ˆâ–ˆâ–ˆ      | 8/11 [00:15<00:05,  1.95s/it]Optimising conformer:  82%|â–ˆâ–ˆâ–ˆâ–ˆâ–ˆâ–ˆâ–ˆâ–ˆâ–ˆâ–ˆâ–ˆâ–ˆâ–ˆâ–ˆâ–ˆâ–ˆâ–ˆâ–ˆ    | 9/11 [00:16<00:03,  1.79s/it]Optimising conformer:  91%|â–ˆâ–ˆâ–ˆâ–ˆâ–ˆâ–ˆâ–ˆâ–ˆâ–ˆâ–ˆâ–ˆâ–ˆâ–ˆâ–ˆâ–ˆâ–ˆâ–ˆâ–ˆâ–ˆ  | 10/11 [00:28<00:04,  4.97s/it]Optimising conformer: 100%|â–ˆâ–ˆâ–ˆâ–ˆâ–ˆâ–ˆâ–ˆâ–ˆâ–ˆâ–ˆâ–ˆâ–ˆâ–ˆâ–ˆâ–ˆâ–ˆâ–ˆâ–ˆâ–ˆâ–ˆâ–ˆ| 11/11 [00:30<00:00,  4.08s/it]Optimising conformer: 100%|â–ˆâ–ˆâ–ˆâ–ˆâ–ˆâ–ˆâ–ˆâ–ˆâ–ˆâ–ˆâ–ˆâ–ˆâ–ˆâ–ˆâ–ˆâ–ˆâ–ˆâ–ˆâ–ˆâ–ˆâ–ˆ| 11/11 [00:30<00:00,  2.80s/it]
using ani2x
/mnt/storage/nobackup/nmb1063/mamba/envs/fegrow/lib/python3.9/site-packages/torchani/resources/
failed to equip `nnpops` with error: No module named 'NNPOps'
Optimising conformer:   0%|                               | 0/9 [00:00<?, ?it/s]Optimising conformer:  11%|â–ˆâ–ˆâ–Œ                    | 1/9 [00:02<00:18,  2.26s/it]Optimising conformer:  22%|â–ˆâ–ˆâ–ˆâ–ˆâ–ˆ                  | 2/9 [00:04<00:14,  2.09s/it]Optimising conformer:  33%|â–ˆâ–ˆâ–ˆâ–ˆâ–ˆâ–ˆâ–ˆâ–‹               | 3/9 [00:06<00:12,  2.03s/it]Optimising conformer:  44%|â–ˆâ–ˆâ–ˆâ–ˆâ–ˆâ–ˆâ–ˆâ–ˆâ–ˆâ–ˆâ–            | 4/9 [00:07<00:08,  1.68s/it]Optimising conformer:  56%|â–ˆâ–ˆâ–ˆâ–ˆâ–ˆâ–ˆâ–ˆâ–ˆâ–ˆâ–ˆâ–ˆâ–ˆâ–Š          | 5/9 [00:08<00:05,  1.48s/it]Optimising conformer:  67%|â–ˆâ–ˆâ–ˆâ–ˆâ–ˆâ–ˆâ–ˆâ–ˆâ–ˆâ–ˆâ–ˆâ–ˆâ–ˆâ–ˆâ–ˆâ–Ž       | 6/9 [00:09<00:04,  1.36s/it]Optimising conformer:  78%|â–ˆâ–ˆâ–ˆâ–ˆâ–ˆâ–ˆâ–ˆâ–ˆâ–ˆâ–ˆâ–ˆâ–ˆâ–ˆâ–ˆâ–ˆâ–ˆâ–ˆâ–‰     | 7/9 [00:11<00:03,  1.53s/it]Optimising conformer:  89%|â–ˆâ–ˆâ–ˆâ–ˆâ–ˆâ–ˆâ–ˆâ–ˆâ–ˆâ–ˆâ–ˆâ–ˆâ–ˆâ–ˆâ–ˆâ–ˆâ–ˆâ–ˆâ–ˆâ–ˆâ–  | 8/9 [00:12<00:01,  1.36s/it]Optimising conformer: 100%|â–ˆâ–ˆâ–ˆâ–ˆâ–ˆâ–ˆâ–ˆâ–ˆâ–ˆâ–ˆâ–ˆâ–ˆâ–ˆâ–ˆâ–ˆâ–ˆâ–ˆâ–ˆâ–ˆâ–ˆâ–ˆâ–ˆâ–ˆ| 9/9 [00:14<00:00,  1.42s/it]Optimising conformer: 100%|â–ˆâ–ˆâ–ˆâ–ˆâ–ˆâ–ˆâ–ˆâ–ˆâ–ˆâ–ˆâ–ˆâ–ˆâ–ˆâ–ˆâ–ˆâ–ˆâ–ˆâ–ˆâ–ˆâ–ˆâ–ˆâ–ˆâ–ˆ| 9/9 [00:14<00:00,  1.56s/it]
/mnt/storage/nobackup/nmb1063/mamba/envs/fegrow/lib/python3.9/site-packages/parmed/structure.py:1775: UnitStrippedWarning: The unit of the quantity is stripped when downcasting to ndarray.
  coords = np.array(value, dtype=np.float64, copy=False, subok=True)
TIME Completed the molecule generation in 96.9s.
TIME Completed the molecule generation in 104.6s.
TIME changed dir: 0.0s
TIME changed dir: 0.0s
Generated 15 conformers. 
Generated 8 conformers. 
Removed 7 conformers. 
Removed 11 conformers. 
using ani2x
/mnt/storage/nobackup/nmb1063/mamba/envs/fegrow/lib/python3.9/site-packages/torchani/resources/
failed to equip `nnpops` with error: No module named 'NNPOps'
Optimising conformer:   0%|                               | 0/1 [00:00<?, ?it/s]Optimising conformer: 100%|â–ˆâ–ˆâ–ˆâ–ˆâ–ˆâ–ˆâ–ˆâ–ˆâ–ˆâ–ˆâ–ˆâ–ˆâ–ˆâ–ˆâ–ˆâ–ˆâ–ˆâ–ˆâ–ˆâ–ˆâ–ˆâ–ˆâ–ˆ| 1/1 [00:03<00:00,  3.17s/it]Optimising conformer: 100%|â–ˆâ–ˆâ–ˆâ–ˆâ–ˆâ–ˆâ–ˆâ–ˆâ–ˆâ–ˆâ–ˆâ–ˆâ–ˆâ–ˆâ–ˆâ–ˆâ–ˆâ–ˆâ–ˆâ–ˆâ–ˆâ–ˆâ–ˆ| 1/1 [00:03<00:00,  3.17s/it]
using ani2x
TIME Completed the molecule generation in 82.1s.
/mnt/storage/nobackup/nmb1063/mamba/envs/fegrow/lib/python3.9/site-packages/torchani/resources/
failed to equip `nnpops` with error: No module named 'NNPOps'
Optimising conformer:   0%|                               | 0/4 [00:00<?, ?it/s]Optimising conformer:  25%|â–ˆâ–ˆâ–ˆâ–ˆâ–ˆâ–Š                 | 1/4 [00:03<00:09,  3.30s/it]Optimising conformer:  50%|â–ˆâ–ˆâ–ˆâ–ˆâ–ˆâ–ˆâ–ˆâ–ˆâ–ˆâ–ˆâ–ˆâ–Œ           | 2/4 [00:05<00:05,  2.65s/it]Optimising conformer:  75%|â–ˆâ–ˆâ–ˆâ–ˆâ–ˆâ–ˆâ–ˆâ–ˆâ–ˆâ–ˆâ–ˆâ–ˆâ–ˆâ–ˆâ–ˆâ–ˆâ–ˆâ–Ž     | 3/4 [00:08<00:02,  2.77s/it]Optimising conformer: 100%|â–ˆâ–ˆâ–ˆâ–ˆâ–ˆâ–ˆâ–ˆâ–ˆâ–ˆâ–ˆâ–ˆâ–ˆâ–ˆâ–ˆâ–ˆâ–ˆâ–ˆâ–ˆâ–ˆâ–ˆâ–ˆâ–ˆâ–ˆ| 4/4 [00:10<00:00,  2.57s/it]Optimising conformer: 100%|â–ˆâ–ˆâ–ˆâ–ˆâ–ˆâ–ˆâ–ˆâ–ˆâ–ˆâ–ˆâ–ˆâ–ˆâ–ˆâ–ˆâ–ˆâ–ˆâ–ˆâ–ˆâ–ˆâ–ˆâ–ˆâ–ˆâ–ˆ| 4/4 [00:10<00:00,  2.67s/it]
2024-01-19 09:24:31,301 - distributed.worker - ERROR - Failed to communicate with scheduler during heartbeat.
Traceback (most recent call last):
  File "/mnt/storage/nobackup/nmb1063/mamba/envs/fegrow/lib/python3.9/site-packages/tornado/iostream.py", line 861, in _read_to_buffer
    bytes_read = self.read_from_fd(buf)
  File "/mnt/storage/nobackup/nmb1063/mamba/envs/fegrow/lib/python3.9/site-packages/tornado/iostream.py", line 1116, in read_from_fd
    return self.socket.recv_into(buf, len(buf))
TimeoutError: [Errno 110] Connection timed out

The above exception was the direct cause of the following exception:

Traceback (most recent call last):
  File "/mnt/storage/nobackup/nmb1063/mamba/envs/fegrow/lib/python3.9/site-packages/distributed/worker.py", line 1237, in heartbeat
    response = await retry_operation(
  File "/mnt/storage/nobackup/nmb1063/mamba/envs/fegrow/lib/python3.9/site-packages/distributed/utils_comm.py", line 434, in retry_operation
    return await retry(
  File "/mnt/storage/nobackup/nmb1063/mamba/envs/fegrow/lib/python3.9/site-packages/distributed/utils_comm.py", line 413, in retry
    return await coro()
  File "/mnt/storage/nobackup/nmb1063/mamba/envs/fegrow/lib/python3.9/site-packages/distributed/core.py", line 1227, in send_recv_from_rpc
    return await send_recv(comm=comm, op=key, **kwargs)
  File "/mnt/storage/nobackup/nmb1063/mamba/envs/fegrow/lib/python3.9/site-packages/distributed/core.py", line 986, in send_recv
    response = await comm.read(deserializers=deserializers)
  File "/mnt/storage/nobackup/nmb1063/mamba/envs/fegrow/lib/python3.9/site-packages/distributed/comm/tcp.py", line 241, in read
    convert_stream_closed_error(self, e)
  File "/mnt/storage/nobackup/nmb1063/mamba/envs/fegrow/lib/python3.9/site-packages/distributed/comm/tcp.py", line 142, in convert_stream_closed_error
    raise CommClosedError(f"in {obj}: {exc.__class__.__name__}: {exc}") from exc
distributed.comm.core.CommClosedError: in <TCP (closed) ConnectionPool.heartbeat_worker local=tcp://10.3.89.134:56964 remote=tcp://10.3.88.12:42763>: TimeoutError: [Errno 110] Connection timed out
2024-01-19 09:24:32,260 - distributed.worker - ERROR - Failed to communicate with scheduler during heartbeat.
Traceback (most recent call last):
  File "/mnt/storage/nobackup/nmb1063/mamba/envs/fegrow/lib/python3.9/site-packages/tornado/iostream.py", line 861, in _read_to_buffer
    bytes_read = self.read_from_fd(buf)
  File "/mnt/storage/nobackup/nmb1063/mamba/envs/fegrow/lib/python3.9/site-packages/tornado/iostream.py", line 1116, in read_from_fd
    return self.socket.recv_into(buf, len(buf))
TimeoutError: [Errno 110] Connection timed out

The above exception was the direct cause of the following exception:

Traceback (most recent call last):
  File "/mnt/storage/nobackup/nmb1063/mamba/envs/fegrow/lib/python3.9/site-packages/distributed/worker.py", line 1237, in heartbeat
    response = await retry_operation(
  File "/mnt/storage/nobackup/nmb1063/mamba/envs/fegrow/lib/python3.9/site-packages/distributed/utils_comm.py", line 434, in retry_operation
    return await retry(
  File "/mnt/storage/nobackup/nmb1063/mamba/envs/fegrow/lib/python3.9/site-packages/distributed/utils_comm.py", line 413, in retry
    return await coro()
  File "/mnt/storage/nobackup/nmb1063/mamba/envs/fegrow/lib/python3.9/site-packages/distributed/core.py", line 1227, in send_recv_from_rpc
    return await send_recv(comm=comm, op=key, **kwargs)
  File "/mnt/storage/nobackup/nmb1063/mamba/envs/fegrow/lib/python3.9/site-packages/distributed/core.py", line 986, in send_recv
    response = await comm.read(deserializers=deserializers)
  File "/mnt/storage/nobackup/nmb1063/mamba/envs/fegrow/lib/python3.9/site-packages/distributed/comm/tcp.py", line 241, in read
    convert_stream_closed_error(self, e)
  File "/mnt/storage/nobackup/nmb1063/mamba/envs/fegrow/lib/python3.9/site-packages/distributed/comm/tcp.py", line 142, in convert_stream_closed_error
    raise CommClosedError(f"in {obj}: {exc.__class__.__name__}: {exc}") from exc
distributed.comm.core.CommClosedError: in <TCP (closed) ConnectionPool.heartbeat_worker local=tcp://10.3.89.134:56912 remote=tcp://10.3.88.12:42763>: TimeoutError: [Errno 110] Connection timed out
2024-01-19 09:24:41,284 - distributed.core - INFO - Connection to tcp://10.3.88.12:42763 has been closed.
2024-01-19 09:24:41,285 - distributed.worker - INFO - Stopping worker at tcp://10.3.89.134:46005. Reason: worker-handle-scheduler-connection-broken
2024-01-19 09:24:41,298 - distributed.nanny - INFO - Closing Nanny gracefully at 'tcp://10.3.89.134:34516'. Reason: worker-handle-scheduler-connection-broken
2024-01-19 09:24:41,314 - distributed.worker - ERROR - Failed to communicate with scheduler during heartbeat.
Traceback (most recent call last):
  File "/mnt/storage/nobackup/nmb1063/mamba/envs/fegrow/lib/python3.9/site-packages/distributed/core.py", line 1389, in _connect
    comm = await connect(
  File "/mnt/storage/nobackup/nmb1063/mamba/envs/fegrow/lib/python3.9/site-packages/distributed/comm/core.py", line 291, in connect
    comm = await asyncio.wait_for(
  File "/mnt/storage/nobackup/nmb1063/mamba/envs/fegrow/lib/python3.9/asyncio/tasks.py", line 466, in wait_for
    await waiter
asyncio.exceptions.CancelledError

During handling of the above exception, another exception occurred:

Traceback (most recent call last):
  File "/mnt/storage/nobackup/nmb1063/mamba/envs/fegrow/lib/python3.9/site-packages/distributed/worker.py", line 1237, in heartbeat
    response = await retry_operation(
  File "/mnt/storage/nobackup/nmb1063/mamba/envs/fegrow/lib/python3.9/site-packages/distributed/utils_comm.py", line 434, in retry_operation
    return await retry(
  File "/mnt/storage/nobackup/nmb1063/mamba/envs/fegrow/lib/python3.9/site-packages/distributed/utils_comm.py", line 413, in retry
    return await coro()
  File "/mnt/storage/nobackup/nmb1063/mamba/envs/fegrow/lib/python3.9/site-packages/distributed/core.py", line 1224, in send_recv_from_rpc
    comm = await self.pool.connect(self.addr)
  File "/mnt/storage/nobackup/nmb1063/mamba/envs/fegrow/lib/python3.9/site-packages/distributed/core.py", line 1468, in connect
    return await connect_attempt
  File "/mnt/storage/nobackup/nmb1063/mamba/envs/fegrow/lib/python3.9/site-packages/distributed/core.py", line 1412, in _connect
    raise CommClosedError(reason)
distributed.comm.core.CommClosedError: ConnectionPool closing.
2024-01-19 09:24:41,328 - distributed.nanny - INFO - Worker closed
2024-01-19 09:24:43,338 - distributed.nanny - ERROR - Worker process died unexpectedly
2024-01-19 09:24:44,170 - distributed.nanny - INFO - Closing Nanny at 'tcp://10.3.89.134:34516'. Reason: nanny-close-gracefully
2024-01-19 09:24:46,851 - distributed.core - INFO - Connection to tcp://10.3.88.12:42763 has been closed.
2024-01-19 09:24:46,853 - distributed.worker - INFO - Stopping worker at tcp://10.3.89.134:36162. Reason: worker-handle-scheduler-connection-broken
2024-01-19 09:24:46,855 - distributed.nanny - INFO - Closing Nanny gracefully at 'tcp://10.3.89.134:38997'. Reason: worker-handle-scheduler-connection-broken
2024-01-19 09:24:46,868 - distributed.worker - ERROR - Failed to communicate with scheduler during heartbeat.
Traceback (most recent call last):
  File "/mnt/storage/nobackup/nmb1063/mamba/envs/fegrow/lib/python3.9/site-packages/distributed/core.py", line 1389, in _connect
    comm = await connect(
  File "/mnt/storage/nobackup/nmb1063/mamba/envs/fegrow/lib/python3.9/site-packages/distributed/comm/core.py", line 291, in connect
    comm = await asyncio.wait_for(
  File "/mnt/storage/nobackup/nmb1063/mamba/envs/fegrow/lib/python3.9/asyncio/tasks.py", line 466, in wait_for
    await waiter
asyncio.exceptions.CancelledError

During handling of the above exception, another exception occurred:

Traceback (most recent call last):
  File "/mnt/storage/nobackup/nmb1063/mamba/envs/fegrow/lib/python3.9/site-packages/distributed/worker.py", line 1237, in heartbeat
    response = await retry_operation(
  File "/mnt/storage/nobackup/nmb1063/mamba/envs/fegrow/lib/python3.9/site-packages/distributed/utils_comm.py", line 434, in retry_operation
    return await retry(
  File "/mnt/storage/nobackup/nmb1063/mamba/envs/fegrow/lib/python3.9/site-packages/distributed/utils_comm.py", line 413, in retry
    return await coro()
  File "/mnt/storage/nobackup/nmb1063/mamba/envs/fegrow/lib/python3.9/site-packages/distributed/core.py", line 1224, in send_recv_from_rpc
    comm = await self.pool.connect(self.addr)
  File "/mnt/storage/nobackup/nmb1063/mamba/envs/fegrow/lib/python3.9/site-packages/distributed/core.py", line 1468, in connect
    return await connect_attempt
  File "/mnt/storage/nobackup/nmb1063/mamba/envs/fegrow/lib/python3.9/site-packages/distributed/core.py", line 1412, in _connect
    raise CommClosedError(reason)
distributed.comm.core.CommClosedError: ConnectionPool closing.
2024-01-19 09:24:46,888 - distributed.nanny - INFO - Worker closed
2024-01-19 09:24:48,891 - distributed.nanny - ERROR - Worker process died unexpectedly
TIME Completed the molecule generation in 107.1s.
2024-01-19 09:24:51,475 - distributed.nanny - INFO - Closing Nanny at 'tcp://10.3.89.134:38997'. Reason: nanny-close-gracefully
2024-01-19 09:24:51,477 - distributed.dask_worker - INFO - End worker
