hostname sb015.cluster
ipconfig 1: lo: <LOOPBACK,UP,LOWER_UP> mtu 65536 qdisc noqueue state UNKNOWN group default qlen 1000 link/loopback 00:00:00:00:00:00 brd 00:00:00:00:00:00 inet 127.0.0.1/8 scope host lo valid_lft forever preferred_lft forever inet6 ::1/128 scope host valid_lft forever preferred_lft forever 2: enp4s0f0: <BROADCAST,MULTICAST,UP,LOWER_UP> mtu 9000 qdisc mq state UP group default qlen 1000 link/ether a0:8c:f8:61:07:ba brd ff:ff:ff:ff:ff:ff inet 10.3.81.95/22 brd 10.3.83.255 scope global enp4s0f0 valid_lft forever preferred_lft forever inet6 fe80::a28c:f8ff:fe61:7ba/64 scope link valid_lft forever preferred_lft forever 3: enp4s0f1: <BROADCAST,MULTICAST> mtu 1500 qdisc noop state DOWN group default qlen 1000 link/ether a0:8c:f8:61:07:bb brd ff:ff:ff:ff:ff:ff 4: enp4s0f2: <BROADCAST,MULTICAST> mtu 1500 qdisc noop state DOWN group default qlen 1000 link/ether a0:8c:f8:61:07:bc brd ff:ff:ff:ff:ff:ff 5: enp4s0f3: <BROADCAST,MULTICAST> mtu 1500 qdisc noop state DOWN group default qlen 1000 link/ether a0:8c:f8:61:07:bd brd ff:ff:ff:ff:ff:ff 6: ib0: <BROADCAST,MULTICAST,UP,LOWER_UP> mtu 4092 qdisc pfifo_fast state UP group default qlen 256 link/infiniband 80:00:00:29:fe:80:00:00:00:00:00:00:88:66:39:03:00:23:bc:d1 brd 00:ff:ff:ff:ff:12:40:1b:ff:ff:00:00:00:00:00:00:ff:ff:ff:ff inet 10.3.89.95/22 brd 10.3.91.255 scope global ib0 valid_lft forever preferred_lft forever inet 10.3.93.95/22 brd 10.3.95.255 scope global ib0:1 valid_lft forever preferred_lft forever inet6 fe80::8a66:3903:23:bcd1/64 scope link valid_lft forever preferred_lft forever 7: ib1: <NO-CARRIER,BROADCAST,MULTICAST,UP> mtu 4092 qdisc pfifo_fast state DOWN group default qlen 256 link/infiniband 80:00:00:29:fe:80:00:00:00:00:00:00:88:66:39:03:00:23:bc:d2 brd 00:ff:ff:ff:ff:12:40:1b:ff:ff:00:00:00:00:00:00:ff:ff:ff:ff
2024-01-18 20:13:36,552 - distributed.nanny - INFO -         Start Nanny at: 'tcp://10.3.89.95:38956'
2024-01-18 20:13:36,592 - distributed.nanny - INFO -         Start Nanny at: 'tcp://10.3.89.95:41182'
2024-01-18 20:13:52,348 - distributed.worker - INFO -       Start worker at:     tcp://10.3.89.95:38859
2024-01-18 20:13:52,348 - distributed.worker - INFO -       Start worker at:     tcp://10.3.89.95:46194
2024-01-18 20:13:52,349 - distributed.worker - INFO -          Listening to:     tcp://10.3.89.95:38859
2024-01-18 20:13:52,349 - distributed.worker - INFO -          Listening to:     tcp://10.3.89.95:46194
2024-01-18 20:13:52,349 - distributed.worker - INFO -           Worker name:         SLURMCluster-208-1
2024-01-18 20:13:52,349 - distributed.worker - INFO -           Worker name:         SLURMCluster-208-0
2024-01-18 20:13:52,349 - distributed.worker - INFO -          dashboard at:           10.3.89.95:41904
2024-01-18 20:13:52,349 - distributed.worker - INFO -          dashboard at:           10.3.89.95:43947
2024-01-18 20:13:52,349 - distributed.worker - INFO - Waiting to connect to:     tcp://10.3.88.12:42763
2024-01-18 20:13:52,349 - distributed.worker - INFO - Waiting to connect to:     tcp://10.3.88.12:42763
2024-01-18 20:13:52,349 - distributed.worker - INFO - -------------------------------------------------
2024-01-18 20:13:52,349 - distributed.worker - INFO - -------------------------------------------------
2024-01-18 20:13:52,349 - distributed.worker - INFO -               Threads:                          2
2024-01-18 20:13:52,349 - distributed.worker - INFO -               Threads:                          2
2024-01-18 20:13:52,349 - distributed.worker - INFO -                Memory:                  10.24 GiB
2024-01-18 20:13:52,349 - distributed.worker - INFO -                Memory:                  10.24 GiB
2024-01-18 20:13:52,349 - distributed.worker - INFO -       Local Directory: /scratch/dask-worker-space/worker-t773wfzf
2024-01-18 20:13:52,349 - distributed.worker - INFO -       Local Directory: /scratch/dask-worker-space/worker-vollw84k
2024-01-18 20:13:52,349 - distributed.worker - INFO - -------------------------------------------------
2024-01-18 20:13:52,349 - distributed.worker - INFO - -------------------------------------------------
2024-01-18 20:13:52,406 - distributed.worker - INFO -         Registered to:     tcp://10.3.88.12:42763
2024-01-18 20:13:52,406 - distributed.worker - INFO - -------------------------------------------------
2024-01-18 20:13:52,406 - distributed.core - INFO - Starting established connection to tcp://10.3.88.12:42763
2024-01-18 20:13:52,427 - distributed.worker - INFO -         Registered to:     tcp://10.3.88.12:42763
2024-01-18 20:13:52,427 - distributed.worker - INFO - -------------------------------------------------
2024-01-18 20:13:52,428 - distributed.core - INFO - Starting established connection to tcp://10.3.88.12:42763
2024-01-18 20:54:46,274 - distributed.core - INFO - Event loop was unresponsive in Worker for 65.83s.  This is often caused by long-running GIL-holding functions or moving large chunks of data. This can cause timeouts and instability.
/mnt/storage/nobackup/nmb1063/mamba/envs/fegrow/lib/python3.9/site-packages/parmed/structure.py:1775: UnitStrippedWarning: The unit of the quantity is stripped when downcasting to ndarray.
  coords = np.array(value, dtype=np.float64, copy=False, subok=True)
/mnt/storage/nobackup/nmb1063/mamba/envs/fegrow/lib/python3.9/site-packages/torchani/__init__.py:55: UserWarning: Dependency not satisfied, torchani.ase will not be available
  warnings.warn("Dependency not satisfied, torchani.ase will not be available")
Warning: importing 'simtk.openmm' is deprecated.  Import 'openmm' instead.
2024-01-18 20:55:35,154 - distributed.nanny - INFO - Worker process 44899 was killed by signal 11
2024-01-18 20:55:35,159 - distributed.nanny - WARNING - Restarting worker
2024-01-18 20:55:39,059 - distributed.worker - INFO -       Start worker at:     tcp://10.3.89.95:38803
2024-01-18 20:55:39,060 - distributed.worker - INFO -          Listening to:     tcp://10.3.89.95:38803
2024-01-18 20:55:39,060 - distributed.worker - INFO -           Worker name:         SLURMCluster-208-0
2024-01-18 20:55:39,061 - distributed.worker - INFO -          dashboard at:           10.3.89.95:46251
2024-01-18 20:55:39,061 - distributed.worker - INFO - Waiting to connect to:     tcp://10.3.88.12:42763
2024-01-18 20:55:39,061 - distributed.worker - INFO - -------------------------------------------------
2024-01-18 20:55:39,061 - distributed.worker - INFO -               Threads:                          2
2024-01-18 20:55:39,061 - distributed.worker - INFO -                Memory:                  10.24 GiB
2024-01-18 20:55:39,061 - distributed.worker - INFO -       Local Directory: /scratch/dask-worker-space/worker-0cpcyvos
2024-01-18 20:55:39,061 - distributed.worker - INFO - -------------------------------------------------
2024-01-18 20:55:39,091 - distributed.worker - INFO -         Registered to:     tcp://10.3.88.12:42763
2024-01-18 20:55:39,091 - distributed.worker - INFO - -------------------------------------------------
2024-01-18 20:55:39,092 - distributed.core - INFO - Starting established connection to tcp://10.3.88.12:42763
2024-01-19 09:24:30,658 - distributed.core - INFO - Connection to tcp://10.3.88.12:42763 has been closed.
2024-01-19 09:24:30,667 - distributed.worker - INFO - Stopping worker at tcp://10.3.89.95:38803. Reason: worker-handle-scheduler-connection-broken
2024-01-19 09:24:30,672 - distributed.nanny - INFO - Closing Nanny gracefully at 'tcp://10.3.89.95:38956'. Reason: worker-handle-scheduler-connection-broken
2024-01-19 09:24:30,680 - distributed.worker - ERROR - Failed to communicate with scheduler during heartbeat.
Traceback (most recent call last):
  File "/mnt/storage/nobackup/nmb1063/mamba/envs/fegrow/lib/python3.9/site-packages/distributed/comm/tcp.py", line 225, in read
    frames_nbytes = await stream.read_bytes(fmt_size)
tornado.iostream.StreamClosedError: Stream is closed

The above exception was the direct cause of the following exception:

Traceback (most recent call last):
  File "/mnt/storage/nobackup/nmb1063/mamba/envs/fegrow/lib/python3.9/site-packages/distributed/worker.py", line 1237, in heartbeat
    response = await retry_operation(
  File "/mnt/storage/nobackup/nmb1063/mamba/envs/fegrow/lib/python3.9/site-packages/distributed/utils_comm.py", line 434, in retry_operation
    return await retry(
  File "/mnt/storage/nobackup/nmb1063/mamba/envs/fegrow/lib/python3.9/site-packages/distributed/utils_comm.py", line 413, in retry
    return await coro()
  File "/mnt/storage/nobackup/nmb1063/mamba/envs/fegrow/lib/python3.9/site-packages/distributed/core.py", line 1227, in send_recv_from_rpc
    return await send_recv(comm=comm, op=key, **kwargs)
  File "/mnt/storage/nobackup/nmb1063/mamba/envs/fegrow/lib/python3.9/site-packages/distributed/core.py", line 986, in send_recv
    response = await comm.read(deserializers=deserializers)
  File "/mnt/storage/nobackup/nmb1063/mamba/envs/fegrow/lib/python3.9/site-packages/distributed/comm/tcp.py", line 241, in read
    convert_stream_closed_error(self, e)
  File "/mnt/storage/nobackup/nmb1063/mamba/envs/fegrow/lib/python3.9/site-packages/distributed/comm/tcp.py", line 144, in convert_stream_closed_error
    raise CommClosedError(f"in {obj}: {exc}") from exc
distributed.comm.core.CommClosedError: in <TCP (closed) ConnectionPool.heartbeat_worker local=tcp://10.3.89.95:59900 remote=tcp://10.3.88.12:42763>: Stream is closed
2024-01-19 09:24:30,683 - distributed.nanny - INFO - Worker closed
2024-01-19 09:24:31,938 - distributed.worker - ERROR - Failed to communicate with scheduler during heartbeat.
Traceback (most recent call last):
  File "/mnt/storage/nobackup/nmb1063/mamba/envs/fegrow/lib/python3.9/site-packages/tornado/iostream.py", line 861, in _read_to_buffer
    bytes_read = self.read_from_fd(buf)
  File "/mnt/storage/nobackup/nmb1063/mamba/envs/fegrow/lib/python3.9/site-packages/tornado/iostream.py", line 1116, in read_from_fd
    return self.socket.recv_into(buf, len(buf))
TimeoutError: [Errno 110] Connection timed out

The above exception was the direct cause of the following exception:

Traceback (most recent call last):
  File "/mnt/storage/nobackup/nmb1063/mamba/envs/fegrow/lib/python3.9/site-packages/distributed/worker.py", line 1237, in heartbeat
    response = await retry_operation(
  File "/mnt/storage/nobackup/nmb1063/mamba/envs/fegrow/lib/python3.9/site-packages/distributed/utils_comm.py", line 434, in retry_operation
    return await retry(
  File "/mnt/storage/nobackup/nmb1063/mamba/envs/fegrow/lib/python3.9/site-packages/distributed/utils_comm.py", line 413, in retry
    return await coro()
  File "/mnt/storage/nobackup/nmb1063/mamba/envs/fegrow/lib/python3.9/site-packages/distributed/core.py", line 1227, in send_recv_from_rpc
    return await send_recv(comm=comm, op=key, **kwargs)
  File "/mnt/storage/nobackup/nmb1063/mamba/envs/fegrow/lib/python3.9/site-packages/distributed/core.py", line 986, in send_recv
    response = await comm.read(deserializers=deserializers)
  File "/mnt/storage/nobackup/nmb1063/mamba/envs/fegrow/lib/python3.9/site-packages/distributed/comm/tcp.py", line 241, in read
    convert_stream_closed_error(self, e)
  File "/mnt/storage/nobackup/nmb1063/mamba/envs/fegrow/lib/python3.9/site-packages/distributed/comm/tcp.py", line 142, in convert_stream_closed_error
    raise CommClosedError(f"in {obj}: {exc.__class__.__name__}: {exc}") from exc
distributed.comm.core.CommClosedError: in <TCP (closed) ConnectionPool.heartbeat_worker local=tcp://10.3.89.95:59790 remote=tcp://10.3.88.12:42763>: TimeoutError: [Errno 110] Connection timed out
2024-01-19 09:24:32,691 - distributed.nanny - ERROR - Worker process died unexpectedly
2024-01-19 09:24:33,356 - distributed.nanny - INFO - Closing Nanny at 'tcp://10.3.89.95:38956'. Reason: nanny-close-gracefully
2024-01-19 09:24:43,970 - distributed.core - INFO - Connection to tcp://10.3.88.12:42763 has been closed.
2024-01-19 09:24:43,980 - distributed.worker - INFO - Stopping worker at tcp://10.3.89.95:38859. Reason: worker-handle-scheduler-connection-broken
2024-01-19 09:24:43,984 - distributed.nanny - INFO - Closing Nanny gracefully at 'tcp://10.3.89.95:41182'. Reason: worker-handle-scheduler-connection-broken
2024-01-19 09:24:43,988 - distributed.worker - ERROR - Failed to communicate with scheduler during heartbeat.
Traceback (most recent call last):
  File "/mnt/storage/nobackup/nmb1063/mamba/envs/fegrow/lib/python3.9/site-packages/distributed/core.py", line 1389, in _connect
    comm = await connect(
  File "/mnt/storage/nobackup/nmb1063/mamba/envs/fegrow/lib/python3.9/site-packages/distributed/comm/core.py", line 291, in connect
    comm = await asyncio.wait_for(
  File "/mnt/storage/nobackup/nmb1063/mamba/envs/fegrow/lib/python3.9/asyncio/tasks.py", line 466, in wait_for
    await waiter
asyncio.exceptions.CancelledError

During handling of the above exception, another exception occurred:

Traceback (most recent call last):
  File "/mnt/storage/nobackup/nmb1063/mamba/envs/fegrow/lib/python3.9/site-packages/distributed/worker.py", line 1237, in heartbeat
    response = await retry_operation(
  File "/mnt/storage/nobackup/nmb1063/mamba/envs/fegrow/lib/python3.9/site-packages/distributed/utils_comm.py", line 434, in retry_operation
    return await retry(
  File "/mnt/storage/nobackup/nmb1063/mamba/envs/fegrow/lib/python3.9/site-packages/distributed/utils_comm.py", line 413, in retry
    return await coro()
  File "/mnt/storage/nobackup/nmb1063/mamba/envs/fegrow/lib/python3.9/site-packages/distributed/core.py", line 1224, in send_recv_from_rpc
    comm = await self.pool.connect(self.addr)
  File "/mnt/storage/nobackup/nmb1063/mamba/envs/fegrow/lib/python3.9/site-packages/distributed/core.py", line 1468, in connect
    return await connect_attempt
  File "/mnt/storage/nobackup/nmb1063/mamba/envs/fegrow/lib/python3.9/site-packages/distributed/core.py", line 1412, in _connect
    raise CommClosedError(reason)
distributed.comm.core.CommClosedError: ConnectionPool closing.
2024-01-19 09:24:44,004 - distributed.nanny - INFO - Worker closed
2024-01-19 09:24:46,341 - distributed.nanny - INFO - Closing Nanny at 'tcp://10.3.89.95:41182'. Reason: nanny-close-gracefully
2024-01-19 09:24:46,342 - distributed.dask_worker - INFO - End worker
