hostname sb077.cluster
ipconfig 1: lo: <LOOPBACK,UP,LOWER_UP> mtu 65536 qdisc noqueue state UNKNOWN group default qlen 1000 link/loopback 00:00:00:00:00:00 brd 00:00:00:00:00:00 inet 127.0.0.1/8 scope host lo valid_lft forever preferred_lft forever inet6 ::1/128 scope host valid_lft forever preferred_lft forever 2: enp4s0f0: <BROADCAST,MULTICAST,UP,LOWER_UP> mtu 9000 qdisc mq state UP group default qlen 1000 link/ether a0:8c:f8:74:c8:f8 brd ff:ff:ff:ff:ff:ff inet 10.3.81.157/22 brd 10.3.83.255 scope global enp4s0f0 valid_lft forever preferred_lft forever inet6 fe80::a28c:f8ff:fe74:c8f8/64 scope link valid_lft forever preferred_lft forever 3: enp4s0f1: <BROADCAST,MULTICAST> mtu 1500 qdisc noop state DOWN group default qlen 1000 link/ether a0:8c:f8:74:c8:f9 brd ff:ff:ff:ff:ff:ff 4: enp4s0f2: <BROADCAST,MULTICAST> mtu 1500 qdisc noop state DOWN group default qlen 1000 link/ether a0:8c:f8:74:c8:fa brd ff:ff:ff:ff:ff:ff 5: enp4s0f3: <BROADCAST,MULTICAST> mtu 1500 qdisc noop state DOWN group default qlen 1000 link/ether a0:8c:f8:74:c8:fb brd ff:ff:ff:ff:ff:ff 6: ib0: <BROADCAST,MULTICAST,UP,LOWER_UP> mtu 4092 qdisc pfifo_fast state UP group default qlen 256 link/infiniband 80:00:00:29:fe:80:00:00:00:00:00:00:38:bc:01:03:00:4c:f3:80 brd 00:ff:ff:ff:ff:12:40:1b:ff:ff:00:00:00:00:00:00:ff:ff:ff:ff inet 10.3.89.157/22 brd 10.3.91.255 scope global ib0 valid_lft forever preferred_lft forever inet 10.3.93.157/22 brd 10.3.95.255 scope global ib0:1 valid_lft forever preferred_lft forever inet6 fe80::3abc:103:4c:f380/64 scope link valid_lft forever preferred_lft forever 7: ib1: <BROADCAST,MULTICAST> mtu 4092 qdisc noop state DOWN group default qlen 256 link/infiniband 80:00:00:29:fe:80:00:00:00:00:00:00:38:bc:01:03:00:4c:f3:81 brd 00:ff:ff:ff:ff:12:40:1b:ff:ff:00:00:00:00:00:00:ff:ff:ff:ff
2024-01-19 02:25:43,312 - distributed.nanny - INFO -         Start Nanny at: 'tcp://10.3.89.157:37987'
2024-01-19 02:25:43,783 - distributed.nanny - INFO -         Start Nanny at: 'tcp://10.3.89.157:41352'
2024-01-19 02:26:01,813 - distributed.worker - INFO -       Start worker at:    tcp://10.3.89.157:43788
2024-01-19 02:26:01,813 - distributed.worker - INFO -       Start worker at:    tcp://10.3.89.157:32799
2024-01-19 02:26:01,814 - distributed.worker - INFO -          Listening to:    tcp://10.3.89.157:43788
2024-01-19 02:26:01,814 - distributed.worker - INFO -          Listening to:    tcp://10.3.89.157:32799
2024-01-19 02:26:01,814 - distributed.worker - INFO -           Worker name:         SLURMCluster-319-0
2024-01-19 02:26:01,814 - distributed.worker - INFO -           Worker name:         SLURMCluster-319-1
2024-01-19 02:26:01,814 - distributed.worker - INFO -          dashboard at:          10.3.89.157:33486
2024-01-19 02:26:01,814 - distributed.worker - INFO -          dashboard at:          10.3.89.157:43398
2024-01-19 02:26:01,814 - distributed.worker - INFO - Waiting to connect to:     tcp://10.3.88.12:42763
2024-01-19 02:26:01,814 - distributed.worker - INFO - Waiting to connect to:     tcp://10.3.88.12:42763
2024-01-19 02:26:01,814 - distributed.worker - INFO - -------------------------------------------------
2024-01-19 02:26:01,814 - distributed.worker - INFO - -------------------------------------------------
2024-01-19 02:26:01,814 - distributed.worker - INFO -               Threads:                          2
2024-01-19 02:26:01,814 - distributed.worker - INFO -               Threads:                          2
2024-01-19 02:26:01,814 - distributed.worker - INFO -                Memory:                  10.24 GiB
2024-01-19 02:26:01,814 - distributed.worker - INFO -                Memory:                  10.24 GiB
2024-01-19 02:26:01,814 - distributed.worker - INFO -       Local Directory: /scratch/dask-worker-space/worker-jey28v7y
2024-01-19 02:26:01,814 - distributed.worker - INFO -       Local Directory: /scratch/dask-worker-space/worker-il3ssek0
2024-01-19 02:26:01,814 - distributed.worker - INFO - -------------------------------------------------
2024-01-19 02:26:01,815 - distributed.worker - INFO - -------------------------------------------------
2024-01-19 02:26:01,880 - distributed.worker - INFO -         Registered to:     tcp://10.3.88.12:42763
2024-01-19 02:26:01,880 - distributed.worker - INFO - -------------------------------------------------
2024-01-19 02:26:01,880 - distributed.core - INFO - Starting established connection to tcp://10.3.88.12:42763
2024-01-19 02:26:01,883 - distributed.worker - INFO -         Registered to:     tcp://10.3.88.12:42763
2024-01-19 02:26:01,883 - distributed.worker - INFO - -------------------------------------------------
2024-01-19 02:26:01,884 - distributed.core - INFO - Starting established connection to tcp://10.3.88.12:42763
2024-01-19 09:24:30,685 - distributed.worker - ERROR - Failed to communicate with scheduler during heartbeat.
Traceback (most recent call last):
  File "/mnt/storage/nobackup/nmb1063/mamba/envs/fegrow/lib/python3.9/site-packages/tornado/iostream.py", line 861, in _read_to_buffer
    bytes_read = self.read_from_fd(buf)
  File "/mnt/storage/nobackup/nmb1063/mamba/envs/fegrow/lib/python3.9/site-packages/tornado/iostream.py", line 1116, in read_from_fd
    return self.socket.recv_into(buf, len(buf))
TimeoutError: [Errno 110] Connection timed out

The above exception was the direct cause of the following exception:

Traceback (most recent call last):
  File "/mnt/storage/nobackup/nmb1063/mamba/envs/fegrow/lib/python3.9/site-packages/distributed/worker.py", line 1237, in heartbeat
    response = await retry_operation(
  File "/mnt/storage/nobackup/nmb1063/mamba/envs/fegrow/lib/python3.9/site-packages/distributed/utils_comm.py", line 434, in retry_operation
    return await retry(
  File "/mnt/storage/nobackup/nmb1063/mamba/envs/fegrow/lib/python3.9/site-packages/distributed/utils_comm.py", line 413, in retry
    return await coro()
  File "/mnt/storage/nobackup/nmb1063/mamba/envs/fegrow/lib/python3.9/site-packages/distributed/core.py", line 1227, in send_recv_from_rpc
    return await send_recv(comm=comm, op=key, **kwargs)
  File "/mnt/storage/nobackup/nmb1063/mamba/envs/fegrow/lib/python3.9/site-packages/distributed/core.py", line 986, in send_recv
    response = await comm.read(deserializers=deserializers)
  File "/mnt/storage/nobackup/nmb1063/mamba/envs/fegrow/lib/python3.9/site-packages/distributed/comm/tcp.py", line 241, in read
    convert_stream_closed_error(self, e)
  File "/mnt/storage/nobackup/nmb1063/mamba/envs/fegrow/lib/python3.9/site-packages/distributed/comm/tcp.py", line 142, in convert_stream_closed_error
    raise CommClosedError(f"in {obj}: {exc.__class__.__name__}: {exc}") from exc
distributed.comm.core.CommClosedError: in <TCP (closed) ConnectionPool.heartbeat_worker local=tcp://10.3.89.157:52204 remote=tcp://10.3.88.12:42763>: TimeoutError: [Errno 110] Connection timed out
2024-01-19 09:24:30,685 - distributed.worker - ERROR - Failed to communicate with scheduler during heartbeat.
Traceback (most recent call last):
  File "/mnt/storage/nobackup/nmb1063/mamba/envs/fegrow/lib/python3.9/site-packages/tornado/iostream.py", line 861, in _read_to_buffer
    bytes_read = self.read_from_fd(buf)
  File "/mnt/storage/nobackup/nmb1063/mamba/envs/fegrow/lib/python3.9/site-packages/tornado/iostream.py", line 1116, in read_from_fd
    return self.socket.recv_into(buf, len(buf))
TimeoutError: [Errno 110] Connection timed out

The above exception was the direct cause of the following exception:

Traceback (most recent call last):
  File "/mnt/storage/nobackup/nmb1063/mamba/envs/fegrow/lib/python3.9/site-packages/distributed/worker.py", line 1237, in heartbeat
    response = await retry_operation(
  File "/mnt/storage/nobackup/nmb1063/mamba/envs/fegrow/lib/python3.9/site-packages/distributed/utils_comm.py", line 434, in retry_operation
    return await retry(
  File "/mnt/storage/nobackup/nmb1063/mamba/envs/fegrow/lib/python3.9/site-packages/distributed/utils_comm.py", line 413, in retry
    return await coro()
  File "/mnt/storage/nobackup/nmb1063/mamba/envs/fegrow/lib/python3.9/site-packages/distributed/core.py", line 1227, in send_recv_from_rpc
    return await send_recv(comm=comm, op=key, **kwargs)
  File "/mnt/storage/nobackup/nmb1063/mamba/envs/fegrow/lib/python3.9/site-packages/distributed/core.py", line 986, in send_recv
    response = await comm.read(deserializers=deserializers)
  File "/mnt/storage/nobackup/nmb1063/mamba/envs/fegrow/lib/python3.9/site-packages/distributed/comm/tcp.py", line 241, in read
    convert_stream_closed_error(self, e)
  File "/mnt/storage/nobackup/nmb1063/mamba/envs/fegrow/lib/python3.9/site-packages/distributed/comm/tcp.py", line 142, in convert_stream_closed_error
    raise CommClosedError(f"in {obj}: {exc.__class__.__name__}: {exc}") from exc
distributed.comm.core.CommClosedError: in <TCP (closed) ConnectionPool.heartbeat_worker local=tcp://10.3.89.157:52202 remote=tcp://10.3.88.12:42763>: TimeoutError: [Errno 110] Connection timed out
2024-01-19 09:24:32,816 - distributed.core - INFO - Connection to tcp://10.3.88.12:42763 has been closed.
2024-01-19 09:24:32,816 - distributed.core - INFO - Connection to tcp://10.3.88.12:42763 has been closed.
2024-01-19 09:24:32,817 - distributed.worker - INFO - Stopping worker at tcp://10.3.89.157:32799. Reason: worker-handle-scheduler-connection-broken
2024-01-19 09:24:32,817 - distributed.worker - INFO - Stopping worker at tcp://10.3.89.157:43788. Reason: worker-handle-scheduler-connection-broken
2024-01-19 09:24:32,823 - distributed.nanny - INFO - Closing Nanny gracefully at 'tcp://10.3.89.157:41352'. Reason: worker-handle-scheduler-connection-broken
2024-01-19 09:24:32,823 - distributed.nanny - INFO - Closing Nanny gracefully at 'tcp://10.3.89.157:37987'. Reason: worker-handle-scheduler-connection-broken
2024-01-19 09:24:32,835 - distributed.nanny - INFO - Worker closed
2024-01-19 09:24:32,836 - distributed.nanny - INFO - Worker closed
2024-01-19 09:24:34,876 - distributed.nanny - ERROR - Worker process died unexpectedly
2024-01-19 09:24:35,766 - distributed.nanny - INFO - Closing Nanny at 'tcp://10.3.89.157:37987'. Reason: nanny-close-gracefully
2024-01-19 09:24:35,766 - distributed.nanny - INFO - Closing Nanny at 'tcp://10.3.89.157:41352'. Reason: nanny-close-gracefully
2024-01-19 09:24:35,767 - distributed.dask_worker - INFO - End worker
